<?xml version="1.0" encoding="UTF-8"?>
<testsuite xmlns:xsi="http://www.w3.org/2001/XMLSchema-instance" xsi:noNamespaceSchemaLocation="https://maven.apache.org/surefire/maven-surefire-plugin/xsd/surefire-test-report-3.0.xsd" version="3.0" name="MavenTest" time="1.819" tests="3" errors="0" skipped="0" failures="0">
  <properties>
    <property name="java.specification.version" value="17"/>
    <property name="sun.jnu.encoding" value="UTF-8"/>
    <property name="java.class.path" value="/home/toto/Programming/continuous_integration/target/test-classes:/home/toto/Programming/continuous_integration/target/classes:/home/toto/.m2/repository/javax/servlet/servlet-api/2.5/servlet-api-2.5.jar:/home/toto/.m2/repository/org/eclipse/jetty/jetty-server/9.4.35.v20201120/jetty-server-9.4.35.v20201120.jar:/home/toto/.m2/repository/javax/servlet/javax.servlet-api/3.1.0/javax.servlet-api-3.1.0.jar:/home/toto/.m2/repository/org/eclipse/jetty/jetty-http/9.4.35.v20201120/jetty-http-9.4.35.v20201120.jar:/home/toto/.m2/repository/org/eclipse/jetty/jetty-io/9.4.35.v20201120/jetty-io-9.4.35.v20201120.jar:/home/toto/.m2/repository/org/eclipse/jetty/jetty-util/9.4.35.v20201120/jetty-util-9.4.35.v20201120.jar:/home/toto/.m2/repository/org/eclipse/jetty/jetty-servlet/9.4.35.v20201120/jetty-servlet-9.4.35.v20201120.jar:/home/toto/.m2/repository/org/eclipse/jetty/jetty-security/9.4.35.v20201120/jetty-security-9.4.35.v20201120.jar:/home/toto/.m2/repository/org/eclipse/jetty/jetty-util-ajax/9.4.35.v20201120/jetty-util-ajax-9.4.35.v20201120.jar:/home/toto/.m2/repository/ch/qos/logback/logback-classic/1.2.6/logback-classic-1.2.6.jar:/home/toto/.m2/repository/ch/qos/logback/logback-core/1.2.6/logback-core-1.2.6.jar:/home/toto/.m2/repository/org/slf4j/slf4j-api/1.7.32/slf4j-api-1.7.32.jar:/home/toto/.m2/repository/org/mockito/mockito-core/5.10.0/mockito-core-5.10.0.jar:/home/toto/.m2/repository/net/bytebuddy/byte-buddy/1.14.11/byte-buddy-1.14.11.jar:/home/toto/.m2/repository/net/bytebuddy/byte-buddy-agent/1.14.11/byte-buddy-agent-1.14.11.jar:/home/toto/.m2/repository/org/objenesis/objenesis/3.3/objenesis-3.3.jar:/home/toto/.m2/repository/org/json/json/20231013/json-20231013.jar:/home/toto/.m2/repository/org/junit/jupiter/junit-jupiter-api/5.10.0/junit-jupiter-api-5.10.0.jar:/home/toto/.m2/repository/org/opentest4j/opentest4j/1.3.0/opentest4j-1.3.0.jar:/home/toto/.m2/repository/org/junit/platform/junit-platform-commons/1.10.0/junit-platform-commons-1.10.0.jar:/home/toto/.m2/repository/org/apiguardian/apiguardian-api/1.1.2/apiguardian-api-1.1.2.jar:/home/toto/.m2/repository/org/eclipse/jgit/org.eclipse.jgit/5.13.0.202109080827-r/org.eclipse.jgit-5.13.0.202109080827-r.jar:/home/toto/.m2/repository/com/googlecode/javaewah/JavaEWAH/1.1.12/JavaEWAH-1.1.12.jar:/home/toto/.m2/repository/org/apache/maven/shared/maven-invoker/3.0.1/maven-invoker-3.0.1.jar:/home/toto/.m2/repository/org/apache/maven/shared/maven-shared-utils/3.2.1/maven-shared-utils-3.2.1.jar:/home/toto/.m2/repository/commons-io/commons-io/2.5/commons-io-2.5.jar:/home/toto/.m2/repository/org/codehaus/plexus/plexus-component-annotations/1.7.1/plexus-component-annotations-1.7.1.jar:"/>
    <property name="java.vm.vendor" value="Private Build"/>
    <property name="sun.arch.data.model" value="64"/>
    <property name="java.vendor.url" value="Unknown"/>
    <property name="user.timezone" value="Europe/Stockholm"/>
    <property name="os.name" value="Linux"/>
    <property name="java.vm.specification.version" value="17"/>
    <property name="sun.java.launcher" value="SUN_STANDARD"/>
    <property name="user.country" value="US"/>
    <property name="sun.boot.library.path" value="/usr/lib/jvm/java-17-openjdk-amd64/lib"/>
    <property name="sun.java.command" value="/home/toto/Programming/continuous_integration/target/surefire/surefirebooter-20240209104858564_3.jar /home/toto/Programming/continuous_integration/target/surefire 2024-02-09T10-48-58_519-jvmRun1 surefire-20240209104858564_1tmp surefire_0-20240209104858564_2tmp"/>
    <property name="jdk.debug" value="release"/>
    <property name="surefire.test.class.path" value="/home/toto/Programming/continuous_integration/target/test-classes:/home/toto/Programming/continuous_integration/target/classes:/home/toto/.m2/repository/javax/servlet/servlet-api/2.5/servlet-api-2.5.jar:/home/toto/.m2/repository/org/eclipse/jetty/jetty-server/9.4.35.v20201120/jetty-server-9.4.35.v20201120.jar:/home/toto/.m2/repository/javax/servlet/javax.servlet-api/3.1.0/javax.servlet-api-3.1.0.jar:/home/toto/.m2/repository/org/eclipse/jetty/jetty-http/9.4.35.v20201120/jetty-http-9.4.35.v20201120.jar:/home/toto/.m2/repository/org/eclipse/jetty/jetty-io/9.4.35.v20201120/jetty-io-9.4.35.v20201120.jar:/home/toto/.m2/repository/org/eclipse/jetty/jetty-util/9.4.35.v20201120/jetty-util-9.4.35.v20201120.jar:/home/toto/.m2/repository/org/eclipse/jetty/jetty-servlet/9.4.35.v20201120/jetty-servlet-9.4.35.v20201120.jar:/home/toto/.m2/repository/org/eclipse/jetty/jetty-security/9.4.35.v20201120/jetty-security-9.4.35.v20201120.jar:/home/toto/.m2/repository/org/eclipse/jetty/jetty-util-ajax/9.4.35.v20201120/jetty-util-ajax-9.4.35.v20201120.jar:/home/toto/.m2/repository/ch/qos/logback/logback-classic/1.2.6/logback-classic-1.2.6.jar:/home/toto/.m2/repository/ch/qos/logback/logback-core/1.2.6/logback-core-1.2.6.jar:/home/toto/.m2/repository/org/slf4j/slf4j-api/1.7.32/slf4j-api-1.7.32.jar:/home/toto/.m2/repository/org/mockito/mockito-core/5.10.0/mockito-core-5.10.0.jar:/home/toto/.m2/repository/net/bytebuddy/byte-buddy/1.14.11/byte-buddy-1.14.11.jar:/home/toto/.m2/repository/net/bytebuddy/byte-buddy-agent/1.14.11/byte-buddy-agent-1.14.11.jar:/home/toto/.m2/repository/org/objenesis/objenesis/3.3/objenesis-3.3.jar:/home/toto/.m2/repository/org/json/json/20231013/json-20231013.jar:/home/toto/.m2/repository/org/junit/jupiter/junit-jupiter-api/5.10.0/junit-jupiter-api-5.10.0.jar:/home/toto/.m2/repository/org/opentest4j/opentest4j/1.3.0/opentest4j-1.3.0.jar:/home/toto/.m2/repository/org/junit/platform/junit-platform-commons/1.10.0/junit-platform-commons-1.10.0.jar:/home/toto/.m2/repository/org/apiguardian/apiguardian-api/1.1.2/apiguardian-api-1.1.2.jar:/home/toto/.m2/repository/org/eclipse/jgit/org.eclipse.jgit/5.13.0.202109080827-r/org.eclipse.jgit-5.13.0.202109080827-r.jar:/home/toto/.m2/repository/com/googlecode/javaewah/JavaEWAH/1.1.12/JavaEWAH-1.1.12.jar:/home/toto/.m2/repository/org/apache/maven/shared/maven-invoker/3.0.1/maven-invoker-3.0.1.jar:/home/toto/.m2/repository/org/apache/maven/shared/maven-shared-utils/3.2.1/maven-shared-utils-3.2.1.jar:/home/toto/.m2/repository/commons-io/commons-io/2.5/commons-io-2.5.jar:/home/toto/.m2/repository/org/codehaus/plexus/plexus-component-annotations/1.7.1/plexus-component-annotations-1.7.1.jar:"/>
    <property name="sun.cpu.endian" value="little"/>
    <property name="user.home" value="/home/toto"/>
    <property name="user.language" value="en"/>
    <property name="java.specification.vendor" value="Oracle Corporation"/>
    <property name="java.version.date" value="2023-10-17"/>
    <property name="java.home" value="/usr/lib/jvm/java-17-openjdk-amd64"/>
    <property name="file.separator" value="/"/>
    <property name="basedir" value="/home/toto/Programming/continuous_integration"/>
    <property name="java.vm.compressedOopsMode" value="Zero based"/>
    <property name="line.separator" value="&#10;"/>
    <property name="java.vm.specification.vendor" value="Oracle Corporation"/>
    <property name="java.specification.name" value="Java Platform API Specification"/>
    <property name="surefire.real.class.path" value="/home/toto/Programming/continuous_integration/target/surefire/surefirebooter-20240209104858564_3.jar"/>
    <property name="sun.management.compiler" value="HotSpot 64-Bit Tiered Compilers"/>
    <property name="java.runtime.version" value="17.0.9+9-Ubuntu-123.10"/>
    <property name="user.name" value="toto"/>
    <property name="path.separator" value=":"/>
    <property name="os.version" value="6.5.0-15-generic"/>
    <property name="java.runtime.name" value="OpenJDK Runtime Environment"/>
    <property name="file.encoding" value="UTF-8"/>
    <property name="java.vm.name" value="OpenJDK 64-Bit Server VM"/>
    <property name="localRepository" value="/home/toto/.m2/repository"/>
    <property name="java.vendor.url.bug" value="Unknown"/>
    <property name="java.io.tmpdir" value="/tmp"/>
    <property name="java.version" value="17.0.9"/>
    <property name="user.dir" value="/home/toto/Programming/continuous_integration"/>
    <property name="os.arch" value="amd64"/>
    <property name="java.vm.specification.name" value="Java Virtual Machine Specification"/>
    <property name="native.encoding" value="UTF-8"/>
    <property name="java.library.path" value="/usr/java/packages/lib:/usr/lib/x86_64-linux-gnu/jni:/lib/x86_64-linux-gnu:/usr/lib/x86_64-linux-gnu:/usr/lib/jni:/lib:/usr/lib"/>
    <property name="java.vm.info" value="mixed mode, sharing"/>
    <property name="java.vendor" value="Private Build"/>
    <property name="java.vm.version" value="17.0.9+9-Ubuntu-123.10"/>
    <property name="sun.io.unicode.encoding" value="UnicodeLittle"/>
    <property name="java.class.version" value="61.0"/>
  </properties>
  <testcase name="testCloneAndCheckout(Path)" classname="MavenTest" time="1.238">
    <system-out><![CDATA[10:48:58.930 [main] DEBUG org.eclipse.jetty.util.log - Logging to Logger[org.eclipse.jetty.util.log] via org.eclipse.jetty.util.log.Slf4jLog
10:48:58.932 [main] INFO org.eclipse.jetty.util.log - Logging initialized @335ms to org.eclipse.jetty.util.log.Slf4jLog
10:48:58.959 [main] DEBUG org.eclipse.jgit.internal.storage.file.FileSnapshot - file=null, size changed from -1 to 129 bytes
10:48:58.959 [main] DEBUG org.eclipse.jgit.util.SystemReader - loading config FileBasedConfig[/home/toto/.config/jgit/config]
10:48:58.960 [main] DEBUG org.eclipse.jgit.internal.storage.file.FileSnapshot - file=/home/toto/.config/jgit/config, create new FileSnapshot: lastRead=2024-02-09 10:48:58.959926568, lastModified=2024-02-08 23:36:20.464134450, size=129, fileKey=(dev=10302,ino=3147917)
10:48:58.962 [main] DEBUG org.eclipse.jgit.util.FS - readpipe [/usr/bin/git, --version],/usr/bin
10:48:58.968 [main] DEBUG org.eclipse.jgit.util.FS - readpipe may return 'git version 2.40.1'
10:48:58.968 [main] DEBUG org.eclipse.jgit.util.FS - remaining output:

10:48:58.968 [main] DEBUG org.eclipse.jgit.util.FS - readpipe [/usr/bin/git, config, --system, --edit],/usr/bin
10:48:58.971 [main] DEBUG org.eclipse.jgit.util.FS - readpipe may return '/etc/gitconfig'
10:48:58.971 [main] DEBUG org.eclipse.jgit.util.FS - remaining output:

10:48:58.971 [main] DEBUG org.eclipse.jgit.internal.storage.file.FileSnapshot - file=/home/toto/.config/jgit/config, isRacyClean=false, read=2024-02-09 10:48:58.959926568, lastModified=2024-02-08 23:36:20.464134450, delta=40358495792118 ns, racy<=2500000000 ns
10:48:58.971 [main] DEBUG org.eclipse.jgit.internal.storage.file.FileSnapshot - file=/home/toto/.config/jgit/config, is unmodified
10:48:58.971 [main] DEBUG org.eclipse.jgit.internal.storage.file.FileSnapshot - file=null, size changed from -1 to 0 bytes
10:48:58.971 [main] DEBUG org.eclipse.jgit.util.SystemReader - loading config FileBasedConfig[/etc/gitconfig]
10:48:58.972 [main] DEBUG org.eclipse.jgit.internal.storage.file.FileSnapshot - file=/home/toto/.config/jgit/config, isRacyClean=false, read=2024-02-09 10:48:58.959926568, lastModified=2024-02-08 23:36:20.464134450, delta=40358495792118 ns, racy<=2500000000 ns
10:48:58.972 [main] DEBUG org.eclipse.jgit.internal.storage.file.FileSnapshot - file=/home/toto/.config/jgit/config, is unmodified
10:48:58.972 [main] DEBUG org.eclipse.jgit.internal.storage.file.FileSnapshot - file=/etc/gitconfig, isRacyClean=false, read=2024-02-09 10:48:58.971926671, lastModified=1970-01-01 01:00:00.000000000, delta=1707472138971926671 ns, racy<=2500000000 ns
10:48:58.972 [main] DEBUG org.eclipse.jgit.internal.storage.file.FileSnapshot - file=/etc/gitconfig, is unmodified
10:48:58.972 [main] DEBUG org.eclipse.jgit.internal.storage.file.FileSnapshot - file=null, size changed from -1 to 40 bytes
10:48:58.972 [main] DEBUG org.eclipse.jgit.util.SystemReader - loading config FileBasedConfig[/home/toto/.gitconfig]
10:48:58.972 [main] DEBUG org.eclipse.jgit.internal.storage.file.FileSnapshot - file=/home/toto/.gitconfig, create new FileSnapshot: lastRead=2024-02-09 10:48:58.972508608, lastModified=2024-01-22 19:04:00.457118245, size=40, fileKey=(dev=10302,ino=1968554)
10:48:58.976 [main] DEBUG org.eclipse.jgit.internal.storage.file.FileSnapshot - file=/home/toto/.config/jgit/config, isRacyClean=false, read=2024-02-09 10:48:58.959926568, lastModified=2024-02-08 23:36:20.464134450, delta=40358495792118 ns, racy<=2500000000 ns
10:48:58.976 [main] DEBUG org.eclipse.jgit.internal.storage.file.FileSnapshot - file=/home/toto/.config/jgit/config, is unmodified
10:48:58.976 [main] DEBUG org.eclipse.jgit.internal.storage.file.FileSnapshot - file=/etc/gitconfig, isRacyClean=false, read=2024-02-09 10:48:58.971926671, lastModified=1970-01-01 01:00:00.000000000, delta=1707472138971926671 ns, racy<=2500000000 ns
10:48:58.976 [main] DEBUG org.eclipse.jgit.internal.storage.file.FileSnapshot - file=/etc/gitconfig, is unmodified
10:48:58.977 [main] DEBUG org.eclipse.jgit.internal.storage.file.FileSnapshot - file=/home/toto/.gitconfig, isRacyClean=false, read=2024-02-09 10:48:58.972508608, lastModified=2024-01-22 19:04:00.457118245, delta=1525498515390363 ns, racy<=2500000000 ns
10:48:58.977 [main] DEBUG org.eclipse.jgit.internal.storage.file.FileSnapshot - file=/home/toto/.gitconfig, is unmodified
10:48:58.977 [main] DEBUG org.eclipse.jgit.internal.storage.file.FileSnapshot - file=/home/toto/.config/jgit/config, isRacyClean=false, read=2024-02-09 10:48:58.959926568, lastModified=2024-02-08 23:36:20.464134450, delta=40358495792118 ns, racy<=2500000000 ns
10:48:58.977 [main] DEBUG org.eclipse.jgit.internal.storage.file.FileSnapshot - file=/home/toto/.config/jgit/config, is unmodified
10:48:58.977 [main] DEBUG org.eclipse.jgit.internal.storage.file.FileSnapshot - file=/etc/gitconfig, isRacyClean=false, read=2024-02-09 10:48:58.971926671, lastModified=1970-01-01 01:00:00.000000000, delta=1707472138971926671 ns, racy<=2500000000 ns
10:48:58.977 [main] DEBUG org.eclipse.jgit.internal.storage.file.FileSnapshot - file=/etc/gitconfig, is unmodified
10:48:58.978 [main] DEBUG org.eclipse.jgit.internal.storage.file.FileSnapshot - file=/home/toto/.gitconfig, isRacyClean=false, read=2024-02-09 10:48:58.972508608, lastModified=2024-01-22 19:04:00.457118245, delta=1525498515390363 ns, racy<=2500000000 ns
10:48:58.978 [main] DEBUG org.eclipse.jgit.internal.storage.file.FileSnapshot - file=/home/toto/.gitconfig, is unmodified
10:48:58.978 [main] DEBUG org.eclipse.jgit.internal.storage.file.FileSnapshot - file=/tmp/junit12619742866840035292/.git/config, isRacyClean=false, read=2024-02-09 10:48:58.977161270, lastModified=1970-01-01 01:00:00.000000000, delta=1707472138977161270 ns, racy<=2500000000 ns
10:48:58.978 [main] DEBUG org.eclipse.jgit.internal.storage.file.FileSnapshot - file=/tmp/junit12619742866840035292/.git/config, is unmodified
10:48:58.985 [main] DEBUG org.eclipse.jgit.util.FS - Thread[main,5,main]: cannot measure timestamp resolution of unborn directory /tmp/junit12619742866840035292/.git
10:48:58.986 [main] DEBUG org.eclipse.jgit.internal.storage.file.FileSnapshot - file=/home/toto/.config/jgit/config, isRacyClean=false, read=2024-02-09 10:48:58.959926568, lastModified=2024-02-08 23:36:20.464134450, delta=40358495792118 ns, racy<=2500000000 ns
10:48:58.986 [main] DEBUG org.eclipse.jgit.internal.storage.file.FileSnapshot - file=/home/toto/.config/jgit/config, is unmodified
10:48:58.986 [main] DEBUG org.eclipse.jgit.internal.storage.file.FileSnapshot - file=/etc/gitconfig, isRacyClean=false, read=2024-02-09 10:48:58.971926671, lastModified=1970-01-01 01:00:00.000000000, delta=1707472138971926671 ns, racy<=2500000000 ns
10:48:58.986 [main] DEBUG org.eclipse.jgit.internal.storage.file.FileSnapshot - file=/etc/gitconfig, is unmodified
10:48:58.986 [main] DEBUG org.eclipse.jgit.internal.storage.file.FileSnapshot - file=/home/toto/.gitconfig, isRacyClean=false, read=2024-02-09 10:48:58.972508608, lastModified=2024-01-22 19:04:00.457118245, delta=1525498515390363 ns, racy<=2500000000 ns
10:48:58.986 [main] DEBUG org.eclipse.jgit.internal.storage.file.FileSnapshot - file=/home/toto/.gitconfig, is unmodified
10:48:58.986 [main] DEBUG org.eclipse.jgit.internal.storage.file.FileSnapshot - file=/tmp/junit12619742866840035292/.git/config, isRacyClean=false, read=2024-02-09 10:48:58.977161270, lastModified=1970-01-01 01:00:00.000000000, delta=1707472138977161270 ns, racy<=2500000000 ns
10:48:58.986 [main] DEBUG org.eclipse.jgit.internal.storage.file.FileSnapshot - file=/tmp/junit12619742866840035292/.git/config, is unmodified
10:48:58.986 [main] DEBUG org.eclipse.jgit.internal.storage.file.FileSnapshot - file=/home/toto/.config/jgit/config, isRacyClean=false, read=2024-02-09 10:48:58.959926568, lastModified=2024-02-08 23:36:20.464134450, delta=40358495792118 ns, racy<=2500000000 ns
10:48:58.986 [main] DEBUG org.eclipse.jgit.internal.storage.file.FileSnapshot - file=/home/toto/.config/jgit/config, is unmodified
10:48:58.986 [main] DEBUG org.eclipse.jgit.internal.storage.file.FileSnapshot - file=/etc/gitconfig, isRacyClean=false, read=2024-02-09 10:48:58.971926671, lastModified=1970-01-01 01:00:00.000000000, delta=1707472138971926671 ns, racy<=2500000000 ns
10:48:58.987 [main] DEBUG org.eclipse.jgit.internal.storage.file.FileSnapshot - file=/etc/gitconfig, is unmodified
10:48:58.987 [main] DEBUG org.eclipse.jgit.internal.storage.file.FileSnapshot - file=/home/toto/.gitconfig, isRacyClean=false, read=2024-02-09 10:48:58.972508608, lastModified=2024-01-22 19:04:00.457118245, delta=1525498515390363 ns, racy<=2500000000 ns
10:48:58.987 [main] DEBUG org.eclipse.jgit.internal.storage.file.FileSnapshot - file=/home/toto/.gitconfig, is unmodified
10:48:58.987 [main] DEBUG org.eclipse.jgit.internal.storage.file.FileSnapshot - file=/tmp/junit12619742866840035292/.git/config, isRacyClean=false, read=2024-02-09 10:48:58.977161270, lastModified=1970-01-01 01:00:00.000000000, delta=1707472138977161270 ns, racy<=2500000000 ns
10:48:58.987 [main] DEBUG org.eclipse.jgit.internal.storage.file.FileSnapshot - file=/tmp/junit12619742866840035292/.git/config, is unmodified
10:48:58.988 [main] DEBUG org.eclipse.jgit.internal.storage.file.FileSnapshot - file=/home/toto/.config/jgit/config, isRacyClean=false, read=2024-02-09 10:48:58.959926568, lastModified=2024-02-08 23:36:20.464134450, delta=40358495792118 ns, racy<=2500000000 ns
10:48:58.988 [main] DEBUG org.eclipse.jgit.internal.storage.file.FileSnapshot - file=/home/toto/.config/jgit/config, is unmodified
10:48:58.988 [main] DEBUG org.eclipse.jgit.internal.storage.file.FileSnapshot - file=/etc/gitconfig, isRacyClean=false, read=2024-02-09 10:48:58.971926671, lastModified=1970-01-01 01:00:00.000000000, delta=1707472138971926671 ns, racy<=2500000000 ns
10:48:58.988 [main] DEBUG org.eclipse.jgit.internal.storage.file.FileSnapshot - file=/etc/gitconfig, is unmodified
10:48:58.988 [main] DEBUG org.eclipse.jgit.internal.storage.file.FileSnapshot - file=/home/toto/.gitconfig, isRacyClean=false, read=2024-02-09 10:48:58.972508608, lastModified=2024-01-22 19:04:00.457118245, delta=1525498515390363 ns, racy<=2500000000 ns
10:48:58.988 [main] DEBUG org.eclipse.jgit.internal.storage.file.FileSnapshot - file=/home/toto/.gitconfig, is unmodified
10:48:58.988 [main] DEBUG org.eclipse.jgit.internal.storage.file.FileSnapshot - file=/tmp/junit12619742866840035292/.git/config, isRacyClean=false, read=2024-02-09 10:48:58.977161270, lastModified=1970-01-01 01:00:00.000000000, delta=1707472138977161270 ns, racy<=2500000000 ns
10:48:58.988 [main] DEBUG org.eclipse.jgit.internal.storage.file.FileSnapshot - file=/tmp/junit12619742866840035292/.git/config, is unmodified
10:48:58.990 [main] DEBUG org.eclipse.jgit.internal.storage.file.FileSnapshot - file=/home/toto/.config/jgit/config, isRacyClean=false, read=2024-02-09 10:48:58.959926568, lastModified=2024-02-08 23:36:20.464134450, delta=40358495792118 ns, racy<=2500000000 ns
10:48:58.990 [main] DEBUG org.eclipse.jgit.internal.storage.file.FileSnapshot - file=/home/toto/.config/jgit/config, is unmodified
10:48:58.990 [main] DEBUG org.eclipse.jgit.internal.storage.file.FileSnapshot - file=/etc/gitconfig, isRacyClean=false, read=2024-02-09 10:48:58.971926671, lastModified=1970-01-01 01:00:00.000000000, delta=1707472138971926671 ns, racy<=2500000000 ns
10:48:58.990 [main] DEBUG org.eclipse.jgit.internal.storage.file.FileSnapshot - file=/etc/gitconfig, is unmodified
10:48:58.990 [main] DEBUG org.eclipse.jgit.internal.storage.file.FileSnapshot - file=/home/toto/.gitconfig, isRacyClean=false, read=2024-02-09 10:48:58.972508608, lastModified=2024-01-22 19:04:00.457118245, delta=1525498515390363 ns, racy<=2500000000 ns
10:48:58.990 [main] DEBUG org.eclipse.jgit.internal.storage.file.FileSnapshot - file=/home/toto/.gitconfig, is unmodified
10:48:58.990 [main] DEBUG org.eclipse.jgit.internal.storage.file.FileSnapshot - file=/tmp/junit12619742866840035292/.git/config, isRacyClean=false, read=2024-02-09 10:48:58.977161270, lastModified=1970-01-01 01:00:00.000000000, delta=1707472138977161270 ns, racy<=2500000000 ns
10:48:58.990 [main] DEBUG org.eclipse.jgit.internal.storage.file.FileSnapshot - file=/tmp/junit12619742866840035292/.git/config, is unmodified
10:48:58.992 [main] DEBUG org.eclipse.jgit.internal.storage.file.FileSnapshot - file=/home/toto/.config/jgit/config, isRacyClean=false, read=2024-02-09 10:48:58.959926568, lastModified=2024-02-08 23:36:20.464134450, delta=40358495792118 ns, racy<=2500000000 ns
10:48:58.992 [main] DEBUG org.eclipse.jgit.internal.storage.file.FileSnapshot - file=/home/toto/.config/jgit/config, is unmodified
10:48:58.992 [main] DEBUG org.eclipse.jgit.internal.storage.file.FileSnapshot - file=/etc/gitconfig, isRacyClean=false, read=2024-02-09 10:48:58.971926671, lastModified=1970-01-01 01:00:00.000000000, delta=1707472138971926671 ns, racy<=2500000000 ns
10:48:58.992 [main] DEBUG org.eclipse.jgit.internal.storage.file.FileSnapshot - file=/etc/gitconfig, is unmodified
10:48:58.993 [main] DEBUG org.eclipse.jgit.internal.storage.file.FileSnapshot - file=/home/toto/.gitconfig, isRacyClean=false, read=2024-02-09 10:48:58.972508608, lastModified=2024-01-22 19:04:00.457118245, delta=1525498515390363 ns, racy<=2500000000 ns
10:48:58.993 [main] DEBUG org.eclipse.jgit.internal.storage.file.FileSnapshot - file=/home/toto/.gitconfig, is unmodified
10:48:58.993 [main] DEBUG org.eclipse.jgit.internal.storage.file.FileSnapshot - file=/home/toto/.config/jgit/config, isRacyClean=false, read=2024-02-09 10:48:58.959926568, lastModified=2024-02-08 23:36:20.464134450, delta=40358495792118 ns, racy<=2500000000 ns
10:48:58.993 [main] DEBUG org.eclipse.jgit.internal.storage.file.FileSnapshot - file=/home/toto/.config/jgit/config, is unmodified
10:48:58.993 [main] DEBUG org.eclipse.jgit.internal.storage.file.FileSnapshot - file=/etc/gitconfig, isRacyClean=false, read=2024-02-09 10:48:58.971926671, lastModified=1970-01-01 01:00:00.000000000, delta=1707472138971926671 ns, racy<=2500000000 ns
10:48:58.993 [main] DEBUG org.eclipse.jgit.internal.storage.file.FileSnapshot - file=/etc/gitconfig, is unmodified
10:48:58.993 [main] DEBUG org.eclipse.jgit.internal.storage.file.FileSnapshot - file=/home/toto/.gitconfig, isRacyClean=false, read=2024-02-09 10:48:58.972508608, lastModified=2024-01-22 19:04:00.457118245, delta=1525498515390363 ns, racy<=2500000000 ns
10:48:58.993 [main] DEBUG org.eclipse.jgit.internal.storage.file.FileSnapshot - file=/home/toto/.gitconfig, is unmodified
10:48:58.993 [main] DEBUG org.eclipse.jgit.internal.storage.file.FileSnapshot - file=/tmp/junit12619742866840035292/.git/config, isRacyClean=false, read=2024-02-09 10:48:58.977161270, lastModified=1970-01-01 01:00:00.000000000, delta=1707472138977161270 ns, racy<=2500000000 ns
10:48:58.993 [main] DEBUG org.eclipse.jgit.internal.storage.file.FileSnapshot - file=/tmp/junit12619742866840035292/.git/config, is unmodified
10:48:58.995 [JGit-FileStoreAttributeReader-1] DEBUG org.eclipse.jgit.internal.storage.file.FileSnapshot - file=/home/toto/.config/jgit/config, isRacyClean=false, read=2024-02-09 10:48:58.959926568, lastModified=2024-02-08 23:36:20.464134450, delta=40358495792118 ns, racy<=2500000000 ns
10:48:58.995 [JGit-FileStoreAttributeReader-1] DEBUG org.eclipse.jgit.internal.storage.file.FileSnapshot - file=/home/toto/.config/jgit/config, is unmodified
10:48:58.995 [JGit-FileStoreAttributeReader-1] DEBUG org.eclipse.jgit.internal.storage.file.FileSnapshot - file=/etc/gitconfig, isRacyClean=false, read=2024-02-09 10:48:58.971926671, lastModified=1970-01-01 01:00:00.000000000, delta=1707472138971926671 ns, racy<=2500000000 ns
10:48:58.995 [JGit-FileStoreAttributeReader-1] DEBUG org.eclipse.jgit.internal.storage.file.FileSnapshot - file=/etc/gitconfig, is unmodified
10:48:58.995 [JGit-FileStoreAttributeReader-1] DEBUG org.eclipse.jgit.internal.storage.file.FileSnapshot - file=/home/toto/.gitconfig, isRacyClean=false, read=2024-02-09 10:48:58.972508608, lastModified=2024-01-22 19:04:00.457118245, delta=1525498515390363 ns, racy<=2500000000 ns
10:48:58.995 [JGit-FileStoreAttributeReader-1] DEBUG org.eclipse.jgit.internal.storage.file.FileSnapshot - file=/home/toto/.gitconfig, is unmodified
10:48:58.997 [main] DEBUG org.eclipse.jgit.util.FS - Thread[main,5,main]: cannot measure timestamp resolution of unborn directory /tmp/junit12619742866840035292/.git/refs/remotes
10:48:58.997 [main] DEBUG org.eclipse.jgit.internal.storage.file.FileSnapshot - file=/home/toto/.config/jgit/config, isRacyClean=false, read=2024-02-09 10:48:58.959926568, lastModified=2024-02-08 23:36:20.464134450, delta=40358495792118 ns, racy<=2500000000 ns
10:48:58.998 [main] DEBUG org.eclipse.jgit.internal.storage.file.FileSnapshot - file=/home/toto/.config/jgit/config, is unmodified
10:48:58.998 [main] DEBUG org.eclipse.jgit.internal.storage.file.FileSnapshot - file=/etc/gitconfig, isRacyClean=false, read=2024-02-09 10:48:58.971926671, lastModified=1970-01-01 01:00:00.000000000, delta=1707472138971926671 ns, racy<=2500000000 ns
10:48:58.998 [main] DEBUG org.eclipse.jgit.internal.storage.file.FileSnapshot - file=/etc/gitconfig, is unmodified
10:48:58.998 [main] DEBUG org.eclipse.jgit.internal.storage.file.FileSnapshot - file=/home/toto/.gitconfig, isRacyClean=false, read=2024-02-09 10:48:58.972508608, lastModified=2024-01-22 19:04:00.457118245, delta=1525498515390363 ns, racy<=2500000000 ns
10:48:58.998 [main] DEBUG org.eclipse.jgit.internal.storage.file.FileSnapshot - file=/home/toto/.gitconfig, is unmodified
10:48:58.998 [main] DEBUG org.eclipse.jgit.internal.storage.file.FileSnapshot - file=/tmp/junit12619742866840035292/.git/config, isRacyClean=false, read=2024-02-09 10:48:58.977161270, lastModified=1970-01-01 01:00:00.000000000, delta=1707472138977161270 ns, racy<=2500000000 ns
10:48:58.998 [main] DEBUG org.eclipse.jgit.internal.storage.file.FileSnapshot - file=/tmp/junit12619742866840035292/.git/config, is unmodified
10:48:58.998 [main] DEBUG org.eclipse.jgit.internal.storage.file.FileSnapshot - file=/home/toto/.config/jgit/config, isRacyClean=false, read=2024-02-09 10:48:58.959926568, lastModified=2024-02-08 23:36:20.464134450, delta=40358495792118 ns, racy<=2500000000 ns
10:48:58.998 [main] DEBUG org.eclipse.jgit.internal.storage.file.FileSnapshot - file=/home/toto/.config/jgit/config, is unmodified
10:48:58.998 [main] DEBUG org.eclipse.jgit.internal.storage.file.FileSnapshot - file=/etc/gitconfig, isRacyClean=false, read=2024-02-09 10:48:58.971926671, lastModified=1970-01-01 01:00:00.000000000, delta=1707472138971926671 ns, racy<=2500000000 ns
10:48:58.998 [main] DEBUG org.eclipse.jgit.internal.storage.file.FileSnapshot - file=/etc/gitconfig, is unmodified
10:48:58.998 [main] DEBUG org.eclipse.jgit.internal.storage.file.FileSnapshot - file=/home/toto/.gitconfig, isRacyClean=false, read=2024-02-09 10:48:58.972508608, lastModified=2024-01-22 19:04:00.457118245, delta=1525498515390363 ns, racy<=2500000000 ns
10:48:58.998 [main] DEBUG org.eclipse.jgit.internal.storage.file.FileSnapshot - file=/home/toto/.gitconfig, is unmodified
10:48:58.998 [main] DEBUG org.eclipse.jgit.internal.storage.file.FileSnapshot - file=/tmp/junit12619742866840035292/.git/config, isRacyClean=false, read=2024-02-09 10:48:58.977161270, lastModified=1970-01-01 01:00:00.000000000, delta=1707472138977161270 ns, racy<=2500000000 ns
10:48:58.999 [main] DEBUG org.eclipse.jgit.internal.storage.file.FileSnapshot - file=/tmp/junit12619742866840035292/.git/config, is unmodified
10:48:58.999 [main] DEBUG org.eclipse.jgit.internal.storage.file.FileSnapshot - file=/home/toto/.config/jgit/config, isRacyClean=false, read=2024-02-09 10:48:58.959926568, lastModified=2024-02-08 23:36:20.464134450, delta=40358495792118 ns, racy<=2500000000 ns
10:48:58.999 [main] DEBUG org.eclipse.jgit.internal.storage.file.FileSnapshot - file=/home/toto/.config/jgit/config, is unmodified
10:48:58.999 [main] DEBUG org.eclipse.jgit.internal.storage.file.FileSnapshot - file=/etc/gitconfig, isRacyClean=false, read=2024-02-09 10:48:58.971926671, lastModified=1970-01-01 01:00:00.000000000, delta=1707472138971926671 ns, racy<=2500000000 ns
10:48:58.999 [main] DEBUG org.eclipse.jgit.internal.storage.file.FileSnapshot - file=/etc/gitconfig, is unmodified
10:48:58.999 [main] DEBUG org.eclipse.jgit.internal.storage.file.FileSnapshot - file=/home/toto/.gitconfig, isRacyClean=false, read=2024-02-09 10:48:58.972508608, lastModified=2024-01-22 19:04:00.457118245, delta=1525498515390363 ns, racy<=2500000000 ns
10:48:58.999 [main] DEBUG org.eclipse.jgit.internal.storage.file.FileSnapshot - file=/home/toto/.gitconfig, is unmodified
10:48:58.999 [main] DEBUG org.eclipse.jgit.internal.storage.file.FileSnapshot - file=/tmp/junit12619742866840035292/.git/config, isRacyClean=false, read=2024-02-09 10:48:58.977161270, lastModified=1970-01-01 01:00:00.000000000, delta=1707472138977161270 ns, racy<=2500000000 ns
10:48:58.999 [main] DEBUG org.eclipse.jgit.internal.storage.file.FileSnapshot - file=/tmp/junit12619742866840035292/.git/config, is unmodified
10:48:59.001 [main] DEBUG org.eclipse.jgit.internal.storage.file.FileSnapshot - file=/tmp/junit12619742866840035292/.git/HEAD.lock, create new FileSnapshot: lastRead=2024-02-09 10:48:59.001036227, lastModified=2024-02-09 10:48:58.998201797, size=23, fileKey=(dev=10302,ino=13238467)
10:48:59.004 [main] DEBUG org.eclipse.jgit.internal.storage.file.FileSnapshot - file=/tmp/junit12619742866840035292/.git/config.lock, create new FileSnapshot: lastRead=2024-02-09 10:48:59.004162180, lastModified=2024-02-09 10:48:59.002201792, size=78, fileKey=(dev=10302,ino=13238468)
10:48:59.005 [main] DEBUG org.eclipse.jgit.internal.storage.file.FileSnapshot - file=/home/toto/.config/jgit/config, isRacyClean=false, read=2024-02-09 10:48:58.959926568, lastModified=2024-02-08 23:36:20.464134450, delta=40358495792118 ns, racy<=2500000000 ns
10:48:59.005 [main] DEBUG org.eclipse.jgit.internal.storage.file.FileSnapshot - file=/home/toto/.config/jgit/config, is unmodified
10:48:59.005 [main] DEBUG org.eclipse.jgit.internal.storage.file.FileSnapshot - file=/etc/gitconfig, isRacyClean=false, read=2024-02-09 10:48:58.971926671, lastModified=1970-01-01 01:00:00.000000000, delta=1707472138971926671 ns, racy<=2500000000 ns
10:48:59.005 [main] DEBUG org.eclipse.jgit.internal.storage.file.FileSnapshot - file=/etc/gitconfig, is unmodified
10:48:59.005 [main] DEBUG org.eclipse.jgit.internal.storage.file.FileSnapshot - file=/home/toto/.gitconfig, isRacyClean=false, read=2024-02-09 10:48:58.972508608, lastModified=2024-01-22 19:04:00.457118245, delta=1525498515390363 ns, racy<=2500000000 ns
10:48:59.005 [main] DEBUG org.eclipse.jgit.internal.storage.file.FileSnapshot - file=/home/toto/.gitconfig, is unmodified
10:48:59.005 [main] DEBUG org.eclipse.jgit.internal.storage.file.FileSnapshot - file=/tmp/junit12619742866840035292/.git/config.lock, isRacyClean=true, read=2024-02-09 10:48:59.004162180, lastModified=2024-02-09 10:48:59.002201792, delta=1960388 ns, racy<=2500000000 ns
10:48:59.005 [main] DEBUG org.eclipse.jgit.internal.storage.file.FileSnapshot - file=/tmp/junit12619742866840035292/.git/config.lock, is racily clean
10:48:59.005 [main] DEBUG org.eclipse.jgit.internal.storage.file.FileSnapshot - file=/tmp/junit12619742866840035292/.git/config, create new FileSnapshot: lastRead=2024-02-09 10:48:59.005413939, lastModified=2024-02-09 10:48:59.002201792, size=78, fileKey=(dev=10302,ino=13238468)
10:48:59.005 [main] DEBUG org.eclipse.jgit.internal.storage.file.FileSnapshot - file=/tmp/junit12619742866840035292/.git/config.lock, isRacyClean=true, read=2024-02-09 10:48:59.005413939, lastModified=2024-02-09 10:48:59.002201792, delta=3212147 ns, racy<=2500000000 ns
10:48:59.006 [main] DEBUG org.eclipse.jgit.internal.storage.file.FileSnapshot - file=/home/toto/.config/jgit/config, isRacyClean=false, read=2024-02-09 10:48:58.959926568, lastModified=2024-02-08 23:36:20.464134450, delta=40358495792118 ns, racy<=2500000000 ns
10:48:59.006 [main] DEBUG org.eclipse.jgit.internal.storage.file.FileSnapshot - file=/home/toto/.config/jgit/config, is unmodified
10:48:59.006 [main] DEBUG org.eclipse.jgit.internal.storage.file.FileSnapshot - file=/etc/gitconfig, isRacyClean=false, read=2024-02-09 10:48:58.971926671, lastModified=1970-01-01 01:00:00.000000000, delta=1707472138971926671 ns, racy<=2500000000 ns
10:48:59.006 [main] DEBUG org.eclipse.jgit.internal.storage.file.FileSnapshot - file=/etc/gitconfig, is unmodified
10:48:59.007 [main] DEBUG org.eclipse.jgit.internal.storage.file.FileSnapshot - file=/home/toto/.gitconfig, isRacyClean=false, read=2024-02-09 10:48:58.972508608, lastModified=2024-01-22 19:04:00.457118245, delta=1525498515390363 ns, racy<=2500000000 ns
10:48:59.007 [main] DEBUG org.eclipse.jgit.internal.storage.file.FileSnapshot - file=/home/toto/.gitconfig, is unmodified
10:48:59.007 [main] DEBUG org.eclipse.jgit.internal.storage.file.FileSnapshot - file=/tmp/junit12619742866840035292/.git/config.lock, isRacyClean=true, read=2024-02-09 10:48:59.005413939, lastModified=2024-02-09 10:48:59.002201792, delta=3212147 ns, racy<=2500000000 ns
10:48:59.007 [main] DEBUG org.eclipse.jgit.internal.storage.file.FileSnapshot - file=/tmp/junit12619742866840035292/.git/config.lock, is racily clean
10:48:59.007 [main] DEBUG org.eclipse.jgit.internal.storage.file.FileSnapshot - file=/tmp/junit12619742866840035292/.git/config, create new FileSnapshot: lastRead=2024-02-09 10:48:59.007163507, lastModified=2024-02-09 10:48:59.002201792, size=78, fileKey=(dev=10302,ino=13238468)
10:48:59.007 [main] DEBUG org.eclipse.jgit.internal.storage.file.FileSnapshot - file=/tmp/junit12619742866840035292/.git/config.lock, isRacyClean=true, read=2024-02-09 10:48:59.007163507, lastModified=2024-02-09 10:48:59.002201792, delta=4961715 ns, racy<=2500000000 ns
10:48:59.007 [main] DEBUG org.eclipse.jgit.internal.storage.file.FileSnapshot - file=/home/toto/.config/jgit/config, isRacyClean=false, read=2024-02-09 10:48:58.959926568, lastModified=2024-02-08 23:36:20.464134450, delta=40358495792118 ns, racy<=2500000000 ns
10:48:59.007 [main] DEBUG org.eclipse.jgit.internal.storage.file.FileSnapshot - file=/home/toto/.config/jgit/config, is unmodified
10:48:59.007 [main] DEBUG org.eclipse.jgit.internal.storage.file.FileSnapshot - file=/etc/gitconfig, isRacyClean=false, read=2024-02-09 10:48:58.971926671, lastModified=1970-01-01 01:00:00.000000000, delta=1707472138971926671 ns, racy<=2500000000 ns
10:48:59.007 [main] DEBUG org.eclipse.jgit.internal.storage.file.FileSnapshot - file=/etc/gitconfig, is unmodified
10:48:59.007 [main] DEBUG org.eclipse.jgit.internal.storage.file.FileSnapshot - file=/home/toto/.gitconfig, isRacyClean=false, read=2024-02-09 10:48:58.972508608, lastModified=2024-01-22 19:04:00.457118245, delta=1525498515390363 ns, racy<=2500000000 ns
10:48:59.007 [main] DEBUG org.eclipse.jgit.internal.storage.file.FileSnapshot - file=/home/toto/.gitconfig, is unmodified
10:48:59.007 [main] DEBUG org.eclipse.jgit.internal.storage.file.FileSnapshot - file=/tmp/junit12619742866840035292/.git/config.lock, isRacyClean=true, read=2024-02-09 10:48:59.007163507, lastModified=2024-02-09 10:48:59.002201792, delta=4961715 ns, racy<=2500000000 ns
10:48:59.007 [main] DEBUG org.eclipse.jgit.internal.storage.file.FileSnapshot - file=/tmp/junit12619742866840035292/.git/config.lock, is racily clean
10:48:59.007 [main] DEBUG org.eclipse.jgit.internal.storage.file.FileSnapshot - file=/tmp/junit12619742866840035292/.git/config, create new FileSnapshot: lastRead=2024-02-09 10:48:59.007754347, lastModified=2024-02-09 10:48:59.002201792, size=78, fileKey=(dev=10302,ino=13238468)
10:48:59.007 [main] DEBUG org.eclipse.jgit.internal.storage.file.FileSnapshot - file=/tmp/junit12619742866840035292/.git/config.lock, isRacyClean=true, read=2024-02-09 10:48:59.007754347, lastModified=2024-02-09 10:48:59.002201792, delta=5552555 ns, racy<=2500000000 ns
10:48:59.008 [main] DEBUG org.eclipse.jgit.internal.storage.file.FileSnapshot - file=/tmp/junit12619742866840035292/.git/config.lock, create new FileSnapshot: lastRead=2024-02-09 10:48:59.008001110, lastModified=2024-02-09 10:48:59.006201787, size=194, fileKey=(dev=10302,ino=13238469)
10:48:59.017 [main] DEBUG org.eclipse.jgit.internal.storage.file.FileSnapshot - file=/home/toto/.config/jgit/config, isRacyClean=false, read=2024-02-09 10:48:58.959926568, lastModified=2024-02-08 23:36:20.464134450, delta=40358495792118 ns, racy<=2500000000 ns
10:48:59.017 [main] DEBUG org.eclipse.jgit.internal.storage.file.FileSnapshot - file=/home/toto/.config/jgit/config, is unmodified
10:48:59.017 [main] DEBUG org.eclipse.jgit.internal.storage.file.FileSnapshot - file=/etc/gitconfig, isRacyClean=false, read=2024-02-09 10:48:58.971926671, lastModified=1970-01-01 01:00:00.000000000, delta=1707472138971926671 ns, racy<=2500000000 ns
10:48:59.017 [main] DEBUG org.eclipse.jgit.internal.storage.file.FileSnapshot - file=/etc/gitconfig, is unmodified
10:48:59.017 [main] DEBUG org.eclipse.jgit.internal.storage.file.FileSnapshot - file=/home/toto/.gitconfig, isRacyClean=false, read=2024-02-09 10:48:58.972508608, lastModified=2024-01-22 19:04:00.457118245, delta=1525498515390363 ns, racy<=2500000000 ns
10:48:59.017 [main] DEBUG org.eclipse.jgit.internal.storage.file.FileSnapshot - file=/home/toto/.gitconfig, is unmodified
10:48:59.017 [main] DEBUG org.eclipse.jgit.internal.storage.file.FileSnapshot - file=/tmp/junit12619742866840035292/.git/config.lock, isRacyClean=true, read=2024-02-09 10:48:59.008001110, lastModified=2024-02-09 10:48:59.006201787, delta=1799323 ns, racy<=2500000000 ns
10:48:59.017 [main] DEBUG org.eclipse.jgit.internal.storage.file.FileSnapshot - file=/tmp/junit12619742866840035292/.git/config.lock, is racily clean
10:48:59.017 [main] DEBUG org.eclipse.jgit.internal.storage.file.FileSnapshot - file=/tmp/junit12619742866840035292/.git/config, create new FileSnapshot: lastRead=2024-02-09 10:48:59.017547401, lastModified=2024-02-09 10:48:59.006201787, size=194, fileKey=(dev=10302,ino=13238469)
10:48:59.017 [main] DEBUG org.eclipse.jgit.internal.storage.file.FileSnapshot - file=/tmp/junit12619742866840035292/.git/config.lock, isRacyClean=true, read=2024-02-09 10:48:59.017547401, lastModified=2024-02-09 10:48:59.006201787, delta=11345614 ns, racy<=2500000000 ns
10:48:59.018 [main] DEBUG org.eclipse.jgit.internal.storage.file.FileSnapshot - file=/home/toto/.config/jgit/config, isRacyClean=false, read=2024-02-09 10:48:58.959926568, lastModified=2024-02-08 23:36:20.464134450, delta=40358495792118 ns, racy<=2500000000 ns
10:48:59.018 [main] DEBUG org.eclipse.jgit.internal.storage.file.FileSnapshot - file=/home/toto/.config/jgit/config, is unmodified
10:48:59.018 [main] DEBUG org.eclipse.jgit.internal.storage.file.FileSnapshot - file=/etc/gitconfig, isRacyClean=false, read=2024-02-09 10:48:58.971926671, lastModified=1970-01-01 01:00:00.000000000, delta=1707472138971926671 ns, racy<=2500000000 ns
10:48:59.018 [main] DEBUG org.eclipse.jgit.internal.storage.file.FileSnapshot - file=/etc/gitconfig, is unmodified
10:48:59.018 [main] DEBUG org.eclipse.jgit.internal.storage.file.FileSnapshot - file=/home/toto/.gitconfig, isRacyClean=false, read=2024-02-09 10:48:58.972508608, lastModified=2024-01-22 19:04:00.457118245, delta=1525498515390363 ns, racy<=2500000000 ns
10:48:59.018 [main] DEBUG org.eclipse.jgit.internal.storage.file.FileSnapshot - file=/home/toto/.gitconfig, is unmodified
10:48:59.018 [main] DEBUG org.eclipse.jgit.internal.storage.file.FileSnapshot - file=/tmp/junit12619742866840035292/.git/config.lock, isRacyClean=true, read=2024-02-09 10:48:59.017547401, lastModified=2024-02-09 10:48:59.006201787, delta=11345614 ns, racy<=2500000000 ns
10:48:59.018 [main] DEBUG org.eclipse.jgit.internal.storage.file.FileSnapshot - file=/tmp/junit12619742866840035292/.git/config.lock, is racily clean
10:48:59.018 [main] DEBUG org.eclipse.jgit.internal.storage.file.FileSnapshot - file=/tmp/junit12619742866840035292/.git/config, create new FileSnapshot: lastRead=2024-02-09 10:48:59.018859100, lastModified=2024-02-09 10:48:59.006201787, size=194, fileKey=(dev=10302,ino=13238469)
10:48:59.019 [main] DEBUG org.eclipse.jgit.internal.storage.file.FileSnapshot - file=/tmp/junit12619742866840035292/.git/config.lock, isRacyClean=true, read=2024-02-09 10:48:59.018859100, lastModified=2024-02-09 10:48:59.006201787, delta=12657313 ns, racy<=2500000000 ns
10:48:59.023 [main] DEBUG org.eclipse.jgit.internal.storage.file.FileSnapshot - file=/home/toto/.config/jgit/config, isRacyClean=false, read=2024-02-09 10:48:58.959926568, lastModified=2024-02-08 23:36:20.464134450, delta=40358495792118 ns, racy<=2500000000 ns
10:48:59.023 [main] DEBUG org.eclipse.jgit.internal.storage.file.FileSnapshot - file=/home/toto/.config/jgit/config, is unmodified
10:48:59.024 [main] DEBUG org.eclipse.jgit.internal.storage.file.FileSnapshot - file=/etc/gitconfig, isRacyClean=false, read=2024-02-09 10:48:58.971926671, lastModified=1970-01-01 01:00:00.000000000, delta=1707472138971926671 ns, racy<=2500000000 ns
10:48:59.024 [main] DEBUG org.eclipse.jgit.internal.storage.file.FileSnapshot - file=/etc/gitconfig, is unmodified
10:48:59.024 [main] DEBUG org.eclipse.jgit.internal.storage.file.FileSnapshot - file=/home/toto/.gitconfig, isRacyClean=false, read=2024-02-09 10:48:58.972508608, lastModified=2024-01-22 19:04:00.457118245, delta=1525498515390363 ns, racy<=2500000000 ns
10:48:59.024 [main] DEBUG org.eclipse.jgit.internal.storage.file.FileSnapshot - file=/home/toto/.gitconfig, is unmodified
10:48:59.024 [main] DEBUG org.eclipse.jgit.internal.storage.file.FileSnapshot - file=/tmp/junit12619742866840035292/.git/config.lock, isRacyClean=true, read=2024-02-09 10:48:59.018859100, lastModified=2024-02-09 10:48:59.006201787, delta=12657313 ns, racy<=2500000000 ns
10:48:59.024 [main] DEBUG org.eclipse.jgit.internal.storage.file.FileSnapshot - file=/tmp/junit12619742866840035292/.git/config.lock, is racily clean
10:48:59.024 [main] DEBUG org.eclipse.jgit.internal.storage.file.FileSnapshot - file=/tmp/junit12619742866840035292/.git/config, create new FileSnapshot: lastRead=2024-02-09 10:48:59.024300760, lastModified=2024-02-09 10:48:59.006201787, size=194, fileKey=(dev=10302,ino=13238469)
10:48:59.024 [main] DEBUG org.eclipse.jgit.internal.storage.file.FileSnapshot - file=/tmp/junit12619742866840035292/.git/config.lock, isRacyClean=true, read=2024-02-09 10:48:59.024300760, lastModified=2024-02-09 10:48:59.006201787, delta=18098973 ns, racy<=2500000000 ns
10:48:59.025 [main] DEBUG org.eclipse.jgit.internal.storage.file.FileSnapshot - file=/home/toto/.config/jgit/config, isRacyClean=false, read=2024-02-09 10:48:58.959926568, lastModified=2024-02-08 23:36:20.464134450, delta=40358495792118 ns, racy<=2500000000 ns
10:48:59.025 [main] DEBUG org.eclipse.jgit.internal.storage.file.FileSnapshot - file=/home/toto/.config/jgit/config, is unmodified
10:48:59.025 [main] DEBUG org.eclipse.jgit.internal.storage.file.FileSnapshot - file=/etc/gitconfig, isRacyClean=false, read=2024-02-09 10:48:58.971926671, lastModified=1970-01-01 01:00:00.000000000, delta=1707472138971926671 ns, racy<=2500000000 ns
10:48:59.025 [main] DEBUG org.eclipse.jgit.internal.storage.file.FileSnapshot - file=/etc/gitconfig, is unmodified
10:48:59.025 [main] DEBUG org.eclipse.jgit.internal.storage.file.FileSnapshot - file=/home/toto/.gitconfig, isRacyClean=false, read=2024-02-09 10:48:58.972508608, lastModified=2024-01-22 19:04:00.457118245, delta=1525498515390363 ns, racy<=2500000000 ns
10:48:59.025 [main] DEBUG org.eclipse.jgit.internal.storage.file.FileSnapshot - file=/home/toto/.gitconfig, is unmodified
10:48:59.025 [main] DEBUG org.eclipse.jgit.internal.storage.file.FileSnapshot - file=/tmp/junit12619742866840035292/.git/config.lock, isRacyClean=true, read=2024-02-09 10:48:59.024300760, lastModified=2024-02-09 10:48:59.006201787, delta=18098973 ns, racy<=2500000000 ns
10:48:59.025 [main] DEBUG org.eclipse.jgit.internal.storage.file.FileSnapshot - file=/tmp/junit12619742866840035292/.git/config.lock, is racily clean
10:48:59.025 [main] DEBUG org.eclipse.jgit.internal.storage.file.FileSnapshot - file=/tmp/junit12619742866840035292/.git/config, create new FileSnapshot: lastRead=2024-02-09 10:48:59.025933857, lastModified=2024-02-09 10:48:59.006201787, size=194, fileKey=(dev=10302,ino=13238469)
10:48:59.026 [main] DEBUG org.eclipse.jgit.internal.storage.file.FileSnapshot - file=/tmp/junit12619742866840035292/.git/config.lock, isRacyClean=true, read=2024-02-09 10:48:59.025933857, lastModified=2024-02-09 10:48:59.006201787, delta=19732070 ns, racy<=2500000000 ns
10:48:59.027 [main] DEBUG org.eclipse.jgit.internal.storage.file.FileSnapshot - file=/home/toto/.config/jgit/config, isRacyClean=false, read=2024-02-09 10:48:58.959926568, lastModified=2024-02-08 23:36:20.464134450, delta=40358495792118 ns, racy<=2500000000 ns
10:48:59.027 [main] DEBUG org.eclipse.jgit.internal.storage.file.FileSnapshot - file=/home/toto/.config/jgit/config, is unmodified
10:48:59.027 [main] DEBUG org.eclipse.jgit.internal.storage.file.FileSnapshot - file=/etc/gitconfig, isRacyClean=false, read=2024-02-09 10:48:58.971926671, lastModified=1970-01-01 01:00:00.000000000, delta=1707472138971926671 ns, racy<=2500000000 ns
10:48:59.027 [main] DEBUG org.eclipse.jgit.internal.storage.file.FileSnapshot - file=/etc/gitconfig, is unmodified
10:48:59.027 [main] DEBUG org.eclipse.jgit.internal.storage.file.FileSnapshot - file=/home/toto/.gitconfig, isRacyClean=false, read=2024-02-09 10:48:58.972508608, lastModified=2024-01-22 19:04:00.457118245, delta=1525498515390363 ns, racy<=2500000000 ns
10:48:59.027 [main] DEBUG org.eclipse.jgit.internal.storage.file.FileSnapshot - file=/home/toto/.gitconfig, is unmodified
10:48:59.027 [main] DEBUG org.eclipse.jgit.internal.storage.file.FileSnapshot - file=/tmp/junit12619742866840035292/.git/config.lock, isRacyClean=true, read=2024-02-09 10:48:59.025933857, lastModified=2024-02-09 10:48:59.006201787, delta=19732070 ns, racy<=2500000000 ns
10:48:59.027 [main] DEBUG org.eclipse.jgit.internal.storage.file.FileSnapshot - file=/tmp/junit12619742866840035292/.git/config.lock, is racily clean
10:48:59.027 [main] DEBUG org.eclipse.jgit.internal.storage.file.FileSnapshot - file=/tmp/junit12619742866840035292/.git/config, create new FileSnapshot: lastRead=2024-02-09 10:48:59.027440558, lastModified=2024-02-09 10:48:59.006201787, size=194, fileKey=(dev=10302,ino=13238469)
10:48:59.027 [main] DEBUG org.eclipse.jgit.internal.storage.file.FileSnapshot - file=/tmp/junit12619742866840035292/.git/config.lock, isRacyClean=true, read=2024-02-09 10:48:59.027440558, lastModified=2024-02-09 10:48:59.006201787, delta=21238771 ns, racy<=2500000000 ns
10:48:59.027 [main] DEBUG org.eclipse.jgit.internal.storage.file.FileSnapshot - file=/tmp/junit12619742866840035292/.git/HEAD.lock, isRacyClean=true, read=2024-02-09 10:48:59.001036227, lastModified=2024-02-09 10:48:58.998201797, delta=2834430 ns, racy<=2500000000 ns
10:48:59.027 [main] DEBUG org.eclipse.jgit.internal.storage.file.FileSnapshot - file=/tmp/junit12619742866840035292/.git/HEAD.lock, is racily clean
10:48:59.027 [main] DEBUG org.eclipse.jgit.internal.storage.file.FileSnapshot - file=/tmp/junit12619742866840035292/.git/HEAD, create new FileSnapshot: lastRead=2024-02-09 10:48:59.027876979, lastModified=2024-02-09 10:48:58.998201797, size=23, fileKey=(dev=10302,ino=13238467)
10:48:59.028 [main] DEBUG org.eclipse.jgit.internal.storage.file.FileSnapshot - file=/tmp/junit12619742866840035292/.git/HEAD.lock, isRacyClean=true, read=2024-02-09 10:48:59.027876979, lastModified=2024-02-09 10:48:58.998201797, delta=29675182 ns, racy<=2500000000 ns
10:48:59.452 [main] DEBUG org.eclipse.jgit.transport.PacketLineIn - git< # service=git-upload-pack
10:48:59.453 [main] DEBUG org.eclipse.jgit.transport.PacketLineIn - git< 0000
10:48:59.459 [main] DEBUG org.eclipse.jgit.internal.storage.file.FileSnapshot - file=/home/toto/.config/jgit/config, isRacyClean=false, read=2024-02-09 10:48:58.959926568, lastModified=2024-02-08 23:36:20.464134450, delta=40358495792118 ns, racy<=2500000000 ns
10:48:59.460 [main] DEBUG org.eclipse.jgit.internal.storage.file.FileSnapshot - file=/home/toto/.config/jgit/config, is unmodified
10:48:59.460 [main] DEBUG org.eclipse.jgit.internal.storage.file.FileSnapshot - file=/etc/gitconfig, isRacyClean=false, read=2024-02-09 10:48:58.971926671, lastModified=1970-01-01 01:00:00.000000000, delta=1707472138971926671 ns, racy<=2500000000 ns
10:48:59.460 [main] DEBUG org.eclipse.jgit.internal.storage.file.FileSnapshot - file=/etc/gitconfig, is unmodified
10:48:59.460 [main] DEBUG org.eclipse.jgit.internal.storage.file.FileSnapshot - file=/home/toto/.gitconfig, isRacyClean=false, read=2024-02-09 10:48:58.972508608, lastModified=2024-01-22 19:04:00.457118245, delta=1525498515390363 ns, racy<=2500000000 ns
10:48:59.460 [main] DEBUG org.eclipse.jgit.internal.storage.file.FileSnapshot - file=/home/toto/.gitconfig, is unmodified
10:48:59.460 [main] DEBUG org.eclipse.jgit.internal.storage.file.FileSnapshot - file=/tmp/junit12619742866840035292/.git/config.lock, isRacyClean=true, read=2024-02-09 10:48:59.027440558, lastModified=2024-02-09 10:48:59.006201787, delta=21238771 ns, racy<=2500000000 ns
10:48:59.460 [main] DEBUG org.eclipse.jgit.internal.storage.file.FileSnapshot - file=/tmp/junit12619742866840035292/.git/config.lock, is racily clean
10:48:59.460 [main] DEBUG org.eclipse.jgit.internal.storage.file.FileSnapshot - file=/tmp/junit12619742866840035292/.git/config, create new FileSnapshot: lastRead=2024-02-09 10:48:59.460446287, lastModified=2024-02-09 10:48:59.006201787, size=194, fileKey=(dev=10302,ino=13238469)
10:48:59.460 [main] DEBUG org.eclipse.jgit.internal.storage.file.FileSnapshot - file=/tmp/junit12619742866840035292/.git/config.lock, isRacyClean=true, read=2024-02-09 10:48:59.460446287, lastModified=2024-02-09 10:48:59.006201787, delta=454244500 ns, racy<=2500000000 ns
10:48:59.472 [main] DEBUG org.eclipse.jgit.transport.PacketLineIn - git< version 2
10:48:59.473 [main] DEBUG org.eclipse.jgit.transport.PacketLineIn - git< agent=git/github-f2c0399b4791
10:48:59.473 [main] DEBUG org.eclipse.jgit.transport.PacketLineIn - git< ls-refs=unborn
10:48:59.473 [main] DEBUG org.eclipse.jgit.transport.PacketLineIn - git< fetch=shallow wait-for-done filter
10:48:59.473 [main] DEBUG org.eclipse.jgit.transport.PacketLineIn - git< server-option
10:48:59.473 [main] DEBUG org.eclipse.jgit.transport.PacketLineIn - git< object-format=sha1
10:48:59.473 [main] DEBUG org.eclipse.jgit.transport.PacketLineIn - git< 0000
10:48:59.475 [main] DEBUG org.eclipse.jgit.transport.PacketLineOut - git> command=ls-refs
10:48:59.475 [main] DEBUG org.eclipse.jgit.transport.PacketLineOut - git> agent=JGit/5.13.0.202109080827-r
10:48:59.475 [main] DEBUG org.eclipse.jgit.transport.PacketLineOut - git> 0001
10:48:59.475 [main] DEBUG org.eclipse.jgit.transport.PacketLineOut - git> peel
10:48:59.475 [main] DEBUG org.eclipse.jgit.transport.PacketLineOut - git> symrefs
10:48:59.475 [main] DEBUG org.eclipse.jgit.transport.PacketLineOut - git> ref-prefix HEAD
10:48:59.475 [main] DEBUG org.eclipse.jgit.transport.PacketLineOut - git> ref-prefix refs/tags/
10:48:59.475 [main] DEBUG org.eclipse.jgit.transport.PacketLineOut - git> ref-prefix refs/heads/
10:48:59.475 [main] DEBUG org.eclipse.jgit.transport.PacketLineOut - git> 0000
10:48:59.621 [main] DEBUG org.eclipse.jgit.transport.PacketLineIn - git< df78b447dabe8a2c4ef56e7dcbf1edbe789113a1 HEAD symref-target:refs/heads/main
10:48:59.622 [main] DEBUG org.eclipse.jgit.transport.PacketLineIn - git< f018dc52b5154427c1efcfb37798b80ed78ac44a refs/heads/MarcusJak/issue81
10:48:59.622 [main] DEBUG org.eclipse.jgit.transport.PacketLineIn - git< 67d83bfb02eb57cdccb12e60b7e659eae0d00114 refs/heads/additional_tests
10:48:59.622 [main] DEBUG org.eclipse.jgit.transport.PacketLineIn - git< 68f0c85301c7b46c8eb2aed07b647a1c299e61bf refs/heads/issue/85
10:48:59.622 [main] DEBUG org.eclipse.jgit.transport.PacketLineIn - git< c2ee884f60bc68409b062e0d93cc9fd7ff740243 refs/heads/issue/90
10:48:59.622 [main] DEBUG org.eclipse.jgit.transport.PacketLineIn - git< df78b447dabe8a2c4ef56e7dcbf1edbe789113a1 refs/heads/main
10:48:59.622 [main] DEBUG org.eclipse.jgit.transport.PacketLineIn - git< 0000
10:48:59.622 [main] DEBUG org.eclipse.jgit.internal.storage.file.FileSnapshot - file=/tmp/junit12619742866840035292/.git/HEAD.lock, isRacyClean=true, read=2024-02-09 10:48:59.027876979, lastModified=2024-02-09 10:48:58.998201797, delta=29675182 ns, racy<=2500000000 ns
10:48:59.622 [main] DEBUG org.eclipse.jgit.internal.storage.file.FileSnapshot - file=/tmp/junit12619742866840035292/.git/HEAD.lock, is racily clean
10:48:59.622 [main] DEBUG org.eclipse.jgit.internal.storage.file.FileSnapshot - file=/tmp/junit12619742866840035292/.git/HEAD, create new FileSnapshot: lastRead=2024-02-09 10:48:59.622603808, lastModified=2024-02-09 10:48:58.998201797, size=23, fileKey=(dev=10302,ino=13238467)
10:48:59.622 [main] DEBUG org.eclipse.jgit.internal.storage.file.FileSnapshot - file=/tmp/junit12619742866840035292/.git/HEAD.lock, isRacyClean=true, read=2024-02-09 10:48:59.622603808, lastModified=2024-02-09 10:48:58.998201797, delta=624402011 ns, racy<=2500000000 ns
10:48:59.623 [main] DEBUG org.eclipse.jgit.internal.storage.file.FileSnapshot - file=/home/toto/.config/jgit/config, isRacyClean=false, read=2024-02-09 10:48:58.959926568, lastModified=2024-02-08 23:36:20.464134450, delta=40358495792118 ns, racy<=2500000000 ns
10:48:59.623 [main] DEBUG org.eclipse.jgit.internal.storage.file.FileSnapshot - file=/home/toto/.config/jgit/config, is unmodified
10:48:59.623 [main] DEBUG org.eclipse.jgit.internal.storage.file.FileSnapshot - file=/etc/gitconfig, isRacyClean=false, read=2024-02-09 10:48:58.971926671, lastModified=1970-01-01 01:00:00.000000000, delta=1707472138971926671 ns, racy<=2500000000 ns
10:48:59.623 [main] DEBUG org.eclipse.jgit.internal.storage.file.FileSnapshot - file=/etc/gitconfig, is unmodified
10:48:59.623 [main] DEBUG org.eclipse.jgit.internal.storage.file.FileSnapshot - file=/home/toto/.gitconfig, isRacyClean=false, read=2024-02-09 10:48:58.972508608, lastModified=2024-01-22 19:04:00.457118245, delta=1525498515390363 ns, racy<=2500000000 ns
10:48:59.623 [main] DEBUG org.eclipse.jgit.internal.storage.file.FileSnapshot - file=/home/toto/.gitconfig, is unmodified
10:48:59.623 [main] DEBUG org.eclipse.jgit.internal.storage.file.FileSnapshot - file=/tmp/junit12619742866840035292/.git/config.lock, isRacyClean=true, read=2024-02-09 10:48:59.460446287, lastModified=2024-02-09 10:48:59.006201787, delta=454244500 ns, racy<=2500000000 ns
10:48:59.623 [main] DEBUG org.eclipse.jgit.internal.storage.file.FileSnapshot - file=/tmp/junit12619742866840035292/.git/config.lock, is racily clean
10:48:59.623 [main] DEBUG org.eclipse.jgit.internal.storage.file.FileSnapshot - file=/tmp/junit12619742866840035292/.git/config, create new FileSnapshot: lastRead=2024-02-09 10:48:59.623817067, lastModified=2024-02-09 10:48:59.006201787, size=194, fileKey=(dev=10302,ino=13238469)
10:48:59.624 [main] DEBUG org.eclipse.jgit.internal.storage.file.FileSnapshot - file=/tmp/junit12619742866840035292/.git/config.lock, isRacyClean=true, read=2024-02-09 10:48:59.623817067, lastModified=2024-02-09 10:48:59.006201787, delta=617615280 ns, racy<=2500000000 ns
10:48:59.630 [main] DEBUG org.eclipse.jgit.internal.storage.file.FileSnapshot - file=null, size changed from -1 to 4096 bytes
10:48:59.631 [main] DEBUG org.eclipse.jgit.internal.storage.file.FileSnapshot - file=/tmp/junit12619742866840035292/.git/objects/pack, create new FileSnapshot: lastRead=2024-02-09 10:48:59.630486744, lastModified=2024-02-09 10:48:58.986201811, size=4096, fileKey=(dev=10302,ino=13238464)
10:48:59.631 [main] DEBUG org.eclipse.jgit.internal.storage.file.FileSnapshot - file=/tmp/junit12619742866840035292/.git/objects/pack, isRacyClean=false, read=2024-02-09 10:48:59.630486744, lastModified=2024-02-09 10:48:58.986201811, delta=644284933 ns, racy<=18050000 ns
10:48:59.631 [main] DEBUG org.eclipse.jgit.internal.storage.file.FileSnapshot - file=/tmp/junit12619742866840035292/.git/objects/pack, is unmodified
10:48:59.632 [main] DEBUG org.eclipse.jgit.internal.storage.file.FileSnapshot - file=null, size changed from -1 to 0 bytes
10:48:59.633 [main] DEBUG org.eclipse.jgit.internal.storage.file.FileSnapshot - file=/tmp/junit12619742866840035292/.git/objects/pack/preserved, isRacyClean=false, read=2024-02-09 10:48:59.633051035, lastModified=1970-01-01 01:00:00.000000000, delta=1707472139633051035 ns, racy<=18050000 ns
10:48:59.633 [main] DEBUG org.eclipse.jgit.internal.storage.file.FileSnapshot - file=/tmp/junit12619742866840035292/.git/objects/pack/preserved, is unmodified
10:48:59.666 [main] DEBUG org.eclipse.jgit.internal.storage.file.FileSnapshot - file=/tmp/junit12619742866840035292/.git/objects/pack, isRacyClean=false, read=2024-02-09 10:48:59.630486744, lastModified=2024-02-09 10:48:58.986201811, delta=644284933 ns, racy<=18050000 ns
10:48:59.666 [main] DEBUG org.eclipse.jgit.internal.storage.file.FileSnapshot - file=/tmp/junit12619742866840035292/.git/objects/pack, is unmodified
10:48:59.666 [main] DEBUG org.eclipse.jgit.internal.storage.file.FileSnapshot - file=/tmp/junit12619742866840035292/.git/objects/pack/preserved, isRacyClean=false, read=2024-02-09 10:48:59.633051035, lastModified=1970-01-01 01:00:00.000000000, delta=1707472139633051035 ns, racy<=18050000 ns
10:48:59.667 [main] DEBUG org.eclipse.jgit.internal.storage.file.FileSnapshot - file=/tmp/junit12619742866840035292/.git/objects/pack/preserved, is unmodified
10:48:59.667 [main] DEBUG org.eclipse.jgit.internal.storage.file.FileSnapshot - file=/tmp/junit12619742866840035292/.git/objects/pack, isRacyClean=false, read=2024-02-09 10:48:59.630486744, lastModified=2024-02-09 10:48:58.986201811, delta=644284933 ns, racy<=18050000 ns
10:48:59.667 [main] DEBUG org.eclipse.jgit.internal.storage.file.FileSnapshot - file=/tmp/junit12619742866840035292/.git/objects/pack, is unmodified
10:48:59.667 [main] DEBUG org.eclipse.jgit.internal.storage.file.FileSnapshot - file=/tmp/junit12619742866840035292/.git/objects/pack/preserved, isRacyClean=false, read=2024-02-09 10:48:59.633051035, lastModified=1970-01-01 01:00:00.000000000, delta=1707472139633051035 ns, racy<=18050000 ns
10:48:59.667 [main] DEBUG org.eclipse.jgit.internal.storage.file.FileSnapshot - file=/tmp/junit12619742866840035292/.git/objects/pack/preserved, is unmodified
10:48:59.667 [main] DEBUG org.eclipse.jgit.internal.storage.file.FileSnapshot - file=/tmp/junit12619742866840035292/.git/objects/pack, isRacyClean=false, read=2024-02-09 10:48:59.630486744, lastModified=2024-02-09 10:48:58.986201811, delta=644284933 ns, racy<=18050000 ns
10:48:59.667 [main] DEBUG org.eclipse.jgit.internal.storage.file.FileSnapshot - file=/tmp/junit12619742866840035292/.git/objects/pack, is unmodified
10:48:59.667 [main] DEBUG org.eclipse.jgit.internal.storage.file.FileSnapshot - file=/tmp/junit12619742866840035292/.git/objects/pack/preserved, isRacyClean=false, read=2024-02-09 10:48:59.633051035, lastModified=1970-01-01 01:00:00.000000000, delta=1707472139633051035 ns, racy<=18050000 ns
10:48:59.667 [main] DEBUG org.eclipse.jgit.internal.storage.file.FileSnapshot - file=/tmp/junit12619742866840035292/.git/objects/pack/preserved, is unmodified
10:48:59.667 [main] DEBUG org.eclipse.jgit.internal.storage.file.FileSnapshot - file=/tmp/junit12619742866840035292/.git/objects/pack, isRacyClean=false, read=2024-02-09 10:48:59.630486744, lastModified=2024-02-09 10:48:58.986201811, delta=644284933 ns, racy<=18050000 ns
10:48:59.667 [main] DEBUG org.eclipse.jgit.internal.storage.file.FileSnapshot - file=/tmp/junit12619742866840035292/.git/objects/pack, is unmodified
10:48:59.667 [main] DEBUG org.eclipse.jgit.internal.storage.file.FileSnapshot - file=/tmp/junit12619742866840035292/.git/objects/pack/preserved, isRacyClean=false, read=2024-02-09 10:48:59.633051035, lastModified=1970-01-01 01:00:00.000000000, delta=1707472139633051035 ns, racy<=18050000 ns
10:48:59.667 [main] DEBUG org.eclipse.jgit.internal.storage.file.FileSnapshot - file=/tmp/junit12619742866840035292/.git/objects/pack/preserved, is unmodified
10:48:59.667 [main] DEBUG org.eclipse.jgit.internal.storage.file.FileSnapshot - file=/tmp/junit12619742866840035292/.git/objects/pack, isRacyClean=false, read=2024-02-09 10:48:59.630486744, lastModified=2024-02-09 10:48:58.986201811, delta=644284933 ns, racy<=18050000 ns
10:48:59.667 [main] DEBUG org.eclipse.jgit.internal.storage.file.FileSnapshot - file=/tmp/junit12619742866840035292/.git/objects/pack, is unmodified
10:48:59.667 [main] DEBUG org.eclipse.jgit.internal.storage.file.FileSnapshot - file=/tmp/junit12619742866840035292/.git/objects/pack/preserved, isRacyClean=false, read=2024-02-09 10:48:59.633051035, lastModified=1970-01-01 01:00:00.000000000, delta=1707472139633051035 ns, racy<=18050000 ns
10:48:59.667 [main] DEBUG org.eclipse.jgit.internal.storage.file.FileSnapshot - file=/tmp/junit12619742866840035292/.git/objects/pack/preserved, is unmodified
10:48:59.668 [main] DEBUG org.eclipse.jgit.internal.storage.file.FileSnapshot - file=/tmp/junit12619742866840035292/.git/objects/pack, isRacyClean=false, read=2024-02-09 10:48:59.630486744, lastModified=2024-02-09 10:48:58.986201811, delta=644284933 ns, racy<=18050000 ns
10:48:59.668 [main] DEBUG org.eclipse.jgit.internal.storage.file.FileSnapshot - file=/tmp/junit12619742866840035292/.git/objects/pack, is unmodified
10:48:59.668 [main] DEBUG org.eclipse.jgit.internal.storage.file.FileSnapshot - file=/tmp/junit12619742866840035292/.git/objects/pack/preserved, isRacyClean=false, read=2024-02-09 10:48:59.633051035, lastModified=1970-01-01 01:00:00.000000000, delta=1707472139633051035 ns, racy<=18050000 ns
10:48:59.668 [main] DEBUG org.eclipse.jgit.internal.storage.file.FileSnapshot - file=/tmp/junit12619742866840035292/.git/objects/pack/preserved, is unmodified
10:48:59.668 [main] DEBUG org.eclipse.jgit.internal.storage.file.FileSnapshot - file=/tmp/junit12619742866840035292/.git/objects/pack, isRacyClean=false, read=2024-02-09 10:48:59.630486744, lastModified=2024-02-09 10:48:58.986201811, delta=644284933 ns, racy<=18050000 ns
10:48:59.668 [main] DEBUG org.eclipse.jgit.internal.storage.file.FileSnapshot - file=/tmp/junit12619742866840035292/.git/objects/pack, is unmodified
10:48:59.668 [main] DEBUG org.eclipse.jgit.internal.storage.file.FileSnapshot - file=/tmp/junit12619742866840035292/.git/objects/pack/preserved, isRacyClean=false, read=2024-02-09 10:48:59.633051035, lastModified=1970-01-01 01:00:00.000000000, delta=1707472139633051035 ns, racy<=18050000 ns
10:48:59.668 [main] DEBUG org.eclipse.jgit.internal.storage.file.FileSnapshot - file=/tmp/junit12619742866840035292/.git/objects/pack/preserved, is unmodified
10:48:59.668 [main] DEBUG org.eclipse.jgit.internal.storage.file.FileSnapshot - file=/tmp/junit12619742866840035292/.git/objects/pack, isRacyClean=false, read=2024-02-09 10:48:59.630486744, lastModified=2024-02-09 10:48:58.986201811, delta=644284933 ns, racy<=18050000 ns
10:48:59.668 [main] DEBUG org.eclipse.jgit.internal.storage.file.FileSnapshot - file=/tmp/junit12619742866840035292/.git/objects/pack, is unmodified
10:48:59.668 [main] DEBUG org.eclipse.jgit.internal.storage.file.FileSnapshot - file=/tmp/junit12619742866840035292/.git/objects/pack/preserved, isRacyClean=false, read=2024-02-09 10:48:59.633051035, lastModified=1970-01-01 01:00:00.000000000, delta=1707472139633051035 ns, racy<=18050000 ns
10:48:59.668 [main] DEBUG org.eclipse.jgit.internal.storage.file.FileSnapshot - file=/tmp/junit12619742866840035292/.git/objects/pack/preserved, is unmodified
10:48:59.668 [main] DEBUG org.eclipse.jgit.internal.storage.file.FileSnapshot - file=/tmp/junit12619742866840035292/.git/objects/pack, isRacyClean=false, read=2024-02-09 10:48:59.630486744, lastModified=2024-02-09 10:48:58.986201811, delta=644284933 ns, racy<=18050000 ns
10:48:59.668 [main] DEBUG org.eclipse.jgit.internal.storage.file.FileSnapshot - file=/tmp/junit12619742866840035292/.git/objects/pack, is unmodified
10:48:59.668 [main] DEBUG org.eclipse.jgit.internal.storage.file.FileSnapshot - file=/tmp/junit12619742866840035292/.git/objects/pack/preserved, isRacyClean=false, read=2024-02-09 10:48:59.633051035, lastModified=1970-01-01 01:00:00.000000000, delta=1707472139633051035 ns, racy<=18050000 ns
10:48:59.668 [main] DEBUG org.eclipse.jgit.internal.storage.file.FileSnapshot - file=/tmp/junit12619742866840035292/.git/objects/pack/preserved, is unmodified
10:48:59.668 [main] DEBUG org.eclipse.jgit.internal.storage.file.FileSnapshot - file=/tmp/junit12619742866840035292/.git/objects/pack, isRacyClean=false, read=2024-02-09 10:48:59.630486744, lastModified=2024-02-09 10:48:58.986201811, delta=644284933 ns, racy<=18050000 ns
10:48:59.668 [main] DEBUG org.eclipse.jgit.internal.storage.file.FileSnapshot - file=/tmp/junit12619742866840035292/.git/objects/pack, is unmodified
10:48:59.668 [main] DEBUG org.eclipse.jgit.internal.storage.file.FileSnapshot - file=/tmp/junit12619742866840035292/.git/objects/pack/preserved, isRacyClean=false, read=2024-02-09 10:48:59.633051035, lastModified=1970-01-01 01:00:00.000000000, delta=1707472139633051035 ns, racy<=18050000 ns
10:48:59.669 [main] DEBUG org.eclipse.jgit.internal.storage.file.FileSnapshot - file=/tmp/junit12619742866840035292/.git/objects/pack/preserved, is unmodified
10:48:59.669 [main] DEBUG org.eclipse.jgit.internal.storage.file.FileSnapshot - file=/tmp/junit12619742866840035292/.git/objects/pack, isRacyClean=false, read=2024-02-09 10:48:59.630486744, lastModified=2024-02-09 10:48:58.986201811, delta=644284933 ns, racy<=18050000 ns
10:48:59.669 [main] DEBUG org.eclipse.jgit.internal.storage.file.FileSnapshot - file=/tmp/junit12619742866840035292/.git/objects/pack, is unmodified
10:48:59.669 [main] DEBUG org.eclipse.jgit.internal.storage.file.FileSnapshot - file=/tmp/junit12619742866840035292/.git/objects/pack/preserved, isRacyClean=false, read=2024-02-09 10:48:59.633051035, lastModified=1970-01-01 01:00:00.000000000, delta=1707472139633051035 ns, racy<=18050000 ns
10:48:59.669 [main] DEBUG org.eclipse.jgit.internal.storage.file.FileSnapshot - file=/tmp/junit12619742866840035292/.git/objects/pack/preserved, is unmodified
10:48:59.669 [main] DEBUG org.eclipse.jgit.internal.storage.file.FileSnapshot - file=/tmp/junit12619742866840035292/.git/HEAD.lock, isRacyClean=true, read=2024-02-09 10:48:59.622603808, lastModified=2024-02-09 10:48:58.998201797, delta=624402011 ns, racy<=2500000000 ns
10:48:59.669 [main] DEBUG org.eclipse.jgit.internal.storage.file.FileSnapshot - file=/tmp/junit12619742866840035292/.git/HEAD.lock, is racily clean
10:48:59.669 [main] DEBUG org.eclipse.jgit.internal.storage.file.FileSnapshot - file=/tmp/junit12619742866840035292/.git/HEAD, create new FileSnapshot: lastRead=2024-02-09 10:48:59.669376512, lastModified=2024-02-09 10:48:58.998201797, size=23, fileKey=(dev=10302,ino=13238467)
10:48:59.669 [main] DEBUG org.eclipse.jgit.internal.storage.file.FileSnapshot - file=/tmp/junit12619742866840035292/.git/HEAD.lock, isRacyClean=true, read=2024-02-09 10:48:59.669376512, lastModified=2024-02-09 10:48:58.998201797, delta=671174715 ns, racy<=2500000000 ns
10:48:59.669 [main] DEBUG org.eclipse.jgit.internal.storage.file.FileSnapshot - file=/home/toto/.config/jgit/config, isRacyClean=false, read=2024-02-09 10:48:58.959926568, lastModified=2024-02-08 23:36:20.464134450, delta=40358495792118 ns, racy<=2500000000 ns
10:48:59.669 [main] DEBUG org.eclipse.jgit.internal.storage.file.FileSnapshot - file=/home/toto/.config/jgit/config, is unmodified
10:48:59.669 [main] DEBUG org.eclipse.jgit.internal.storage.file.FileSnapshot - file=/etc/gitconfig, isRacyClean=false, read=2024-02-09 10:48:58.971926671, lastModified=1970-01-01 01:00:00.000000000, delta=1707472138971926671 ns, racy<=2500000000 ns
10:48:59.669 [main] DEBUG org.eclipse.jgit.internal.storage.file.FileSnapshot - file=/etc/gitconfig, is unmodified
10:48:59.669 [main] DEBUG org.eclipse.jgit.internal.storage.file.FileSnapshot - file=/home/toto/.gitconfig, isRacyClean=false, read=2024-02-09 10:48:58.972508608, lastModified=2024-01-22 19:04:00.457118245, delta=1525498515390363 ns, racy<=2500000000 ns
10:48:59.669 [main] DEBUG org.eclipse.jgit.internal.storage.file.FileSnapshot - file=/home/toto/.gitconfig, is unmodified
10:48:59.669 [main] DEBUG org.eclipse.jgit.internal.storage.file.FileSnapshot - file=/tmp/junit12619742866840035292/.git/config.lock, isRacyClean=true, read=2024-02-09 10:48:59.623817067, lastModified=2024-02-09 10:48:59.006201787, delta=617615280 ns, racy<=2500000000 ns
10:48:59.669 [main] DEBUG org.eclipse.jgit.internal.storage.file.FileSnapshot - file=/tmp/junit12619742866840035292/.git/config.lock, is racily clean
10:48:59.669 [main] DEBUG org.eclipse.jgit.internal.storage.file.FileSnapshot - file=/tmp/junit12619742866840035292/.git/config, create new FileSnapshot: lastRead=2024-02-09 10:48:59.669846265, lastModified=2024-02-09 10:48:59.006201787, size=194, fileKey=(dev=10302,ino=13238469)
10:48:59.669 [main] DEBUG org.eclipse.jgit.internal.storage.file.FileSnapshot - file=/tmp/junit12619742866840035292/.git/config.lock, isRacyClean=true, read=2024-02-09 10:48:59.669846265, lastModified=2024-02-09 10:48:59.006201787, delta=663644478 ns, racy<=2500000000 ns
10:48:59.670 [main] DEBUG org.eclipse.jgit.transport.PacketLineOut - git> command=fetch
10:48:59.670 [main] DEBUG org.eclipse.jgit.transport.PacketLineOut - git> agent=JGit/5.13.0.202109080827-r
10:48:59.670 [main] DEBUG org.eclipse.jgit.transport.PacketLineOut - git> 0001
10:48:59.670 [main] DEBUG org.eclipse.jgit.transport.PacketLineOut - git> no-progress
10:48:59.670 [main] DEBUG org.eclipse.jgit.transport.PacketLineOut - git> include-tag
10:48:59.670 [main] DEBUG org.eclipse.jgit.transport.PacketLineOut - git> ofs-delta
10:48:59.670 [main] DEBUG org.eclipse.jgit.transport.PacketLineOut - git> thin-pack
10:48:59.671 [main] DEBUG org.eclipse.jgit.internal.storage.file.FileSnapshot - file=/tmp/junit12619742866840035292/.git/objects/pack, isRacyClean=false, read=2024-02-09 10:48:59.630486744, lastModified=2024-02-09 10:48:58.986201811, delta=644284933 ns, racy<=18050000 ns
10:48:59.671 [main] DEBUG org.eclipse.jgit.internal.storage.file.FileSnapshot - file=/tmp/junit12619742866840035292/.git/objects/pack, is unmodified
10:48:59.671 [main] DEBUG org.eclipse.jgit.internal.storage.file.FileSnapshot - file=/tmp/junit12619742866840035292/.git/objects/pack/preserved, isRacyClean=false, read=2024-02-09 10:48:59.633051035, lastModified=1970-01-01 01:00:00.000000000, delta=1707472139633051035 ns, racy<=18050000 ns
10:48:59.671 [main] DEBUG org.eclipse.jgit.internal.storage.file.FileSnapshot - file=/tmp/junit12619742866840035292/.git/objects/pack/preserved, is unmodified
10:48:59.671 [main] DEBUG org.eclipse.jgit.transport.PacketLineOut - git> want f018dc52b5154427c1efcfb37798b80ed78ac44a\n
10:48:59.671 [main] DEBUG org.eclipse.jgit.internal.storage.file.FileSnapshot - file=/tmp/junit12619742866840035292/.git/objects/pack, isRacyClean=false, read=2024-02-09 10:48:59.630486744, lastModified=2024-02-09 10:48:58.986201811, delta=644284933 ns, racy<=18050000 ns
10:48:59.671 [main] DEBUG org.eclipse.jgit.internal.storage.file.FileSnapshot - file=/tmp/junit12619742866840035292/.git/objects/pack, is unmodified
10:48:59.671 [main] DEBUG org.eclipse.jgit.internal.storage.file.FileSnapshot - file=/tmp/junit12619742866840035292/.git/objects/pack/preserved, isRacyClean=false, read=2024-02-09 10:48:59.633051035, lastModified=1970-01-01 01:00:00.000000000, delta=1707472139633051035 ns, racy<=18050000 ns
10:48:59.671 [main] DEBUG org.eclipse.jgit.internal.storage.file.FileSnapshot - file=/tmp/junit12619742866840035292/.git/objects/pack/preserved, is unmodified
10:48:59.671 [main] DEBUG org.eclipse.jgit.transport.PacketLineOut - git> want df78b447dabe8a2c4ef56e7dcbf1edbe789113a1\n
10:48:59.671 [main] DEBUG org.eclipse.jgit.internal.storage.file.FileSnapshot - file=/tmp/junit12619742866840035292/.git/objects/pack, isRacyClean=false, read=2024-02-09 10:48:59.630486744, lastModified=2024-02-09 10:48:58.986201811, delta=644284933 ns, racy<=18050000 ns
10:48:59.671 [main] DEBUG org.eclipse.jgit.internal.storage.file.FileSnapshot - file=/tmp/junit12619742866840035292/.git/objects/pack, is unmodified
10:48:59.671 [main] DEBUG org.eclipse.jgit.internal.storage.file.FileSnapshot - file=/tmp/junit12619742866840035292/.git/objects/pack/preserved, isRacyClean=false, read=2024-02-09 10:48:59.633051035, lastModified=1970-01-01 01:00:00.000000000, delta=1707472139633051035 ns, racy<=18050000 ns
10:48:59.671 [main] DEBUG org.eclipse.jgit.internal.storage.file.FileSnapshot - file=/tmp/junit12619742866840035292/.git/objects/pack/preserved, is unmodified
10:48:59.671 [main] DEBUG org.eclipse.jgit.transport.PacketLineOut - git> want 67d83bfb02eb57cdccb12e60b7e659eae0d00114\n
10:48:59.671 [main] DEBUG org.eclipse.jgit.internal.storage.file.FileSnapshot - file=/tmp/junit12619742866840035292/.git/objects/pack, isRacyClean=false, read=2024-02-09 10:48:59.630486744, lastModified=2024-02-09 10:48:58.986201811, delta=644284933 ns, racy<=18050000 ns
10:48:59.671 [main] DEBUG org.eclipse.jgit.internal.storage.file.FileSnapshot - file=/tmp/junit12619742866840035292/.git/objects/pack, is unmodified
10:48:59.671 [main] DEBUG org.eclipse.jgit.internal.storage.file.FileSnapshot - file=/tmp/junit12619742866840035292/.git/objects/pack/preserved, isRacyClean=false, read=2024-02-09 10:48:59.633051035, lastModified=1970-01-01 01:00:00.000000000, delta=1707472139633051035 ns, racy<=18050000 ns
10:48:59.671 [main] DEBUG org.eclipse.jgit.internal.storage.file.FileSnapshot - file=/tmp/junit12619742866840035292/.git/objects/pack/preserved, is unmodified
10:48:59.672 [main] DEBUG org.eclipse.jgit.transport.PacketLineOut - git> want 68f0c85301c7b46c8eb2aed07b647a1c299e61bf\n
10:48:59.672 [main] DEBUG org.eclipse.jgit.internal.storage.file.FileSnapshot - file=/tmp/junit12619742866840035292/.git/objects/pack, isRacyClean=false, read=2024-02-09 10:48:59.630486744, lastModified=2024-02-09 10:48:58.986201811, delta=644284933 ns, racy<=18050000 ns
10:48:59.672 [main] DEBUG org.eclipse.jgit.internal.storage.file.FileSnapshot - file=/tmp/junit12619742866840035292/.git/objects/pack, is unmodified
10:48:59.672 [main] DEBUG org.eclipse.jgit.internal.storage.file.FileSnapshot - file=/tmp/junit12619742866840035292/.git/objects/pack/preserved, isRacyClean=false, read=2024-02-09 10:48:59.633051035, lastModified=1970-01-01 01:00:00.000000000, delta=1707472139633051035 ns, racy<=18050000 ns
10:48:59.672 [main] DEBUG org.eclipse.jgit.internal.storage.file.FileSnapshot - file=/tmp/junit12619742866840035292/.git/objects/pack/preserved, is unmodified
10:48:59.672 [main] DEBUG org.eclipse.jgit.transport.PacketLineOut - git> want c2ee884f60bc68409b062e0d93cc9fd7ff740243\n
10:48:59.672 [main] DEBUG org.eclipse.jgit.transport.PacketLineOut - git> done\n
10:48:59.672 [main] DEBUG org.eclipse.jgit.transport.PacketLineOut - git> 0000
10:48:59.908 [main] DEBUG org.eclipse.jgit.transport.PacketLineIn - git< packfile
10:48:59.993 [main] DEBUG org.eclipse.jgit.internal.storage.file.FileSnapshot - file=/tmp/junit12619742866840035292/.git/objects/pack, isRacyClean=false, read=2024-02-09 10:48:59.630486744, lastModified=2024-02-09 10:48:58.986201811, delta=644284933 ns, racy<=18050000 ns
10:48:59.994 [main] DEBUG org.eclipse.jgit.internal.storage.file.FileSnapshot - file=/tmp/junit12619742866840035292/.git/objects/pack, is unmodified
10:48:59.994 [main] DEBUG org.eclipse.jgit.internal.storage.file.FileSnapshot - file=/tmp/junit12619742866840035292/.git/objects/pack, isRacyClean=false, read=2024-02-09 10:48:59.630486744, lastModified=2024-02-09 10:48:58.986201811, delta=644284933 ns, racy<=18050000 ns
10:48:59.994 [main] DEBUG org.eclipse.jgit.internal.storage.file.FileSnapshot - file=/tmp/junit12619742866840035292/.git/objects/pack, is unmodified
10:48:59.994 [main] DEBUG org.eclipse.jgit.internal.storage.file.FileSnapshot - file=/tmp/junit12619742866840035292/.git/objects/pack, isRacyClean=false, read=2024-02-09 10:48:59.630486744, lastModified=2024-02-09 10:48:58.986201811, delta=644284933 ns, racy<=18050000 ns
10:48:59.994 [main] DEBUG org.eclipse.jgit.internal.storage.file.FileSnapshot - file=/tmp/junit12619742866840035292/.git/objects/pack, is unmodified
10:48:59.994 [main] DEBUG org.eclipse.jgit.internal.storage.file.FileSnapshot - file=/tmp/junit12619742866840035292/.git/objects/pack, isRacyClean=false, read=2024-02-09 10:48:59.630486744, lastModified=2024-02-09 10:48:58.986201811, delta=644284933 ns, racy<=18050000 ns
10:48:59.994 [main] DEBUG org.eclipse.jgit.internal.storage.file.FileSnapshot - file=/tmp/junit12619742866840035292/.git/objects/pack, is unmodified
10:48:59.994 [main] DEBUG org.eclipse.jgit.internal.storage.file.FileSnapshot - file=/tmp/junit12619742866840035292/.git/objects/pack, isRacyClean=false, read=2024-02-09 10:48:59.630486744, lastModified=2024-02-09 10:48:58.986201811, delta=644284933 ns, racy<=18050000 ns
10:48:59.994 [main] DEBUG org.eclipse.jgit.internal.storage.file.FileSnapshot - file=/tmp/junit12619742866840035292/.git/objects/pack, is unmodified
10:48:59.994 [main] DEBUG org.eclipse.jgit.internal.storage.file.FileSnapshot - file=/tmp/junit12619742866840035292/.git/objects/pack, isRacyClean=false, read=2024-02-09 10:48:59.630486744, lastModified=2024-02-09 10:48:58.986201811, delta=644284933 ns, racy<=18050000 ns
10:48:59.994 [main] DEBUG org.eclipse.jgit.internal.storage.file.FileSnapshot - file=/tmp/junit12619742866840035292/.git/objects/pack, is unmodified
10:48:59.994 [main] DEBUG org.eclipse.jgit.internal.storage.file.FileSnapshot - file=/tmp/junit12619742866840035292/.git/objects/pack, isRacyClean=false, read=2024-02-09 10:48:59.630486744, lastModified=2024-02-09 10:48:58.986201811, delta=644284933 ns, racy<=18050000 ns
10:48:59.994 [main] DEBUG org.eclipse.jgit.internal.storage.file.FileSnapshot - file=/tmp/junit12619742866840035292/.git/objects/pack, is unmodified
10:48:59.994 [main] DEBUG org.eclipse.jgit.internal.storage.file.FileSnapshot - file=/tmp/junit12619742866840035292/.git/objects/pack, isRacyClean=false, read=2024-02-09 10:48:59.630486744, lastModified=2024-02-09 10:48:58.986201811, delta=644284933 ns, racy<=18050000 ns
10:48:59.994 [main] DEBUG org.eclipse.jgit.internal.storage.file.FileSnapshot - file=/tmp/junit12619742866840035292/.git/objects/pack, is unmodified
10:48:59.994 [main] DEBUG org.eclipse.jgit.internal.storage.file.FileSnapshot - file=/tmp/junit12619742866840035292/.git/objects/pack, isRacyClean=false, read=2024-02-09 10:48:59.630486744, lastModified=2024-02-09 10:48:58.986201811, delta=644284933 ns, racy<=18050000 ns
10:48:59.994 [main] DEBUG org.eclipse.jgit.internal.storage.file.FileSnapshot - file=/tmp/junit12619742866840035292/.git/objects/pack, is unmodified
10:48:59.994 [main] DEBUG org.eclipse.jgit.internal.storage.file.FileSnapshot - file=/tmp/junit12619742866840035292/.git/objects/pack, isRacyClean=false, read=2024-02-09 10:48:59.630486744, lastModified=2024-02-09 10:48:58.986201811, delta=644284933 ns, racy<=18050000 ns
10:48:59.994 [main] DEBUG org.eclipse.jgit.internal.storage.file.FileSnapshot - file=/tmp/junit12619742866840035292/.git/objects/pack, is unmodified
10:48:59.994 [main] DEBUG org.eclipse.jgit.internal.storage.file.FileSnapshot - file=/tmp/junit12619742866840035292/.git/objects/pack, isRacyClean=false, read=2024-02-09 10:48:59.630486744, lastModified=2024-02-09 10:48:58.986201811, delta=644284933 ns, racy<=18050000 ns
10:48:59.994 [main] DEBUG org.eclipse.jgit.internal.storage.file.FileSnapshot - file=/tmp/junit12619742866840035292/.git/objects/pack, is unmodified
10:48:59.995 [main] DEBUG org.eclipse.jgit.internal.storage.file.FileSnapshot - file=/tmp/junit12619742866840035292/.git/objects/pack, isRacyClean=false, read=2024-02-09 10:48:59.630486744, lastModified=2024-02-09 10:48:58.986201811, delta=644284933 ns, racy<=18050000 ns
10:48:59.995 [main] DEBUG org.eclipse.jgit.internal.storage.file.FileSnapshot - file=/tmp/junit12619742866840035292/.git/objects/pack, is unmodified
10:48:59.995 [main] DEBUG org.eclipse.jgit.internal.storage.file.FileSnapshot - file=/tmp/junit12619742866840035292/.git/objects/pack, isRacyClean=false, read=2024-02-09 10:48:59.630486744, lastModified=2024-02-09 10:48:58.986201811, delta=644284933 ns, racy<=18050000 ns
10:48:59.995 [main] DEBUG org.eclipse.jgit.internal.storage.file.FileSnapshot - file=/tmp/junit12619742866840035292/.git/objects/pack, is unmodified
10:48:59.995 [main] DEBUG org.eclipse.jgit.internal.storage.file.FileSnapshot - file=/tmp/junit12619742866840035292/.git/objects/pack, isRacyClean=false, read=2024-02-09 10:48:59.630486744, lastModified=2024-02-09 10:48:58.986201811, delta=644284933 ns, racy<=18050000 ns
10:48:59.995 [main] DEBUG org.eclipse.jgit.internal.storage.file.FileSnapshot - file=/tmp/junit12619742866840035292/.git/objects/pack, is unmodified
10:48:59.995 [main] DEBUG org.eclipse.jgit.internal.storage.file.FileSnapshot - file=/tmp/junit12619742866840035292/.git/objects/pack, isRacyClean=false, read=2024-02-09 10:48:59.630486744, lastModified=2024-02-09 10:48:58.986201811, delta=644284933 ns, racy<=18050000 ns
10:48:59.995 [main] DEBUG org.eclipse.jgit.internal.storage.file.FileSnapshot - file=/tmp/junit12619742866840035292/.git/objects/pack, is unmodified
10:48:59.995 [main] DEBUG org.eclipse.jgit.internal.storage.file.FileSnapshot - file=/tmp/junit12619742866840035292/.git/objects/pack, isRacyClean=false, read=2024-02-09 10:48:59.630486744, lastModified=2024-02-09 10:48:58.986201811, delta=644284933 ns, racy<=18050000 ns
10:48:59.995 [main] DEBUG org.eclipse.jgit.internal.storage.file.FileSnapshot - file=/tmp/junit12619742866840035292/.git/objects/pack, is unmodified
10:48:59.995 [main] DEBUG org.eclipse.jgit.internal.storage.file.FileSnapshot - file=/tmp/junit12619742866840035292/.git/objects/pack, isRacyClean=false, read=2024-02-09 10:48:59.630486744, lastModified=2024-02-09 10:48:58.986201811, delta=644284933 ns, racy<=18050000 ns
10:48:59.995 [main] DEBUG org.eclipse.jgit.internal.storage.file.FileSnapshot - file=/tmp/junit12619742866840035292/.git/objects/pack, is unmodified
10:48:59.995 [main] DEBUG org.eclipse.jgit.internal.storage.file.FileSnapshot - file=/tmp/junit12619742866840035292/.git/objects/pack, isRacyClean=false, read=2024-02-09 10:48:59.630486744, lastModified=2024-02-09 10:48:58.986201811, delta=644284933 ns, racy<=18050000 ns
10:48:59.995 [main] DEBUG org.eclipse.jgit.internal.storage.file.FileSnapshot - file=/tmp/junit12619742866840035292/.git/objects/pack, is unmodified
10:48:59.995 [main] DEBUG org.eclipse.jgit.internal.storage.file.FileSnapshot - file=/tmp/junit12619742866840035292/.git/objects/pack, isRacyClean=false, read=2024-02-09 10:48:59.630486744, lastModified=2024-02-09 10:48:58.986201811, delta=644284933 ns, racy<=18050000 ns
10:48:59.995 [main] DEBUG org.eclipse.jgit.internal.storage.file.FileSnapshot - file=/tmp/junit12619742866840035292/.git/objects/pack, is unmodified
10:48:59.995 [main] DEBUG org.eclipse.jgit.internal.storage.file.FileSnapshot - file=/tmp/junit12619742866840035292/.git/objects/pack, isRacyClean=false, read=2024-02-09 10:48:59.630486744, lastModified=2024-02-09 10:48:58.986201811, delta=644284933 ns, racy<=18050000 ns
10:48:59.995 [main] DEBUG org.eclipse.jgit.internal.storage.file.FileSnapshot - file=/tmp/junit12619742866840035292/.git/objects/pack, is unmodified
10:48:59.995 [main] DEBUG org.eclipse.jgit.internal.storage.file.FileSnapshot - file=/tmp/junit12619742866840035292/.git/objects/pack, isRacyClean=false, read=2024-02-09 10:48:59.630486744, lastModified=2024-02-09 10:48:58.986201811, delta=644284933 ns, racy<=18050000 ns
10:48:59.995 [main] DEBUG org.eclipse.jgit.internal.storage.file.FileSnapshot - file=/tmp/junit12619742866840035292/.git/objects/pack, is unmodified
10:48:59.996 [main] DEBUG org.eclipse.jgit.internal.storage.file.FileSnapshot - file=/tmp/junit12619742866840035292/.git/objects/pack, isRacyClean=false, read=2024-02-09 10:48:59.630486744, lastModified=2024-02-09 10:48:58.986201811, delta=644284933 ns, racy<=18050000 ns
10:48:59.996 [main] DEBUG org.eclipse.jgit.internal.storage.file.FileSnapshot - file=/tmp/junit12619742866840035292/.git/objects/pack, is unmodified
10:48:59.996 [main] DEBUG org.eclipse.jgit.internal.storage.file.FileSnapshot - file=/tmp/junit12619742866840035292/.git/objects/pack, isRacyClean=false, read=2024-02-09 10:48:59.630486744, lastModified=2024-02-09 10:48:58.986201811, delta=644284933 ns, racy<=18050000 ns
10:48:59.996 [main] DEBUG org.eclipse.jgit.internal.storage.file.FileSnapshot - file=/tmp/junit12619742866840035292/.git/objects/pack, is unmodified
10:48:59.996 [main] DEBUG org.eclipse.jgit.internal.storage.file.FileSnapshot - file=/tmp/junit12619742866840035292/.git/objects/pack, isRacyClean=false, read=2024-02-09 10:48:59.630486744, lastModified=2024-02-09 10:48:58.986201811, delta=644284933 ns, racy<=18050000 ns
10:48:59.996 [main] DEBUG org.eclipse.jgit.internal.storage.file.FileSnapshot - file=/tmp/junit12619742866840035292/.git/objects/pack, is unmodified
10:48:59.996 [main] DEBUG org.eclipse.jgit.internal.storage.file.FileSnapshot - file=/tmp/junit12619742866840035292/.git/objects/pack, isRacyClean=false, read=2024-02-09 10:48:59.630486744, lastModified=2024-02-09 10:48:58.986201811, delta=644284933 ns, racy<=18050000 ns
10:48:59.996 [main] DEBUG org.eclipse.jgit.internal.storage.file.FileSnapshot - file=/tmp/junit12619742866840035292/.git/objects/pack, is unmodified
10:48:59.996 [main] DEBUG org.eclipse.jgit.internal.storage.file.FileSnapshot - file=/tmp/junit12619742866840035292/.git/objects/pack, isRacyClean=false, read=2024-02-09 10:48:59.630486744, lastModified=2024-02-09 10:48:58.986201811, delta=644284933 ns, racy<=18050000 ns
10:48:59.996 [main] DEBUG org.eclipse.jgit.internal.storage.file.FileSnapshot - file=/tmp/junit12619742866840035292/.git/objects/pack, is unmodified
10:48:59.996 [main] DEBUG org.eclipse.jgit.internal.storage.file.FileSnapshot - file=/tmp/junit12619742866840035292/.git/objects/pack, isRacyClean=false, read=2024-02-09 10:48:59.630486744, lastModified=2024-02-09 10:48:58.986201811, delta=644284933 ns, racy<=18050000 ns
10:48:59.996 [main] DEBUG org.eclipse.jgit.internal.storage.file.FileSnapshot - file=/tmp/junit12619742866840035292/.git/objects/pack, is unmodified
10:48:59.996 [main] DEBUG org.eclipse.jgit.internal.storage.file.FileSnapshot - file=/tmp/junit12619742866840035292/.git/objects/pack, isRacyClean=false, read=2024-02-09 10:48:59.630486744, lastModified=2024-02-09 10:48:58.986201811, delta=644284933 ns, racy<=18050000 ns
10:48:59.996 [main] DEBUG org.eclipse.jgit.internal.storage.file.FileSnapshot - file=/tmp/junit12619742866840035292/.git/objects/pack, is unmodified
10:48:59.996 [main] DEBUG org.eclipse.jgit.internal.storage.file.FileSnapshot - file=/tmp/junit12619742866840035292/.git/objects/pack, isRacyClean=false, read=2024-02-09 10:48:59.630486744, lastModified=2024-02-09 10:48:58.986201811, delta=644284933 ns, racy<=18050000 ns
10:48:59.996 [main] DEBUG org.eclipse.jgit.internal.storage.file.FileSnapshot - file=/tmp/junit12619742866840035292/.git/objects/pack, is unmodified
10:48:59.996 [main] DEBUG org.eclipse.jgit.internal.storage.file.FileSnapshot - file=/tmp/junit12619742866840035292/.git/objects/pack, isRacyClean=false, read=2024-02-09 10:48:59.630486744, lastModified=2024-02-09 10:48:58.986201811, delta=644284933 ns, racy<=18050000 ns
10:48:59.996 [main] DEBUG org.eclipse.jgit.internal.storage.file.FileSnapshot - file=/tmp/junit12619742866840035292/.git/objects/pack, is unmodified
10:48:59.996 [main] DEBUG org.eclipse.jgit.internal.storage.file.FileSnapshot - file=/tmp/junit12619742866840035292/.git/objects/pack, isRacyClean=false, read=2024-02-09 10:48:59.630486744, lastModified=2024-02-09 10:48:58.986201811, delta=644284933 ns, racy<=18050000 ns
10:48:59.996 [main] DEBUG org.eclipse.jgit.internal.storage.file.FileSnapshot - file=/tmp/junit12619742866840035292/.git/objects/pack, is unmodified
10:48:59.996 [main] DEBUG org.eclipse.jgit.internal.storage.file.FileSnapshot - file=/tmp/junit12619742866840035292/.git/objects/pack, isRacyClean=false, read=2024-02-09 10:48:59.630486744, lastModified=2024-02-09 10:48:58.986201811, delta=644284933 ns, racy<=18050000 ns
10:48:59.996 [main] DEBUG org.eclipse.jgit.internal.storage.file.FileSnapshot - file=/tmp/junit12619742866840035292/.git/objects/pack, is unmodified
10:48:59.997 [main] DEBUG org.eclipse.jgit.internal.storage.file.FileSnapshot - file=/tmp/junit12619742866840035292/.git/objects/pack, isRacyClean=false, read=2024-02-09 10:48:59.630486744, lastModified=2024-02-09 10:48:58.986201811, delta=644284933 ns, racy<=18050000 ns
10:48:59.997 [main] DEBUG org.eclipse.jgit.internal.storage.file.FileSnapshot - file=/tmp/junit12619742866840035292/.git/objects/pack, is unmodified
10:48:59.997 [main] DEBUG org.eclipse.jgit.internal.storage.file.FileSnapshot - file=/tmp/junit12619742866840035292/.git/objects/pack, isRacyClean=false, read=2024-02-09 10:48:59.630486744, lastModified=2024-02-09 10:48:58.986201811, delta=644284933 ns, racy<=18050000 ns
10:48:59.997 [main] DEBUG org.eclipse.jgit.internal.storage.file.FileSnapshot - file=/tmp/junit12619742866840035292/.git/objects/pack, is unmodified
10:48:59.997 [main] DEBUG org.eclipse.jgit.internal.storage.file.FileSnapshot - file=/tmp/junit12619742866840035292/.git/objects/pack, isRacyClean=false, read=2024-02-09 10:48:59.630486744, lastModified=2024-02-09 10:48:58.986201811, delta=644284933 ns, racy<=18050000 ns
10:48:59.997 [main] DEBUG org.eclipse.jgit.internal.storage.file.FileSnapshot - file=/tmp/junit12619742866840035292/.git/objects/pack, is unmodified
10:48:59.997 [main] DEBUG org.eclipse.jgit.internal.storage.file.FileSnapshot - file=/tmp/junit12619742866840035292/.git/objects/pack, isRacyClean=false, read=2024-02-09 10:48:59.630486744, lastModified=2024-02-09 10:48:58.986201811, delta=644284933 ns, racy<=18050000 ns
10:48:59.997 [main] DEBUG org.eclipse.jgit.internal.storage.file.FileSnapshot - file=/tmp/junit12619742866840035292/.git/objects/pack, is unmodified
10:48:59.997 [main] DEBUG org.eclipse.jgit.internal.storage.file.FileSnapshot - file=/tmp/junit12619742866840035292/.git/objects/pack, isRacyClean=false, read=2024-02-09 10:48:59.630486744, lastModified=2024-02-09 10:48:58.986201811, delta=644284933 ns, racy<=18050000 ns
10:48:59.997 [main] DEBUG org.eclipse.jgit.internal.storage.file.FileSnapshot - file=/tmp/junit12619742866840035292/.git/objects/pack, is unmodified
10:48:59.997 [main] DEBUG org.eclipse.jgit.internal.storage.file.FileSnapshot - file=/tmp/junit12619742866840035292/.git/objects/pack, isRacyClean=false, read=2024-02-09 10:48:59.630486744, lastModified=2024-02-09 10:48:58.986201811, delta=644284933 ns, racy<=18050000 ns
10:48:59.997 [main] DEBUG org.eclipse.jgit.internal.storage.file.FileSnapshot - file=/tmp/junit12619742866840035292/.git/objects/pack, is unmodified
10:48:59.997 [main] DEBUG org.eclipse.jgit.internal.storage.file.FileSnapshot - file=/tmp/junit12619742866840035292/.git/objects/pack, isRacyClean=false, read=2024-02-09 10:48:59.630486744, lastModified=2024-02-09 10:48:58.986201811, delta=644284933 ns, racy<=18050000 ns
10:48:59.997 [main] DEBUG org.eclipse.jgit.internal.storage.file.FileSnapshot - file=/tmp/junit12619742866840035292/.git/objects/pack, is unmodified
10:48:59.997 [main] DEBUG org.eclipse.jgit.internal.storage.file.FileSnapshot - file=/tmp/junit12619742866840035292/.git/objects/pack, isRacyClean=false, read=2024-02-09 10:48:59.630486744, lastModified=2024-02-09 10:48:58.986201811, delta=644284933 ns, racy<=18050000 ns
10:48:59.997 [main] DEBUG org.eclipse.jgit.internal.storage.file.FileSnapshot - file=/tmp/junit12619742866840035292/.git/objects/pack, is unmodified
10:48:59.997 [main] DEBUG org.eclipse.jgit.internal.storage.file.FileSnapshot - file=/tmp/junit12619742866840035292/.git/objects/pack, isRacyClean=false, read=2024-02-09 10:48:59.630486744, lastModified=2024-02-09 10:48:58.986201811, delta=644284933 ns, racy<=18050000 ns
10:48:59.997 [main] DEBUG org.eclipse.jgit.internal.storage.file.FileSnapshot - file=/tmp/junit12619742866840035292/.git/objects/pack, is unmodified
10:48:59.997 [main] DEBUG org.eclipse.jgit.internal.storage.file.FileSnapshot - file=/tmp/junit12619742866840035292/.git/objects/pack, isRacyClean=false, read=2024-02-09 10:48:59.630486744, lastModified=2024-02-09 10:48:58.986201811, delta=644284933 ns, racy<=18050000 ns
10:48:59.997 [main] DEBUG org.eclipse.jgit.internal.storage.file.FileSnapshot - file=/tmp/junit12619742866840035292/.git/objects/pack, is unmodified
10:48:59.997 [main] DEBUG org.eclipse.jgit.internal.storage.file.FileSnapshot - file=/tmp/junit12619742866840035292/.git/objects/pack, isRacyClean=false, read=2024-02-09 10:48:59.630486744, lastModified=2024-02-09 10:48:58.986201811, delta=644284933 ns, racy<=18050000 ns
10:48:59.997 [main] DEBUG org.eclipse.jgit.internal.storage.file.FileSnapshot - file=/tmp/junit12619742866840035292/.git/objects/pack, is unmodified
10:48:59.997 [main] DEBUG org.eclipse.jgit.internal.storage.file.FileSnapshot - file=/tmp/junit12619742866840035292/.git/objects/pack, isRacyClean=false, read=2024-02-09 10:48:59.630486744, lastModified=2024-02-09 10:48:58.986201811, delta=644284933 ns, racy<=18050000 ns
10:48:59.997 [main] DEBUG org.eclipse.jgit.internal.storage.file.FileSnapshot - file=/tmp/junit12619742866840035292/.git/objects/pack, is unmodified
10:48:59.997 [main] DEBUG org.eclipse.jgit.internal.storage.file.FileSnapshot - file=/tmp/junit12619742866840035292/.git/objects/pack, isRacyClean=false, read=2024-02-09 10:48:59.630486744, lastModified=2024-02-09 10:48:58.986201811, delta=644284933 ns, racy<=18050000 ns
10:48:59.998 [main] DEBUG org.eclipse.jgit.internal.storage.file.FileSnapshot - file=/tmp/junit12619742866840035292/.git/objects/pack, is unmodified
10:48:59.998 [main] DEBUG org.eclipse.jgit.internal.storage.file.FileSnapshot - file=/tmp/junit12619742866840035292/.git/objects/pack, isRacyClean=false, read=2024-02-09 10:48:59.630486744, lastModified=2024-02-09 10:48:58.986201811, delta=644284933 ns, racy<=18050000 ns
10:48:59.998 [main] DEBUG org.eclipse.jgit.internal.storage.file.FileSnapshot - file=/tmp/junit12619742866840035292/.git/objects/pack, is unmodified
10:48:59.998 [main] DEBUG org.eclipse.jgit.internal.storage.file.FileSnapshot - file=/tmp/junit12619742866840035292/.git/objects/pack, isRacyClean=false, read=2024-02-09 10:48:59.630486744, lastModified=2024-02-09 10:48:58.986201811, delta=644284933 ns, racy<=18050000 ns
10:48:59.998 [main] DEBUG org.eclipse.jgit.internal.storage.file.FileSnapshot - file=/tmp/junit12619742866840035292/.git/objects/pack, is unmodified
10:48:59.998 [main] DEBUG org.eclipse.jgit.internal.storage.file.FileSnapshot - file=/tmp/junit12619742866840035292/.git/objects/pack, isRacyClean=false, read=2024-02-09 10:48:59.630486744, lastModified=2024-02-09 10:48:58.986201811, delta=644284933 ns, racy<=18050000 ns
10:48:59.998 [main] DEBUG org.eclipse.jgit.internal.storage.file.FileSnapshot - file=/tmp/junit12619742866840035292/.git/objects/pack, is unmodified
10:48:59.998 [main] DEBUG org.eclipse.jgit.internal.storage.file.FileSnapshot - file=/tmp/junit12619742866840035292/.git/objects/pack, isRacyClean=false, read=2024-02-09 10:48:59.630486744, lastModified=2024-02-09 10:48:58.986201811, delta=644284933 ns, racy<=18050000 ns
10:48:59.998 [main] DEBUG org.eclipse.jgit.internal.storage.file.FileSnapshot - file=/tmp/junit12619742866840035292/.git/objects/pack, is unmodified
10:48:59.998 [main] DEBUG org.eclipse.jgit.internal.storage.file.FileSnapshot - file=/tmp/junit12619742866840035292/.git/objects/pack, isRacyClean=false, read=2024-02-09 10:48:59.630486744, lastModified=2024-02-09 10:48:58.986201811, delta=644284933 ns, racy<=18050000 ns
10:48:59.998 [main] DEBUG org.eclipse.jgit.internal.storage.file.FileSnapshot - file=/tmp/junit12619742866840035292/.git/objects/pack, is unmodified
10:48:59.998 [main] DEBUG org.eclipse.jgit.internal.storage.file.FileSnapshot - file=/tmp/junit12619742866840035292/.git/objects/pack, isRacyClean=false, read=2024-02-09 10:48:59.630486744, lastModified=2024-02-09 10:48:58.986201811, delta=644284933 ns, racy<=18050000 ns
10:48:59.998 [main] DEBUG org.eclipse.jgit.internal.storage.file.FileSnapshot - file=/tmp/junit12619742866840035292/.git/objects/pack, is unmodified
10:48:59.998 [main] DEBUG org.eclipse.jgit.internal.storage.file.FileSnapshot - file=/tmp/junit12619742866840035292/.git/objects/pack, isRacyClean=false, read=2024-02-09 10:48:59.630486744, lastModified=2024-02-09 10:48:58.986201811, delta=644284933 ns, racy<=18050000 ns
10:48:59.998 [main] DEBUG org.eclipse.jgit.internal.storage.file.FileSnapshot - file=/tmp/junit12619742866840035292/.git/objects/pack, is unmodified
10:48:59.998 [main] DEBUG org.eclipse.jgit.internal.storage.file.FileSnapshot - file=/tmp/junit12619742866840035292/.git/objects/pack, isRacyClean=false, read=2024-02-09 10:48:59.630486744, lastModified=2024-02-09 10:48:58.986201811, delta=644284933 ns, racy<=18050000 ns
10:48:59.998 [main] DEBUG org.eclipse.jgit.internal.storage.file.FileSnapshot - file=/tmp/junit12619742866840035292/.git/objects/pack, is unmodified
10:48:59.998 [main] DEBUG org.eclipse.jgit.internal.storage.file.FileSnapshot - file=/tmp/junit12619742866840035292/.git/objects/pack, isRacyClean=false, read=2024-02-09 10:48:59.630486744, lastModified=2024-02-09 10:48:58.986201811, delta=644284933 ns, racy<=18050000 ns
10:48:59.998 [main] DEBUG org.eclipse.jgit.internal.storage.file.FileSnapshot - file=/tmp/junit12619742866840035292/.git/objects/pack, is unmodified
10:48:59.998 [main] DEBUG org.eclipse.jgit.internal.storage.file.FileSnapshot - file=/tmp/junit12619742866840035292/.git/objects/pack, isRacyClean=false, read=2024-02-09 10:48:59.630486744, lastModified=2024-02-09 10:48:58.986201811, delta=644284933 ns, racy<=18050000 ns
10:48:59.998 [main] DEBUG org.eclipse.jgit.internal.storage.file.FileSnapshot - file=/tmp/junit12619742866840035292/.git/objects/pack, is unmodified
10:48:59.998 [main] DEBUG org.eclipse.jgit.internal.storage.file.FileSnapshot - file=/tmp/junit12619742866840035292/.git/objects/pack, isRacyClean=false, read=2024-02-09 10:48:59.630486744, lastModified=2024-02-09 10:48:58.986201811, delta=644284933 ns, racy<=18050000 ns
10:48:59.998 [main] DEBUG org.eclipse.jgit.internal.storage.file.FileSnapshot - file=/tmp/junit12619742866840035292/.git/objects/pack, is unmodified
10:48:59.998 [main] DEBUG org.eclipse.jgit.internal.storage.file.FileSnapshot - file=/tmp/junit12619742866840035292/.git/objects/pack, isRacyClean=false, read=2024-02-09 10:48:59.630486744, lastModified=2024-02-09 10:48:58.986201811, delta=644284933 ns, racy<=18050000 ns
10:48:59.998 [main] DEBUG org.eclipse.jgit.internal.storage.file.FileSnapshot - file=/tmp/junit12619742866840035292/.git/objects/pack, is unmodified
10:48:59.998 [main] DEBUG org.eclipse.jgit.internal.storage.file.FileSnapshot - file=/tmp/junit12619742866840035292/.git/objects/pack, isRacyClean=false, read=2024-02-09 10:48:59.630486744, lastModified=2024-02-09 10:48:58.986201811, delta=644284933 ns, racy<=18050000 ns
10:48:59.999 [main] DEBUG org.eclipse.jgit.internal.storage.file.FileSnapshot - file=/tmp/junit12619742866840035292/.git/objects/pack, is unmodified
10:48:59.999 [main] DEBUG org.eclipse.jgit.internal.storage.file.FileSnapshot - file=/tmp/junit12619742866840035292/.git/objects/pack, isRacyClean=false, read=2024-02-09 10:48:59.630486744, lastModified=2024-02-09 10:48:58.986201811, delta=644284933 ns, racy<=18050000 ns
10:48:59.999 [main] DEBUG org.eclipse.jgit.internal.storage.file.FileSnapshot - file=/tmp/junit12619742866840035292/.git/objects/pack, is unmodified
10:48:59.999 [main] DEBUG org.eclipse.jgit.internal.storage.file.FileSnapshot - file=/tmp/junit12619742866840035292/.git/objects/pack, isRacyClean=false, read=2024-02-09 10:48:59.630486744, lastModified=2024-02-09 10:48:58.986201811, delta=644284933 ns, racy<=18050000 ns
10:48:59.999 [main] DEBUG org.eclipse.jgit.internal.storage.file.FileSnapshot - file=/tmp/junit12619742866840035292/.git/objects/pack, is unmodified
10:48:59.999 [main] DEBUG org.eclipse.jgit.internal.storage.file.FileSnapshot - file=/tmp/junit12619742866840035292/.git/objects/pack, isRacyClean=false, read=2024-02-09 10:48:59.630486744, lastModified=2024-02-09 10:48:58.986201811, delta=644284933 ns, racy<=18050000 ns
10:48:59.999 [main] DEBUG org.eclipse.jgit.internal.storage.file.FileSnapshot - file=/tmp/junit12619742866840035292/.git/objects/pack, is unmodified
10:48:59.999 [main] DEBUG org.eclipse.jgit.internal.storage.file.FileSnapshot - file=/tmp/junit12619742866840035292/.git/objects/pack, isRacyClean=false, read=2024-02-09 10:48:59.630486744, lastModified=2024-02-09 10:48:58.986201811, delta=644284933 ns, racy<=18050000 ns
10:48:59.999 [main] DEBUG org.eclipse.jgit.internal.storage.file.FileSnapshot - file=/tmp/junit12619742866840035292/.git/objects/pack, is unmodified
10:48:59.999 [main] DEBUG org.eclipse.jgit.internal.storage.file.FileSnapshot - file=/tmp/junit12619742866840035292/.git/objects/pack, isRacyClean=false, read=2024-02-09 10:48:59.630486744, lastModified=2024-02-09 10:48:58.986201811, delta=644284933 ns, racy<=18050000 ns
10:48:59.999 [main] DEBUG org.eclipse.jgit.internal.storage.file.FileSnapshot - file=/tmp/junit12619742866840035292/.git/objects/pack, is unmodified
10:48:59.999 [main] DEBUG org.eclipse.jgit.internal.storage.file.FileSnapshot - file=/tmp/junit12619742866840035292/.git/objects/pack, isRacyClean=false, read=2024-02-09 10:48:59.630486744, lastModified=2024-02-09 10:48:58.986201811, delta=644284933 ns, racy<=18050000 ns
10:48:59.999 [main] DEBUG org.eclipse.jgit.internal.storage.file.FileSnapshot - file=/tmp/junit12619742866840035292/.git/objects/pack, is unmodified
10:48:59.999 [main] DEBUG org.eclipse.jgit.internal.storage.file.FileSnapshot - file=/tmp/junit12619742866840035292/.git/objects/pack, isRacyClean=false, read=2024-02-09 10:48:59.630486744, lastModified=2024-02-09 10:48:58.986201811, delta=644284933 ns, racy<=18050000 ns
10:48:59.999 [main] DEBUG org.eclipse.jgit.internal.storage.file.FileSnapshot - file=/tmp/junit12619742866840035292/.git/objects/pack, is unmodified
10:48:59.999 [main] DEBUG org.eclipse.jgit.internal.storage.file.FileSnapshot - file=/tmp/junit12619742866840035292/.git/objects/pack, isRacyClean=false, read=2024-02-09 10:48:59.630486744, lastModified=2024-02-09 10:48:58.986201811, delta=644284933 ns, racy<=18050000 ns
10:48:59.999 [main] DEBUG org.eclipse.jgit.internal.storage.file.FileSnapshot - file=/tmp/junit12619742866840035292/.git/objects/pack, is unmodified
10:48:59.999 [main] DEBUG org.eclipse.jgit.internal.storage.file.FileSnapshot - file=/tmp/junit12619742866840035292/.git/objects/pack, isRacyClean=false, read=2024-02-09 10:48:59.630486744, lastModified=2024-02-09 10:48:58.986201811, delta=644284933 ns, racy<=18050000 ns
10:48:59.999 [main] DEBUG org.eclipse.jgit.internal.storage.file.FileSnapshot - file=/tmp/junit12619742866840035292/.git/objects/pack, is unmodified
10:48:59.999 [main] DEBUG org.eclipse.jgit.internal.storage.file.FileSnapshot - file=/tmp/junit12619742866840035292/.git/objects/pack, isRacyClean=false, read=2024-02-09 10:48:59.630486744, lastModified=2024-02-09 10:48:58.986201811, delta=644284933 ns, racy<=18050000 ns
10:48:59.999 [main] DEBUG org.eclipse.jgit.internal.storage.file.FileSnapshot - file=/tmp/junit12619742866840035292/.git/objects/pack, is unmodified
10:48:59.999 [main] DEBUG org.eclipse.jgit.internal.storage.file.FileSnapshot - file=/tmp/junit12619742866840035292/.git/objects/pack, isRacyClean=false, read=2024-02-09 10:48:59.630486744, lastModified=2024-02-09 10:48:58.986201811, delta=644284933 ns, racy<=18050000 ns
10:48:59.999 [main] DEBUG org.eclipse.jgit.internal.storage.file.FileSnapshot - file=/tmp/junit12619742866840035292/.git/objects/pack, is unmodified
10:48:59.999 [main] DEBUG org.eclipse.jgit.internal.storage.file.FileSnapshot - file=/tmp/junit12619742866840035292/.git/objects/pack, isRacyClean=false, read=2024-02-09 10:48:59.630486744, lastModified=2024-02-09 10:48:58.986201811, delta=644284933 ns, racy<=18050000 ns
10:48:59.999 [main] DEBUG org.eclipse.jgit.internal.storage.file.FileSnapshot - file=/tmp/junit12619742866840035292/.git/objects/pack, is unmodified
10:48:59.999 [main] DEBUG org.eclipse.jgit.internal.storage.file.FileSnapshot - file=/tmp/junit12619742866840035292/.git/objects/pack, isRacyClean=false, read=2024-02-09 10:48:59.630486744, lastModified=2024-02-09 10:48:58.986201811, delta=644284933 ns, racy<=18050000 ns
10:49:00.000 [main] DEBUG org.eclipse.jgit.internal.storage.file.FileSnapshot - file=/tmp/junit12619742866840035292/.git/objects/pack, is unmodified
10:49:00.000 [main] DEBUG org.eclipse.jgit.internal.storage.file.FileSnapshot - file=/tmp/junit12619742866840035292/.git/objects/pack, isRacyClean=false, read=2024-02-09 10:48:59.630486744, lastModified=2024-02-09 10:48:58.986201811, delta=644284933 ns, racy<=18050000 ns
10:49:00.000 [main] DEBUG org.eclipse.jgit.internal.storage.file.FileSnapshot - file=/tmp/junit12619742866840035292/.git/objects/pack, is unmodified
10:49:00.000 [main] DEBUG org.eclipse.jgit.internal.storage.file.FileSnapshot - file=/tmp/junit12619742866840035292/.git/objects/pack, isRacyClean=false, read=2024-02-09 10:48:59.630486744, lastModified=2024-02-09 10:48:58.986201811, delta=644284933 ns, racy<=18050000 ns
10:49:00.000 [main] DEBUG org.eclipse.jgit.internal.storage.file.FileSnapshot - file=/tmp/junit12619742866840035292/.git/objects/pack, is unmodified
10:49:00.000 [main] DEBUG org.eclipse.jgit.internal.storage.file.FileSnapshot - file=/tmp/junit12619742866840035292/.git/objects/pack, isRacyClean=false, read=2024-02-09 10:48:59.630486744, lastModified=2024-02-09 10:48:58.986201811, delta=644284933 ns, racy<=18050000 ns
10:49:00.000 [main] DEBUG org.eclipse.jgit.internal.storage.file.FileSnapshot - file=/tmp/junit12619742866840035292/.git/objects/pack, is unmodified
10:49:00.000 [main] DEBUG org.eclipse.jgit.internal.storage.file.FileSnapshot - file=/tmp/junit12619742866840035292/.git/objects/pack, isRacyClean=false, read=2024-02-09 10:48:59.630486744, lastModified=2024-02-09 10:48:58.986201811, delta=644284933 ns, racy<=18050000 ns
10:49:00.000 [main] DEBUG org.eclipse.jgit.internal.storage.file.FileSnapshot - file=/tmp/junit12619742866840035292/.git/objects/pack, is unmodified
10:49:00.000 [main] DEBUG org.eclipse.jgit.internal.storage.file.FileSnapshot - file=/tmp/junit12619742866840035292/.git/objects/pack, isRacyClean=false, read=2024-02-09 10:48:59.630486744, lastModified=2024-02-09 10:48:58.986201811, delta=644284933 ns, racy<=18050000 ns
10:49:00.000 [main] DEBUG org.eclipse.jgit.internal.storage.file.FileSnapshot - file=/tmp/junit12619742866840035292/.git/objects/pack, is unmodified
10:49:00.000 [main] DEBUG org.eclipse.jgit.internal.storage.file.FileSnapshot - file=/tmp/junit12619742866840035292/.git/objects/pack, isRacyClean=false, read=2024-02-09 10:48:59.630486744, lastModified=2024-02-09 10:48:58.986201811, delta=644284933 ns, racy<=18050000 ns
10:49:00.000 [main] DEBUG org.eclipse.jgit.internal.storage.file.FileSnapshot - file=/tmp/junit12619742866840035292/.git/objects/pack, is unmodified
10:49:00.000 [main] DEBUG org.eclipse.jgit.internal.storage.file.FileSnapshot - file=/tmp/junit12619742866840035292/.git/objects/pack, isRacyClean=false, read=2024-02-09 10:48:59.630486744, lastModified=2024-02-09 10:48:58.986201811, delta=644284933 ns, racy<=18050000 ns
10:49:00.000 [main] DEBUG org.eclipse.jgit.internal.storage.file.FileSnapshot - file=/tmp/junit12619742866840035292/.git/objects/pack, is unmodified
10:49:00.000 [main] DEBUG org.eclipse.jgit.internal.storage.file.FileSnapshot - file=/tmp/junit12619742866840035292/.git/objects/pack, isRacyClean=false, read=2024-02-09 10:48:59.630486744, lastModified=2024-02-09 10:48:58.986201811, delta=644284933 ns, racy<=18050000 ns
10:49:00.000 [main] DEBUG org.eclipse.jgit.internal.storage.file.FileSnapshot - file=/tmp/junit12619742866840035292/.git/objects/pack, is unmodified
10:49:00.000 [main] DEBUG org.eclipse.jgit.internal.storage.file.FileSnapshot - file=/tmp/junit12619742866840035292/.git/objects/pack, isRacyClean=false, read=2024-02-09 10:48:59.630486744, lastModified=2024-02-09 10:48:58.986201811, delta=644284933 ns, racy<=18050000 ns
10:49:00.000 [main] DEBUG org.eclipse.jgit.internal.storage.file.FileSnapshot - file=/tmp/junit12619742866840035292/.git/objects/pack, is unmodified
10:49:00.000 [main] DEBUG org.eclipse.jgit.internal.storage.file.FileSnapshot - file=/tmp/junit12619742866840035292/.git/objects/pack, isRacyClean=false, read=2024-02-09 10:48:59.630486744, lastModified=2024-02-09 10:48:58.986201811, delta=644284933 ns, racy<=18050000 ns
10:49:00.000 [main] DEBUG org.eclipse.jgit.internal.storage.file.FileSnapshot - file=/tmp/junit12619742866840035292/.git/objects/pack, is unmodified
10:49:00.000 [main] DEBUG org.eclipse.jgit.internal.storage.file.FileSnapshot - file=/tmp/junit12619742866840035292/.git/objects/pack, isRacyClean=false, read=2024-02-09 10:48:59.630486744, lastModified=2024-02-09 10:48:58.986201811, delta=644284933 ns, racy<=18050000 ns
10:49:00.001 [main] DEBUG org.eclipse.jgit.internal.storage.file.FileSnapshot - file=/tmp/junit12619742866840035292/.git/objects/pack, is unmodified
10:49:00.001 [main] DEBUG org.eclipse.jgit.internal.storage.file.FileSnapshot - file=/tmp/junit12619742866840035292/.git/objects/pack, isRacyClean=false, read=2024-02-09 10:48:59.630486744, lastModified=2024-02-09 10:48:58.986201811, delta=644284933 ns, racy<=18050000 ns
10:49:00.001 [main] DEBUG org.eclipse.jgit.internal.storage.file.FileSnapshot - file=/tmp/junit12619742866840035292/.git/objects/pack, is unmodified
10:49:00.001 [main] DEBUG org.eclipse.jgit.internal.storage.file.FileSnapshot - file=/tmp/junit12619742866840035292/.git/objects/pack, isRacyClean=false, read=2024-02-09 10:48:59.630486744, lastModified=2024-02-09 10:48:58.986201811, delta=644284933 ns, racy<=18050000 ns
10:49:00.001 [main] DEBUG org.eclipse.jgit.internal.storage.file.FileSnapshot - file=/tmp/junit12619742866840035292/.git/objects/pack, is unmodified
10:49:00.001 [main] DEBUG org.eclipse.jgit.internal.storage.file.FileSnapshot - file=/tmp/junit12619742866840035292/.git/objects/pack, isRacyClean=false, read=2024-02-09 10:48:59.630486744, lastModified=2024-02-09 10:48:58.986201811, delta=644284933 ns, racy<=18050000 ns
10:49:00.001 [main] DEBUG org.eclipse.jgit.internal.storage.file.FileSnapshot - file=/tmp/junit12619742866840035292/.git/objects/pack, is unmodified
10:49:00.001 [main] DEBUG org.eclipse.jgit.internal.storage.file.FileSnapshot - file=/tmp/junit12619742866840035292/.git/objects/pack, isRacyClean=false, read=2024-02-09 10:48:59.630486744, lastModified=2024-02-09 10:48:58.986201811, delta=644284933 ns, racy<=18050000 ns
10:49:00.001 [main] DEBUG org.eclipse.jgit.internal.storage.file.FileSnapshot - file=/tmp/junit12619742866840035292/.git/objects/pack, is unmodified
10:49:00.001 [main] DEBUG org.eclipse.jgit.internal.storage.file.FileSnapshot - file=/tmp/junit12619742866840035292/.git/objects/pack, isRacyClean=false, read=2024-02-09 10:48:59.630486744, lastModified=2024-02-09 10:48:58.986201811, delta=644284933 ns, racy<=18050000 ns
10:49:00.001 [main] DEBUG org.eclipse.jgit.internal.storage.file.FileSnapshot - file=/tmp/junit12619742866840035292/.git/objects/pack, is unmodified
10:49:00.001 [main] DEBUG org.eclipse.jgit.internal.storage.file.FileSnapshot - file=/tmp/junit12619742866840035292/.git/objects/pack, isRacyClean=false, read=2024-02-09 10:48:59.630486744, lastModified=2024-02-09 10:48:58.986201811, delta=644284933 ns, racy<=18050000 ns
10:49:00.001 [main] DEBUG org.eclipse.jgit.internal.storage.file.FileSnapshot - file=/tmp/junit12619742866840035292/.git/objects/pack, is unmodified
10:49:00.001 [main] DEBUG org.eclipse.jgit.internal.storage.file.FileSnapshot - file=/tmp/junit12619742866840035292/.git/objects/pack, isRacyClean=false, read=2024-02-09 10:48:59.630486744, lastModified=2024-02-09 10:48:58.986201811, delta=644284933 ns, racy<=18050000 ns
10:49:00.001 [main] DEBUG org.eclipse.jgit.internal.storage.file.FileSnapshot - file=/tmp/junit12619742866840035292/.git/objects/pack, is unmodified
10:49:00.001 [main] DEBUG org.eclipse.jgit.internal.storage.file.FileSnapshot - file=/tmp/junit12619742866840035292/.git/objects/pack, isRacyClean=false, read=2024-02-09 10:48:59.630486744, lastModified=2024-02-09 10:48:58.986201811, delta=644284933 ns, racy<=18050000 ns
10:49:00.001 [main] DEBUG org.eclipse.jgit.internal.storage.file.FileSnapshot - file=/tmp/junit12619742866840035292/.git/objects/pack, is unmodified
10:49:00.001 [main] DEBUG org.eclipse.jgit.internal.storage.file.FileSnapshot - file=/tmp/junit12619742866840035292/.git/objects/pack, isRacyClean=false, read=2024-02-09 10:48:59.630486744, lastModified=2024-02-09 10:48:58.986201811, delta=644284933 ns, racy<=18050000 ns
10:49:00.001 [main] DEBUG org.eclipse.jgit.internal.storage.file.FileSnapshot - file=/tmp/junit12619742866840035292/.git/objects/pack, is unmodified
10:49:00.001 [main] DEBUG org.eclipse.jgit.internal.storage.file.FileSnapshot - file=/tmp/junit12619742866840035292/.git/objects/pack, isRacyClean=false, read=2024-02-09 10:48:59.630486744, lastModified=2024-02-09 10:48:58.986201811, delta=644284933 ns, racy<=18050000 ns
10:49:00.001 [main] DEBUG org.eclipse.jgit.internal.storage.file.FileSnapshot - file=/tmp/junit12619742866840035292/.git/objects/pack, is unmodified
10:49:00.001 [main] DEBUG org.eclipse.jgit.internal.storage.file.FileSnapshot - file=/tmp/junit12619742866840035292/.git/objects/pack, isRacyClean=false, read=2024-02-09 10:48:59.630486744, lastModified=2024-02-09 10:48:58.986201811, delta=644284933 ns, racy<=18050000 ns
10:49:00.001 [main] DEBUG org.eclipse.jgit.internal.storage.file.FileSnapshot - file=/tmp/junit12619742866840035292/.git/objects/pack, is unmodified
10:49:00.002 [main] DEBUG org.eclipse.jgit.internal.storage.file.FileSnapshot - file=/tmp/junit12619742866840035292/.git/objects/pack, isRacyClean=false, read=2024-02-09 10:48:59.630486744, lastModified=2024-02-09 10:48:58.986201811, delta=644284933 ns, racy<=18050000 ns
10:49:00.002 [main] DEBUG org.eclipse.jgit.internal.storage.file.FileSnapshot - file=/tmp/junit12619742866840035292/.git/objects/pack, is unmodified
10:49:00.002 [main] DEBUG org.eclipse.jgit.internal.storage.file.FileSnapshot - file=/tmp/junit12619742866840035292/.git/objects/pack, isRacyClean=false, read=2024-02-09 10:48:59.630486744, lastModified=2024-02-09 10:48:58.986201811, delta=644284933 ns, racy<=18050000 ns
10:49:00.002 [main] DEBUG org.eclipse.jgit.internal.storage.file.FileSnapshot - file=/tmp/junit12619742866840035292/.git/objects/pack, is unmodified
10:49:00.002 [main] DEBUG org.eclipse.jgit.internal.storage.file.FileSnapshot - file=/tmp/junit12619742866840035292/.git/objects/pack, isRacyClean=false, read=2024-02-09 10:48:59.630486744, lastModified=2024-02-09 10:48:58.986201811, delta=644284933 ns, racy<=18050000 ns
10:49:00.002 [main] DEBUG org.eclipse.jgit.internal.storage.file.FileSnapshot - file=/tmp/junit12619742866840035292/.git/objects/pack, is unmodified
10:49:00.002 [main] DEBUG org.eclipse.jgit.internal.storage.file.FileSnapshot - file=/tmp/junit12619742866840035292/.git/objects/pack, isRacyClean=false, read=2024-02-09 10:48:59.630486744, lastModified=2024-02-09 10:48:58.986201811, delta=644284933 ns, racy<=18050000 ns
10:49:00.002 [main] DEBUG org.eclipse.jgit.internal.storage.file.FileSnapshot - file=/tmp/junit12619742866840035292/.git/objects/pack, is unmodified
10:49:00.002 [main] DEBUG org.eclipse.jgit.internal.storage.file.FileSnapshot - file=/tmp/junit12619742866840035292/.git/objects/pack, isRacyClean=false, read=2024-02-09 10:48:59.630486744, lastModified=2024-02-09 10:48:58.986201811, delta=644284933 ns, racy<=18050000 ns
10:49:00.002 [main] DEBUG org.eclipse.jgit.internal.storage.file.FileSnapshot - file=/tmp/junit12619742866840035292/.git/objects/pack, is unmodified
10:49:00.002 [main] DEBUG org.eclipse.jgit.internal.storage.file.FileSnapshot - file=/tmp/junit12619742866840035292/.git/objects/pack, isRacyClean=false, read=2024-02-09 10:48:59.630486744, lastModified=2024-02-09 10:48:58.986201811, delta=644284933 ns, racy<=18050000 ns
10:49:00.002 [main] DEBUG org.eclipse.jgit.internal.storage.file.FileSnapshot - file=/tmp/junit12619742866840035292/.git/objects/pack, is unmodified
10:49:00.002 [main] DEBUG org.eclipse.jgit.internal.storage.file.FileSnapshot - file=/tmp/junit12619742866840035292/.git/objects/pack, isRacyClean=false, read=2024-02-09 10:48:59.630486744, lastModified=2024-02-09 10:48:58.986201811, delta=644284933 ns, racy<=18050000 ns
10:49:00.002 [main] DEBUG org.eclipse.jgit.internal.storage.file.FileSnapshot - file=/tmp/junit12619742866840035292/.git/objects/pack, is unmodified
10:49:00.002 [main] DEBUG org.eclipse.jgit.internal.storage.file.FileSnapshot - file=/tmp/junit12619742866840035292/.git/objects/pack, isRacyClean=false, read=2024-02-09 10:48:59.630486744, lastModified=2024-02-09 10:48:58.986201811, delta=644284933 ns, racy<=18050000 ns
10:49:00.002 [main] DEBUG org.eclipse.jgit.internal.storage.file.FileSnapshot - file=/tmp/junit12619742866840035292/.git/objects/pack, is unmodified
10:49:00.002 [main] DEBUG org.eclipse.jgit.internal.storage.file.FileSnapshot - file=/tmp/junit12619742866840035292/.git/objects/pack, isRacyClean=false, read=2024-02-09 10:48:59.630486744, lastModified=2024-02-09 10:48:58.986201811, delta=644284933 ns, racy<=18050000 ns
10:49:00.002 [main] DEBUG org.eclipse.jgit.internal.storage.file.FileSnapshot - file=/tmp/junit12619742866840035292/.git/objects/pack, is unmodified
10:49:00.002 [main] DEBUG org.eclipse.jgit.internal.storage.file.FileSnapshot - file=/tmp/junit12619742866840035292/.git/objects/pack, isRacyClean=false, read=2024-02-09 10:48:59.630486744, lastModified=2024-02-09 10:48:58.986201811, delta=644284933 ns, racy<=18050000 ns
10:49:00.002 [main] DEBUG org.eclipse.jgit.internal.storage.file.FileSnapshot - file=/tmp/junit12619742866840035292/.git/objects/pack, is unmodified
10:49:00.002 [main] DEBUG org.eclipse.jgit.internal.storage.file.FileSnapshot - file=/tmp/junit12619742866840035292/.git/objects/pack, isRacyClean=false, read=2024-02-09 10:48:59.630486744, lastModified=2024-02-09 10:48:58.986201811, delta=644284933 ns, racy<=18050000 ns
10:49:00.002 [main] DEBUG org.eclipse.jgit.internal.storage.file.FileSnapshot - file=/tmp/junit12619742866840035292/.git/objects/pack, is unmodified
10:49:00.003 [main] DEBUG org.eclipse.jgit.internal.storage.file.FileSnapshot - file=/tmp/junit12619742866840035292/.git/objects/pack, isRacyClean=false, read=2024-02-09 10:48:59.630486744, lastModified=2024-02-09 10:48:58.986201811, delta=644284933 ns, racy<=18050000 ns
10:49:00.003 [main] DEBUG org.eclipse.jgit.internal.storage.file.FileSnapshot - file=/tmp/junit12619742866840035292/.git/objects/pack, is unmodified
10:49:00.003 [main] DEBUG org.eclipse.jgit.internal.storage.file.FileSnapshot - file=/tmp/junit12619742866840035292/.git/objects/pack, isRacyClean=false, read=2024-02-09 10:48:59.630486744, lastModified=2024-02-09 10:48:58.986201811, delta=644284933 ns, racy<=18050000 ns
10:49:00.003 [main] DEBUG org.eclipse.jgit.internal.storage.file.FileSnapshot - file=/tmp/junit12619742866840035292/.git/objects/pack, is unmodified
10:49:00.003 [main] DEBUG org.eclipse.jgit.internal.storage.file.FileSnapshot - file=/tmp/junit12619742866840035292/.git/objects/pack, isRacyClean=false, read=2024-02-09 10:48:59.630486744, lastModified=2024-02-09 10:48:58.986201811, delta=644284933 ns, racy<=18050000 ns
10:49:00.003 [main] DEBUG org.eclipse.jgit.internal.storage.file.FileSnapshot - file=/tmp/junit12619742866840035292/.git/objects/pack, is unmodified
10:49:00.003 [main] DEBUG org.eclipse.jgit.internal.storage.file.FileSnapshot - file=/tmp/junit12619742866840035292/.git/objects/pack, isRacyClean=false, read=2024-02-09 10:48:59.630486744, lastModified=2024-02-09 10:48:58.986201811, delta=644284933 ns, racy<=18050000 ns
10:49:00.003 [main] DEBUG org.eclipse.jgit.internal.storage.file.FileSnapshot - file=/tmp/junit12619742866840035292/.git/objects/pack, is unmodified
10:49:00.003 [main] DEBUG org.eclipse.jgit.internal.storage.file.FileSnapshot - file=/tmp/junit12619742866840035292/.git/objects/pack, isRacyClean=false, read=2024-02-09 10:48:59.630486744, lastModified=2024-02-09 10:48:58.986201811, delta=644284933 ns, racy<=18050000 ns
10:49:00.003 [main] DEBUG org.eclipse.jgit.internal.storage.file.FileSnapshot - file=/tmp/junit12619742866840035292/.git/objects/pack, is unmodified
10:49:00.003 [main] DEBUG org.eclipse.jgit.internal.storage.file.FileSnapshot - file=/tmp/junit12619742866840035292/.git/objects/pack, isRacyClean=false, read=2024-02-09 10:48:59.630486744, lastModified=2024-02-09 10:48:58.986201811, delta=644284933 ns, racy<=18050000 ns
10:49:00.003 [main] DEBUG org.eclipse.jgit.internal.storage.file.FileSnapshot - file=/tmp/junit12619742866840035292/.git/objects/pack, is unmodified
10:49:00.003 [main] DEBUG org.eclipse.jgit.internal.storage.file.FileSnapshot - file=/tmp/junit12619742866840035292/.git/objects/pack, isRacyClean=false, read=2024-02-09 10:48:59.630486744, lastModified=2024-02-09 10:48:58.986201811, delta=644284933 ns, racy<=18050000 ns
10:49:00.003 [main] DEBUG org.eclipse.jgit.internal.storage.file.FileSnapshot - file=/tmp/junit12619742866840035292/.git/objects/pack, is unmodified
10:49:00.003 [main] DEBUG org.eclipse.jgit.internal.storage.file.FileSnapshot - file=/tmp/junit12619742866840035292/.git/objects/pack, isRacyClean=false, read=2024-02-09 10:48:59.630486744, lastModified=2024-02-09 10:48:58.986201811, delta=644284933 ns, racy<=18050000 ns
10:49:00.003 [main] DEBUG org.eclipse.jgit.internal.storage.file.FileSnapshot - file=/tmp/junit12619742866840035292/.git/objects/pack, is unmodified
10:49:00.003 [main] DEBUG org.eclipse.jgit.internal.storage.file.FileSnapshot - file=/tmp/junit12619742866840035292/.git/objects/pack, isRacyClean=false, read=2024-02-09 10:48:59.630486744, lastModified=2024-02-09 10:48:58.986201811, delta=644284933 ns, racy<=18050000 ns
10:49:00.003 [main] DEBUG org.eclipse.jgit.internal.storage.file.FileSnapshot - file=/tmp/junit12619742866840035292/.git/objects/pack, is unmodified
10:49:00.003 [main] DEBUG org.eclipse.jgit.internal.storage.file.FileSnapshot - file=/tmp/junit12619742866840035292/.git/objects/pack, isRacyClean=false, read=2024-02-09 10:48:59.630486744, lastModified=2024-02-09 10:48:58.986201811, delta=644284933 ns, racy<=18050000 ns
10:49:00.003 [main] DEBUG org.eclipse.jgit.internal.storage.file.FileSnapshot - file=/tmp/junit12619742866840035292/.git/objects/pack, is unmodified
10:49:00.003 [main] DEBUG org.eclipse.jgit.internal.storage.file.FileSnapshot - file=/tmp/junit12619742866840035292/.git/objects/pack, isRacyClean=false, read=2024-02-09 10:48:59.630486744, lastModified=2024-02-09 10:48:58.986201811, delta=644284933 ns, racy<=18050000 ns
10:49:00.003 [main] DEBUG org.eclipse.jgit.internal.storage.file.FileSnapshot - file=/tmp/junit12619742866840035292/.git/objects/pack, is unmodified
10:49:00.003 [main] DEBUG org.eclipse.jgit.internal.storage.file.FileSnapshot - file=/tmp/junit12619742866840035292/.git/objects/pack, isRacyClean=false, read=2024-02-09 10:48:59.630486744, lastModified=2024-02-09 10:48:58.986201811, delta=644284933 ns, racy<=18050000 ns
10:49:00.003 [main] DEBUG org.eclipse.jgit.internal.storage.file.FileSnapshot - file=/tmp/junit12619742866840035292/.git/objects/pack, is unmodified
10:49:00.003 [main] DEBUG org.eclipse.jgit.internal.storage.file.FileSnapshot - file=/tmp/junit12619742866840035292/.git/objects/pack, isRacyClean=false, read=2024-02-09 10:48:59.630486744, lastModified=2024-02-09 10:48:58.986201811, delta=644284933 ns, racy<=18050000 ns
10:49:00.003 [main] DEBUG org.eclipse.jgit.internal.storage.file.FileSnapshot - file=/tmp/junit12619742866840035292/.git/objects/pack, is unmodified
10:49:00.004 [main] DEBUG org.eclipse.jgit.internal.storage.file.FileSnapshot - file=/tmp/junit12619742866840035292/.git/objects/pack, isRacyClean=false, read=2024-02-09 10:48:59.630486744, lastModified=2024-02-09 10:48:58.986201811, delta=644284933 ns, racy<=18050000 ns
10:49:00.004 [main] DEBUG org.eclipse.jgit.internal.storage.file.FileSnapshot - file=/tmp/junit12619742866840035292/.git/objects/pack, is unmodified
10:49:00.004 [main] DEBUG org.eclipse.jgit.internal.storage.file.FileSnapshot - file=/tmp/junit12619742866840035292/.git/objects/pack, isRacyClean=false, read=2024-02-09 10:48:59.630486744, lastModified=2024-02-09 10:48:58.986201811, delta=644284933 ns, racy<=18050000 ns
10:49:00.004 [main] DEBUG org.eclipse.jgit.internal.storage.file.FileSnapshot - file=/tmp/junit12619742866840035292/.git/objects/pack, is unmodified
10:49:00.004 [main] DEBUG org.eclipse.jgit.internal.storage.file.FileSnapshot - file=/tmp/junit12619742866840035292/.git/objects/pack, isRacyClean=false, read=2024-02-09 10:48:59.630486744, lastModified=2024-02-09 10:48:58.986201811, delta=644284933 ns, racy<=18050000 ns
10:49:00.004 [main] DEBUG org.eclipse.jgit.internal.storage.file.FileSnapshot - file=/tmp/junit12619742866840035292/.git/objects/pack, is unmodified
10:49:00.004 [main] DEBUG org.eclipse.jgit.internal.storage.file.FileSnapshot - file=/tmp/junit12619742866840035292/.git/objects/pack, isRacyClean=false, read=2024-02-09 10:48:59.630486744, lastModified=2024-02-09 10:48:58.986201811, delta=644284933 ns, racy<=18050000 ns
10:49:00.004 [main] DEBUG org.eclipse.jgit.internal.storage.file.FileSnapshot - file=/tmp/junit12619742866840035292/.git/objects/pack, is unmodified
10:49:00.004 [main] DEBUG org.eclipse.jgit.internal.storage.file.FileSnapshot - file=/tmp/junit12619742866840035292/.git/objects/pack, isRacyClean=false, read=2024-02-09 10:48:59.630486744, lastModified=2024-02-09 10:48:58.986201811, delta=644284933 ns, racy<=18050000 ns
10:49:00.004 [main] DEBUG org.eclipse.jgit.internal.storage.file.FileSnapshot - file=/tmp/junit12619742866840035292/.git/objects/pack, is unmodified
10:49:00.004 [main] DEBUG org.eclipse.jgit.internal.storage.file.FileSnapshot - file=/tmp/junit12619742866840035292/.git/objects/pack, isRacyClean=false, read=2024-02-09 10:48:59.630486744, lastModified=2024-02-09 10:48:58.986201811, delta=644284933 ns, racy<=18050000 ns
10:49:00.004 [main] DEBUG org.eclipse.jgit.internal.storage.file.FileSnapshot - file=/tmp/junit12619742866840035292/.git/objects/pack, is unmodified
10:49:00.004 [main] DEBUG org.eclipse.jgit.internal.storage.file.FileSnapshot - file=/tmp/junit12619742866840035292/.git/objects/pack, isRacyClean=false, read=2024-02-09 10:48:59.630486744, lastModified=2024-02-09 10:48:58.986201811, delta=644284933 ns, racy<=18050000 ns
10:49:00.004 [main] DEBUG org.eclipse.jgit.internal.storage.file.FileSnapshot - file=/tmp/junit12619742866840035292/.git/objects/pack, is unmodified
10:49:00.004 [main] DEBUG org.eclipse.jgit.internal.storage.file.FileSnapshot - file=/tmp/junit12619742866840035292/.git/objects/pack, isRacyClean=false, read=2024-02-09 10:48:59.630486744, lastModified=2024-02-09 10:48:58.986201811, delta=644284933 ns, racy<=18050000 ns
10:49:00.004 [main] DEBUG org.eclipse.jgit.internal.storage.file.FileSnapshot - file=/tmp/junit12619742866840035292/.git/objects/pack, is unmodified
10:49:00.004 [main] DEBUG org.eclipse.jgit.internal.storage.file.FileSnapshot - file=/tmp/junit12619742866840035292/.git/objects/pack, isRacyClean=false, read=2024-02-09 10:48:59.630486744, lastModified=2024-02-09 10:48:58.986201811, delta=644284933 ns, racy<=18050000 ns
10:49:00.004 [main] DEBUG org.eclipse.jgit.internal.storage.file.FileSnapshot - file=/tmp/junit12619742866840035292/.git/objects/pack, is unmodified
10:49:00.004 [main] DEBUG org.eclipse.jgit.internal.storage.file.FileSnapshot - file=/tmp/junit12619742866840035292/.git/objects/pack, isRacyClean=false, read=2024-02-09 10:48:59.630486744, lastModified=2024-02-09 10:48:58.986201811, delta=644284933 ns, racy<=18050000 ns
10:49:00.004 [main] DEBUG org.eclipse.jgit.internal.storage.file.FileSnapshot - file=/tmp/junit12619742866840035292/.git/objects/pack, is unmodified
10:49:00.004 [main] DEBUG org.eclipse.jgit.internal.storage.file.FileSnapshot - file=/tmp/junit12619742866840035292/.git/objects/pack, isRacyClean=false, read=2024-02-09 10:48:59.630486744, lastModified=2024-02-09 10:48:58.986201811, delta=644284933 ns, racy<=18050000 ns
10:49:00.004 [main] DEBUG org.eclipse.jgit.internal.storage.file.FileSnapshot - file=/tmp/junit12619742866840035292/.git/objects/pack, is unmodified
10:49:00.004 [main] DEBUG org.eclipse.jgit.internal.storage.file.FileSnapshot - file=/tmp/junit12619742866840035292/.git/objects/pack, isRacyClean=false, read=2024-02-09 10:48:59.630486744, lastModified=2024-02-09 10:48:58.986201811, delta=644284933 ns, racy<=18050000 ns
10:49:00.004 [main] DEBUG org.eclipse.jgit.internal.storage.file.FileSnapshot - file=/tmp/junit12619742866840035292/.git/objects/pack, is unmodified
10:49:00.005 [main] DEBUG org.eclipse.jgit.internal.storage.file.FileSnapshot - file=/tmp/junit12619742866840035292/.git/objects/pack, isRacyClean=false, read=2024-02-09 10:48:59.630486744, lastModified=2024-02-09 10:48:58.986201811, delta=644284933 ns, racy<=18050000 ns
10:49:00.005 [main] DEBUG org.eclipse.jgit.internal.storage.file.FileSnapshot - file=/tmp/junit12619742866840035292/.git/objects/pack, is unmodified
10:49:00.005 [main] DEBUG org.eclipse.jgit.internal.storage.file.FileSnapshot - file=/tmp/junit12619742866840035292/.git/objects/pack, isRacyClean=false, read=2024-02-09 10:48:59.630486744, lastModified=2024-02-09 10:48:58.986201811, delta=644284933 ns, racy<=18050000 ns
10:49:00.005 [main] DEBUG org.eclipse.jgit.internal.storage.file.FileSnapshot - file=/tmp/junit12619742866840035292/.git/objects/pack, is unmodified
10:49:00.005 [main] DEBUG org.eclipse.jgit.internal.storage.file.FileSnapshot - file=/tmp/junit12619742866840035292/.git/objects/pack, isRacyClean=false, read=2024-02-09 10:48:59.630486744, lastModified=2024-02-09 10:48:58.986201811, delta=644284933 ns, racy<=18050000 ns
10:49:00.005 [main] DEBUG org.eclipse.jgit.internal.storage.file.FileSnapshot - file=/tmp/junit12619742866840035292/.git/objects/pack, is unmodified
10:49:00.005 [main] DEBUG org.eclipse.jgit.internal.storage.file.FileSnapshot - file=/tmp/junit12619742866840035292/.git/objects/pack, isRacyClean=false, read=2024-02-09 10:48:59.630486744, lastModified=2024-02-09 10:48:58.986201811, delta=644284933 ns, racy<=18050000 ns
10:49:00.005 [main] DEBUG org.eclipse.jgit.internal.storage.file.FileSnapshot - file=/tmp/junit12619742866840035292/.git/objects/pack, is unmodified
10:49:00.005 [main] DEBUG org.eclipse.jgit.internal.storage.file.FileSnapshot - file=/tmp/junit12619742866840035292/.git/objects/pack, isRacyClean=false, read=2024-02-09 10:48:59.630486744, lastModified=2024-02-09 10:48:58.986201811, delta=644284933 ns, racy<=18050000 ns
10:49:00.005 [main] DEBUG org.eclipse.jgit.internal.storage.file.FileSnapshot - file=/tmp/junit12619742866840035292/.git/objects/pack, is unmodified
10:49:00.005 [main] DEBUG org.eclipse.jgit.internal.storage.file.FileSnapshot - file=/tmp/junit12619742866840035292/.git/objects/pack, isRacyClean=false, read=2024-02-09 10:48:59.630486744, lastModified=2024-02-09 10:48:58.986201811, delta=644284933 ns, racy<=18050000 ns
10:49:00.005 [main] DEBUG org.eclipse.jgit.internal.storage.file.FileSnapshot - file=/tmp/junit12619742866840035292/.git/objects/pack, is unmodified
10:49:00.005 [main] DEBUG org.eclipse.jgit.internal.storage.file.FileSnapshot - file=/tmp/junit12619742866840035292/.git/objects/pack, isRacyClean=false, read=2024-02-09 10:48:59.630486744, lastModified=2024-02-09 10:48:58.986201811, delta=644284933 ns, racy<=18050000 ns
10:49:00.005 [main] DEBUG org.eclipse.jgit.internal.storage.file.FileSnapshot - file=/tmp/junit12619742866840035292/.git/objects/pack, is unmodified
10:49:00.005 [main] DEBUG org.eclipse.jgit.internal.storage.file.FileSnapshot - file=/tmp/junit12619742866840035292/.git/objects/pack, isRacyClean=false, read=2024-02-09 10:48:59.630486744, lastModified=2024-02-09 10:48:58.986201811, delta=644284933 ns, racy<=18050000 ns
10:49:00.005 [main] DEBUG org.eclipse.jgit.internal.storage.file.FileSnapshot - file=/tmp/junit12619742866840035292/.git/objects/pack, is unmodified
10:49:00.005 [main] DEBUG org.eclipse.jgit.internal.storage.file.FileSnapshot - file=/tmp/junit12619742866840035292/.git/objects/pack, isRacyClean=false, read=2024-02-09 10:48:59.630486744, lastModified=2024-02-09 10:48:58.986201811, delta=644284933 ns, racy<=18050000 ns
10:49:00.005 [main] DEBUG org.eclipse.jgit.internal.storage.file.FileSnapshot - file=/tmp/junit12619742866840035292/.git/objects/pack, is unmodified
10:49:00.005 [main] DEBUG org.eclipse.jgit.internal.storage.file.FileSnapshot - file=/tmp/junit12619742866840035292/.git/objects/pack, isRacyClean=false, read=2024-02-09 10:48:59.630486744, lastModified=2024-02-09 10:48:58.986201811, delta=644284933 ns, racy<=18050000 ns
10:49:00.005 [main] DEBUG org.eclipse.jgit.internal.storage.file.FileSnapshot - file=/tmp/junit12619742866840035292/.git/objects/pack, is unmodified
10:49:00.005 [main] DEBUG org.eclipse.jgit.internal.storage.file.FileSnapshot - file=/tmp/junit12619742866840035292/.git/objects/pack, isRacyClean=false, read=2024-02-09 10:48:59.630486744, lastModified=2024-02-09 10:48:58.986201811, delta=644284933 ns, racy<=18050000 ns
10:49:00.005 [main] DEBUG org.eclipse.jgit.internal.storage.file.FileSnapshot - file=/tmp/junit12619742866840035292/.git/objects/pack, is unmodified
10:49:00.005 [main] DEBUG org.eclipse.jgit.internal.storage.file.FileSnapshot - file=/tmp/junit12619742866840035292/.git/objects/pack, isRacyClean=false, read=2024-02-09 10:48:59.630486744, lastModified=2024-02-09 10:48:58.986201811, delta=644284933 ns, racy<=18050000 ns
10:49:00.005 [main] DEBUG org.eclipse.jgit.internal.storage.file.FileSnapshot - file=/tmp/junit12619742866840035292/.git/objects/pack, is unmodified
10:49:00.005 [main] DEBUG org.eclipse.jgit.internal.storage.file.FileSnapshot - file=/tmp/junit12619742866840035292/.git/objects/pack, isRacyClean=false, read=2024-02-09 10:48:59.630486744, lastModified=2024-02-09 10:48:58.986201811, delta=644284933 ns, racy<=18050000 ns
10:49:00.005 [main] DEBUG org.eclipse.jgit.internal.storage.file.FileSnapshot - file=/tmp/junit12619742866840035292/.git/objects/pack, is unmodified
10:49:00.005 [main] DEBUG org.eclipse.jgit.internal.storage.file.FileSnapshot - file=/tmp/junit12619742866840035292/.git/objects/pack, isRacyClean=false, read=2024-02-09 10:48:59.630486744, lastModified=2024-02-09 10:48:58.986201811, delta=644284933 ns, racy<=18050000 ns
10:49:00.005 [main] DEBUG org.eclipse.jgit.internal.storage.file.FileSnapshot - file=/tmp/junit12619742866840035292/.git/objects/pack, is unmodified
10:49:00.005 [main] DEBUG org.eclipse.jgit.internal.storage.file.FileSnapshot - file=/tmp/junit12619742866840035292/.git/objects/pack, isRacyClean=false, read=2024-02-09 10:48:59.630486744, lastModified=2024-02-09 10:48:58.986201811, delta=644284933 ns, racy<=18050000 ns
10:49:00.005 [main] DEBUG org.eclipse.jgit.internal.storage.file.FileSnapshot - file=/tmp/junit12619742866840035292/.git/objects/pack, is unmodified
10:49:00.005 [main] DEBUG org.eclipse.jgit.internal.storage.file.FileSnapshot - file=/tmp/junit12619742866840035292/.git/objects/pack, isRacyClean=false, read=2024-02-09 10:48:59.630486744, lastModified=2024-02-09 10:48:58.986201811, delta=644284933 ns, racy<=18050000 ns
10:49:00.005 [main] DEBUG org.eclipse.jgit.internal.storage.file.FileSnapshot - file=/tmp/junit12619742866840035292/.git/objects/pack, is unmodified
10:49:00.006 [main] DEBUG org.eclipse.jgit.internal.storage.file.FileSnapshot - file=/tmp/junit12619742866840035292/.git/objects/pack, isRacyClean=false, read=2024-02-09 10:48:59.630486744, lastModified=2024-02-09 10:48:58.986201811, delta=644284933 ns, racy<=18050000 ns
10:49:00.006 [main] DEBUG org.eclipse.jgit.internal.storage.file.FileSnapshot - file=/tmp/junit12619742866840035292/.git/objects/pack, is unmodified
10:49:00.006 [main] DEBUG org.eclipse.jgit.internal.storage.file.FileSnapshot - file=/tmp/junit12619742866840035292/.git/objects/pack, isRacyClean=false, read=2024-02-09 10:48:59.630486744, lastModified=2024-02-09 10:48:58.986201811, delta=644284933 ns, racy<=18050000 ns
10:49:00.006 [main] DEBUG org.eclipse.jgit.internal.storage.file.FileSnapshot - file=/tmp/junit12619742866840035292/.git/objects/pack, is unmodified
10:49:00.006 [main] DEBUG org.eclipse.jgit.internal.storage.file.FileSnapshot - file=/tmp/junit12619742866840035292/.git/objects/pack, isRacyClean=false, read=2024-02-09 10:48:59.630486744, lastModified=2024-02-09 10:48:58.986201811, delta=644284933 ns, racy<=18050000 ns
10:49:00.006 [main] DEBUG org.eclipse.jgit.internal.storage.file.FileSnapshot - file=/tmp/junit12619742866840035292/.git/objects/pack, is unmodified
10:49:00.006 [main] DEBUG org.eclipse.jgit.internal.storage.file.FileSnapshot - file=/tmp/junit12619742866840035292/.git/objects/pack, isRacyClean=false, read=2024-02-09 10:48:59.630486744, lastModified=2024-02-09 10:48:58.986201811, delta=644284933 ns, racy<=18050000 ns
10:49:00.006 [main] DEBUG org.eclipse.jgit.internal.storage.file.FileSnapshot - file=/tmp/junit12619742866840035292/.git/objects/pack, is unmodified
10:49:00.006 [main] DEBUG org.eclipse.jgit.internal.storage.file.FileSnapshot - file=/tmp/junit12619742866840035292/.git/objects/pack, isRacyClean=false, read=2024-02-09 10:48:59.630486744, lastModified=2024-02-09 10:48:58.986201811, delta=644284933 ns, racy<=18050000 ns
10:49:00.006 [main] DEBUG org.eclipse.jgit.internal.storage.file.FileSnapshot - file=/tmp/junit12619742866840035292/.git/objects/pack, is unmodified
10:49:00.006 [main] DEBUG org.eclipse.jgit.internal.storage.file.FileSnapshot - file=/tmp/junit12619742866840035292/.git/objects/pack, isRacyClean=false, read=2024-02-09 10:48:59.630486744, lastModified=2024-02-09 10:48:58.986201811, delta=644284933 ns, racy<=18050000 ns
10:49:00.006 [main] DEBUG org.eclipse.jgit.internal.storage.file.FileSnapshot - file=/tmp/junit12619742866840035292/.git/objects/pack, is unmodified
10:49:00.006 [main] DEBUG org.eclipse.jgit.internal.storage.file.FileSnapshot - file=/tmp/junit12619742866840035292/.git/objects/pack, isRacyClean=false, read=2024-02-09 10:48:59.630486744, lastModified=2024-02-09 10:48:58.986201811, delta=644284933 ns, racy<=18050000 ns
10:49:00.006 [main] DEBUG org.eclipse.jgit.internal.storage.file.FileSnapshot - file=/tmp/junit12619742866840035292/.git/objects/pack, is unmodified
10:49:00.006 [main] DEBUG org.eclipse.jgit.internal.storage.file.FileSnapshot - file=/tmp/junit12619742866840035292/.git/objects/pack, isRacyClean=false, read=2024-02-09 10:48:59.630486744, lastModified=2024-02-09 10:48:58.986201811, delta=644284933 ns, racy<=18050000 ns
10:49:00.006 [main] DEBUG org.eclipse.jgit.internal.storage.file.FileSnapshot - file=/tmp/junit12619742866840035292/.git/objects/pack, is unmodified
10:49:00.006 [main] DEBUG org.eclipse.jgit.internal.storage.file.FileSnapshot - file=/tmp/junit12619742866840035292/.git/objects/pack, isRacyClean=false, read=2024-02-09 10:48:59.630486744, lastModified=2024-02-09 10:48:58.986201811, delta=644284933 ns, racy<=18050000 ns
10:49:00.006 [main] DEBUG org.eclipse.jgit.internal.storage.file.FileSnapshot - file=/tmp/junit12619742866840035292/.git/objects/pack, is unmodified
10:49:00.006 [main] DEBUG org.eclipse.jgit.internal.storage.file.FileSnapshot - file=/tmp/junit12619742866840035292/.git/objects/pack, isRacyClean=false, read=2024-02-09 10:48:59.630486744, lastModified=2024-02-09 10:48:58.986201811, delta=644284933 ns, racy<=18050000 ns
10:49:00.006 [main] DEBUG org.eclipse.jgit.internal.storage.file.FileSnapshot - file=/tmp/junit12619742866840035292/.git/objects/pack, is unmodified
10:49:00.006 [main] DEBUG org.eclipse.jgit.internal.storage.file.FileSnapshot - file=/tmp/junit12619742866840035292/.git/objects/pack, isRacyClean=false, read=2024-02-09 10:48:59.630486744, lastModified=2024-02-09 10:48:58.986201811, delta=644284933 ns, racy<=18050000 ns
10:49:00.006 [main] DEBUG org.eclipse.jgit.internal.storage.file.FileSnapshot - file=/tmp/junit12619742866840035292/.git/objects/pack, is unmodified
10:49:00.006 [main] DEBUG org.eclipse.jgit.internal.storage.file.FileSnapshot - file=/tmp/junit12619742866840035292/.git/objects/pack, isRacyClean=false, read=2024-02-09 10:48:59.630486744, lastModified=2024-02-09 10:48:58.986201811, delta=644284933 ns, racy<=18050000 ns
10:49:00.006 [main] DEBUG org.eclipse.jgit.internal.storage.file.FileSnapshot - file=/tmp/junit12619742866840035292/.git/objects/pack, is unmodified
10:49:00.006 [main] DEBUG org.eclipse.jgit.internal.storage.file.FileSnapshot - file=/tmp/junit12619742866840035292/.git/objects/pack, isRacyClean=false, read=2024-02-09 10:48:59.630486744, lastModified=2024-02-09 10:48:58.986201811, delta=644284933 ns, racy<=18050000 ns
10:49:00.006 [main] DEBUG org.eclipse.jgit.internal.storage.file.FileSnapshot - file=/tmp/junit12619742866840035292/.git/objects/pack, is unmodified
10:49:00.006 [main] DEBUG org.eclipse.jgit.internal.storage.file.FileSnapshot - file=/tmp/junit12619742866840035292/.git/objects/pack, isRacyClean=false, read=2024-02-09 10:48:59.630486744, lastModified=2024-02-09 10:48:58.986201811, delta=644284933 ns, racy<=18050000 ns
10:49:00.007 [main] DEBUG org.eclipse.jgit.internal.storage.file.FileSnapshot - file=/tmp/junit12619742866840035292/.git/objects/pack, is unmodified
10:49:00.007 [main] DEBUG org.eclipse.jgit.internal.storage.file.FileSnapshot - file=/tmp/junit12619742866840035292/.git/objects/pack, isRacyClean=false, read=2024-02-09 10:48:59.630486744, lastModified=2024-02-09 10:48:58.986201811, delta=644284933 ns, racy<=18050000 ns
10:49:00.007 [main] DEBUG org.eclipse.jgit.internal.storage.file.FileSnapshot - file=/tmp/junit12619742866840035292/.git/objects/pack, is unmodified
10:49:00.007 [main] DEBUG org.eclipse.jgit.internal.storage.file.FileSnapshot - file=/tmp/junit12619742866840035292/.git/objects/pack, isRacyClean=false, read=2024-02-09 10:48:59.630486744, lastModified=2024-02-09 10:48:58.986201811, delta=644284933 ns, racy<=18050000 ns
10:49:00.007 [main] DEBUG org.eclipse.jgit.internal.storage.file.FileSnapshot - file=/tmp/junit12619742866840035292/.git/objects/pack, is unmodified
10:49:00.007 [main] DEBUG org.eclipse.jgit.internal.storage.file.FileSnapshot - file=/tmp/junit12619742866840035292/.git/objects/pack, isRacyClean=false, read=2024-02-09 10:48:59.630486744, lastModified=2024-02-09 10:48:58.986201811, delta=644284933 ns, racy<=18050000 ns
10:49:00.007 [main] DEBUG org.eclipse.jgit.internal.storage.file.FileSnapshot - file=/tmp/junit12619742866840035292/.git/objects/pack, is unmodified
10:49:00.007 [main] DEBUG org.eclipse.jgit.internal.storage.file.FileSnapshot - file=/tmp/junit12619742866840035292/.git/objects/pack, isRacyClean=false, read=2024-02-09 10:48:59.630486744, lastModified=2024-02-09 10:48:58.986201811, delta=644284933 ns, racy<=18050000 ns
10:49:00.007 [main] DEBUG org.eclipse.jgit.internal.storage.file.FileSnapshot - file=/tmp/junit12619742866840035292/.git/objects/pack, is unmodified
10:49:00.008 [main] DEBUG org.eclipse.jgit.internal.storage.file.FileSnapshot - file=/tmp/junit12619742866840035292/.git/objects/pack, isRacyClean=false, read=2024-02-09 10:48:59.630486744, lastModified=2024-02-09 10:48:58.986201811, delta=644284933 ns, racy<=18050000 ns
10:49:00.009 [main] DEBUG org.eclipse.jgit.internal.storage.file.FileSnapshot - file=/tmp/junit12619742866840035292/.git/objects/pack, is unmodified
10:49:00.009 [main] DEBUG org.eclipse.jgit.internal.storage.file.FileSnapshot - file=/tmp/junit12619742866840035292/.git/objects/pack, isRacyClean=false, read=2024-02-09 10:48:59.630486744, lastModified=2024-02-09 10:48:58.986201811, delta=644284933 ns, racy<=18050000 ns
10:49:00.009 [main] DEBUG org.eclipse.jgit.internal.storage.file.FileSnapshot - file=/tmp/junit12619742866840035292/.git/objects/pack, is unmodified
10:49:00.009 [main] DEBUG org.eclipse.jgit.internal.storage.file.FileSnapshot - file=/tmp/junit12619742866840035292/.git/objects/pack, isRacyClean=false, read=2024-02-09 10:48:59.630486744, lastModified=2024-02-09 10:48:58.986201811, delta=644284933 ns, racy<=18050000 ns
10:49:00.009 [main] DEBUG org.eclipse.jgit.internal.storage.file.FileSnapshot - file=/tmp/junit12619742866840035292/.git/objects/pack, is unmodified
10:49:00.009 [main] DEBUG org.eclipse.jgit.internal.storage.file.FileSnapshot - file=/tmp/junit12619742866840035292/.git/objects/pack, isRacyClean=false, read=2024-02-09 10:48:59.630486744, lastModified=2024-02-09 10:48:58.986201811, delta=644284933 ns, racy<=18050000 ns
10:49:00.009 [main] DEBUG org.eclipse.jgit.internal.storage.file.FileSnapshot - file=/tmp/junit12619742866840035292/.git/objects/pack, is unmodified
10:49:00.009 [main] DEBUG org.eclipse.jgit.internal.storage.file.FileSnapshot - file=/tmp/junit12619742866840035292/.git/objects/pack, isRacyClean=false, read=2024-02-09 10:48:59.630486744, lastModified=2024-02-09 10:48:58.986201811, delta=644284933 ns, racy<=18050000 ns
10:49:00.009 [main] DEBUG org.eclipse.jgit.internal.storage.file.FileSnapshot - file=/tmp/junit12619742866840035292/.git/objects/pack, is unmodified
10:49:00.009 [main] DEBUG org.eclipse.jgit.internal.storage.file.FileSnapshot - file=/tmp/junit12619742866840035292/.git/objects/pack, isRacyClean=false, read=2024-02-09 10:48:59.630486744, lastModified=2024-02-09 10:48:58.986201811, delta=644284933 ns, racy<=18050000 ns
10:49:00.009 [main] DEBUG org.eclipse.jgit.internal.storage.file.FileSnapshot - file=/tmp/junit12619742866840035292/.git/objects/pack, is unmodified
10:49:00.009 [main] DEBUG org.eclipse.jgit.internal.storage.file.FileSnapshot - file=/tmp/junit12619742866840035292/.git/objects/pack, isRacyClean=false, read=2024-02-09 10:48:59.630486744, lastModified=2024-02-09 10:48:58.986201811, delta=644284933 ns, racy<=18050000 ns
10:49:00.009 [main] DEBUG org.eclipse.jgit.internal.storage.file.FileSnapshot - file=/tmp/junit12619742866840035292/.git/objects/pack, is unmodified
10:49:00.010 [main] DEBUG org.eclipse.jgit.internal.storage.file.FileSnapshot - file=/tmp/junit12619742866840035292/.git/objects/pack, isRacyClean=false, read=2024-02-09 10:48:59.630486744, lastModified=2024-02-09 10:48:58.986201811, delta=644284933 ns, racy<=18050000 ns
10:49:00.010 [main] DEBUG org.eclipse.jgit.internal.storage.file.FileSnapshot - file=/tmp/junit12619742866840035292/.git/objects/pack, is unmodified
10:49:00.010 [main] DEBUG org.eclipse.jgit.internal.storage.file.FileSnapshot - file=/tmp/junit12619742866840035292/.git/objects/pack, isRacyClean=false, read=2024-02-09 10:48:59.630486744, lastModified=2024-02-09 10:48:58.986201811, delta=644284933 ns, racy<=18050000 ns
10:49:00.010 [main] DEBUG org.eclipse.jgit.internal.storage.file.FileSnapshot - file=/tmp/junit12619742866840035292/.git/objects/pack, is unmodified
10:49:00.010 [main] DEBUG org.eclipse.jgit.internal.storage.file.FileSnapshot - file=/tmp/junit12619742866840035292/.git/objects/pack, isRacyClean=false, read=2024-02-09 10:48:59.630486744, lastModified=2024-02-09 10:48:58.986201811, delta=644284933 ns, racy<=18050000 ns
10:49:00.010 [main] DEBUG org.eclipse.jgit.internal.storage.file.FileSnapshot - file=/tmp/junit12619742866840035292/.git/objects/pack, is unmodified
10:49:00.010 [main] DEBUG org.eclipse.jgit.internal.storage.file.FileSnapshot - file=/tmp/junit12619742866840035292/.git/objects/pack, isRacyClean=false, read=2024-02-09 10:48:59.630486744, lastModified=2024-02-09 10:48:58.986201811, delta=644284933 ns, racy<=18050000 ns
10:49:00.010 [main] DEBUG org.eclipse.jgit.internal.storage.file.FileSnapshot - file=/tmp/junit12619742866840035292/.git/objects/pack, is unmodified
10:49:00.010 [main] DEBUG org.eclipse.jgit.internal.storage.file.FileSnapshot - file=/tmp/junit12619742866840035292/.git/objects/pack, isRacyClean=false, read=2024-02-09 10:48:59.630486744, lastModified=2024-02-09 10:48:58.986201811, delta=644284933 ns, racy<=18050000 ns
10:49:00.010 [main] DEBUG org.eclipse.jgit.internal.storage.file.FileSnapshot - file=/tmp/junit12619742866840035292/.git/objects/pack, is unmodified
10:49:00.010 [main] DEBUG org.eclipse.jgit.internal.storage.file.FileSnapshot - file=/tmp/junit12619742866840035292/.git/objects/pack, isRacyClean=false, read=2024-02-09 10:48:59.630486744, lastModified=2024-02-09 10:48:58.986201811, delta=644284933 ns, racy<=18050000 ns
10:49:00.010 [main] DEBUG org.eclipse.jgit.internal.storage.file.FileSnapshot - file=/tmp/junit12619742866840035292/.git/objects/pack, is unmodified
10:49:00.011 [main] DEBUG org.eclipse.jgit.internal.storage.file.FileSnapshot - file=/tmp/junit12619742866840035292/.git/objects/pack, isRacyClean=false, read=2024-02-09 10:48:59.630486744, lastModified=2024-02-09 10:48:58.986201811, delta=644284933 ns, racy<=18050000 ns
10:49:00.011 [main] DEBUG org.eclipse.jgit.internal.storage.file.FileSnapshot - file=/tmp/junit12619742866840035292/.git/objects/pack, is unmodified
10:49:00.011 [main] DEBUG org.eclipse.jgit.internal.storage.file.FileSnapshot - file=/tmp/junit12619742866840035292/.git/objects/pack, isRacyClean=false, read=2024-02-09 10:48:59.630486744, lastModified=2024-02-09 10:48:58.986201811, delta=644284933 ns, racy<=18050000 ns
10:49:00.011 [main] DEBUG org.eclipse.jgit.internal.storage.file.FileSnapshot - file=/tmp/junit12619742866840035292/.git/objects/pack, is unmodified
10:49:00.011 [main] DEBUG org.eclipse.jgit.internal.storage.file.FileSnapshot - file=/tmp/junit12619742866840035292/.git/objects/pack, isRacyClean=false, read=2024-02-09 10:48:59.630486744, lastModified=2024-02-09 10:48:58.986201811, delta=644284933 ns, racy<=18050000 ns
10:49:00.011 [main] DEBUG org.eclipse.jgit.internal.storage.file.FileSnapshot - file=/tmp/junit12619742866840035292/.git/objects/pack, is unmodified
10:49:00.011 [main] DEBUG org.eclipse.jgit.internal.storage.file.FileSnapshot - file=/tmp/junit12619742866840035292/.git/objects/pack, isRacyClean=false, read=2024-02-09 10:48:59.630486744, lastModified=2024-02-09 10:48:58.986201811, delta=644284933 ns, racy<=18050000 ns
10:49:00.011 [main] DEBUG org.eclipse.jgit.internal.storage.file.FileSnapshot - file=/tmp/junit12619742866840035292/.git/objects/pack, is unmodified
10:49:00.011 [main] DEBUG org.eclipse.jgit.internal.storage.file.FileSnapshot - file=/tmp/junit12619742866840035292/.git/objects/pack, isRacyClean=false, read=2024-02-09 10:48:59.630486744, lastModified=2024-02-09 10:48:58.986201811, delta=644284933 ns, racy<=18050000 ns
10:49:00.011 [main] DEBUG org.eclipse.jgit.internal.storage.file.FileSnapshot - file=/tmp/junit12619742866840035292/.git/objects/pack, is unmodified
10:49:00.011 [main] DEBUG org.eclipse.jgit.internal.storage.file.FileSnapshot - file=/tmp/junit12619742866840035292/.git/objects/pack, isRacyClean=false, read=2024-02-09 10:48:59.630486744, lastModified=2024-02-09 10:48:58.986201811, delta=644284933 ns, racy<=18050000 ns
10:49:00.011 [main] DEBUG org.eclipse.jgit.internal.storage.file.FileSnapshot - file=/tmp/junit12619742866840035292/.git/objects/pack, is unmodified
10:49:00.011 [main] DEBUG org.eclipse.jgit.internal.storage.file.FileSnapshot - file=/tmp/junit12619742866840035292/.git/objects/pack, isRacyClean=false, read=2024-02-09 10:48:59.630486744, lastModified=2024-02-09 10:48:58.986201811, delta=644284933 ns, racy<=18050000 ns
10:49:00.011 [main] DEBUG org.eclipse.jgit.internal.storage.file.FileSnapshot - file=/tmp/junit12619742866840035292/.git/objects/pack, is unmodified
10:49:00.011 [main] DEBUG org.eclipse.jgit.internal.storage.file.FileSnapshot - file=/tmp/junit12619742866840035292/.git/objects/pack, isRacyClean=false, read=2024-02-09 10:48:59.630486744, lastModified=2024-02-09 10:48:58.986201811, delta=644284933 ns, racy<=18050000 ns
10:49:00.011 [main] DEBUG org.eclipse.jgit.internal.storage.file.FileSnapshot - file=/tmp/junit12619742866840035292/.git/objects/pack, is unmodified
10:49:00.011 [main] DEBUG org.eclipse.jgit.internal.storage.file.FileSnapshot - file=/tmp/junit12619742866840035292/.git/objects/pack, isRacyClean=false, read=2024-02-09 10:48:59.630486744, lastModified=2024-02-09 10:48:58.986201811, delta=644284933 ns, racy<=18050000 ns
10:49:00.011 [main] DEBUG org.eclipse.jgit.internal.storage.file.FileSnapshot - file=/tmp/junit12619742866840035292/.git/objects/pack, is unmodified
10:49:00.011 [main] DEBUG org.eclipse.jgit.internal.storage.file.FileSnapshot - file=/tmp/junit12619742866840035292/.git/objects/pack, isRacyClean=false, read=2024-02-09 10:48:59.630486744, lastModified=2024-02-09 10:48:58.986201811, delta=644284933 ns, racy<=18050000 ns
10:49:00.011 [main] DEBUG org.eclipse.jgit.internal.storage.file.FileSnapshot - file=/tmp/junit12619742866840035292/.git/objects/pack, is unmodified
10:49:00.011 [main] DEBUG org.eclipse.jgit.internal.storage.file.FileSnapshot - file=/tmp/junit12619742866840035292/.git/objects/pack, isRacyClean=false, read=2024-02-09 10:48:59.630486744, lastModified=2024-02-09 10:48:58.986201811, delta=644284933 ns, racy<=18050000 ns
10:49:00.011 [main] DEBUG org.eclipse.jgit.internal.storage.file.FileSnapshot - file=/tmp/junit12619742866840035292/.git/objects/pack, is unmodified
10:49:00.011 [main] DEBUG org.eclipse.jgit.internal.storage.file.FileSnapshot - file=/tmp/junit12619742866840035292/.git/objects/pack, isRacyClean=false, read=2024-02-09 10:48:59.630486744, lastModified=2024-02-09 10:48:58.986201811, delta=644284933 ns, racy<=18050000 ns
10:49:00.011 [main] DEBUG org.eclipse.jgit.internal.storage.file.FileSnapshot - file=/tmp/junit12619742866840035292/.git/objects/pack, is unmodified
10:49:00.012 [main] DEBUG org.eclipse.jgit.internal.storage.file.FileSnapshot - file=/tmp/junit12619742866840035292/.git/objects/pack, isRacyClean=false, read=2024-02-09 10:48:59.630486744, lastModified=2024-02-09 10:48:58.986201811, delta=644284933 ns, racy<=18050000 ns
10:49:00.012 [main] DEBUG org.eclipse.jgit.internal.storage.file.FileSnapshot - file=/tmp/junit12619742866840035292/.git/objects/pack, is unmodified
10:49:00.012 [main] DEBUG org.eclipse.jgit.internal.storage.file.FileSnapshot - file=/tmp/junit12619742866840035292/.git/objects/pack, isRacyClean=false, read=2024-02-09 10:48:59.630486744, lastModified=2024-02-09 10:48:58.986201811, delta=644284933 ns, racy<=18050000 ns
10:49:00.012 [main] DEBUG org.eclipse.jgit.internal.storage.file.FileSnapshot - file=/tmp/junit12619742866840035292/.git/objects/pack, is unmodified
10:49:00.012 [main] DEBUG org.eclipse.jgit.internal.storage.file.FileSnapshot - file=/tmp/junit12619742866840035292/.git/objects/pack, isRacyClean=false, read=2024-02-09 10:48:59.630486744, lastModified=2024-02-09 10:48:58.986201811, delta=644284933 ns, racy<=18050000 ns
10:49:00.012 [main] DEBUG org.eclipse.jgit.internal.storage.file.FileSnapshot - file=/tmp/junit12619742866840035292/.git/objects/pack, is unmodified
10:49:00.012 [main] DEBUG org.eclipse.jgit.internal.storage.file.FileSnapshot - file=/tmp/junit12619742866840035292/.git/objects/pack, isRacyClean=false, read=2024-02-09 10:48:59.630486744, lastModified=2024-02-09 10:48:58.986201811, delta=644284933 ns, racy<=18050000 ns
10:49:00.012 [main] DEBUG org.eclipse.jgit.internal.storage.file.FileSnapshot - file=/tmp/junit12619742866840035292/.git/objects/pack, is unmodified
10:49:00.012 [main] DEBUG org.eclipse.jgit.internal.storage.file.FileSnapshot - file=/tmp/junit12619742866840035292/.git/objects/pack, isRacyClean=false, read=2024-02-09 10:48:59.630486744, lastModified=2024-02-09 10:48:58.986201811, delta=644284933 ns, racy<=18050000 ns
10:49:00.012 [main] DEBUG org.eclipse.jgit.internal.storage.file.FileSnapshot - file=/tmp/junit12619742866840035292/.git/objects/pack, is unmodified
10:49:00.012 [main] DEBUG org.eclipse.jgit.internal.storage.file.FileSnapshot - file=/tmp/junit12619742866840035292/.git/objects/pack, isRacyClean=false, read=2024-02-09 10:48:59.630486744, lastModified=2024-02-09 10:48:58.986201811, delta=644284933 ns, racy<=18050000 ns
10:49:00.012 [main] DEBUG org.eclipse.jgit.internal.storage.file.FileSnapshot - file=/tmp/junit12619742866840035292/.git/objects/pack, is unmodified
10:49:00.012 [main] DEBUG org.eclipse.jgit.internal.storage.file.FileSnapshot - file=/tmp/junit12619742866840035292/.git/objects/pack, isRacyClean=false, read=2024-02-09 10:48:59.630486744, lastModified=2024-02-09 10:48:58.986201811, delta=644284933 ns, racy<=18050000 ns
10:49:00.012 [main] DEBUG org.eclipse.jgit.internal.storage.file.FileSnapshot - file=/tmp/junit12619742866840035292/.git/objects/pack, is unmodified
10:49:00.012 [main] DEBUG org.eclipse.jgit.internal.storage.file.FileSnapshot - file=/tmp/junit12619742866840035292/.git/objects/pack, isRacyClean=false, read=2024-02-09 10:48:59.630486744, lastModified=2024-02-09 10:48:58.986201811, delta=644284933 ns, racy<=18050000 ns
10:49:00.012 [main] DEBUG org.eclipse.jgit.internal.storage.file.FileSnapshot - file=/tmp/junit12619742866840035292/.git/objects/pack, is unmodified
10:49:00.012 [main] DEBUG org.eclipse.jgit.internal.storage.file.FileSnapshot - file=/tmp/junit12619742866840035292/.git/objects/pack, isRacyClean=false, read=2024-02-09 10:48:59.630486744, lastModified=2024-02-09 10:48:58.986201811, delta=644284933 ns, racy<=18050000 ns
10:49:00.012 [main] DEBUG org.eclipse.jgit.internal.storage.file.FileSnapshot - file=/tmp/junit12619742866840035292/.git/objects/pack, is unmodified
10:49:00.013 [main] DEBUG org.eclipse.jgit.internal.storage.file.FileSnapshot - file=/tmp/junit12619742866840035292/.git/objects/pack, isRacyClean=false, read=2024-02-09 10:48:59.630486744, lastModified=2024-02-09 10:48:58.986201811, delta=644284933 ns, racy<=18050000 ns
10:49:00.013 [main] DEBUG org.eclipse.jgit.internal.storage.file.FileSnapshot - file=/tmp/junit12619742866840035292/.git/objects/pack, is unmodified
10:49:00.013 [main] DEBUG org.eclipse.jgit.internal.storage.file.FileSnapshot - file=/tmp/junit12619742866840035292/.git/objects/pack, isRacyClean=false, read=2024-02-09 10:48:59.630486744, lastModified=2024-02-09 10:48:58.986201811, delta=644284933 ns, racy<=18050000 ns
10:49:00.013 [main] DEBUG org.eclipse.jgit.internal.storage.file.FileSnapshot - file=/tmp/junit12619742866840035292/.git/objects/pack, is unmodified
10:49:00.013 [main] DEBUG org.eclipse.jgit.internal.storage.file.FileSnapshot - file=/tmp/junit12619742866840035292/.git/objects/pack, isRacyClean=false, read=2024-02-09 10:48:59.630486744, lastModified=2024-02-09 10:48:58.986201811, delta=644284933 ns, racy<=18050000 ns
10:49:00.013 [main] DEBUG org.eclipse.jgit.internal.storage.file.FileSnapshot - file=/tmp/junit12619742866840035292/.git/objects/pack, is unmodified
10:49:00.013 [main] DEBUG org.eclipse.jgit.internal.storage.file.FileSnapshot - file=/tmp/junit12619742866840035292/.git/objects/pack, isRacyClean=false, read=2024-02-09 10:48:59.630486744, lastModified=2024-02-09 10:48:58.986201811, delta=644284933 ns, racy<=18050000 ns
10:49:00.013 [main] DEBUG org.eclipse.jgit.internal.storage.file.FileSnapshot - file=/tmp/junit12619742866840035292/.git/objects/pack, is unmodified
10:49:00.013 [main] DEBUG org.eclipse.jgit.internal.storage.file.FileSnapshot - file=/tmp/junit12619742866840035292/.git/objects/pack, isRacyClean=false, read=2024-02-09 10:48:59.630486744, lastModified=2024-02-09 10:48:58.986201811, delta=644284933 ns, racy<=18050000 ns
10:49:00.013 [main] DEBUG org.eclipse.jgit.internal.storage.file.FileSnapshot - file=/tmp/junit12619742866840035292/.git/objects/pack, is unmodified
10:49:00.013 [main] DEBUG org.eclipse.jgit.internal.storage.file.FileSnapshot - file=/tmp/junit12619742866840035292/.git/objects/pack, isRacyClean=false, read=2024-02-09 10:48:59.630486744, lastModified=2024-02-09 10:48:58.986201811, delta=644284933 ns, racy<=18050000 ns
10:49:00.013 [main] DEBUG org.eclipse.jgit.internal.storage.file.FileSnapshot - file=/tmp/junit12619742866840035292/.git/objects/pack, is unmodified
10:49:00.013 [main] DEBUG org.eclipse.jgit.internal.storage.file.FileSnapshot - file=/tmp/junit12619742866840035292/.git/objects/pack, isRacyClean=false, read=2024-02-09 10:48:59.630486744, lastModified=2024-02-09 10:48:58.986201811, delta=644284933 ns, racy<=18050000 ns
10:49:00.013 [main] DEBUG org.eclipse.jgit.internal.storage.file.FileSnapshot - file=/tmp/junit12619742866840035292/.git/objects/pack, is unmodified
10:49:00.013 [main] DEBUG org.eclipse.jgit.internal.storage.file.FileSnapshot - file=/tmp/junit12619742866840035292/.git/objects/pack, isRacyClean=false, read=2024-02-09 10:48:59.630486744, lastModified=2024-02-09 10:48:58.986201811, delta=644284933 ns, racy<=18050000 ns
10:49:00.013 [main] DEBUG org.eclipse.jgit.internal.storage.file.FileSnapshot - file=/tmp/junit12619742866840035292/.git/objects/pack, is unmodified
10:49:00.013 [main] DEBUG org.eclipse.jgit.internal.storage.file.FileSnapshot - file=/tmp/junit12619742866840035292/.git/objects/pack, isRacyClean=false, read=2024-02-09 10:48:59.630486744, lastModified=2024-02-09 10:48:58.986201811, delta=644284933 ns, racy<=18050000 ns
10:49:00.013 [main] DEBUG org.eclipse.jgit.internal.storage.file.FileSnapshot - file=/tmp/junit12619742866840035292/.git/objects/pack, is unmodified
10:49:00.013 [main] DEBUG org.eclipse.jgit.internal.storage.file.FileSnapshot - file=/tmp/junit12619742866840035292/.git/objects/pack, isRacyClean=false, read=2024-02-09 10:48:59.630486744, lastModified=2024-02-09 10:48:58.986201811, delta=644284933 ns, racy<=18050000 ns
10:49:00.013 [main] DEBUG org.eclipse.jgit.internal.storage.file.FileSnapshot - file=/tmp/junit12619742866840035292/.git/objects/pack, is unmodified
10:49:00.013 [main] DEBUG org.eclipse.jgit.internal.storage.file.FileSnapshot - file=/tmp/junit12619742866840035292/.git/objects/pack, isRacyClean=false, read=2024-02-09 10:48:59.630486744, lastModified=2024-02-09 10:48:58.986201811, delta=644284933 ns, racy<=18050000 ns
10:49:00.013 [main] DEBUG org.eclipse.jgit.internal.storage.file.FileSnapshot - file=/tmp/junit12619742866840035292/.git/objects/pack, is unmodified
10:49:00.014 [main] DEBUG org.eclipse.jgit.internal.storage.file.FileSnapshot - file=/tmp/junit12619742866840035292/.git/objects/pack, isRacyClean=false, read=2024-02-09 10:48:59.630486744, lastModified=2024-02-09 10:48:58.986201811, delta=644284933 ns, racy<=18050000 ns
10:49:00.014 [main] DEBUG org.eclipse.jgit.internal.storage.file.FileSnapshot - file=/tmp/junit12619742866840035292/.git/objects/pack, is unmodified
10:49:00.014 [main] DEBUG org.eclipse.jgit.internal.storage.file.FileSnapshot - file=/tmp/junit12619742866840035292/.git/objects/pack, isRacyClean=false, read=2024-02-09 10:48:59.630486744, lastModified=2024-02-09 10:48:58.986201811, delta=644284933 ns, racy<=18050000 ns
10:49:00.014 [main] DEBUG org.eclipse.jgit.internal.storage.file.FileSnapshot - file=/tmp/junit12619742866840035292/.git/objects/pack, is unmodified
10:49:00.014 [main] DEBUG org.eclipse.jgit.internal.storage.file.FileSnapshot - file=/tmp/junit12619742866840035292/.git/objects/pack, isRacyClean=false, read=2024-02-09 10:48:59.630486744, lastModified=2024-02-09 10:48:58.986201811, delta=644284933 ns, racy<=18050000 ns
10:49:00.014 [main] DEBUG org.eclipse.jgit.internal.storage.file.FileSnapshot - file=/tmp/junit12619742866840035292/.git/objects/pack, is unmodified
10:49:00.014 [main] DEBUG org.eclipse.jgit.internal.storage.file.FileSnapshot - file=/tmp/junit12619742866840035292/.git/objects/pack, isRacyClean=false, read=2024-02-09 10:48:59.630486744, lastModified=2024-02-09 10:48:58.986201811, delta=644284933 ns, racy<=18050000 ns
10:49:00.014 [main] DEBUG org.eclipse.jgit.internal.storage.file.FileSnapshot - file=/tmp/junit12619742866840035292/.git/objects/pack, is unmodified
10:49:00.014 [main] DEBUG org.eclipse.jgit.internal.storage.file.FileSnapshot - file=/tmp/junit12619742866840035292/.git/objects/pack, isRacyClean=false, read=2024-02-09 10:48:59.630486744, lastModified=2024-02-09 10:48:58.986201811, delta=644284933 ns, racy<=18050000 ns
10:49:00.014 [main] DEBUG org.eclipse.jgit.internal.storage.file.FileSnapshot - file=/tmp/junit12619742866840035292/.git/objects/pack, is unmodified
10:49:00.014 [main] DEBUG org.eclipse.jgit.internal.storage.file.FileSnapshot - file=/tmp/junit12619742866840035292/.git/objects/pack, isRacyClean=false, read=2024-02-09 10:48:59.630486744, lastModified=2024-02-09 10:48:58.986201811, delta=644284933 ns, racy<=18050000 ns
10:49:00.014 [main] DEBUG org.eclipse.jgit.internal.storage.file.FileSnapshot - file=/tmp/junit12619742866840035292/.git/objects/pack, is unmodified
10:49:00.014 [main] DEBUG org.eclipse.jgit.internal.storage.file.FileSnapshot - file=/tmp/junit12619742866840035292/.git/objects/pack, isRacyClean=false, read=2024-02-09 10:48:59.630486744, lastModified=2024-02-09 10:48:58.986201811, delta=644284933 ns, racy<=18050000 ns
10:49:00.014 [main] DEBUG org.eclipse.jgit.internal.storage.file.FileSnapshot - file=/tmp/junit12619742866840035292/.git/objects/pack, is unmodified
10:49:00.014 [main] DEBUG org.eclipse.jgit.internal.storage.file.FileSnapshot - file=/tmp/junit12619742866840035292/.git/objects/pack, isRacyClean=false, read=2024-02-09 10:48:59.630486744, lastModified=2024-02-09 10:48:58.986201811, delta=644284933 ns, racy<=18050000 ns
10:49:00.014 [main] DEBUG org.eclipse.jgit.internal.storage.file.FileSnapshot - file=/tmp/junit12619742866840035292/.git/objects/pack, is unmodified
10:49:00.014 [main] DEBUG org.eclipse.jgit.internal.storage.file.FileSnapshot - file=/tmp/junit12619742866840035292/.git/objects/pack, isRacyClean=false, read=2024-02-09 10:48:59.630486744, lastModified=2024-02-09 10:48:58.986201811, delta=644284933 ns, racy<=18050000 ns
10:49:00.014 [main] DEBUG org.eclipse.jgit.internal.storage.file.FileSnapshot - file=/tmp/junit12619742866840035292/.git/objects/pack, is unmodified
10:49:00.014 [main] DEBUG org.eclipse.jgit.internal.storage.file.FileSnapshot - file=/tmp/junit12619742866840035292/.git/objects/pack, isRacyClean=false, read=2024-02-09 10:48:59.630486744, lastModified=2024-02-09 10:48:58.986201811, delta=644284933 ns, racy<=18050000 ns
10:49:00.014 [main] DEBUG org.eclipse.jgit.internal.storage.file.FileSnapshot - file=/tmp/junit12619742866840035292/.git/objects/pack, is unmodified
10:49:00.014 [main] DEBUG org.eclipse.jgit.internal.storage.file.FileSnapshot - file=/tmp/junit12619742866840035292/.git/objects/pack, isRacyClean=false, read=2024-02-09 10:48:59.630486744, lastModified=2024-02-09 10:48:58.986201811, delta=644284933 ns, racy<=18050000 ns
10:49:00.014 [main] DEBUG org.eclipse.jgit.internal.storage.file.FileSnapshot - file=/tmp/junit12619742866840035292/.git/objects/pack, is unmodified
10:49:00.015 [main] DEBUG org.eclipse.jgit.internal.storage.file.FileSnapshot - file=/tmp/junit12619742866840035292/.git/objects/pack, isRacyClean=false, read=2024-02-09 10:48:59.630486744, lastModified=2024-02-09 10:48:58.986201811, delta=644284933 ns, racy<=18050000 ns
10:49:00.015 [main] DEBUG org.eclipse.jgit.internal.storage.file.FileSnapshot - file=/tmp/junit12619742866840035292/.git/objects/pack, is unmodified
10:49:00.015 [main] DEBUG org.eclipse.jgit.internal.storage.file.FileSnapshot - file=/tmp/junit12619742866840035292/.git/objects/pack, isRacyClean=false, read=2024-02-09 10:48:59.630486744, lastModified=2024-02-09 10:48:58.986201811, delta=644284933 ns, racy<=18050000 ns
10:49:00.015 [main] DEBUG org.eclipse.jgit.internal.storage.file.FileSnapshot - file=/tmp/junit12619742866840035292/.git/objects/pack, is unmodified
10:49:00.015 [main] DEBUG org.eclipse.jgit.internal.storage.file.FileSnapshot - file=/tmp/junit12619742866840035292/.git/objects/pack, isRacyClean=false, read=2024-02-09 10:48:59.630486744, lastModified=2024-02-09 10:48:58.986201811, delta=644284933 ns, racy<=18050000 ns
10:49:00.015 [main] DEBUG org.eclipse.jgit.internal.storage.file.FileSnapshot - file=/tmp/junit12619742866840035292/.git/objects/pack, is unmodified
10:49:00.015 [main] DEBUG org.eclipse.jgit.internal.storage.file.FileSnapshot - file=/tmp/junit12619742866840035292/.git/objects/pack, isRacyClean=false, read=2024-02-09 10:48:59.630486744, lastModified=2024-02-09 10:48:58.986201811, delta=644284933 ns, racy<=18050000 ns
10:49:00.015 [main] DEBUG org.eclipse.jgit.internal.storage.file.FileSnapshot - file=/tmp/junit12619742866840035292/.git/objects/pack, is unmodified
10:49:00.015 [main] DEBUG org.eclipse.jgit.internal.storage.file.FileSnapshot - file=/tmp/junit12619742866840035292/.git/objects/pack, isRacyClean=false, read=2024-02-09 10:48:59.630486744, lastModified=2024-02-09 10:48:58.986201811, delta=644284933 ns, racy<=18050000 ns
10:49:00.015 [main] DEBUG org.eclipse.jgit.internal.storage.file.FileSnapshot - file=/tmp/junit12619742866840035292/.git/objects/pack, is unmodified
10:49:00.016 [main] DEBUG org.eclipse.jgit.internal.storage.file.FileSnapshot - file=/tmp/junit12619742866840035292/.git/objects/pack, isRacyClean=false, read=2024-02-09 10:48:59.630486744, lastModified=2024-02-09 10:48:58.986201811, delta=644284933 ns, racy<=18050000 ns
10:49:00.016 [main] DEBUG org.eclipse.jgit.internal.storage.file.FileSnapshot - file=/tmp/junit12619742866840035292/.git/objects/pack, is unmodified
10:49:00.016 [main] DEBUG org.eclipse.jgit.internal.storage.file.FileSnapshot - file=/tmp/junit12619742866840035292/.git/objects/pack, isRacyClean=false, read=2024-02-09 10:48:59.630486744, lastModified=2024-02-09 10:48:58.986201811, delta=644284933 ns, racy<=18050000 ns
10:49:00.016 [main] DEBUG org.eclipse.jgit.internal.storage.file.FileSnapshot - file=/tmp/junit12619742866840035292/.git/objects/pack, is unmodified
10:49:00.016 [main] DEBUG org.eclipse.jgit.internal.storage.file.FileSnapshot - file=/tmp/junit12619742866840035292/.git/objects/pack, isRacyClean=false, read=2024-02-09 10:48:59.630486744, lastModified=2024-02-09 10:48:58.986201811, delta=644284933 ns, racy<=18050000 ns
10:49:00.016 [main] DEBUG org.eclipse.jgit.internal.storage.file.FileSnapshot - file=/tmp/junit12619742866840035292/.git/objects/pack, is unmodified
10:49:00.016 [main] DEBUG org.eclipse.jgit.internal.storage.file.FileSnapshot - file=/tmp/junit12619742866840035292/.git/objects/pack, isRacyClean=false, read=2024-02-09 10:48:59.630486744, lastModified=2024-02-09 10:48:58.986201811, delta=644284933 ns, racy<=18050000 ns
10:49:00.016 [main] DEBUG org.eclipse.jgit.internal.storage.file.FileSnapshot - file=/tmp/junit12619742866840035292/.git/objects/pack, is unmodified
10:49:00.017 [main] DEBUG org.eclipse.jgit.internal.storage.file.FileSnapshot - file=/tmp/junit12619742866840035292/.git/objects/pack, isRacyClean=false, read=2024-02-09 10:48:59.630486744, lastModified=2024-02-09 10:48:58.986201811, delta=644284933 ns, racy<=18050000 ns
10:49:00.017 [main] DEBUG org.eclipse.jgit.internal.storage.file.FileSnapshot - file=/tmp/junit12619742866840035292/.git/objects/pack, is unmodified
10:49:00.017 [main] DEBUG org.eclipse.jgit.internal.storage.file.FileSnapshot - file=/tmp/junit12619742866840035292/.git/objects/pack, isRacyClean=false, read=2024-02-09 10:48:59.630486744, lastModified=2024-02-09 10:48:58.986201811, delta=644284933 ns, racy<=18050000 ns
10:49:00.017 [main] DEBUG org.eclipse.jgit.internal.storage.file.FileSnapshot - file=/tmp/junit12619742866840035292/.git/objects/pack, is unmodified
10:49:00.017 [main] DEBUG org.eclipse.jgit.internal.storage.file.FileSnapshot - file=/tmp/junit12619742866840035292/.git/objects/pack, isRacyClean=false, read=2024-02-09 10:48:59.630486744, lastModified=2024-02-09 10:48:58.986201811, delta=644284933 ns, racy<=18050000 ns
10:49:00.017 [main] DEBUG org.eclipse.jgit.internal.storage.file.FileSnapshot - file=/tmp/junit12619742866840035292/.git/objects/pack, is unmodified
10:49:00.018 [main] DEBUG org.eclipse.jgit.internal.storage.file.FileSnapshot - file=/tmp/junit12619742866840035292/.git/objects/pack, isRacyClean=false, read=2024-02-09 10:48:59.630486744, lastModified=2024-02-09 10:48:58.986201811, delta=644284933 ns, racy<=18050000 ns
10:49:00.018 [main] DEBUG org.eclipse.jgit.internal.storage.file.FileSnapshot - file=/tmp/junit12619742866840035292/.git/objects/pack, is unmodified
10:49:00.018 [main] DEBUG org.eclipse.jgit.internal.storage.file.FileSnapshot - file=/tmp/junit12619742866840035292/.git/objects/pack, isRacyClean=false, read=2024-02-09 10:48:59.630486744, lastModified=2024-02-09 10:48:58.986201811, delta=644284933 ns, racy<=18050000 ns
10:49:00.018 [main] DEBUG org.eclipse.jgit.internal.storage.file.FileSnapshot - file=/tmp/junit12619742866840035292/.git/objects/pack, is unmodified
10:49:00.018 [main] DEBUG org.eclipse.jgit.internal.storage.file.FileSnapshot - file=/tmp/junit12619742866840035292/.git/objects/pack, isRacyClean=false, read=2024-02-09 10:48:59.630486744, lastModified=2024-02-09 10:48:58.986201811, delta=644284933 ns, racy<=18050000 ns
10:49:00.018 [main] DEBUG org.eclipse.jgit.internal.storage.file.FileSnapshot - file=/tmp/junit12619742866840035292/.git/objects/pack, is unmodified
10:49:00.019 [main] DEBUG org.eclipse.jgit.internal.storage.file.FileSnapshot - file=/tmp/junit12619742866840035292/.git/objects/pack, isRacyClean=false, read=2024-02-09 10:48:59.630486744, lastModified=2024-02-09 10:48:58.986201811, delta=644284933 ns, racy<=18050000 ns
10:49:00.019 [main] DEBUG org.eclipse.jgit.internal.storage.file.FileSnapshot - file=/tmp/junit12619742866840035292/.git/objects/pack, is unmodified
10:49:00.019 [main] DEBUG org.eclipse.jgit.internal.storage.file.FileSnapshot - file=/tmp/junit12619742866840035292/.git/objects/pack, isRacyClean=false, read=2024-02-09 10:48:59.630486744, lastModified=2024-02-09 10:48:58.986201811, delta=644284933 ns, racy<=18050000 ns
10:49:00.019 [main] DEBUG org.eclipse.jgit.internal.storage.file.FileSnapshot - file=/tmp/junit12619742866840035292/.git/objects/pack, is unmodified
10:49:00.019 [main] DEBUG org.eclipse.jgit.internal.storage.file.FileSnapshot - file=/tmp/junit12619742866840035292/.git/objects/pack, isRacyClean=false, read=2024-02-09 10:48:59.630486744, lastModified=2024-02-09 10:48:58.986201811, delta=644284933 ns, racy<=18050000 ns
10:49:00.019 [main] DEBUG org.eclipse.jgit.internal.storage.file.FileSnapshot - file=/tmp/junit12619742866840035292/.git/objects/pack, is unmodified
10:49:00.019 [main] DEBUG org.eclipse.jgit.internal.storage.file.FileSnapshot - file=/tmp/junit12619742866840035292/.git/objects/pack, isRacyClean=false, read=2024-02-09 10:48:59.630486744, lastModified=2024-02-09 10:48:58.986201811, delta=644284933 ns, racy<=18050000 ns
10:49:00.019 [main] DEBUG org.eclipse.jgit.internal.storage.file.FileSnapshot - file=/tmp/junit12619742866840035292/.git/objects/pack, is unmodified
10:49:00.019 [main] DEBUG org.eclipse.jgit.internal.storage.file.FileSnapshot - file=/tmp/junit12619742866840035292/.git/objects/pack, isRacyClean=false, read=2024-02-09 10:48:59.630486744, lastModified=2024-02-09 10:48:58.986201811, delta=644284933 ns, racy<=18050000 ns
10:49:00.019 [main] DEBUG org.eclipse.jgit.internal.storage.file.FileSnapshot - file=/tmp/junit12619742866840035292/.git/objects/pack, is unmodified
10:49:00.019 [main] DEBUG org.eclipse.jgit.internal.storage.file.FileSnapshot - file=/tmp/junit12619742866840035292/.git/objects/pack, isRacyClean=false, read=2024-02-09 10:48:59.630486744, lastModified=2024-02-09 10:48:58.986201811, delta=644284933 ns, racy<=18050000 ns
10:49:00.019 [main] DEBUG org.eclipse.jgit.internal.storage.file.FileSnapshot - file=/tmp/junit12619742866840035292/.git/objects/pack, is unmodified
10:49:00.020 [main] DEBUG org.eclipse.jgit.internal.storage.file.FileSnapshot - file=/tmp/junit12619742866840035292/.git/objects/pack, isRacyClean=false, read=2024-02-09 10:48:59.630486744, lastModified=2024-02-09 10:48:58.986201811, delta=644284933 ns, racy<=18050000 ns
10:49:00.020 [main] DEBUG org.eclipse.jgit.internal.storage.file.FileSnapshot - file=/tmp/junit12619742866840035292/.git/objects/pack, is unmodified
10:49:00.020 [main] DEBUG org.eclipse.jgit.internal.storage.file.FileSnapshot - file=/tmp/junit12619742866840035292/.git/objects/pack, isRacyClean=false, read=2024-02-09 10:48:59.630486744, lastModified=2024-02-09 10:48:58.986201811, delta=644284933 ns, racy<=18050000 ns
10:49:00.020 [main] DEBUG org.eclipse.jgit.internal.storage.file.FileSnapshot - file=/tmp/junit12619742866840035292/.git/objects/pack, is unmodified
10:49:00.020 [main] DEBUG org.eclipse.jgit.internal.storage.file.FileSnapshot - file=/tmp/junit12619742866840035292/.git/objects/pack, isRacyClean=false, read=2024-02-09 10:48:59.630486744, lastModified=2024-02-09 10:48:58.986201811, delta=644284933 ns, racy<=18050000 ns
10:49:00.020 [main] DEBUG org.eclipse.jgit.internal.storage.file.FileSnapshot - file=/tmp/junit12619742866840035292/.git/objects/pack, is unmodified
10:49:00.021 [main] DEBUG org.eclipse.jgit.internal.storage.file.FileSnapshot - file=/tmp/junit12619742866840035292/.git/objects/pack, isRacyClean=false, read=2024-02-09 10:48:59.630486744, lastModified=2024-02-09 10:48:58.986201811, delta=644284933 ns, racy<=18050000 ns
10:49:00.021 [main] DEBUG org.eclipse.jgit.internal.storage.file.FileSnapshot - file=/tmp/junit12619742866840035292/.git/objects/pack, is unmodified
10:49:00.021 [main] DEBUG org.eclipse.jgit.internal.storage.file.FileSnapshot - file=/tmp/junit12619742866840035292/.git/objects/pack, isRacyClean=false, read=2024-02-09 10:48:59.630486744, lastModified=2024-02-09 10:48:58.986201811, delta=644284933 ns, racy<=18050000 ns
10:49:00.021 [main] DEBUG org.eclipse.jgit.internal.storage.file.FileSnapshot - file=/tmp/junit12619742866840035292/.git/objects/pack, is unmodified
10:49:00.022 [main] DEBUG org.eclipse.jgit.internal.storage.file.FileSnapshot - file=/tmp/junit12619742866840035292/.git/objects/pack, isRacyClean=false, read=2024-02-09 10:48:59.630486744, lastModified=2024-02-09 10:48:58.986201811, delta=644284933 ns, racy<=18050000 ns
10:49:00.022 [main] DEBUG org.eclipse.jgit.internal.storage.file.FileSnapshot - file=/tmp/junit12619742866840035292/.git/objects/pack, is unmodified
10:49:00.022 [main] DEBUG org.eclipse.jgit.internal.storage.file.FileSnapshot - file=/tmp/junit12619742866840035292/.git/objects/pack, isRacyClean=false, read=2024-02-09 10:48:59.630486744, lastModified=2024-02-09 10:48:58.986201811, delta=644284933 ns, racy<=18050000 ns
10:49:00.022 [main] DEBUG org.eclipse.jgit.internal.storage.file.FileSnapshot - file=/tmp/junit12619742866840035292/.git/objects/pack, is unmodified
10:49:00.022 [main] DEBUG org.eclipse.jgit.internal.storage.file.FileSnapshot - file=/tmp/junit12619742866840035292/.git/objects/pack, isRacyClean=false, read=2024-02-09 10:48:59.630486744, lastModified=2024-02-09 10:48:58.986201811, delta=644284933 ns, racy<=18050000 ns
10:49:00.022 [main] DEBUG org.eclipse.jgit.internal.storage.file.FileSnapshot - file=/tmp/junit12619742866840035292/.git/objects/pack, is unmodified
10:49:00.023 [main] DEBUG org.eclipse.jgit.internal.storage.file.FileSnapshot - file=/tmp/junit12619742866840035292/.git/objects/pack, isRacyClean=false, read=2024-02-09 10:48:59.630486744, lastModified=2024-02-09 10:48:58.986201811, delta=644284933 ns, racy<=18050000 ns
10:49:00.023 [main] DEBUG org.eclipse.jgit.internal.storage.file.FileSnapshot - file=/tmp/junit12619742866840035292/.git/objects/pack, is unmodified
10:49:00.023 [main] DEBUG org.eclipse.jgit.internal.storage.file.FileSnapshot - file=/tmp/junit12619742866840035292/.git/objects/pack, isRacyClean=false, read=2024-02-09 10:48:59.630486744, lastModified=2024-02-09 10:48:58.986201811, delta=644284933 ns, racy<=18050000 ns
10:49:00.023 [main] DEBUG org.eclipse.jgit.internal.storage.file.FileSnapshot - file=/tmp/junit12619742866840035292/.git/objects/pack, is unmodified
10:49:00.023 [main] DEBUG org.eclipse.jgit.internal.storage.file.FileSnapshot - file=/tmp/junit12619742866840035292/.git/objects/pack, isRacyClean=false, read=2024-02-09 10:48:59.630486744, lastModified=2024-02-09 10:48:58.986201811, delta=644284933 ns, racy<=18050000 ns
10:49:00.023 [main] DEBUG org.eclipse.jgit.internal.storage.file.FileSnapshot - file=/tmp/junit12619742866840035292/.git/objects/pack, is unmodified
10:49:00.024 [main] DEBUG org.eclipse.jgit.internal.storage.file.FileSnapshot - file=/tmp/junit12619742866840035292/.git/objects/pack, isRacyClean=false, read=2024-02-09 10:48:59.630486744, lastModified=2024-02-09 10:48:58.986201811, delta=644284933 ns, racy<=18050000 ns
10:49:00.024 [main] DEBUG org.eclipse.jgit.internal.storage.file.FileSnapshot - file=/tmp/junit12619742866840035292/.git/objects/pack, is unmodified
10:49:00.024 [main] DEBUG org.eclipse.jgit.internal.storage.file.FileSnapshot - file=/tmp/junit12619742866840035292/.git/objects/pack, isRacyClean=false, read=2024-02-09 10:48:59.630486744, lastModified=2024-02-09 10:48:58.986201811, delta=644284933 ns, racy<=18050000 ns
10:49:00.024 [main] DEBUG org.eclipse.jgit.internal.storage.file.FileSnapshot - file=/tmp/junit12619742866840035292/.git/objects/pack, is unmodified
10:49:00.025 [main] DEBUG org.eclipse.jgit.internal.storage.file.FileSnapshot - file=/tmp/junit12619742866840035292/.git/objects/pack, isRacyClean=false, read=2024-02-09 10:48:59.630486744, lastModified=2024-02-09 10:48:58.986201811, delta=644284933 ns, racy<=18050000 ns
10:49:00.025 [main] DEBUG org.eclipse.jgit.internal.storage.file.FileSnapshot - file=/tmp/junit12619742866840035292/.git/objects/pack, is unmodified
10:49:00.025 [main] DEBUG org.eclipse.jgit.internal.storage.file.FileSnapshot - file=/tmp/junit12619742866840035292/.git/objects/pack, isRacyClean=false, read=2024-02-09 10:48:59.630486744, lastModified=2024-02-09 10:48:58.986201811, delta=644284933 ns, racy<=18050000 ns
10:49:00.025 [main] DEBUG org.eclipse.jgit.internal.storage.file.FileSnapshot - file=/tmp/junit12619742866840035292/.git/objects/pack, is unmodified
10:49:00.025 [main] DEBUG org.eclipse.jgit.internal.storage.file.FileSnapshot - file=/tmp/junit12619742866840035292/.git/objects/pack, isRacyClean=false, read=2024-02-09 10:48:59.630486744, lastModified=2024-02-09 10:48:58.986201811, delta=644284933 ns, racy<=18050000 ns
10:49:00.025 [main] DEBUG org.eclipse.jgit.internal.storage.file.FileSnapshot - file=/tmp/junit12619742866840035292/.git/objects/pack, is unmodified
10:49:00.025 [main] DEBUG org.eclipse.jgit.internal.storage.file.FileSnapshot - file=/tmp/junit12619742866840035292/.git/objects/pack, isRacyClean=false, read=2024-02-09 10:48:59.630486744, lastModified=2024-02-09 10:48:58.986201811, delta=644284933 ns, racy<=18050000 ns
10:49:00.025 [main] DEBUG org.eclipse.jgit.internal.storage.file.FileSnapshot - file=/tmp/junit12619742866840035292/.git/objects/pack, is unmodified
10:49:00.025 [main] DEBUG org.eclipse.jgit.internal.storage.file.FileSnapshot - file=/tmp/junit12619742866840035292/.git/objects/pack, isRacyClean=false, read=2024-02-09 10:48:59.630486744, lastModified=2024-02-09 10:48:58.986201811, delta=644284933 ns, racy<=18050000 ns
10:49:00.025 [main] DEBUG org.eclipse.jgit.internal.storage.file.FileSnapshot - file=/tmp/junit12619742866840035292/.git/objects/pack, is unmodified
10:49:00.040 [main] DEBUG org.eclipse.jgit.internal.storage.file.FileSnapshot - file=/tmp/junit12619742866840035292/.git/objects/pack/pack-8c0db8f586a96a643a9a459a399b4c926b484f73.pack, create new FileSnapshot: lastRead=2024-02-09 10:49:00.040193071, lastModified=2024-02-09 10:49:00.022200592, size=91850, fileKey=(dev=10302,ino=13238468)
10:49:00.042 [main] DEBUG org.eclipse.jgit.internal.storage.file.FileSnapshot - file=/tmp/junit12619742866840035292/.git/objects/pack/pack-8c0db8f586a96a643a9a459a399b4c926b484f73.pack, create new FileSnapshot: lastRead=2024-02-09 10:49:00.042412067, lastModified=2024-02-09 10:49:00.022200592, size=91850, fileKey=(dev=10302,ino=13238468)
10:49:00.043 [main] DEBUG org.eclipse.jgit.internal.storage.file.FileSnapshot - file=/tmp/junit12619742866840035292/.git/HEAD.lock, isRacyClean=true, read=2024-02-09 10:48:59.669376512, lastModified=2024-02-09 10:48:58.998201797, delta=671174715 ns, racy<=2500000000 ns
10:49:00.043 [main] DEBUG org.eclipse.jgit.internal.storage.file.FileSnapshot - file=/tmp/junit12619742866840035292/.git/HEAD.lock, is racily clean
10:49:00.043 [main] DEBUG org.eclipse.jgit.internal.storage.file.FileSnapshot - file=/tmp/junit12619742866840035292/.git/HEAD, create new FileSnapshot: lastRead=2024-02-09 10:49:00.043534649, lastModified=2024-02-09 10:48:58.998201797, size=23, fileKey=(dev=10302,ino=13238467)
10:49:00.043 [main] DEBUG org.eclipse.jgit.internal.storage.file.FileSnapshot - file=/tmp/junit12619742866840035292/.git/HEAD.lock, isRacyClean=true, read=2024-02-09 10:49:00.043534649, lastModified=2024-02-09 10:48:58.998201797, delta=1045332852 ns, racy<=2500000000 ns
10:49:00.043 [main] DEBUG org.eclipse.jgit.internal.storage.file.FileSnapshot - file=/home/toto/.config/jgit/config, isRacyClean=false, read=2024-02-09 10:48:58.959926568, lastModified=2024-02-08 23:36:20.464134450, delta=40358495792118 ns, racy<=2500000000 ns
10:49:00.043 [main] DEBUG org.eclipse.jgit.internal.storage.file.FileSnapshot - file=/home/toto/.config/jgit/config, is unmodified
10:49:00.043 [main] DEBUG org.eclipse.jgit.internal.storage.file.FileSnapshot - file=/etc/gitconfig, isRacyClean=false, read=2024-02-09 10:48:58.971926671, lastModified=1970-01-01 01:00:00.000000000, delta=1707472138971926671 ns, racy<=2500000000 ns
10:49:00.043 [main] DEBUG org.eclipse.jgit.internal.storage.file.FileSnapshot - file=/etc/gitconfig, is unmodified
10:49:00.043 [main] DEBUG org.eclipse.jgit.internal.storage.file.FileSnapshot - file=/home/toto/.gitconfig, isRacyClean=false, read=2024-02-09 10:48:58.972508608, lastModified=2024-01-22 19:04:00.457118245, delta=1525498515390363 ns, racy<=2500000000 ns
10:49:00.043 [main] DEBUG org.eclipse.jgit.internal.storage.file.FileSnapshot - file=/home/toto/.gitconfig, is unmodified
10:49:00.043 [main] DEBUG org.eclipse.jgit.internal.storage.file.FileSnapshot - file=/tmp/junit12619742866840035292/.git/config.lock, isRacyClean=true, read=2024-02-09 10:48:59.669846265, lastModified=2024-02-09 10:48:59.006201787, delta=663644478 ns, racy<=2500000000 ns
10:49:00.043 [main] DEBUG org.eclipse.jgit.internal.storage.file.FileSnapshot - file=/tmp/junit12619742866840035292/.git/config.lock, is racily clean
10:49:00.043 [main] DEBUG org.eclipse.jgit.internal.storage.file.FileSnapshot - file=/tmp/junit12619742866840035292/.git/config, create new FileSnapshot: lastRead=2024-02-09 10:49:00.043788354, lastModified=2024-02-09 10:48:59.006201787, size=194, fileKey=(dev=10302,ino=13238469)
10:49:00.043 [main] DEBUG org.eclipse.jgit.internal.storage.file.FileSnapshot - file=/tmp/junit12619742866840035292/.git/config.lock, isRacyClean=true, read=2024-02-09 10:49:00.043788354, lastModified=2024-02-09 10:48:59.006201787, delta=1037586567 ns, racy<=2500000000 ns
10:49:00.045 [main] DEBUG org.eclipse.jgit.internal.storage.file.Pack - Opening pack index /tmp/junit12619742866840035292/.git/objects/pack/pack-8c0db8f586a96a643a9a459a399b4c926b484f73.idx, size 0.008 MB took 2 ms
10:49:00.047 [main] DEBUG org.eclipse.jgit.internal.storage.file.FileSnapshot - file=/home/toto/.config/jgit/config, isRacyClean=false, read=2024-02-09 10:48:58.959926568, lastModified=2024-02-08 23:36:20.464134450, delta=40358495792118 ns, racy<=2500000000 ns
10:49:00.047 [main] DEBUG org.eclipse.jgit.internal.storage.file.FileSnapshot - file=/home/toto/.config/jgit/config, is unmodified
10:49:00.048 [main] DEBUG org.eclipse.jgit.internal.storage.file.FileSnapshot - file=/etc/gitconfig, isRacyClean=false, read=2024-02-09 10:48:58.971926671, lastModified=1970-01-01 01:00:00.000000000, delta=1707472138971926671 ns, racy<=2500000000 ns
10:49:00.048 [main] DEBUG org.eclipse.jgit.internal.storage.file.FileSnapshot - file=/etc/gitconfig, is unmodified
10:49:00.048 [main] DEBUG org.eclipse.jgit.internal.storage.file.FileSnapshot - file=/home/toto/.gitconfig, isRacyClean=false, read=2024-02-09 10:48:58.972508608, lastModified=2024-01-22 19:04:00.457118245, delta=1525498515390363 ns, racy<=2500000000 ns
10:49:00.048 [main] DEBUG org.eclipse.jgit.internal.storage.file.FileSnapshot - file=/home/toto/.gitconfig, is unmodified
10:49:00.048 [main] DEBUG org.eclipse.jgit.internal.storage.file.FileSnapshot - file=/home/toto/.config/jgit/config, isRacyClean=false, read=2024-02-09 10:48:58.959926568, lastModified=2024-02-08 23:36:20.464134450, delta=40358495792118 ns, racy<=2500000000 ns
10:49:00.048 [main] DEBUG org.eclipse.jgit.internal.storage.file.FileSnapshot - file=/home/toto/.config/jgit/config, is unmodified
10:49:00.048 [main] DEBUG org.eclipse.jgit.internal.storage.file.FileSnapshot - file=/etc/gitconfig, isRacyClean=false, read=2024-02-09 10:48:58.971926671, lastModified=1970-01-01 01:00:00.000000000, delta=1707472138971926671 ns, racy<=2500000000 ns
10:49:00.048 [main] DEBUG org.eclipse.jgit.internal.storage.file.FileSnapshot - file=/etc/gitconfig, is unmodified
10:49:00.048 [main] DEBUG org.eclipse.jgit.internal.storage.file.FileSnapshot - file=/home/toto/.gitconfig, isRacyClean=false, read=2024-02-09 10:48:58.972508608, lastModified=2024-01-22 19:04:00.457118245, delta=1525498515390363 ns, racy<=2500000000 ns
10:49:00.048 [main] DEBUG org.eclipse.jgit.internal.storage.file.FileSnapshot - file=/home/toto/.gitconfig, is unmodified
10:49:00.048 [main] DEBUG org.eclipse.jgit.internal.storage.file.FileSnapshot - file=/home/toto/.config/jgit/config, isRacyClean=false, read=2024-02-09 10:48:58.959926568, lastModified=2024-02-08 23:36:20.464134450, delta=40358495792118 ns, racy<=2500000000 ns
10:49:00.048 [main] DEBUG org.eclipse.jgit.internal.storage.file.FileSnapshot - file=/home/toto/.config/jgit/config, is unmodified
10:49:00.048 [main] DEBUG org.eclipse.jgit.internal.storage.file.FileSnapshot - file=/etc/gitconfig, isRacyClean=false, read=2024-02-09 10:48:58.971926671, lastModified=1970-01-01 01:00:00.000000000, delta=1707472138971926671 ns, racy<=2500000000 ns
10:49:00.049 [main] DEBUG org.eclipse.jgit.internal.storage.file.FileSnapshot - file=/etc/gitconfig, is unmodified
10:49:00.049 [main] DEBUG org.eclipse.jgit.internal.storage.file.FileSnapshot - file=/home/toto/.gitconfig, isRacyClean=false, read=2024-02-09 10:48:58.972508608, lastModified=2024-01-22 19:04:00.457118245, delta=1525498515390363 ns, racy<=2500000000 ns
10:49:00.049 [main] DEBUG org.eclipse.jgit.internal.storage.file.FileSnapshot - file=/home/toto/.gitconfig, is unmodified
10:49:00.049 [main] DEBUG org.eclipse.jgit.internal.storage.file.FileSnapshot - file=/tmp/junit12619742866840035292/.git/config.lock, isRacyClean=true, read=2024-02-09 10:49:00.043788354, lastModified=2024-02-09 10:48:59.006201787, delta=1037586567 ns, racy<=2500000000 ns
10:49:00.049 [main] DEBUG org.eclipse.jgit.internal.storage.file.FileSnapshot - file=/tmp/junit12619742866840035292/.git/config.lock, is racily clean
10:49:00.049 [main] DEBUG org.eclipse.jgit.internal.storage.file.FileSnapshot - file=/tmp/junit12619742866840035292/.git/config, create new FileSnapshot: lastRead=2024-02-09 10:49:00.049061277, lastModified=2024-02-09 10:48:59.006201787, size=194, fileKey=(dev=10302,ino=13238469)
10:49:00.049 [main] DEBUG org.eclipse.jgit.internal.storage.file.FileSnapshot - file=/tmp/junit12619742866840035292/.git/config.lock, isRacyClean=true, read=2024-02-09 10:49:00.049061277, lastModified=2024-02-09 10:48:59.006201787, delta=1042859490 ns, racy<=2500000000 ns
10:49:00.049 [main] DEBUG org.eclipse.jgit.util.FS - Thread[main,5,main]: cannot measure timestamp resolution of unborn directory /tmp/junit12619742866840035292/.git/refs/remotes/origin/MarcusJak
10:49:00.049 [main] DEBUG org.eclipse.jgit.util.FS - Thread[main,5,main]: cannot measure timestamp resolution of unborn directory /tmp/junit12619742866840035292/.git/refs/remotes/origin
10:49:00.049 [main] DEBUG org.eclipse.jgit.util.FS - Thread[main,5,main]: cannot measure timestamp resolution of unborn directory /tmp/junit12619742866840035292/.git/refs/remotes/origin/issue
10:49:00.049 [main] DEBUG org.eclipse.jgit.internal.storage.file.FileSnapshot - file=/home/toto/.config/jgit/config, isRacyClean=false, read=2024-02-09 10:48:58.959926568, lastModified=2024-02-08 23:36:20.464134450, delta=40358495792118 ns, racy<=2500000000 ns
10:49:00.049 [main] DEBUG org.eclipse.jgit.internal.storage.file.FileSnapshot - file=/home/toto/.config/jgit/config, is unmodified
10:49:00.049 [main] DEBUG org.eclipse.jgit.internal.storage.file.FileSnapshot - file=/etc/gitconfig, isRacyClean=false, read=2024-02-09 10:48:58.971926671, lastModified=1970-01-01 01:00:00.000000000, delta=1707472138971926671 ns, racy<=2500000000 ns
10:49:00.049 [main] DEBUG org.eclipse.jgit.internal.storage.file.FileSnapshot - file=/etc/gitconfig, is unmodified
10:49:00.049 [main] DEBUG org.eclipse.jgit.internal.storage.file.FileSnapshot - file=/home/toto/.gitconfig, isRacyClean=false, read=2024-02-09 10:48:58.972508608, lastModified=2024-01-22 19:04:00.457118245, delta=1525498515390363 ns, racy<=2500000000 ns
10:49:00.049 [main] DEBUG org.eclipse.jgit.internal.storage.file.FileSnapshot - file=/home/toto/.gitconfig, is unmodified
10:49:00.049 [main] DEBUG org.eclipse.jgit.internal.storage.file.FileSnapshot - file=/tmp/junit12619742866840035292/.git/config.lock, isRacyClean=true, read=2024-02-09 10:49:00.049061277, lastModified=2024-02-09 10:48:59.006201787, delta=1042859490 ns, racy<=2500000000 ns
10:49:00.049 [main] DEBUG org.eclipse.jgit.internal.storage.file.FileSnapshot - file=/tmp/junit12619742866840035292/.git/config.lock, is racily clean
10:49:00.049 [main] DEBUG org.eclipse.jgit.internal.storage.file.FileSnapshot - file=/tmp/junit12619742866840035292/.git/config, create new FileSnapshot: lastRead=2024-02-09 10:49:00.049629597, lastModified=2024-02-09 10:48:59.006201787, size=194, fileKey=(dev=10302,ino=13238469)
10:49:00.049 [main] DEBUG org.eclipse.jgit.internal.storage.file.FileSnapshot - file=/tmp/junit12619742866840035292/.git/config.lock, isRacyClean=true, read=2024-02-09 10:49:00.049629597, lastModified=2024-02-09 10:48:59.006201787, delta=1043427810 ns, racy<=2500000000 ns
10:49:00.049 [main] DEBUG org.eclipse.jgit.internal.storage.file.FileSnapshot - file=/tmp/junit12619742866840035292/.git/HEAD.lock, isRacyClean=true, read=2024-02-09 10:49:00.043534649, lastModified=2024-02-09 10:48:58.998201797, delta=1045332852 ns, racy<=2500000000 ns
10:49:00.049 [main] DEBUG org.eclipse.jgit.internal.storage.file.FileSnapshot - file=/tmp/junit12619742866840035292/.git/HEAD.lock, is racily clean
10:49:00.049 [main] DEBUG org.eclipse.jgit.internal.storage.file.FileSnapshot - file=/tmp/junit12619742866840035292/.git/HEAD, create new FileSnapshot: lastRead=2024-02-09 10:49:00.049724203, lastModified=2024-02-09 10:48:58.998201797, size=23, fileKey=(dev=10302,ino=13238467)
10:49:00.049 [main] DEBUG org.eclipse.jgit.internal.storage.file.FileSnapshot - file=/tmp/junit12619742866840035292/.git/HEAD.lock, isRacyClean=true, read=2024-02-09 10:49:00.049724203, lastModified=2024-02-09 10:48:58.998201797, delta=1051522406 ns, racy<=2500000000 ns
10:49:00.051 [main] DEBUG org.eclipse.jgit.internal.storage.file.FileSnapshot - file=/home/toto/.config/jgit/config, isRacyClean=false, read=2024-02-09 10:48:58.959926568, lastModified=2024-02-08 23:36:20.464134450, delta=40358495792118 ns, racy<=2500000000 ns
10:49:00.051 [main] DEBUG org.eclipse.jgit.internal.storage.file.FileSnapshot - file=/home/toto/.config/jgit/config, is unmodified
10:49:00.051 [main] DEBUG org.eclipse.jgit.internal.storage.file.FileSnapshot - file=/etc/gitconfig, isRacyClean=false, read=2024-02-09 10:48:58.971926671, lastModified=1970-01-01 01:00:00.000000000, delta=1707472138971926671 ns, racy<=2500000000 ns
10:49:00.051 [main] DEBUG org.eclipse.jgit.internal.storage.file.FileSnapshot - file=/etc/gitconfig, is unmodified
10:49:00.051 [main] DEBUG org.eclipse.jgit.internal.storage.file.FileSnapshot - file=/home/toto/.gitconfig, isRacyClean=false, read=2024-02-09 10:48:58.972508608, lastModified=2024-01-22 19:04:00.457118245, delta=1525498515390363 ns, racy<=2500000000 ns
10:49:00.051 [main] DEBUG org.eclipse.jgit.internal.storage.file.FileSnapshot - file=/home/toto/.gitconfig, is unmodified
10:49:00.051 [main] DEBUG org.eclipse.jgit.internal.storage.file.FileSnapshot - file=/tmp/junit12619742866840035292/.git/config.lock, isRacyClean=true, read=2024-02-09 10:49:00.049629597, lastModified=2024-02-09 10:48:59.006201787, delta=1043427810 ns, racy<=2500000000 ns
10:49:00.051 [main] DEBUG org.eclipse.jgit.internal.storage.file.FileSnapshot - file=/tmp/junit12619742866840035292/.git/config.lock, is racily clean
10:49:00.051 [main] DEBUG org.eclipse.jgit.internal.storage.file.FileSnapshot - file=/tmp/junit12619742866840035292/.git/config, create new FileSnapshot: lastRead=2024-02-09 10:49:00.051417452, lastModified=2024-02-09 10:48:59.006201787, size=194, fileKey=(dev=10302,ino=13238469)
10:49:00.051 [main] DEBUG org.eclipse.jgit.internal.storage.file.FileSnapshot - file=/tmp/junit12619742866840035292/.git/config.lock, isRacyClean=true, read=2024-02-09 10:49:00.051417452, lastModified=2024-02-09 10:48:59.006201787, delta=1045215665 ns, racy<=2500000000 ns
10:49:00.058 [main] DEBUG org.eclipse.jgit.internal.storage.file.FileSnapshot - file=/tmp/junit12619742866840035292/.git/packed-refs.lock, create new FileSnapshot: lastRead=2024-02-09 10:49:00.058222651, lastModified=2024-02-09 10:49:00.050200560, size=388, fileKey=(dev=10302,ino=13238472)
10:49:00.058 [main] DEBUG org.eclipse.jgit.internal.storage.file.FileSnapshot - file=/tmp/junit12619742866840035292/.git/packed-refs.lock, create new FileSnapshot: lastRead=2024-02-09 10:49:00.058332860, lastModified=2024-02-09 10:49:00.050200560, size=388, fileKey=(dev=10302,ino=13238472)
10:49:00.059 [main] DEBUG org.eclipse.jgit.internal.storage.file.FileSnapshot - file=/home/toto/.config/jgit/config, isRacyClean=false, read=2024-02-09 10:48:58.959926568, lastModified=2024-02-08 23:36:20.464134450, delta=40358495792118 ns, racy<=2500000000 ns
10:49:00.059 [main] DEBUG org.eclipse.jgit.internal.storage.file.FileSnapshot - file=/home/toto/.config/jgit/config, is unmodified
10:49:00.059 [main] DEBUG org.eclipse.jgit.internal.storage.file.FileSnapshot - file=/etc/gitconfig, isRacyClean=false, read=2024-02-09 10:48:58.971926671, lastModified=1970-01-01 01:00:00.000000000, delta=1707472138971926671 ns, racy<=2500000000 ns
10:49:00.059 [main] DEBUG org.eclipse.jgit.internal.storage.file.FileSnapshot - file=/etc/gitconfig, is unmodified
10:49:00.059 [main] DEBUG org.eclipse.jgit.internal.storage.file.FileSnapshot - file=/home/toto/.gitconfig, isRacyClean=false, read=2024-02-09 10:48:58.972508608, lastModified=2024-01-22 19:04:00.457118245, delta=1525498515390363 ns, racy<=2500000000 ns
10:49:00.059 [main] DEBUG org.eclipse.jgit.internal.storage.file.FileSnapshot - file=/home/toto/.gitconfig, is unmodified
10:49:00.059 [main] DEBUG org.eclipse.jgit.internal.storage.file.FileSnapshot - file=/tmp/junit12619742866840035292/.git/config.lock, isRacyClean=true, read=2024-02-09 10:49:00.051417452, lastModified=2024-02-09 10:48:59.006201787, delta=1045215665 ns, racy<=2500000000 ns
10:49:00.059 [main] DEBUG org.eclipse.jgit.internal.storage.file.FileSnapshot - file=/tmp/junit12619742866840035292/.git/config.lock, is racily clean
10:49:00.059 [main] DEBUG org.eclipse.jgit.internal.storage.file.FileSnapshot - file=/tmp/junit12619742866840035292/.git/config, create new FileSnapshot: lastRead=2024-02-09 10:49:00.059682076, lastModified=2024-02-09 10:48:59.006201787, size=194, fileKey=(dev=10302,ino=13238469)
10:49:00.059 [main] DEBUG org.eclipse.jgit.internal.storage.file.FileSnapshot - file=/tmp/junit12619742866840035292/.git/config.lock, isRacyClean=true, read=2024-02-09 10:49:00.059682076, lastModified=2024-02-09 10:48:59.006201787, delta=1053480289 ns, racy<=2500000000 ns
10:49:00.060 [main] DEBUG org.eclipse.jgit.internal.storage.file.FileSnapshot - file=/home/toto/.config/jgit/config, isRacyClean=false, read=2024-02-09 10:48:58.959926568, lastModified=2024-02-08 23:36:20.464134450, delta=40358495792118 ns, racy<=2500000000 ns
10:49:00.060 [main] DEBUG org.eclipse.jgit.internal.storage.file.FileSnapshot - file=/home/toto/.config/jgit/config, is unmodified
10:49:00.060 [main] DEBUG org.eclipse.jgit.internal.storage.file.FileSnapshot - file=/etc/gitconfig, isRacyClean=false, read=2024-02-09 10:48:58.971926671, lastModified=1970-01-01 01:00:00.000000000, delta=1707472138971926671 ns, racy<=2500000000 ns
10:49:00.060 [main] DEBUG org.eclipse.jgit.internal.storage.file.FileSnapshot - file=/etc/gitconfig, is unmodified
10:49:00.060 [main] DEBUG org.eclipse.jgit.internal.storage.file.FileSnapshot - file=/home/toto/.gitconfig, isRacyClean=false, read=2024-02-09 10:48:58.972508608, lastModified=2024-01-22 19:04:00.457118245, delta=1525498515390363 ns, racy<=2500000000 ns
10:49:00.060 [main] DEBUG org.eclipse.jgit.internal.storage.file.FileSnapshot - file=/home/toto/.gitconfig, is unmodified
10:49:00.060 [main] DEBUG org.eclipse.jgit.internal.storage.file.FileSnapshot - file=/tmp/junit12619742866840035292/.git/config.lock, isRacyClean=true, read=2024-02-09 10:49:00.059682076, lastModified=2024-02-09 10:48:59.006201787, delta=1053480289 ns, racy<=2500000000 ns
10:49:00.060 [main] DEBUG org.eclipse.jgit.internal.storage.file.FileSnapshot - file=/tmp/junit12619742866840035292/.git/config.lock, is racily clean
10:49:00.060 [main] DEBUG org.eclipse.jgit.internal.storage.file.FileSnapshot - file=/tmp/junit12619742866840035292/.git/config, create new FileSnapshot: lastRead=2024-02-09 10:49:00.060403598, lastModified=2024-02-09 10:48:59.006201787, size=194, fileKey=(dev=10302,ino=13238469)
10:49:00.060 [main] DEBUG org.eclipse.jgit.internal.storage.file.FileSnapshot - file=/tmp/junit12619742866840035292/.git/config.lock, isRacyClean=true, read=2024-02-09 10:49:00.060403598, lastModified=2024-02-09 10:48:59.006201787, delta=1054201811 ns, racy<=2500000000 ns
10:49:00.060 [main] DEBUG org.eclipse.jgit.internal.storage.file.FileSnapshot - file=/home/toto/.config/jgit/config, isRacyClean=false, read=2024-02-09 10:48:58.959926568, lastModified=2024-02-08 23:36:20.464134450, delta=40358495792118 ns, racy<=2500000000 ns
10:49:00.060 [main] DEBUG org.eclipse.jgit.internal.storage.file.FileSnapshot - file=/home/toto/.config/jgit/config, is unmodified
10:49:00.060 [main] DEBUG org.eclipse.jgit.internal.storage.file.FileSnapshot - file=/etc/gitconfig, isRacyClean=false, read=2024-02-09 10:48:58.971926671, lastModified=1970-01-01 01:00:00.000000000, delta=1707472138971926671 ns, racy<=2500000000 ns
10:49:00.060 [main] DEBUG org.eclipse.jgit.internal.storage.file.FileSnapshot - file=/etc/gitconfig, is unmodified
10:49:00.060 [main] DEBUG org.eclipse.jgit.internal.storage.file.FileSnapshot - file=/home/toto/.gitconfig, isRacyClean=false, read=2024-02-09 10:48:58.972508608, lastModified=2024-01-22 19:04:00.457118245, delta=1525498515390363 ns, racy<=2500000000 ns
10:49:00.060 [main] DEBUG org.eclipse.jgit.internal.storage.file.FileSnapshot - file=/home/toto/.gitconfig, is unmodified
10:49:00.060 [main] DEBUG org.eclipse.jgit.internal.storage.file.FileSnapshot - file=/tmp/junit12619742866840035292/.git/config.lock, isRacyClean=true, read=2024-02-09 10:49:00.060403598, lastModified=2024-02-09 10:48:59.006201787, delta=1054201811 ns, racy<=2500000000 ns
10:49:00.060 [main] DEBUG org.eclipse.jgit.internal.storage.file.FileSnapshot - file=/tmp/junit12619742866840035292/.git/config.lock, is racily clean
10:49:00.060 [main] DEBUG org.eclipse.jgit.internal.storage.file.FileSnapshot - file=/tmp/junit12619742866840035292/.git/config, create new FileSnapshot: lastRead=2024-02-09 10:49:00.060551672, lastModified=2024-02-09 10:48:59.006201787, size=194, fileKey=(dev=10302,ino=13238469)
10:49:00.060 [main] DEBUG org.eclipse.jgit.internal.storage.file.FileSnapshot - file=/tmp/junit12619742866840035292/.git/config.lock, isRacyClean=true, read=2024-02-09 10:49:00.060551672, lastModified=2024-02-09 10:48:59.006201787, delta=1054349885 ns, racy<=2500000000 ns
10:49:00.060 [main] DEBUG org.eclipse.jgit.internal.storage.file.FileSnapshot - file=/home/toto/.config/jgit/config, isRacyClean=false, read=2024-02-09 10:48:58.959926568, lastModified=2024-02-08 23:36:20.464134450, delta=40358495792118 ns, racy<=2500000000 ns
10:49:00.060 [main] DEBUG org.eclipse.jgit.internal.storage.file.FileSnapshot - file=/home/toto/.config/jgit/config, is unmodified
10:49:00.060 [main] DEBUG org.eclipse.jgit.internal.storage.file.FileSnapshot - file=/etc/gitconfig, isRacyClean=false, read=2024-02-09 10:48:58.971926671, lastModified=1970-01-01 01:00:00.000000000, delta=1707472138971926671 ns, racy<=2500000000 ns
10:49:00.060 [main] DEBUG org.eclipse.jgit.internal.storage.file.FileSnapshot - file=/etc/gitconfig, is unmodified
10:49:00.060 [main] DEBUG org.eclipse.jgit.internal.storage.file.FileSnapshot - file=/home/toto/.gitconfig, isRacyClean=false, read=2024-02-09 10:48:58.972508608, lastModified=2024-01-22 19:04:00.457118245, delta=1525498515390363 ns, racy<=2500000000 ns
10:49:00.060 [main] DEBUG org.eclipse.jgit.internal.storage.file.FileSnapshot - file=/home/toto/.gitconfig, is unmodified
10:49:00.060 [main] DEBUG org.eclipse.jgit.internal.storage.file.FileSnapshot - file=/tmp/junit12619742866840035292/.git/config.lock, isRacyClean=true, read=2024-02-09 10:49:00.060551672, lastModified=2024-02-09 10:48:59.006201787, delta=1054349885 ns, racy<=2500000000 ns
10:49:00.060 [main] DEBUG org.eclipse.jgit.internal.storage.file.FileSnapshot - file=/tmp/junit12619742866840035292/.git/config.lock, is racily clean
10:49:00.060 [main] DEBUG org.eclipse.jgit.internal.storage.file.FileSnapshot - file=/tmp/junit12619742866840035292/.git/config, create new FileSnapshot: lastRead=2024-02-09 10:49:00.060902616, lastModified=2024-02-09 10:48:59.006201787, size=194, fileKey=(dev=10302,ino=13238469)
10:49:00.060 [main] DEBUG org.eclipse.jgit.internal.storage.file.FileSnapshot - file=/tmp/junit12619742866840035292/.git/config.lock, isRacyClean=true, read=2024-02-09 10:49:00.060902616, lastModified=2024-02-09 10:48:59.006201787, delta=1054700829 ns, racy<=2500000000 ns
10:49:00.061 [main] DEBUG org.eclipse.jgit.internal.storage.file.FileSnapshot - file=/home/toto/.config/jgit/config, isRacyClean=false, read=2024-02-09 10:48:58.959926568, lastModified=2024-02-08 23:36:20.464134450, delta=40358495792118 ns, racy<=2500000000 ns
10:49:00.061 [main] DEBUG org.eclipse.jgit.internal.storage.file.FileSnapshot - file=/home/toto/.config/jgit/config, is unmodified
10:49:00.061 [main] DEBUG org.eclipse.jgit.internal.storage.file.FileSnapshot - file=/etc/gitconfig, isRacyClean=false, read=2024-02-09 10:48:58.971926671, lastModified=1970-01-01 01:00:00.000000000, delta=1707472138971926671 ns, racy<=2500000000 ns
10:49:00.061 [main] DEBUG org.eclipse.jgit.internal.storage.file.FileSnapshot - file=/etc/gitconfig, is unmodified
10:49:00.061 [main] DEBUG org.eclipse.jgit.internal.storage.file.FileSnapshot - file=/home/toto/.gitconfig, isRacyClean=false, read=2024-02-09 10:48:58.972508608, lastModified=2024-01-22 19:04:00.457118245, delta=1525498515390363 ns, racy<=2500000000 ns
10:49:00.061 [main] DEBUG org.eclipse.jgit.internal.storage.file.FileSnapshot - file=/home/toto/.gitconfig, is unmodified
10:49:00.061 [main] DEBUG org.eclipse.jgit.internal.storage.file.FileSnapshot - file=/tmp/junit12619742866840035292/.git/config.lock, isRacyClean=true, read=2024-02-09 10:49:00.060902616, lastModified=2024-02-09 10:48:59.006201787, delta=1054700829 ns, racy<=2500000000 ns
10:49:00.061 [main] DEBUG org.eclipse.jgit.internal.storage.file.FileSnapshot - file=/tmp/junit12619742866840035292/.git/config.lock, is racily clean
10:49:00.061 [main] DEBUG org.eclipse.jgit.internal.storage.file.FileSnapshot - file=/tmp/junit12619742866840035292/.git/config, create new FileSnapshot: lastRead=2024-02-09 10:49:00.061083418, lastModified=2024-02-09 10:48:59.006201787, size=194, fileKey=(dev=10302,ino=13238469)
10:49:00.061 [main] DEBUG org.eclipse.jgit.internal.storage.file.FileSnapshot - file=/tmp/junit12619742866840035292/.git/config.lock, isRacyClean=true, read=2024-02-09 10:49:00.061083418, lastModified=2024-02-09 10:48:59.006201787, delta=1054881631 ns, racy<=2500000000 ns
10:49:00.061 [main] DEBUG org.eclipse.jgit.internal.storage.file.FileSnapshot - file=/home/toto/.config/jgit/config, isRacyClean=false, read=2024-02-09 10:48:58.959926568, lastModified=2024-02-08 23:36:20.464134450, delta=40358495792118 ns, racy<=2500000000 ns
10:49:00.061 [main] DEBUG org.eclipse.jgit.internal.storage.file.FileSnapshot - file=/home/toto/.config/jgit/config, is unmodified
10:49:00.061 [main] DEBUG org.eclipse.jgit.internal.storage.file.FileSnapshot - file=/etc/gitconfig, isRacyClean=false, read=2024-02-09 10:48:58.971926671, lastModified=1970-01-01 01:00:00.000000000, delta=1707472138971926671 ns, racy<=2500000000 ns
10:49:00.061 [main] DEBUG org.eclipse.jgit.internal.storage.file.FileSnapshot - file=/etc/gitconfig, is unmodified
10:49:00.061 [main] DEBUG org.eclipse.jgit.internal.storage.file.FileSnapshot - file=/home/toto/.gitconfig, isRacyClean=false, read=2024-02-09 10:48:58.972508608, lastModified=2024-01-22 19:04:00.457118245, delta=1525498515390363 ns, racy<=2500000000 ns
10:49:00.061 [main] DEBUG org.eclipse.jgit.internal.storage.file.FileSnapshot - file=/home/toto/.gitconfig, is unmodified
10:49:00.061 [main] DEBUG org.eclipse.jgit.internal.storage.file.FileSnapshot - file=/tmp/junit12619742866840035292/.git/config.lock, isRacyClean=true, read=2024-02-09 10:49:00.061083418, lastModified=2024-02-09 10:48:59.006201787, delta=1054881631 ns, racy<=2500000000 ns
10:49:00.061 [main] DEBUG org.eclipse.jgit.internal.storage.file.FileSnapshot - file=/tmp/junit12619742866840035292/.git/config.lock, is racily clean
10:49:00.061 [main] DEBUG org.eclipse.jgit.internal.storage.file.FileSnapshot - file=/tmp/junit12619742866840035292/.git/config, create new FileSnapshot: lastRead=2024-02-09 10:49:00.061254865, lastModified=2024-02-09 10:48:59.006201787, size=194, fileKey=(dev=10302,ino=13238469)
10:49:00.061 [main] DEBUG org.eclipse.jgit.internal.storage.file.FileSnapshot - file=/tmp/junit12619742866840035292/.git/config.lock, isRacyClean=true, read=2024-02-09 10:49:00.061254865, lastModified=2024-02-09 10:48:59.006201787, delta=1055053078 ns, racy<=2500000000 ns
10:49:00.061 [main] DEBUG org.eclipse.jgit.internal.storage.file.FileSnapshot - file=/home/toto/.config/jgit/config, isRacyClean=false, read=2024-02-09 10:48:58.959926568, lastModified=2024-02-08 23:36:20.464134450, delta=40358495792118 ns, racy<=2500000000 ns
10:49:00.061 [main] DEBUG org.eclipse.jgit.internal.storage.file.FileSnapshot - file=/home/toto/.config/jgit/config, is unmodified
10:49:00.061 [main] DEBUG org.eclipse.jgit.internal.storage.file.FileSnapshot - file=/etc/gitconfig, isRacyClean=false, read=2024-02-09 10:48:58.971926671, lastModified=1970-01-01 01:00:00.000000000, delta=1707472138971926671 ns, racy<=2500000000 ns
10:49:00.061 [main] DEBUG org.eclipse.jgit.internal.storage.file.FileSnapshot - file=/etc/gitconfig, is unmodified
10:49:00.061 [main] DEBUG org.eclipse.jgit.internal.storage.file.FileSnapshot - file=/home/toto/.gitconfig, isRacyClean=false, read=2024-02-09 10:48:58.972508608, lastModified=2024-01-22 19:04:00.457118245, delta=1525498515390363 ns, racy<=2500000000 ns
10:49:00.061 [main] DEBUG org.eclipse.jgit.internal.storage.file.FileSnapshot - file=/home/toto/.gitconfig, is unmodified
10:49:00.061 [main] DEBUG org.eclipse.jgit.internal.storage.file.FileSnapshot - file=/tmp/junit12619742866840035292/.git/config.lock, isRacyClean=true, read=2024-02-09 10:49:00.061254865, lastModified=2024-02-09 10:48:59.006201787, delta=1055053078 ns, racy<=2500000000 ns
10:49:00.061 [main] DEBUG org.eclipse.jgit.internal.storage.file.FileSnapshot - file=/tmp/junit12619742866840035292/.git/config.lock, is racily clean
10:49:00.061 [main] DEBUG org.eclipse.jgit.internal.storage.file.FileSnapshot - file=/tmp/junit12619742866840035292/.git/config, create new FileSnapshot: lastRead=2024-02-09 10:49:00.061371070, lastModified=2024-02-09 10:48:59.006201787, size=194, fileKey=(dev=10302,ino=13238469)
10:49:00.061 [main] DEBUG org.eclipse.jgit.internal.storage.file.FileSnapshot - file=/tmp/junit12619742866840035292/.git/config.lock, isRacyClean=true, read=2024-02-09 10:49:00.061371070, lastModified=2024-02-09 10:48:59.006201787, delta=1055169283 ns, racy<=2500000000 ns
10:49:00.061 [main] DEBUG org.eclipse.jgit.internal.storage.file.FileSnapshot - file=/home/toto/.config/jgit/config, isRacyClean=false, read=2024-02-09 10:48:58.959926568, lastModified=2024-02-08 23:36:20.464134450, delta=40358495792118 ns, racy<=2500000000 ns
10:49:00.061 [main] DEBUG org.eclipse.jgit.internal.storage.file.FileSnapshot - file=/home/toto/.config/jgit/config, is unmodified
10:49:00.061 [main] DEBUG org.eclipse.jgit.internal.storage.file.FileSnapshot - file=/etc/gitconfig, isRacyClean=false, read=2024-02-09 10:48:58.971926671, lastModified=1970-01-01 01:00:00.000000000, delta=1707472138971926671 ns, racy<=2500000000 ns
10:49:00.061 [main] DEBUG org.eclipse.jgit.internal.storage.file.FileSnapshot - file=/etc/gitconfig, is unmodified
10:49:00.061 [main] DEBUG org.eclipse.jgit.internal.storage.file.FileSnapshot - file=/home/toto/.gitconfig, isRacyClean=false, read=2024-02-09 10:48:58.972508608, lastModified=2024-01-22 19:04:00.457118245, delta=1525498515390363 ns, racy<=2500000000 ns
10:49:00.061 [main] DEBUG org.eclipse.jgit.internal.storage.file.FileSnapshot - file=/home/toto/.gitconfig, is unmodified
10:49:00.061 [main] DEBUG org.eclipse.jgit.internal.storage.file.FileSnapshot - file=/tmp/junit12619742866840035292/.git/config.lock, isRacyClean=true, read=2024-02-09 10:49:00.061371070, lastModified=2024-02-09 10:48:59.006201787, delta=1055169283 ns, racy<=2500000000 ns
10:49:00.061 [main] DEBUG org.eclipse.jgit.internal.storage.file.FileSnapshot - file=/tmp/junit12619742866840035292/.git/config.lock, is racily clean
10:49:00.061 [main] DEBUG org.eclipse.jgit.internal.storage.file.FileSnapshot - file=/tmp/junit12619742866840035292/.git/config, create new FileSnapshot: lastRead=2024-02-09 10:49:00.061607975, lastModified=2024-02-09 10:48:59.006201787, size=194, fileKey=(dev=10302,ino=13238469)
10:49:00.061 [main] DEBUG org.eclipse.jgit.internal.storage.file.FileSnapshot - file=/tmp/junit12619742866840035292/.git/config.lock, isRacyClean=true, read=2024-02-09 10:49:00.061607975, lastModified=2024-02-09 10:48:59.006201787, delta=1055406188 ns, racy<=2500000000 ns
10:49:00.061 [main] DEBUG org.eclipse.jgit.internal.storage.file.FileSnapshot - file=/home/toto/.config/jgit/config, isRacyClean=false, read=2024-02-09 10:48:58.959926568, lastModified=2024-02-08 23:36:20.464134450, delta=40358495792118 ns, racy<=2500000000 ns
10:49:00.061 [main] DEBUG org.eclipse.jgit.internal.storage.file.FileSnapshot - file=/home/toto/.config/jgit/config, is unmodified
10:49:00.061 [main] DEBUG org.eclipse.jgit.internal.storage.file.FileSnapshot - file=/etc/gitconfig, isRacyClean=false, read=2024-02-09 10:48:58.971926671, lastModified=1970-01-01 01:00:00.000000000, delta=1707472138971926671 ns, racy<=2500000000 ns
10:49:00.061 [main] DEBUG org.eclipse.jgit.internal.storage.file.FileSnapshot - file=/etc/gitconfig, is unmodified
10:49:00.061 [main] DEBUG org.eclipse.jgit.internal.storage.file.FileSnapshot - file=/home/toto/.gitconfig, isRacyClean=false, read=2024-02-09 10:48:58.972508608, lastModified=2024-01-22 19:04:00.457118245, delta=1525498515390363 ns, racy<=2500000000 ns
10:49:00.061 [main] DEBUG org.eclipse.jgit.internal.storage.file.FileSnapshot - file=/home/toto/.gitconfig, is unmodified
10:49:00.061 [main] DEBUG org.eclipse.jgit.internal.storage.file.FileSnapshot - file=/tmp/junit12619742866840035292/.git/config.lock, isRacyClean=true, read=2024-02-09 10:49:00.061607975, lastModified=2024-02-09 10:48:59.006201787, delta=1055406188 ns, racy<=2500000000 ns
10:49:00.061 [main] DEBUG org.eclipse.jgit.internal.storage.file.FileSnapshot - file=/tmp/junit12619742866840035292/.git/config.lock, is racily clean
10:49:00.061 [main] DEBUG org.eclipse.jgit.internal.storage.file.FileSnapshot - file=/tmp/junit12619742866840035292/.git/config, create new FileSnapshot: lastRead=2024-02-09 10:49:00.061737895, lastModified=2024-02-09 10:48:59.006201787, size=194, fileKey=(dev=10302,ino=13238469)
10:49:00.061 [main] DEBUG org.eclipse.jgit.internal.storage.file.FileSnapshot - file=/tmp/junit12619742866840035292/.git/config.lock, isRacyClean=true, read=2024-02-09 10:49:00.061737895, lastModified=2024-02-09 10:48:59.006201787, delta=1055536108 ns, racy<=2500000000 ns
10:49:00.061 [main] DEBUG org.eclipse.jgit.internal.storage.file.FileSnapshot - file=/home/toto/.config/jgit/config, isRacyClean=false, read=2024-02-09 10:48:58.959926568, lastModified=2024-02-08 23:36:20.464134450, delta=40358495792118 ns, racy<=2500000000 ns
10:49:00.061 [main] DEBUG org.eclipse.jgit.internal.storage.file.FileSnapshot - file=/home/toto/.config/jgit/config, is unmodified
10:49:00.061 [main] DEBUG org.eclipse.jgit.internal.storage.file.FileSnapshot - file=/etc/gitconfig, isRacyClean=false, read=2024-02-09 10:48:58.971926671, lastModified=1970-01-01 01:00:00.000000000, delta=1707472138971926671 ns, racy<=2500000000 ns
10:49:00.061 [main] DEBUG org.eclipse.jgit.internal.storage.file.FileSnapshot - file=/etc/gitconfig, is unmodified
10:49:00.061 [main] DEBUG org.eclipse.jgit.internal.storage.file.FileSnapshot - file=/home/toto/.gitconfig, isRacyClean=false, read=2024-02-09 10:48:58.972508608, lastModified=2024-01-22 19:04:00.457118245, delta=1525498515390363 ns, racy<=2500000000 ns
10:49:00.061 [main] DEBUG org.eclipse.jgit.internal.storage.file.FileSnapshot - file=/home/toto/.gitconfig, is unmodified
10:49:00.061 [main] DEBUG org.eclipse.jgit.internal.storage.file.FileSnapshot - file=/tmp/junit12619742866840035292/.git/config.lock, isRacyClean=true, read=2024-02-09 10:49:00.061737895, lastModified=2024-02-09 10:48:59.006201787, delta=1055536108 ns, racy<=2500000000 ns
10:49:00.061 [main] DEBUG org.eclipse.jgit.internal.storage.file.FileSnapshot - file=/tmp/junit12619742866840035292/.git/config.lock, is racily clean
10:49:00.061 [main] DEBUG org.eclipse.jgit.internal.storage.file.FileSnapshot - file=/tmp/junit12619742866840035292/.git/config, create new FileSnapshot: lastRead=2024-02-09 10:49:00.061898922, lastModified=2024-02-09 10:48:59.006201787, size=194, fileKey=(dev=10302,ino=13238469)
10:49:00.061 [main] DEBUG org.eclipse.jgit.internal.storage.file.FileSnapshot - file=/tmp/junit12619742866840035292/.git/config.lock, isRacyClean=true, read=2024-02-09 10:49:00.061898922, lastModified=2024-02-09 10:48:59.006201787, delta=1055697135 ns, racy<=2500000000 ns
10:49:00.061 [main] DEBUG org.eclipse.jgit.internal.storage.file.FileSnapshot - file=/home/toto/.config/jgit/config, isRacyClean=false, read=2024-02-09 10:48:58.959926568, lastModified=2024-02-08 23:36:20.464134450, delta=40358495792118 ns, racy<=2500000000 ns
10:49:00.061 [main] DEBUG org.eclipse.jgit.internal.storage.file.FileSnapshot - file=/home/toto/.config/jgit/config, is unmodified
10:49:00.062 [main] DEBUG org.eclipse.jgit.internal.storage.file.FileSnapshot - file=/etc/gitconfig, isRacyClean=false, read=2024-02-09 10:48:58.971926671, lastModified=1970-01-01 01:00:00.000000000, delta=1707472138971926671 ns, racy<=2500000000 ns
10:49:00.062 [main] DEBUG org.eclipse.jgit.internal.storage.file.FileSnapshot - file=/etc/gitconfig, is unmodified
10:49:00.062 [main] DEBUG org.eclipse.jgit.internal.storage.file.FileSnapshot - file=/home/toto/.gitconfig, isRacyClean=false, read=2024-02-09 10:48:58.972508608, lastModified=2024-01-22 19:04:00.457118245, delta=1525498515390363 ns, racy<=2500000000 ns
10:49:00.062 [main] DEBUG org.eclipse.jgit.internal.storage.file.FileSnapshot - file=/home/toto/.gitconfig, is unmodified
10:49:00.062 [main] DEBUG org.eclipse.jgit.internal.storage.file.FileSnapshot - file=/tmp/junit12619742866840035292/.git/config.lock, isRacyClean=true, read=2024-02-09 10:49:00.061898922, lastModified=2024-02-09 10:48:59.006201787, delta=1055697135 ns, racy<=2500000000 ns
10:49:00.062 [main] DEBUG org.eclipse.jgit.internal.storage.file.FileSnapshot - file=/tmp/junit12619742866840035292/.git/config.lock, is racily clean
10:49:00.062 [main] DEBUG org.eclipse.jgit.internal.storage.file.FileSnapshot - file=/tmp/junit12619742866840035292/.git/config, create new FileSnapshot: lastRead=2024-02-09 10:49:00.062064080, lastModified=2024-02-09 10:48:59.006201787, size=194, fileKey=(dev=10302,ino=13238469)
10:49:00.062 [main] DEBUG org.eclipse.jgit.internal.storage.file.FileSnapshot - file=/tmp/junit12619742866840035292/.git/config.lock, isRacyClean=true, read=2024-02-09 10:49:00.062064080, lastModified=2024-02-09 10:48:59.006201787, delta=1055862293 ns, racy<=2500000000 ns
10:49:00.065 [main] DEBUG org.eclipse.jgit.internal.storage.file.FileSnapshot - file=/home/toto/.config/jgit/config, isRacyClean=false, read=2024-02-09 10:48:58.959926568, lastModified=2024-02-08 23:36:20.464134450, delta=40358495792118 ns, racy<=2500000000 ns
10:49:00.065 [main] DEBUG org.eclipse.jgit.internal.storage.file.FileSnapshot - file=/home/toto/.config/jgit/config, is unmodified
10:49:00.065 [main] DEBUG org.eclipse.jgit.internal.storage.file.FileSnapshot - file=/etc/gitconfig, isRacyClean=false, read=2024-02-09 10:48:58.971926671, lastModified=1970-01-01 01:00:00.000000000, delta=1707472138971926671 ns, racy<=2500000000 ns
10:49:00.065 [main] DEBUG org.eclipse.jgit.internal.storage.file.FileSnapshot - file=/etc/gitconfig, is unmodified
10:49:00.065 [main] DEBUG org.eclipse.jgit.internal.storage.file.FileSnapshot - file=/home/toto/.gitconfig, isRacyClean=false, read=2024-02-09 10:48:58.972508608, lastModified=2024-01-22 19:04:00.457118245, delta=1525498515390363 ns, racy<=2500000000 ns
10:49:00.065 [main] DEBUG org.eclipse.jgit.internal.storage.file.FileSnapshot - file=/home/toto/.gitconfig, is unmodified
10:49:00.065 [main] DEBUG org.eclipse.jgit.internal.storage.file.FileSnapshot - file=/tmp/junit12619742866840035292/.git/config.lock, isRacyClean=true, read=2024-02-09 10:49:00.062064080, lastModified=2024-02-09 10:48:59.006201787, delta=1055862293 ns, racy<=2500000000 ns
10:49:00.065 [main] DEBUG org.eclipse.jgit.internal.storage.file.FileSnapshot - file=/tmp/junit12619742866840035292/.git/config.lock, is racily clean
10:49:00.065 [main] DEBUG org.eclipse.jgit.internal.storage.file.FileSnapshot - file=/tmp/junit12619742866840035292/.git/config, create new FileSnapshot: lastRead=2024-02-09 10:49:00.065308517, lastModified=2024-02-09 10:48:59.006201787, size=194, fileKey=(dev=10302,ino=13238469)
10:49:00.065 [main] DEBUG org.eclipse.jgit.internal.storage.file.FileSnapshot - file=/tmp/junit12619742866840035292/.git/config.lock, isRacyClean=true, read=2024-02-09 10:49:00.065308517, lastModified=2024-02-09 10:48:59.006201787, delta=1059106730 ns, racy<=2500000000 ns
10:49:00.065 [main] DEBUG org.eclipse.jgit.internal.storage.file.FileSnapshot - file=/home/toto/.config/jgit/config, isRacyClean=false, read=2024-02-09 10:48:58.959926568, lastModified=2024-02-08 23:36:20.464134450, delta=40358495792118 ns, racy<=2500000000 ns
10:49:00.065 [main] DEBUG org.eclipse.jgit.internal.storage.file.FileSnapshot - file=/home/toto/.config/jgit/config, is unmodified
10:49:00.065 [main] DEBUG org.eclipse.jgit.internal.storage.file.FileSnapshot - file=/etc/gitconfig, isRacyClean=false, read=2024-02-09 10:48:58.971926671, lastModified=1970-01-01 01:00:00.000000000, delta=1707472138971926671 ns, racy<=2500000000 ns
10:49:00.065 [main] DEBUG org.eclipse.jgit.internal.storage.file.FileSnapshot - file=/etc/gitconfig, is unmodified
10:49:00.065 [main] DEBUG org.eclipse.jgit.internal.storage.file.FileSnapshot - file=/home/toto/.gitconfig, isRacyClean=false, read=2024-02-09 10:48:58.972508608, lastModified=2024-01-22 19:04:00.457118245, delta=1525498515390363 ns, racy<=2500000000 ns
10:49:00.065 [main] DEBUG org.eclipse.jgit.internal.storage.file.FileSnapshot - file=/home/toto/.gitconfig, is unmodified
10:49:00.065 [main] DEBUG org.eclipse.jgit.internal.storage.file.FileSnapshot - file=/tmp/junit12619742866840035292/.git/config.lock, isRacyClean=true, read=2024-02-09 10:49:00.065308517, lastModified=2024-02-09 10:48:59.006201787, delta=1059106730 ns, racy<=2500000000 ns
10:49:00.065 [main] DEBUG org.eclipse.jgit.internal.storage.file.FileSnapshot - file=/tmp/junit12619742866840035292/.git/config.lock, is racily clean
10:49:00.065 [main] DEBUG org.eclipse.jgit.internal.storage.file.FileSnapshot - file=/tmp/junit12619742866840035292/.git/config, create new FileSnapshot: lastRead=2024-02-09 10:49:00.065492921, lastModified=2024-02-09 10:48:59.006201787, size=194, fileKey=(dev=10302,ino=13238469)
10:49:00.065 [main] DEBUG org.eclipse.jgit.internal.storage.file.FileSnapshot - file=/tmp/junit12619742866840035292/.git/config.lock, isRacyClean=true, read=2024-02-09 10:49:00.065492921, lastModified=2024-02-09 10:48:59.006201787, delta=1059291134 ns, racy<=2500000000 ns
10:49:00.065 [main] DEBUG org.eclipse.jgit.internal.storage.file.FileSnapshot - file=/home/toto/.config/jgit/config, isRacyClean=false, read=2024-02-09 10:48:58.959926568, lastModified=2024-02-08 23:36:20.464134450, delta=40358495792118 ns, racy<=2500000000 ns
10:49:00.065 [main] DEBUG org.eclipse.jgit.internal.storage.file.FileSnapshot - file=/home/toto/.config/jgit/config, is unmodified
10:49:00.065 [main] DEBUG org.eclipse.jgit.internal.storage.file.FileSnapshot - file=/etc/gitconfig, isRacyClean=false, read=2024-02-09 10:48:58.971926671, lastModified=1970-01-01 01:00:00.000000000, delta=1707472138971926671 ns, racy<=2500000000 ns
10:49:00.065 [main] DEBUG org.eclipse.jgit.internal.storage.file.FileSnapshot - file=/etc/gitconfig, is unmodified
10:49:00.065 [main] DEBUG org.eclipse.jgit.internal.storage.file.FileSnapshot - file=/home/toto/.gitconfig, isRacyClean=false, read=2024-02-09 10:48:58.972508608, lastModified=2024-01-22 19:04:00.457118245, delta=1525498515390363 ns, racy<=2500000000 ns
10:49:00.065 [main] DEBUG org.eclipse.jgit.internal.storage.file.FileSnapshot - file=/home/toto/.gitconfig, is unmodified
10:49:00.065 [main] DEBUG org.eclipse.jgit.internal.storage.file.FileSnapshot - file=/tmp/junit12619742866840035292/.git/config.lock, isRacyClean=true, read=2024-02-09 10:49:00.065492921, lastModified=2024-02-09 10:48:59.006201787, delta=1059291134 ns, racy<=2500000000 ns
10:49:00.065 [main] DEBUG org.eclipse.jgit.internal.storage.file.FileSnapshot - file=/tmp/junit12619742866840035292/.git/config.lock, is racily clean
10:49:00.065 [main] DEBUG org.eclipse.jgit.internal.storage.file.FileSnapshot - file=/tmp/junit12619742866840035292/.git/config, create new FileSnapshot: lastRead=2024-02-09 10:49:00.065630550, lastModified=2024-02-09 10:48:59.006201787, size=194, fileKey=(dev=10302,ino=13238469)
10:49:00.065 [main] DEBUG org.eclipse.jgit.internal.storage.file.FileSnapshot - file=/tmp/junit12619742866840035292/.git/config.lock, isRacyClean=true, read=2024-02-09 10:49:00.065630550, lastModified=2024-02-09 10:48:59.006201787, delta=1059428763 ns, racy<=2500000000 ns
10:49:00.067 [JGit-WorkQueue] DEBUG org.eclipse.jgit.internal.storage.file.FileSnapshot - file=/home/toto/.config/jgit/config, isRacyClean=false, read=2024-02-09 10:48:58.959926568, lastModified=2024-02-08 23:36:20.464134450, delta=40358495792118 ns, racy<=2500000000 ns
10:49:00.067 [JGit-WorkQueue] DEBUG org.eclipse.jgit.internal.storage.file.FileSnapshot - file=/home/toto/.config/jgit/config, is unmodified
10:49:00.067 [JGit-WorkQueue] DEBUG org.eclipse.jgit.internal.storage.file.FileSnapshot - file=/etc/gitconfig, isRacyClean=false, read=2024-02-09 10:48:58.971926671, lastModified=1970-01-01 01:00:00.000000000, delta=1707472138971926671 ns, racy<=2500000000 ns
10:49:00.067 [JGit-WorkQueue] DEBUG org.eclipse.jgit.internal.storage.file.FileSnapshot - file=/etc/gitconfig, is unmodified
10:49:00.067 [JGit-WorkQueue] DEBUG org.eclipse.jgit.internal.storage.file.FileSnapshot - file=/home/toto/.gitconfig, isRacyClean=false, read=2024-02-09 10:48:58.972508608, lastModified=2024-01-22 19:04:00.457118245, delta=1525498515390363 ns, racy<=2500000000 ns
10:49:00.067 [JGit-WorkQueue] DEBUG org.eclipse.jgit.internal.storage.file.FileSnapshot - file=/home/toto/.gitconfig, is unmodified
10:49:00.067 [JGit-WorkQueue] DEBUG org.eclipse.jgit.internal.storage.file.FileSnapshot - file=/tmp/junit12619742866840035292/.git/config.lock, isRacyClean=true, read=2024-02-09 10:49:00.065630550, lastModified=2024-02-09 10:48:59.006201787, delta=1059428763 ns, racy<=2500000000 ns
10:49:00.067 [JGit-WorkQueue] DEBUG org.eclipse.jgit.internal.storage.file.FileSnapshot - file=/tmp/junit12619742866840035292/.git/config.lock, is racily clean
10:49:00.067 [JGit-WorkQueue] DEBUG org.eclipse.jgit.internal.storage.file.FileSnapshot - file=/tmp/junit12619742866840035292/.git/config, create new FileSnapshot: lastRead=2024-02-09 10:49:00.067156330, lastModified=2024-02-09 10:48:59.006201787, size=194, fileKey=(dev=10302,ino=13238469)
10:49:00.067 [JGit-WorkQueue] DEBUG org.eclipse.jgit.internal.storage.file.FileSnapshot - file=/tmp/junit12619742866840035292/.git/config.lock, isRacyClean=true, read=2024-02-09 10:49:00.067156330, lastModified=2024-02-09 10:48:59.006201787, delta=1060954543 ns, racy<=2500000000 ns
10:49:00.067 [JGit-WorkQueue] DEBUG org.eclipse.jgit.internal.storage.file.FileSnapshot - file=/home/toto/.config/jgit/config, isRacyClean=false, read=2024-02-09 10:48:58.959926568, lastModified=2024-02-08 23:36:20.464134450, delta=40358495792118 ns, racy<=2500000000 ns
10:49:00.067 [JGit-WorkQueue] DEBUG org.eclipse.jgit.internal.storage.file.FileSnapshot - file=/home/toto/.config/jgit/config, is unmodified
10:49:00.067 [JGit-WorkQueue] DEBUG org.eclipse.jgit.internal.storage.file.FileSnapshot - file=/etc/gitconfig, isRacyClean=false, read=2024-02-09 10:48:58.971926671, lastModified=1970-01-01 01:00:00.000000000, delta=1707472138971926671 ns, racy<=2500000000 ns
10:49:00.067 [JGit-WorkQueue] DEBUG org.eclipse.jgit.internal.storage.file.FileSnapshot - file=/etc/gitconfig, is unmodified
10:49:00.067 [JGit-WorkQueue] DEBUG org.eclipse.jgit.internal.storage.file.FileSnapshot - file=/home/toto/.gitconfig, isRacyClean=false, read=2024-02-09 10:48:58.972508608, lastModified=2024-01-22 19:04:00.457118245, delta=1525498515390363 ns, racy<=2500000000 ns
10:49:00.067 [JGit-WorkQueue] DEBUG org.eclipse.jgit.internal.storage.file.FileSnapshot - file=/home/toto/.gitconfig, is unmodified
10:49:00.067 [JGit-WorkQueue] DEBUG org.eclipse.jgit.internal.storage.file.FileSnapshot - file=/tmp/junit12619742866840035292/.git/config.lock, isRacyClean=true, read=2024-02-09 10:49:00.067156330, lastModified=2024-02-09 10:48:59.006201787, delta=1060954543 ns, racy<=2500000000 ns
10:49:00.067 [JGit-WorkQueue] DEBUG org.eclipse.jgit.internal.storage.file.FileSnapshot - file=/tmp/junit12619742866840035292/.git/config.lock, is racily clean
10:49:00.067 [JGit-WorkQueue] DEBUG org.eclipse.jgit.internal.storage.file.FileSnapshot - file=/tmp/junit12619742866840035292/.git/config, create new FileSnapshot: lastRead=2024-02-09 10:49:00.067324546, lastModified=2024-02-09 10:48:59.006201787, size=194, fileKey=(dev=10302,ino=13238469)
10:49:00.067 [JGit-WorkQueue] DEBUG org.eclipse.jgit.internal.storage.file.FileSnapshot - file=/tmp/junit12619742866840035292/.git/config.lock, isRacyClean=true, read=2024-02-09 10:49:00.067324546, lastModified=2024-02-09 10:48:59.006201787, delta=1061122759 ns, racy<=2500000000 ns
10:49:00.067 [JGit-WorkQueue] DEBUG org.eclipse.jgit.internal.storage.file.FileSnapshot - file=/home/toto/.config/jgit/config, isRacyClean=false, read=2024-02-09 10:48:58.959926568, lastModified=2024-02-08 23:36:20.464134450, delta=40358495792118 ns, racy<=2500000000 ns
10:49:00.067 [JGit-WorkQueue] DEBUG org.eclipse.jgit.internal.storage.file.FileSnapshot - file=/home/toto/.config/jgit/config, is unmodified
10:49:00.067 [JGit-WorkQueue] DEBUG org.eclipse.jgit.internal.storage.file.FileSnapshot - file=/etc/gitconfig, isRacyClean=false, read=2024-02-09 10:48:58.971926671, lastModified=1970-01-01 01:00:00.000000000, delta=1707472138971926671 ns, racy<=2500000000 ns
10:49:00.067 [JGit-WorkQueue] DEBUG org.eclipse.jgit.internal.storage.file.FileSnapshot - file=/etc/gitconfig, is unmodified
10:49:00.067 [JGit-WorkQueue] DEBUG org.eclipse.jgit.internal.storage.file.FileSnapshot - file=/home/toto/.gitconfig, isRacyClean=false, read=2024-02-09 10:48:58.972508608, lastModified=2024-01-22 19:04:00.457118245, delta=1525498515390363 ns, racy<=2500000000 ns
10:49:00.067 [JGit-WorkQueue] DEBUG org.eclipse.jgit.internal.storage.file.FileSnapshot - file=/home/toto/.gitconfig, is unmodified
10:49:00.067 [JGit-WorkQueue] DEBUG org.eclipse.jgit.internal.storage.file.FileSnapshot - file=/tmp/junit12619742866840035292/.git/config.lock, isRacyClean=true, read=2024-02-09 10:49:00.067324546, lastModified=2024-02-09 10:48:59.006201787, delta=1061122759 ns, racy<=2500000000 ns
10:49:00.067 [JGit-WorkQueue] DEBUG org.eclipse.jgit.internal.storage.file.FileSnapshot - file=/tmp/junit12619742866840035292/.git/config.lock, is racily clean
10:49:00.067 [JGit-WorkQueue] DEBUG org.eclipse.jgit.internal.storage.file.FileSnapshot - file=/tmp/junit12619742866840035292/.git/config, create new FileSnapshot: lastRead=2024-02-09 10:49:00.067606536, lastModified=2024-02-09 10:48:59.006201787, size=194, fileKey=(dev=10302,ino=13238469)
10:49:00.067 [JGit-WorkQueue] DEBUG org.eclipse.jgit.internal.storage.file.FileSnapshot - file=/tmp/junit12619742866840035292/.git/config.lock, isRacyClean=true, read=2024-02-09 10:49:00.067606536, lastModified=2024-02-09 10:48:59.006201787, delta=1061404749 ns, racy<=2500000000 ns
10:49:00.068 [main] DEBUG org.eclipse.jgit.internal.storage.file.FileSnapshot - file=/home/toto/.config/jgit/config, isRacyClean=false, read=2024-02-09 10:48:58.959926568, lastModified=2024-02-08 23:36:20.464134450, delta=40358495792118 ns, racy<=2500000000 ns
10:49:00.068 [main] DEBUG org.eclipse.jgit.internal.storage.file.FileSnapshot - file=/home/toto/.config/jgit/config, is unmodified
10:49:00.068 [main] DEBUG org.eclipse.jgit.internal.storage.file.FileSnapshot - file=/etc/gitconfig, isRacyClean=false, read=2024-02-09 10:48:58.971926671, lastModified=1970-01-01 01:00:00.000000000, delta=1707472138971926671 ns, racy<=2500000000 ns
10:49:00.068 [main] DEBUG org.eclipse.jgit.internal.storage.file.FileSnapshot - file=/etc/gitconfig, is unmodified
10:49:00.068 [main] DEBUG org.eclipse.jgit.internal.storage.file.FileSnapshot - file=/home/toto/.gitconfig, isRacyClean=false, read=2024-02-09 10:48:58.972508608, lastModified=2024-01-22 19:04:00.457118245, delta=1525498515390363 ns, racy<=2500000000 ns
10:49:00.068 [main] DEBUG org.eclipse.jgit.internal.storage.file.FileSnapshot - file=/home/toto/.gitconfig, is unmodified
10:49:00.068 [main] DEBUG org.eclipse.jgit.internal.storage.file.FileSnapshot - file=/tmp/junit12619742866840035292/.git/config.lock, isRacyClean=true, read=2024-02-09 10:49:00.067606536, lastModified=2024-02-09 10:48:59.006201787, delta=1061404749 ns, racy<=2500000000 ns
10:49:00.068 [main] DEBUG org.eclipse.jgit.internal.storage.file.FileSnapshot - file=/tmp/junit12619742866840035292/.git/config.lock, is racily clean
10:49:00.068 [main] DEBUG org.eclipse.jgit.internal.storage.file.FileSnapshot - file=/tmp/junit12619742866840035292/.git/config, create new FileSnapshot: lastRead=2024-02-09 10:49:00.068428696, lastModified=2024-02-09 10:48:59.006201787, size=194, fileKey=(dev=10302,ino=13238469)
10:49:00.068 [main] DEBUG org.eclipse.jgit.internal.storage.file.FileSnapshot - file=/tmp/junit12619742866840035292/.git/config.lock, isRacyClean=true, read=2024-02-09 10:49:00.068428696, lastModified=2024-02-09 10:48:59.006201787, delta=1062226909 ns, racy<=2500000000 ns
10:49:00.069 [main] DEBUG org.eclipse.jgit.internal.storage.file.FileSnapshot - file=/home/toto/.config/jgit/config, isRacyClean=false, read=2024-02-09 10:48:58.959926568, lastModified=2024-02-08 23:36:20.464134450, delta=40358495792118 ns, racy<=2500000000 ns
10:49:00.069 [main] DEBUG org.eclipse.jgit.internal.storage.file.FileSnapshot - file=/home/toto/.config/jgit/config, is unmodified
10:49:00.069 [main] DEBUG org.eclipse.jgit.internal.storage.file.FileSnapshot - file=/etc/gitconfig, isRacyClean=false, read=2024-02-09 10:48:58.971926671, lastModified=1970-01-01 01:00:00.000000000, delta=1707472138971926671 ns, racy<=2500000000 ns
10:49:00.069 [main] DEBUG org.eclipse.jgit.internal.storage.file.FileSnapshot - file=/etc/gitconfig, is unmodified
10:49:00.069 [main] DEBUG org.eclipse.jgit.internal.storage.file.FileSnapshot - file=/home/toto/.gitconfig, isRacyClean=false, read=2024-02-09 10:48:58.972508608, lastModified=2024-01-22 19:04:00.457118245, delta=1525498515390363 ns, racy<=2500000000 ns
10:49:00.069 [main] DEBUG org.eclipse.jgit.internal.storage.file.FileSnapshot - file=/home/toto/.gitconfig, is unmodified
10:49:00.069 [main] DEBUG org.eclipse.jgit.internal.storage.file.FileSnapshot - file=/tmp/junit12619742866840035292/.git/config.lock, isRacyClean=true, read=2024-02-09 10:49:00.068428696, lastModified=2024-02-09 10:48:59.006201787, delta=1062226909 ns, racy<=2500000000 ns
10:49:00.069 [main] DEBUG org.eclipse.jgit.internal.storage.file.FileSnapshot - file=/tmp/junit12619742866840035292/.git/config.lock, is racily clean
10:49:00.069 [main] DEBUG org.eclipse.jgit.internal.storage.file.FileSnapshot - file=/tmp/junit12619742866840035292/.git/config, create new FileSnapshot: lastRead=2024-02-09 10:49:00.069748435, lastModified=2024-02-09 10:48:59.006201787, size=194, fileKey=(dev=10302,ino=13238469)
10:49:00.069 [main] DEBUG org.eclipse.jgit.internal.storage.file.FileSnapshot - file=/tmp/junit12619742866840035292/.git/config.lock, isRacyClean=true, read=2024-02-09 10:49:00.069748435, lastModified=2024-02-09 10:48:59.006201787, delta=1063546648 ns, racy<=2500000000 ns
10:49:00.070 [main] DEBUG org.eclipse.jgit.internal.storage.file.FileSnapshot - file=/home/toto/.config/jgit/config, isRacyClean=false, read=2024-02-09 10:48:58.959926568, lastModified=2024-02-08 23:36:20.464134450, delta=40358495792118 ns, racy<=2500000000 ns
10:49:00.070 [main] DEBUG org.eclipse.jgit.internal.storage.file.FileSnapshot - file=/home/toto/.config/jgit/config, is unmodified
10:49:00.070 [main] DEBUG org.eclipse.jgit.internal.storage.file.FileSnapshot - file=/etc/gitconfig, isRacyClean=false, read=2024-02-09 10:48:58.971926671, lastModified=1970-01-01 01:00:00.000000000, delta=1707472138971926671 ns, racy<=2500000000 ns
10:49:00.070 [main] DEBUG org.eclipse.jgit.internal.storage.file.FileSnapshot - file=/etc/gitconfig, is unmodified
10:49:00.070 [main] DEBUG org.eclipse.jgit.internal.storage.file.FileSnapshot - file=/home/toto/.gitconfig, isRacyClean=false, read=2024-02-09 10:48:58.972508608, lastModified=2024-01-22 19:04:00.457118245, delta=1525498515390363 ns, racy<=2500000000 ns
10:49:00.070 [main] DEBUG org.eclipse.jgit.internal.storage.file.FileSnapshot - file=/home/toto/.gitconfig, is unmodified
10:49:00.070 [main] DEBUG org.eclipse.jgit.internal.storage.file.FileSnapshot - file=/tmp/junit12619742866840035292/.git/config.lock, isRacyClean=true, read=2024-02-09 10:49:00.069748435, lastModified=2024-02-09 10:48:59.006201787, delta=1063546648 ns, racy<=2500000000 ns
10:49:00.070 [main] DEBUG org.eclipse.jgit.internal.storage.file.FileSnapshot - file=/tmp/junit12619742866840035292/.git/config.lock, is racily clean
10:49:00.070 [main] DEBUG org.eclipse.jgit.internal.storage.file.FileSnapshot - file=/tmp/junit12619742866840035292/.git/config, create new FileSnapshot: lastRead=2024-02-09 10:49:00.070873895, lastModified=2024-02-09 10:48:59.006201787, size=194, fileKey=(dev=10302,ino=13238469)
10:49:00.070 [main] DEBUG org.eclipse.jgit.internal.storage.file.FileSnapshot - file=/tmp/junit12619742866840035292/.git/config.lock, isRacyClean=true, read=2024-02-09 10:49:00.070873895, lastModified=2024-02-09 10:48:59.006201787, delta=1064672108 ns, racy<=2500000000 ns
10:49:00.070 [main] DEBUG org.eclipse.jgit.internal.storage.file.FileSnapshot - file=/tmp/junit12619742866840035292/.git/packed-refs.lock, isRacyClean=true, read=2024-02-09 10:49:00.058332860, lastModified=2024-02-09 10:49:00.050200560, delta=8132300 ns, racy<=2500000000 ns
10:49:00.070 [main] DEBUG org.eclipse.jgit.internal.storage.file.FileSnapshot - file=/tmp/junit12619742866840035292/.git/packed-refs.lock, is racily clean
10:49:00.070 [main] DEBUG org.eclipse.jgit.internal.storage.file.FileSnapshot - file=/tmp/junit12619742866840035292/.git/packed-refs, create new FileSnapshot: lastRead=2024-02-09 10:49:00.070939567, lastModified=2024-02-09 10:49:00.050200560, size=388, fileKey=(dev=10302,ino=13238472)
10:49:00.071 [main] DEBUG org.eclipse.jgit.internal.storage.file.FileSnapshot - file=/tmp/junit12619742866840035292/.git/FETCH_HEAD, create new FileSnapshot: lastRead=2024-02-09 10:49:00.071079362, lastModified=2024-02-09 10:49:00.058200551, size=623, fileKey=(dev=10302,ino=13238482)
10:49:00.071 [main] DEBUG org.eclipse.jgit.internal.storage.file.FileSnapshot - file=/home/toto/.config/jgit/config, isRacyClean=false, read=2024-02-09 10:48:58.959926568, lastModified=2024-02-08 23:36:20.464134450, delta=40358495792118 ns, racy<=2500000000 ns
10:49:00.071 [main] DEBUG org.eclipse.jgit.internal.storage.file.FileSnapshot - file=/home/toto/.config/jgit/config, is unmodified
10:49:00.071 [main] DEBUG org.eclipse.jgit.internal.storage.file.FileSnapshot - file=/etc/gitconfig, isRacyClean=false, read=2024-02-09 10:48:58.971926671, lastModified=1970-01-01 01:00:00.000000000, delta=1707472138971926671 ns, racy<=2500000000 ns
10:49:00.071 [main] DEBUG org.eclipse.jgit.internal.storage.file.FileSnapshot - file=/etc/gitconfig, is unmodified
10:49:00.071 [main] DEBUG org.eclipse.jgit.internal.storage.file.FileSnapshot - file=/home/toto/.gitconfig, isRacyClean=false, read=2024-02-09 10:48:58.972508608, lastModified=2024-01-22 19:04:00.457118245, delta=1525498515390363 ns, racy<=2500000000 ns
10:49:00.071 [main] DEBUG org.eclipse.jgit.internal.storage.file.FileSnapshot - file=/home/toto/.gitconfig, is unmodified
10:49:00.071 [main] DEBUG org.eclipse.jgit.internal.storage.file.FileSnapshot - file=/tmp/junit12619742866840035292/.git/config.lock, isRacyClean=true, read=2024-02-09 10:49:00.070873895, lastModified=2024-02-09 10:48:59.006201787, delta=1064672108 ns, racy<=2500000000 ns
10:49:00.071 [main] DEBUG org.eclipse.jgit.internal.storage.file.FileSnapshot - file=/tmp/junit12619742866840035292/.git/config.lock, is racily clean
10:49:00.071 [main] DEBUG org.eclipse.jgit.internal.storage.file.FileSnapshot - file=/tmp/junit12619742866840035292/.git/config, create new FileSnapshot: lastRead=2024-02-09 10:49:00.071371446, lastModified=2024-02-09 10:48:59.006201787, size=194, fileKey=(dev=10302,ino=13238469)
10:49:00.071 [main] DEBUG org.eclipse.jgit.internal.storage.file.FileSnapshot - file=/tmp/junit12619742866840035292/.git/config.lock, isRacyClean=true, read=2024-02-09 10:49:00.071371446, lastModified=2024-02-09 10:48:59.006201787, delta=1065169659 ns, racy<=2500000000 ns
10:49:00.071 [main] DEBUG org.eclipse.jgit.internal.storage.file.FileSnapshot - file=/tmp/junit12619742866840035292/.git/packed-refs, isRacyClean=true, read=2024-02-09 10:49:00.070939567, lastModified=2024-02-09 10:49:00.050200560, delta=20739007 ns, racy<=2500000000 ns
10:49:00.071 [main] DEBUG org.eclipse.jgit.internal.storage.file.FileSnapshot - file=/tmp/junit12619742866840035292/.git/packed-refs, is racily clean
10:49:00.071 [main] DEBUG org.eclipse.jgit.internal.storage.file.FileSnapshot - file=/tmp/junit12619742866840035292/.git/packed-refs, create new FileSnapshot: lastRead=2024-02-09 10:49:00.071434203, lastModified=2024-02-09 10:49:00.050200560, size=388, fileKey=(dev=10302,ino=13238472)
10:49:00.071 [main] DEBUG org.eclipse.jgit.internal.storage.file.FileSnapshot - file=/tmp/junit12619742866840035292/.git/FETCH_HEAD, create new FileSnapshot: lastRead=2024-02-09 10:49:00.071533295, lastModified=2024-02-09 10:49:00.058200551, size=623, fileKey=(dev=10302,ino=13238482)
10:49:00.073 [main] DEBUG org.eclipse.jgit.internal.storage.file.FileSnapshot - file=/home/toto/.config/jgit/config, isRacyClean=false, read=2024-02-09 10:48:58.959926568, lastModified=2024-02-08 23:36:20.464134450, delta=40358495792118 ns, racy<=2500000000 ns
10:49:00.073 [main] DEBUG org.eclipse.jgit.internal.storage.file.FileSnapshot - file=/home/toto/.config/jgit/config, is unmodified
10:49:00.073 [main] DEBUG org.eclipse.jgit.internal.storage.file.FileSnapshot - file=/etc/gitconfig, isRacyClean=false, read=2024-02-09 10:48:58.971926671, lastModified=1970-01-01 01:00:00.000000000, delta=1707472138971926671 ns, racy<=2500000000 ns
10:49:00.073 [main] DEBUG org.eclipse.jgit.internal.storage.file.FileSnapshot - file=/etc/gitconfig, is unmodified
10:49:00.073 [main] DEBUG org.eclipse.jgit.internal.storage.file.FileSnapshot - file=/home/toto/.gitconfig, isRacyClean=false, read=2024-02-09 10:48:58.972508608, lastModified=2024-01-22 19:04:00.457118245, delta=1525498515390363 ns, racy<=2500000000 ns
10:49:00.073 [main] DEBUG org.eclipse.jgit.internal.storage.file.FileSnapshot - file=/home/toto/.gitconfig, is unmodified
10:49:00.073 [main] DEBUG org.eclipse.jgit.internal.storage.file.FileSnapshot - file=/tmp/junit12619742866840035292/.git/config.lock, isRacyClean=true, read=2024-02-09 10:49:00.071371446, lastModified=2024-02-09 10:48:59.006201787, delta=1065169659 ns, racy<=2500000000 ns
10:49:00.073 [main] DEBUG org.eclipse.jgit.internal.storage.file.FileSnapshot - file=/tmp/junit12619742866840035292/.git/config.lock, is racily clean
10:49:00.073 [main] DEBUG org.eclipse.jgit.internal.storage.file.FileSnapshot - file=/tmp/junit12619742866840035292/.git/config, create new FileSnapshot: lastRead=2024-02-09 10:49:00.073205757, lastModified=2024-02-09 10:48:59.006201787, size=194, fileKey=(dev=10302,ino=13238469)
10:49:00.073 [main] DEBUG org.eclipse.jgit.internal.storage.file.FileSnapshot - file=/tmp/junit12619742866840035292/.git/config.lock, isRacyClean=true, read=2024-02-09 10:49:00.073205757, lastModified=2024-02-09 10:48:59.006201787, delta=1067003970 ns, racy<=2500000000 ns
10:49:00.073 [main] DEBUG org.eclipse.jgit.internal.storage.file.FileSnapshot - file=/tmp/junit12619742866840035292/.git/packed-refs, isRacyClean=true, read=2024-02-09 10:49:00.071434203, lastModified=2024-02-09 10:49:00.050200560, delta=21233643 ns, racy<=2500000000 ns
10:49:00.073 [main] DEBUG org.eclipse.jgit.internal.storage.file.FileSnapshot - file=/tmp/junit12619742866840035292/.git/packed-refs, is racily clean
10:49:00.073 [main] DEBUG org.eclipse.jgit.internal.storage.file.FileSnapshot - file=/tmp/junit12619742866840035292/.git/packed-refs, create new FileSnapshot: lastRead=2024-02-09 10:49:00.073292371, lastModified=2024-02-09 10:49:00.050200560, size=388, fileKey=(dev=10302,ino=13238472)
10:49:00.073 [main] DEBUG org.eclipse.jgit.internal.storage.file.FileSnapshot - file=/tmp/junit12619742866840035292/.git/HEAD.lock, isRacyClean=true, read=2024-02-09 10:49:00.049724203, lastModified=2024-02-09 10:48:58.998201797, delta=1051522406 ns, racy<=2500000000 ns
10:49:00.073 [main] DEBUG org.eclipse.jgit.internal.storage.file.FileSnapshot - file=/tmp/junit12619742866840035292/.git/HEAD.lock, is racily clean
10:49:00.073 [main] DEBUG org.eclipse.jgit.internal.storage.file.FileSnapshot - file=/tmp/junit12619742866840035292/.git/HEAD, create new FileSnapshot: lastRead=2024-02-09 10:49:00.073444926, lastModified=2024-02-09 10:48:58.998201797, size=23, fileKey=(dev=10302,ino=13238467)
10:49:00.073 [main] DEBUG org.eclipse.jgit.internal.storage.file.FileSnapshot - file=/tmp/junit12619742866840035292/.git/HEAD.lock, isRacyClean=true, read=2024-02-09 10:49:00.073444926, lastModified=2024-02-09 10:48:58.998201797, delta=1075243129 ns, racy<=2500000000 ns
10:49:00.073 [main] DEBUG org.eclipse.jgit.internal.storage.file.FileSnapshot - file=/home/toto/.config/jgit/config, isRacyClean=false, read=2024-02-09 10:48:58.959926568, lastModified=2024-02-08 23:36:20.464134450, delta=40358495792118 ns, racy<=2500000000 ns
10:49:00.073 [main] DEBUG org.eclipse.jgit.internal.storage.file.FileSnapshot - file=/home/toto/.config/jgit/config, is unmodified
10:49:00.073 [main] DEBUG org.eclipse.jgit.internal.storage.file.FileSnapshot - file=/etc/gitconfig, isRacyClean=false, read=2024-02-09 10:48:58.971926671, lastModified=1970-01-01 01:00:00.000000000, delta=1707472138971926671 ns, racy<=2500000000 ns
10:49:00.073 [main] DEBUG org.eclipse.jgit.internal.storage.file.FileSnapshot - file=/etc/gitconfig, is unmodified
10:49:00.073 [main] DEBUG org.eclipse.jgit.internal.storage.file.FileSnapshot - file=/home/toto/.gitconfig, isRacyClean=false, read=2024-02-09 10:48:58.972508608, lastModified=2024-01-22 19:04:00.457118245, delta=1525498515390363 ns, racy<=2500000000 ns
10:49:00.073 [main] DEBUG org.eclipse.jgit.internal.storage.file.FileSnapshot - file=/home/toto/.gitconfig, is unmodified
10:49:00.073 [main] DEBUG org.eclipse.jgit.internal.storage.file.FileSnapshot - file=/tmp/junit12619742866840035292/.git/config.lock, isRacyClean=true, read=2024-02-09 10:49:00.073205757, lastModified=2024-02-09 10:48:59.006201787, delta=1067003970 ns, racy<=2500000000 ns
10:49:00.073 [main] DEBUG org.eclipse.jgit.internal.storage.file.FileSnapshot - file=/tmp/junit12619742866840035292/.git/config.lock, is racily clean
10:49:00.073 [main] DEBUG org.eclipse.jgit.internal.storage.file.FileSnapshot - file=/tmp/junit12619742866840035292/.git/config, create new FileSnapshot: lastRead=2024-02-09 10:49:00.073719897, lastModified=2024-02-09 10:48:59.006201787, size=194, fileKey=(dev=10302,ino=13238469)
10:49:00.073 [main] DEBUG org.eclipse.jgit.internal.storage.file.FileSnapshot - file=/tmp/junit12619742866840035292/.git/config.lock, isRacyClean=true, read=2024-02-09 10:49:00.073719897, lastModified=2024-02-09 10:48:59.006201787, delta=1067518110 ns, racy<=2500000000 ns
10:49:00.073 [main] DEBUG org.eclipse.jgit.internal.storage.file.FileSnapshot - file=/tmp/junit12619742866840035292/.git/packed-refs, isRacyClean=true, read=2024-02-09 10:49:00.073292371, lastModified=2024-02-09 10:49:00.050200560, delta=23091811 ns, racy<=2500000000 ns
10:49:00.073 [main] DEBUG org.eclipse.jgit.internal.storage.file.FileSnapshot - file=/tmp/junit12619742866840035292/.git/packed-refs, is racily clean
10:49:00.073 [main] DEBUG org.eclipse.jgit.internal.storage.file.FileSnapshot - file=/tmp/junit12619742866840035292/.git/packed-refs, create new FileSnapshot: lastRead=2024-02-09 10:49:00.073798665, lastModified=2024-02-09 10:49:00.050200560, size=388, fileKey=(dev=10302,ino=13238472)
10:49:00.074 [main] DEBUG org.eclipse.jgit.internal.storage.file.FileSnapshot - file=/home/toto/.config/jgit/config, isRacyClean=false, read=2024-02-09 10:48:58.959926568, lastModified=2024-02-08 23:36:20.464134450, delta=40358495792118 ns, racy<=2500000000 ns
10:49:00.074 [main] DEBUG org.eclipse.jgit.internal.storage.file.FileSnapshot - file=/home/toto/.config/jgit/config, is unmodified
10:49:00.074 [main] DEBUG org.eclipse.jgit.internal.storage.file.FileSnapshot - file=/etc/gitconfig, isRacyClean=false, read=2024-02-09 10:48:58.971926671, lastModified=1970-01-01 01:00:00.000000000, delta=1707472138971926671 ns, racy<=2500000000 ns
10:49:00.074 [main] DEBUG org.eclipse.jgit.internal.storage.file.FileSnapshot - file=/etc/gitconfig, is unmodified
10:49:00.074 [main] DEBUG org.eclipse.jgit.internal.storage.file.FileSnapshot - file=/home/toto/.gitconfig, isRacyClean=false, read=2024-02-09 10:48:58.972508608, lastModified=2024-01-22 19:04:00.457118245, delta=1525498515390363 ns, racy<=2500000000 ns
10:49:00.074 [main] DEBUG org.eclipse.jgit.internal.storage.file.FileSnapshot - file=/home/toto/.gitconfig, is unmodified
10:49:00.074 [main] DEBUG org.eclipse.jgit.internal.storage.file.FileSnapshot - file=/tmp/junit12619742866840035292/.git/config.lock, isRacyClean=true, read=2024-02-09 10:49:00.073719897, lastModified=2024-02-09 10:48:59.006201787, delta=1067518110 ns, racy<=2500000000 ns
10:49:00.074 [main] DEBUG org.eclipse.jgit.internal.storage.file.FileSnapshot - file=/tmp/junit12619742866840035292/.git/config.lock, is racily clean
10:49:00.074 [main] DEBUG org.eclipse.jgit.internal.storage.file.FileSnapshot - file=/tmp/junit12619742866840035292/.git/config, create new FileSnapshot: lastRead=2024-02-09 10:49:00.074168265, lastModified=2024-02-09 10:48:59.006201787, size=194, fileKey=(dev=10302,ino=13238469)
10:49:00.074 [main] DEBUG org.eclipse.jgit.internal.storage.file.FileSnapshot - file=/tmp/junit12619742866840035292/.git/config.lock, isRacyClean=true, read=2024-02-09 10:49:00.074168265, lastModified=2024-02-09 10:48:59.006201787, delta=1067966478 ns, racy<=2500000000 ns
10:49:00.074 [main] DEBUG org.eclipse.jgit.internal.storage.file.FileSnapshot - file=/tmp/junit12619742866840035292/.git/packed-refs, isRacyClean=true, read=2024-02-09 10:49:00.073798665, lastModified=2024-02-09 10:49:00.050200560, delta=23598105 ns, racy<=2500000000 ns
10:49:00.074 [main] DEBUG org.eclipse.jgit.internal.storage.file.FileSnapshot - file=/tmp/junit12619742866840035292/.git/packed-refs, is racily clean
10:49:00.074 [main] DEBUG org.eclipse.jgit.internal.storage.file.FileSnapshot - file=/tmp/junit12619742866840035292/.git/packed-refs, create new FileSnapshot: lastRead=2024-02-09 10:49:00.074246018, lastModified=2024-02-09 10:49:00.050200560, size=388, fileKey=(dev=10302,ino=13238472)
10:49:00.074 [main] DEBUG org.eclipse.jgit.internal.storage.file.FileSnapshot - file=/tmp/junit12619742866840035292/.git/HEAD.lock, isRacyClean=true, read=2024-02-09 10:49:00.073444926, lastModified=2024-02-09 10:48:58.998201797, delta=1075243129 ns, racy<=2500000000 ns
10:49:00.074 [main] DEBUG org.eclipse.jgit.internal.storage.file.FileSnapshot - file=/tmp/junit12619742866840035292/.git/HEAD.lock, is racily clean
10:49:00.074 [main] DEBUG org.eclipse.jgit.internal.storage.file.FileSnapshot - file=/tmp/junit12619742866840035292/.git/HEAD, create new FileSnapshot: lastRead=2024-02-09 10:49:00.074393599, lastModified=2024-02-09 10:48:58.998201797, size=23, fileKey=(dev=10302,ino=13238467)
10:49:00.074 [main] DEBUG org.eclipse.jgit.internal.storage.file.FileSnapshot - file=/tmp/junit12619742866840035292/.git/HEAD.lock, isRacyClean=true, read=2024-02-09 10:49:00.074393599, lastModified=2024-02-09 10:48:58.998201797, delta=1076191802 ns, racy<=2500000000 ns
10:49:00.074 [main] DEBUG org.eclipse.jgit.internal.storage.file.FileSnapshot - file=/home/toto/.config/jgit/config, isRacyClean=false, read=2024-02-09 10:48:58.959926568, lastModified=2024-02-08 23:36:20.464134450, delta=40358495792118 ns, racy<=2500000000 ns
10:49:00.074 [main] DEBUG org.eclipse.jgit.internal.storage.file.FileSnapshot - file=/home/toto/.config/jgit/config, is unmodified
10:49:00.074 [main] DEBUG org.eclipse.jgit.internal.storage.file.FileSnapshot - file=/etc/gitconfig, isRacyClean=false, read=2024-02-09 10:48:58.971926671, lastModified=1970-01-01 01:00:00.000000000, delta=1707472138971926671 ns, racy<=2500000000 ns
10:49:00.074 [main] DEBUG org.eclipse.jgit.internal.storage.file.FileSnapshot - file=/etc/gitconfig, is unmodified
10:49:00.074 [main] DEBUG org.eclipse.jgit.internal.storage.file.FileSnapshot - file=/home/toto/.gitconfig, isRacyClean=false, read=2024-02-09 10:48:58.972508608, lastModified=2024-01-22 19:04:00.457118245, delta=1525498515390363 ns, racy<=2500000000 ns
10:49:00.074 [main] DEBUG org.eclipse.jgit.internal.storage.file.FileSnapshot - file=/home/toto/.gitconfig, is unmodified
10:49:00.074 [main] DEBUG org.eclipse.jgit.internal.storage.file.FileSnapshot - file=/tmp/junit12619742866840035292/.git/config.lock, isRacyClean=true, read=2024-02-09 10:49:00.074168265, lastModified=2024-02-09 10:48:59.006201787, delta=1067966478 ns, racy<=2500000000 ns
10:49:00.074 [main] DEBUG org.eclipse.jgit.internal.storage.file.FileSnapshot - file=/tmp/junit12619742866840035292/.git/config.lock, is racily clean
10:49:00.074 [main] DEBUG org.eclipse.jgit.internal.storage.file.FileSnapshot - file=/tmp/junit12619742866840035292/.git/config, create new FileSnapshot: lastRead=2024-02-09 10:49:00.074672243, lastModified=2024-02-09 10:48:59.006201787, size=194, fileKey=(dev=10302,ino=13238469)
10:49:00.074 [main] DEBUG org.eclipse.jgit.internal.storage.file.FileSnapshot - file=/tmp/junit12619742866840035292/.git/config.lock, isRacyClean=true, read=2024-02-09 10:49:00.074672243, lastModified=2024-02-09 10:48:59.006201787, delta=1068470456 ns, racy<=2500000000 ns
10:49:00.074 [main] DEBUG org.eclipse.jgit.internal.storage.file.FileSnapshot - file=/tmp/junit12619742866840035292/.git/packed-refs, isRacyClean=true, read=2024-02-09 10:49:00.074246018, lastModified=2024-02-09 10:49:00.050200560, delta=24045458 ns, racy<=2500000000 ns
10:49:00.074 [main] DEBUG org.eclipse.jgit.internal.storage.file.FileSnapshot - file=/tmp/junit12619742866840035292/.git/packed-refs, is racily clean
10:49:00.074 [main] DEBUG org.eclipse.jgit.internal.storage.file.FileSnapshot - file=/tmp/junit12619742866840035292/.git/packed-refs, create new FileSnapshot: lastRead=2024-02-09 10:49:00.074750932, lastModified=2024-02-09 10:49:00.050200560, size=388, fileKey=(dev=10302,ino=13238472)
10:49:00.074 [main] DEBUG org.eclipse.jgit.internal.storage.file.FileSnapshot - file=/tmp/junit12619742866840035292/.git/HEAD.lock, isRacyClean=true, read=2024-02-09 10:49:00.074393599, lastModified=2024-02-09 10:48:58.998201797, delta=1076191802 ns, racy<=2500000000 ns
10:49:00.074 [main] DEBUG org.eclipse.jgit.internal.storage.file.FileSnapshot - file=/tmp/junit12619742866840035292/.git/HEAD.lock, is racily clean
10:49:00.074 [main] DEBUG org.eclipse.jgit.internal.storage.file.FileSnapshot - file=/tmp/junit12619742866840035292/.git/HEAD, create new FileSnapshot: lastRead=2024-02-09 10:49:00.074886816, lastModified=2024-02-09 10:48:58.998201797, size=23, fileKey=(dev=10302,ino=13238467)
10:49:00.074 [main] DEBUG org.eclipse.jgit.internal.storage.file.FileSnapshot - file=/tmp/junit12619742866840035292/.git/HEAD.lock, isRacyClean=true, read=2024-02-09 10:49:00.074886816, lastModified=2024-02-09 10:48:58.998201797, delta=1076685019 ns, racy<=2500000000 ns
10:49:00.075 [main] DEBUG org.eclipse.jgit.internal.storage.file.FileSnapshot - file=/home/toto/.config/jgit/config, isRacyClean=false, read=2024-02-09 10:48:58.959926568, lastModified=2024-02-08 23:36:20.464134450, delta=40358495792118 ns, racy<=2500000000 ns
10:49:00.075 [main] DEBUG org.eclipse.jgit.internal.storage.file.FileSnapshot - file=/home/toto/.config/jgit/config, is unmodified
10:49:00.075 [main] DEBUG org.eclipse.jgit.internal.storage.file.FileSnapshot - file=/etc/gitconfig, isRacyClean=false, read=2024-02-09 10:48:58.971926671, lastModified=1970-01-01 01:00:00.000000000, delta=1707472138971926671 ns, racy<=2500000000 ns
10:49:00.075 [main] DEBUG org.eclipse.jgit.internal.storage.file.FileSnapshot - file=/etc/gitconfig, is unmodified
10:49:00.075 [main] DEBUG org.eclipse.jgit.internal.storage.file.FileSnapshot - file=/home/toto/.gitconfig, isRacyClean=false, read=2024-02-09 10:48:58.972508608, lastModified=2024-01-22 19:04:00.457118245, delta=1525498515390363 ns, racy<=2500000000 ns
10:49:00.075 [main] DEBUG org.eclipse.jgit.internal.storage.file.FileSnapshot - file=/home/toto/.gitconfig, is unmodified
10:49:00.075 [main] DEBUG org.eclipse.jgit.internal.storage.file.FileSnapshot - file=/tmp/junit12619742866840035292/.git/config.lock, isRacyClean=true, read=2024-02-09 10:49:00.074672243, lastModified=2024-02-09 10:48:59.006201787, delta=1068470456 ns, racy<=2500000000 ns
10:49:00.075 [main] DEBUG org.eclipse.jgit.internal.storage.file.FileSnapshot - file=/tmp/junit12619742866840035292/.git/config.lock, is racily clean
10:49:00.075 [main] DEBUG org.eclipse.jgit.internal.storage.file.FileSnapshot - file=/tmp/junit12619742866840035292/.git/config, create new FileSnapshot: lastRead=2024-02-09 10:49:00.075156111, lastModified=2024-02-09 10:48:59.006201787, size=194, fileKey=(dev=10302,ino=13238469)
10:49:00.075 [main] DEBUG org.eclipse.jgit.internal.storage.file.FileSnapshot - file=/tmp/junit12619742866840035292/.git/config.lock, isRacyClean=true, read=2024-02-09 10:49:00.075156111, lastModified=2024-02-09 10:48:59.006201787, delta=1068954324 ns, racy<=2500000000 ns
10:49:00.075 [main] DEBUG org.eclipse.jgit.internal.storage.file.FileSnapshot - file=/tmp/junit12619742866840035292/.git/packed-refs, isRacyClean=true, read=2024-02-09 10:49:00.074750932, lastModified=2024-02-09 10:49:00.050200560, delta=24550372 ns, racy<=2500000000 ns
10:49:00.075 [main] DEBUG org.eclipse.jgit.internal.storage.file.FileSnapshot - file=/tmp/junit12619742866840035292/.git/packed-refs, is racily clean
10:49:00.075 [main] DEBUG org.eclipse.jgit.internal.storage.file.FileSnapshot - file=/tmp/junit12619742866840035292/.git/packed-refs, create new FileSnapshot: lastRead=2024-02-09 10:49:00.075241500, lastModified=2024-02-09 10:49:00.050200560, size=388, fileKey=(dev=10302,ino=13238472)
10:49:00.075 [main] DEBUG org.eclipse.jgit.internal.storage.file.FileSnapshot - file=/home/toto/.config/jgit/config, isRacyClean=false, read=2024-02-09 10:48:58.959926568, lastModified=2024-02-08 23:36:20.464134450, delta=40358495792118 ns, racy<=2500000000 ns
10:49:00.075 [main] DEBUG org.eclipse.jgit.internal.storage.file.FileSnapshot - file=/home/toto/.config/jgit/config, is unmodified
10:49:00.075 [main] DEBUG org.eclipse.jgit.internal.storage.file.FileSnapshot - file=/etc/gitconfig, isRacyClean=false, read=2024-02-09 10:48:58.971926671, lastModified=1970-01-01 01:00:00.000000000, delta=1707472138971926671 ns, racy<=2500000000 ns
10:49:00.075 [main] DEBUG org.eclipse.jgit.internal.storage.file.FileSnapshot - file=/etc/gitconfig, is unmodified
10:49:00.075 [main] DEBUG org.eclipse.jgit.internal.storage.file.FileSnapshot - file=/home/toto/.gitconfig, isRacyClean=false, read=2024-02-09 10:48:58.972508608, lastModified=2024-01-22 19:04:00.457118245, delta=1525498515390363 ns, racy<=2500000000 ns
10:49:00.075 [main] DEBUG org.eclipse.jgit.internal.storage.file.FileSnapshot - file=/home/toto/.gitconfig, is unmodified
10:49:00.075 [main] DEBUG org.eclipse.jgit.internal.storage.file.FileSnapshot - file=/tmp/junit12619742866840035292/.git/config.lock, isRacyClean=true, read=2024-02-09 10:49:00.075156111, lastModified=2024-02-09 10:48:59.006201787, delta=1068954324 ns, racy<=2500000000 ns
10:49:00.075 [main] DEBUG org.eclipse.jgit.internal.storage.file.FileSnapshot - file=/tmp/junit12619742866840035292/.git/config.lock, is racily clean
10:49:00.075 [main] DEBUG org.eclipse.jgit.internal.storage.file.FileSnapshot - file=/tmp/junit12619742866840035292/.git/config, create new FileSnapshot: lastRead=2024-02-09 10:49:00.075532146, lastModified=2024-02-09 10:48:59.006201787, size=194, fileKey=(dev=10302,ino=13238469)
10:49:00.075 [main] DEBUG org.eclipse.jgit.internal.storage.file.FileSnapshot - file=/tmp/junit12619742866840035292/.git/config.lock, isRacyClean=true, read=2024-02-09 10:49:00.075532146, lastModified=2024-02-09 10:48:59.006201787, delta=1069330359 ns, racy<=2500000000 ns
10:49:00.075 [main] DEBUG org.eclipse.jgit.internal.storage.file.FileSnapshot - file=/tmp/junit12619742866840035292/.git/HEAD.lock, create new FileSnapshot: lastRead=2024-02-09 10:49:00.075664514, lastModified=2024-02-09 10:49:00.074200532, size=21, fileKey=(dev=10302,ino=13238471)
10:49:00.075 [main] DEBUG org.eclipse.jgit.internal.storage.file.FileSnapshot - file=/home/toto/.config/jgit/config, isRacyClean=false, read=2024-02-09 10:48:58.959926568, lastModified=2024-02-08 23:36:20.464134450, delta=40358495792118 ns, racy<=2500000000 ns
10:49:00.075 [main] DEBUG org.eclipse.jgit.internal.storage.file.FileSnapshot - file=/home/toto/.config/jgit/config, is unmodified
10:49:00.075 [main] DEBUG org.eclipse.jgit.internal.storage.file.FileSnapshot - file=/etc/gitconfig, isRacyClean=false, read=2024-02-09 10:48:58.971926671, lastModified=1970-01-01 01:00:00.000000000, delta=1707472138971926671 ns, racy<=2500000000 ns
10:49:00.075 [main] DEBUG org.eclipse.jgit.internal.storage.file.FileSnapshot - file=/etc/gitconfig, is unmodified
10:49:00.075 [main] DEBUG org.eclipse.jgit.internal.storage.file.FileSnapshot - file=/home/toto/.gitconfig, isRacyClean=false, read=2024-02-09 10:48:58.972508608, lastModified=2024-01-22 19:04:00.457118245, delta=1525498515390363 ns, racy<=2500000000 ns
10:49:00.075 [main] DEBUG org.eclipse.jgit.internal.storage.file.FileSnapshot - file=/home/toto/.gitconfig, is unmodified
10:49:00.075 [main] DEBUG org.eclipse.jgit.internal.storage.file.FileSnapshot - file=/tmp/junit12619742866840035292/.git/config.lock, isRacyClean=true, read=2024-02-09 10:49:00.075532146, lastModified=2024-02-09 10:48:59.006201787, delta=1069330359 ns, racy<=2500000000 ns
10:49:00.075 [main] DEBUG org.eclipse.jgit.internal.storage.file.FileSnapshot - file=/tmp/junit12619742866840035292/.git/config.lock, is racily clean
10:49:00.075 [main] DEBUG org.eclipse.jgit.internal.storage.file.FileSnapshot - file=/tmp/junit12619742866840035292/.git/config, create new FileSnapshot: lastRead=2024-02-09 10:49:00.075897271, lastModified=2024-02-09 10:48:59.006201787, size=194, fileKey=(dev=10302,ino=13238469)
10:49:00.075 [main] DEBUG org.eclipse.jgit.internal.storage.file.FileSnapshot - file=/tmp/junit12619742866840035292/.git/config.lock, isRacyClean=true, read=2024-02-09 10:49:00.075897271, lastModified=2024-02-09 10:48:59.006201787, delta=1069695484 ns, racy<=2500000000 ns
10:49:00.075 [main] DEBUG org.eclipse.jgit.internal.storage.file.FileSnapshot - file=/home/toto/.config/jgit/config, isRacyClean=false, read=2024-02-09 10:48:58.959926568, lastModified=2024-02-08 23:36:20.464134450, delta=40358495792118 ns, racy<=2500000000 ns
10:49:00.076 [main] DEBUG org.eclipse.jgit.internal.storage.file.FileSnapshot - file=/home/toto/.config/jgit/config, is unmodified
10:49:00.076 [main] DEBUG org.eclipse.jgit.internal.storage.file.FileSnapshot - file=/etc/gitconfig, isRacyClean=false, read=2024-02-09 10:48:58.971926671, lastModified=1970-01-01 01:00:00.000000000, delta=1707472138971926671 ns, racy<=2500000000 ns
10:49:00.076 [main] DEBUG org.eclipse.jgit.internal.storage.file.FileSnapshot - file=/etc/gitconfig, is unmodified
10:49:00.076 [main] DEBUG org.eclipse.jgit.internal.storage.file.FileSnapshot - file=/home/toto/.gitconfig, isRacyClean=false, read=2024-02-09 10:48:58.972508608, lastModified=2024-01-22 19:04:00.457118245, delta=1525498515390363 ns, racy<=2500000000 ns
10:49:00.076 [main] DEBUG org.eclipse.jgit.internal.storage.file.FileSnapshot - file=/home/toto/.gitconfig, is unmodified
10:49:00.076 [main] DEBUG org.eclipse.jgit.internal.storage.file.FileSnapshot - file=/tmp/junit12619742866840035292/.git/config.lock, isRacyClean=true, read=2024-02-09 10:49:00.075897271, lastModified=2024-02-09 10:48:59.006201787, delta=1069695484 ns, racy<=2500000000 ns
10:49:00.076 [main] DEBUG org.eclipse.jgit.internal.storage.file.FileSnapshot - file=/tmp/junit12619742866840035292/.git/config.lock, is racily clean
10:49:00.076 [main] DEBUG org.eclipse.jgit.internal.storage.file.FileSnapshot - file=/tmp/junit12619742866840035292/.git/config, create new FileSnapshot: lastRead=2024-02-09 10:49:00.076135765, lastModified=2024-02-09 10:48:59.006201787, size=194, fileKey=(dev=10302,ino=13238469)
10:49:00.076 [main] DEBUG org.eclipse.jgit.internal.storage.file.FileSnapshot - file=/tmp/junit12619742866840035292/.git/config.lock, isRacyClean=true, read=2024-02-09 10:49:00.076135765, lastModified=2024-02-09 10:48:59.006201787, delta=1069933978 ns, racy<=2500000000 ns
10:49:00.076 [main] DEBUG org.eclipse.jgit.internal.storage.file.FileSnapshot - file=/home/toto/.config/jgit/config, isRacyClean=false, read=2024-02-09 10:48:58.959926568, lastModified=2024-02-08 23:36:20.464134450, delta=40358495792118 ns, racy<=2500000000 ns
10:49:00.076 [main] DEBUG org.eclipse.jgit.internal.storage.file.FileSnapshot - file=/home/toto/.config/jgit/config, is unmodified
10:49:00.076 [main] DEBUG org.eclipse.jgit.internal.storage.file.FileSnapshot - file=/etc/gitconfig, isRacyClean=false, read=2024-02-09 10:48:58.971926671, lastModified=1970-01-01 01:00:00.000000000, delta=1707472138971926671 ns, racy<=2500000000 ns
10:49:00.076 [main] DEBUG org.eclipse.jgit.internal.storage.file.FileSnapshot - file=/etc/gitconfig, is unmodified
10:49:00.076 [main] DEBUG org.eclipse.jgit.internal.storage.file.FileSnapshot - file=/home/toto/.gitconfig, isRacyClean=false, read=2024-02-09 10:48:58.972508608, lastModified=2024-01-22 19:04:00.457118245, delta=1525498515390363 ns, racy<=2500000000 ns
10:49:00.076 [main] DEBUG org.eclipse.jgit.internal.storage.file.FileSnapshot - file=/home/toto/.gitconfig, is unmodified
10:49:00.076 [main] DEBUG org.eclipse.jgit.internal.storage.file.FileSnapshot - file=/tmp/junit12619742866840035292/.git/config.lock, isRacyClean=true, read=2024-02-09 10:49:00.076135765, lastModified=2024-02-09 10:48:59.006201787, delta=1069933978 ns, racy<=2500000000 ns
10:49:00.076 [main] DEBUG org.eclipse.jgit.internal.storage.file.FileSnapshot - file=/tmp/junit12619742866840035292/.git/config.lock, is racily clean
10:49:00.076 [main] DEBUG org.eclipse.jgit.internal.storage.file.FileSnapshot - file=/tmp/junit12619742866840035292/.git/config, create new FileSnapshot: lastRead=2024-02-09 10:49:00.076279131, lastModified=2024-02-09 10:48:59.006201787, size=194, fileKey=(dev=10302,ino=13238469)
10:49:00.076 [main] DEBUG org.eclipse.jgit.internal.storage.file.FileSnapshot - file=/tmp/junit12619742866840035292/.git/config.lock, isRacyClean=true, read=2024-02-09 10:49:00.076279131, lastModified=2024-02-09 10:48:59.006201787, delta=1070077344 ns, racy<=2500000000 ns
10:49:00.076 [main] DEBUG org.eclipse.jgit.internal.storage.file.FileSnapshot - file=/home/toto/.config/jgit/config, isRacyClean=false, read=2024-02-09 10:48:58.959926568, lastModified=2024-02-08 23:36:20.464134450, delta=40358495792118 ns, racy<=2500000000 ns
10:49:00.076 [main] DEBUG org.eclipse.jgit.internal.storage.file.FileSnapshot - file=/home/toto/.config/jgit/config, is unmodified
10:49:00.076 [main] DEBUG org.eclipse.jgit.internal.storage.file.FileSnapshot - file=/etc/gitconfig, isRacyClean=false, read=2024-02-09 10:48:58.971926671, lastModified=1970-01-01 01:00:00.000000000, delta=1707472138971926671 ns, racy<=2500000000 ns
10:49:00.076 [main] DEBUG org.eclipse.jgit.internal.storage.file.FileSnapshot - file=/etc/gitconfig, is unmodified
10:49:00.076 [main] DEBUG org.eclipse.jgit.internal.storage.file.FileSnapshot - file=/home/toto/.gitconfig, isRacyClean=false, read=2024-02-09 10:48:58.972508608, lastModified=2024-01-22 19:04:00.457118245, delta=1525498515390363 ns, racy<=2500000000 ns
10:49:00.076 [main] DEBUG org.eclipse.jgit.internal.storage.file.FileSnapshot - file=/home/toto/.gitconfig, is unmodified
10:49:00.076 [main] DEBUG org.eclipse.jgit.internal.storage.file.FileSnapshot - file=/tmp/junit12619742866840035292/.git/config.lock, isRacyClean=true, read=2024-02-09 10:49:00.076279131, lastModified=2024-02-09 10:48:59.006201787, delta=1070077344 ns, racy<=2500000000 ns
10:49:00.076 [main] DEBUG org.eclipse.jgit.internal.storage.file.FileSnapshot - file=/tmp/junit12619742866840035292/.git/config.lock, is racily clean
10:49:00.076 [main] DEBUG org.eclipse.jgit.internal.storage.file.FileSnapshot - file=/tmp/junit12619742866840035292/.git/config, create new FileSnapshot: lastRead=2024-02-09 10:49:00.076420404, lastModified=2024-02-09 10:48:59.006201787, size=194, fileKey=(dev=10302,ino=13238469)
10:49:00.076 [main] DEBUG org.eclipse.jgit.internal.storage.file.FileSnapshot - file=/tmp/junit12619742866840035292/.git/config.lock, isRacyClean=true, read=2024-02-09 10:49:00.076420404, lastModified=2024-02-09 10:48:59.006201787, delta=1070218617 ns, racy<=2500000000 ns
10:49:00.076 [main] DEBUG org.eclipse.jgit.internal.storage.file.FileSnapshot - file=/tmp/junit12619742866840035292/.git/config.lock, create new FileSnapshot: lastRead=2024-02-09 10:49:00.076584550, lastModified=2024-02-09 10:49:00.074200532, size=252, fileKey=(dev=10302,ino=13238467)
10:49:00.076 [main] DEBUG org.eclipse.jgit.internal.storage.file.FileSnapshot - file=/home/toto/.config/jgit/config, isRacyClean=false, read=2024-02-09 10:48:58.959926568, lastModified=2024-02-08 23:36:20.464134450, delta=40358495792118 ns, racy<=2500000000 ns
10:49:00.076 [main] DEBUG org.eclipse.jgit.internal.storage.file.FileSnapshot - file=/home/toto/.config/jgit/config, is unmodified
10:49:00.076 [main] DEBUG org.eclipse.jgit.internal.storage.file.FileSnapshot - file=/etc/gitconfig, isRacyClean=false, read=2024-02-09 10:48:58.971926671, lastModified=1970-01-01 01:00:00.000000000, delta=1707472138971926671 ns, racy<=2500000000 ns
10:49:00.076 [main] DEBUG org.eclipse.jgit.internal.storage.file.FileSnapshot - file=/etc/gitconfig, is unmodified
10:49:00.076 [main] DEBUG org.eclipse.jgit.internal.storage.file.FileSnapshot - file=/home/toto/.gitconfig, isRacyClean=false, read=2024-02-09 10:48:58.972508608, lastModified=2024-01-22 19:04:00.457118245, delta=1525498515390363 ns, racy<=2500000000 ns
10:49:00.076 [main] DEBUG org.eclipse.jgit.internal.storage.file.FileSnapshot - file=/home/toto/.gitconfig, is unmodified
10:49:00.076 [main] DEBUG org.eclipse.jgit.internal.storage.file.FileSnapshot - file=/tmp/junit12619742866840035292/.git/config.lock, isRacyClean=true, read=2024-02-09 10:49:00.076584550, lastModified=2024-02-09 10:49:00.074200532, delta=2384018 ns, racy<=2500000000 ns
10:49:00.076 [main] DEBUG org.eclipse.jgit.internal.storage.file.FileSnapshot - file=/tmp/junit12619742866840035292/.git/config.lock, is racily clean
10:49:00.076 [main] DEBUG org.eclipse.jgit.internal.storage.file.FileSnapshot - file=/tmp/junit12619742866840035292/.git/config, create new FileSnapshot: lastRead=2024-02-09 10:49:00.076855162, lastModified=2024-02-09 10:49:00.074200532, size=252, fileKey=(dev=10302,ino=13238467)
10:49:00.076 [main] DEBUG org.eclipse.jgit.internal.storage.file.FileSnapshot - file=/tmp/junit12619742866840035292/.git/config.lock, isRacyClean=true, read=2024-02-09 10:49:00.076855162, lastModified=2024-02-09 10:49:00.074200532, delta=2654630 ns, racy<=2500000000 ns
10:49:00.076 [main] DEBUG org.eclipse.jgit.internal.storage.file.FileSnapshot - file=/tmp/junit12619742866840035292/.git/packed-refs, isRacyClean=true, read=2024-02-09 10:49:00.075241500, lastModified=2024-02-09 10:49:00.050200560, delta=25040940 ns, racy<=2500000000 ns
10:49:00.076 [main] DEBUG org.eclipse.jgit.internal.storage.file.FileSnapshot - file=/tmp/junit12619742866840035292/.git/packed-refs, is racily clean
10:49:00.076 [main] DEBUG org.eclipse.jgit.internal.storage.file.FileSnapshot - file=/tmp/junit12619742866840035292/.git/packed-refs, create new FileSnapshot: lastRead=2024-02-09 10:49:00.076932991, lastModified=2024-02-09 10:49:00.050200560, size=388, fileKey=(dev=10302,ino=13238472)
10:49:00.077 [main] DEBUG org.eclipse.jgit.internal.storage.file.FileSnapshot - file=/tmp/junit12619742866840035292/.git/HEAD.lock, isRacyClean=true, read=2024-02-09 10:49:00.075664514, lastModified=2024-02-09 10:49:00.074200532, delta=1463982 ns, racy<=2500000000 ns
10:49:00.077 [main] DEBUG org.eclipse.jgit.internal.storage.file.FileSnapshot - file=/tmp/junit12619742866840035292/.git/HEAD.lock, is racily clean
10:49:00.077 [main] DEBUG org.eclipse.jgit.internal.storage.file.FileSnapshot - file=/tmp/junit12619742866840035292/.git/HEAD, create new FileSnapshot: lastRead=2024-02-09 10:49:00.077080569, lastModified=2024-02-09 10:49:00.074200532, size=21, fileKey=(dev=10302,ino=13238471)
10:49:00.077 [main] DEBUG org.eclipse.jgit.internal.storage.file.FileSnapshot - file=/tmp/junit12619742866840035292/.git/HEAD.lock, isRacyClean=true, read=2024-02-09 10:49:00.077080569, lastModified=2024-02-09 10:49:00.074200532, delta=2880037 ns, racy<=2500000000 ns
10:49:00.077 [main] DEBUG org.eclipse.jgit.internal.storage.file.FileSnapshot - file=/home/toto/.config/jgit/config, isRacyClean=false, read=2024-02-09 10:48:58.959926568, lastModified=2024-02-08 23:36:20.464134450, delta=40358495792118 ns, racy<=2500000000 ns
10:49:00.077 [main] DEBUG org.eclipse.jgit.internal.storage.file.FileSnapshot - file=/home/toto/.config/jgit/config, is unmodified
10:49:00.077 [main] DEBUG org.eclipse.jgit.internal.storage.file.FileSnapshot - file=/etc/gitconfig, isRacyClean=false, read=2024-02-09 10:48:58.971926671, lastModified=1970-01-01 01:00:00.000000000, delta=1707472138971926671 ns, racy<=2500000000 ns
10:49:00.077 [main] DEBUG org.eclipse.jgit.internal.storage.file.FileSnapshot - file=/etc/gitconfig, is unmodified
10:49:00.077 [main] DEBUG org.eclipse.jgit.internal.storage.file.FileSnapshot - file=/home/toto/.gitconfig, isRacyClean=false, read=2024-02-09 10:48:58.972508608, lastModified=2024-01-22 19:04:00.457118245, delta=1525498515390363 ns, racy<=2500000000 ns
10:49:00.077 [main] DEBUG org.eclipse.jgit.internal.storage.file.FileSnapshot - file=/home/toto/.gitconfig, is unmodified
10:49:00.077 [main] DEBUG org.eclipse.jgit.internal.storage.file.FileSnapshot - file=/tmp/junit12619742866840035292/.git/config.lock, isRacyClean=true, read=2024-02-09 10:49:00.076855162, lastModified=2024-02-09 10:49:00.074200532, delta=2654630 ns, racy<=2500000000 ns
10:49:00.077 [main] DEBUG org.eclipse.jgit.internal.storage.file.FileSnapshot - file=/tmp/junit12619742866840035292/.git/config.lock, is racily clean
10:49:00.077 [main] DEBUG org.eclipse.jgit.internal.storage.file.FileSnapshot - file=/tmp/junit12619742866840035292/.git/config, create new FileSnapshot: lastRead=2024-02-09 10:49:00.077372581, lastModified=2024-02-09 10:49:00.074200532, size=252, fileKey=(dev=10302,ino=13238467)
10:49:00.077 [main] DEBUG org.eclipse.jgit.internal.storage.file.FileSnapshot - file=/tmp/junit12619742866840035292/.git/config.lock, isRacyClean=true, read=2024-02-09 10:49:00.077372581, lastModified=2024-02-09 10:49:00.074200532, delta=3172049 ns, racy<=2500000000 ns
10:49:00.077 [main] DEBUG org.eclipse.jgit.internal.storage.file.FileSnapshot - file=/tmp/junit12619742866840035292/.git/packed-refs, isRacyClean=true, read=2024-02-09 10:49:00.076932991, lastModified=2024-02-09 10:49:00.050200560, delta=26732431 ns, racy<=2500000000 ns
10:49:00.077 [main] DEBUG org.eclipse.jgit.internal.storage.file.FileSnapshot - file=/tmp/junit12619742866840035292/.git/packed-refs, is racily clean
10:49:00.077 [main] DEBUG org.eclipse.jgit.internal.storage.file.FileSnapshot - file=/tmp/junit12619742866840035292/.git/packed-refs, create new FileSnapshot: lastRead=2024-02-09 10:49:00.077443150, lastModified=2024-02-09 10:49:00.050200560, size=388, fileKey=(dev=10302,ino=13238472)
10:49:00.077 [main] DEBUG org.eclipse.jgit.internal.storage.file.FileSnapshot - file=/home/toto/.config/jgit/config, isRacyClean=false, read=2024-02-09 10:48:58.959926568, lastModified=2024-02-08 23:36:20.464134450, delta=40358495792118 ns, racy<=2500000000 ns
10:49:00.077 [main] DEBUG org.eclipse.jgit.internal.storage.file.FileSnapshot - file=/home/toto/.config/jgit/config, is unmodified
10:49:00.077 [main] DEBUG org.eclipse.jgit.internal.storage.file.FileSnapshot - file=/etc/gitconfig, isRacyClean=false, read=2024-02-09 10:48:58.971926671, lastModified=1970-01-01 01:00:00.000000000, delta=1707472138971926671 ns, racy<=2500000000 ns
10:49:00.077 [main] DEBUG org.eclipse.jgit.internal.storage.file.FileSnapshot - file=/etc/gitconfig, is unmodified
10:49:00.077 [main] DEBUG org.eclipse.jgit.internal.storage.file.FileSnapshot - file=/home/toto/.gitconfig, isRacyClean=false, read=2024-02-09 10:48:58.972508608, lastModified=2024-01-22 19:04:00.457118245, delta=1525498515390363 ns, racy<=2500000000 ns
10:49:00.077 [main] DEBUG org.eclipse.jgit.internal.storage.file.FileSnapshot - file=/home/toto/.gitconfig, is unmodified
10:49:00.077 [main] DEBUG org.eclipse.jgit.internal.storage.file.FileSnapshot - file=/tmp/junit12619742866840035292/.git/config.lock, isRacyClean=true, read=2024-02-09 10:49:00.077372581, lastModified=2024-02-09 10:49:00.074200532, delta=3172049 ns, racy<=2500000000 ns
10:49:00.077 [main] DEBUG org.eclipse.jgit.internal.storage.file.FileSnapshot - file=/tmp/junit12619742866840035292/.git/config.lock, is racily clean
10:49:00.077 [main] DEBUG org.eclipse.jgit.internal.storage.file.FileSnapshot - file=/tmp/junit12619742866840035292/.git/config, create new FileSnapshot: lastRead=2024-02-09 10:49:00.077728015, lastModified=2024-02-09 10:49:00.074200532, size=252, fileKey=(dev=10302,ino=13238467)
10:49:00.077 [main] DEBUG org.eclipse.jgit.internal.storage.file.FileSnapshot - file=/tmp/junit12619742866840035292/.git/config.lock, isRacyClean=true, read=2024-02-09 10:49:00.077728015, lastModified=2024-02-09 10:49:00.074200532, delta=3527483 ns, racy<=2500000000 ns
10:49:00.077 [main] DEBUG org.eclipse.jgit.internal.storage.file.FileSnapshot - file=/tmp/junit12619742866840035292/.git/packed-refs, isRacyClean=true, read=2024-02-09 10:49:00.077443150, lastModified=2024-02-09 10:49:00.050200560, delta=27242590 ns, racy<=2500000000 ns
10:49:00.077 [main] DEBUG org.eclipse.jgit.internal.storage.file.FileSnapshot - file=/tmp/junit12619742866840035292/.git/packed-refs, is racily clean
10:49:00.077 [main] DEBUG org.eclipse.jgit.internal.storage.file.FileSnapshot - file=/tmp/junit12619742866840035292/.git/packed-refs, create new FileSnapshot: lastRead=2024-02-09 10:49:00.077807079, lastModified=2024-02-09 10:49:00.050200560, size=388, fileKey=(dev=10302,ino=13238472)
10:49:00.077 [main] DEBUG org.eclipse.jgit.util.FS - Thread[main,5,main]: cannot measure timestamp resolution of unborn directory /tmp/junit12619742866840035292/.git/refs/refs/heads
10:49:00.078 [main] DEBUG org.eclipse.jgit.util.FS - Thread[main,5,main]: cannot measure timestamp resolution of unborn directory /tmp/junit12619742866840035292/.git/refs/tags/refs/heads
10:49:00.078 [main] DEBUG org.eclipse.jgit.util.FS - Thread[main,5,main]: cannot measure timestamp resolution of unborn directory /tmp/junit12619742866840035292/.git/refs/heads/refs/heads
10:49:00.078 [main] DEBUG org.eclipse.jgit.util.FS - Thread[main,5,main]: cannot measure timestamp resolution of unborn directory /tmp/junit12619742866840035292/.git/refs/remotes/refs/heads
10:49:00.078 [main] DEBUG org.eclipse.jgit.internal.storage.file.FileSnapshot - file=/home/toto/.config/jgit/config, isRacyClean=false, read=2024-02-09 10:48:58.959926568, lastModified=2024-02-08 23:36:20.464134450, delta=40358495792118 ns, racy<=2500000000 ns
10:49:00.078 [main] DEBUG org.eclipse.jgit.internal.storage.file.FileSnapshot - file=/home/toto/.config/jgit/config, is unmodified
10:49:00.078 [main] DEBUG org.eclipse.jgit.internal.storage.file.FileSnapshot - file=/etc/gitconfig, isRacyClean=false, read=2024-02-09 10:48:58.971926671, lastModified=1970-01-01 01:00:00.000000000, delta=1707472138971926671 ns, racy<=2500000000 ns
10:49:00.078 [main] DEBUG org.eclipse.jgit.internal.storage.file.FileSnapshot - file=/etc/gitconfig, is unmodified
10:49:00.078 [main] DEBUG org.eclipse.jgit.internal.storage.file.FileSnapshot - file=/home/toto/.gitconfig, isRacyClean=false, read=2024-02-09 10:48:58.972508608, lastModified=2024-01-22 19:04:00.457118245, delta=1525498515390363 ns, racy<=2500000000 ns
10:49:00.078 [main] DEBUG org.eclipse.jgit.internal.storage.file.FileSnapshot - file=/home/toto/.gitconfig, is unmodified
10:49:00.078 [main] DEBUG org.eclipse.jgit.internal.storage.file.FileSnapshot - file=/tmp/junit12619742866840035292/.git/config.lock, isRacyClean=true, read=2024-02-09 10:49:00.077728015, lastModified=2024-02-09 10:49:00.074200532, delta=3527483 ns, racy<=2500000000 ns
10:49:00.078 [main] DEBUG org.eclipse.jgit.internal.storage.file.FileSnapshot - file=/tmp/junit12619742866840035292/.git/config.lock, is racily clean
10:49:00.078 [main] DEBUG org.eclipse.jgit.internal.storage.file.FileSnapshot - file=/tmp/junit12619742866840035292/.git/config, create new FileSnapshot: lastRead=2024-02-09 10:49:00.078331524, lastModified=2024-02-09 10:49:00.074200532, size=252, fileKey=(dev=10302,ino=13238467)
10:49:00.078 [main] DEBUG org.eclipse.jgit.internal.storage.file.FileSnapshot - file=/tmp/junit12619742866840035292/.git/config.lock, isRacyClean=true, read=2024-02-09 10:49:00.078331524, lastModified=2024-02-09 10:49:00.074200532, delta=4130992 ns, racy<=2500000000 ns
10:49:00.078 [main] DEBUG org.eclipse.jgit.internal.storage.file.FileSnapshot - file=/home/toto/.config/jgit/config, isRacyClean=false, read=2024-02-09 10:48:58.959926568, lastModified=2024-02-08 23:36:20.464134450, delta=40358495792118 ns, racy<=2500000000 ns
10:49:00.078 [main] DEBUG org.eclipse.jgit.internal.storage.file.FileSnapshot - file=/home/toto/.config/jgit/config, is unmodified
10:49:00.078 [main] DEBUG org.eclipse.jgit.internal.storage.file.FileSnapshot - file=/etc/gitconfig, isRacyClean=false, read=2024-02-09 10:48:58.971926671, lastModified=1970-01-01 01:00:00.000000000, delta=1707472138971926671 ns, racy<=2500000000 ns
10:49:00.078 [main] DEBUG org.eclipse.jgit.internal.storage.file.FileSnapshot - file=/etc/gitconfig, is unmodified
10:49:00.078 [main] DEBUG org.eclipse.jgit.internal.storage.file.FileSnapshot - file=/home/toto/.gitconfig, isRacyClean=false, read=2024-02-09 10:48:58.972508608, lastModified=2024-01-22 19:04:00.457118245, delta=1525498515390363 ns, racy<=2500000000 ns
10:49:00.078 [main] DEBUG org.eclipse.jgit.internal.storage.file.FileSnapshot - file=/home/toto/.gitconfig, is unmodified
10:49:00.078 [main] DEBUG org.eclipse.jgit.internal.storage.file.FileSnapshot - file=/tmp/junit12619742866840035292/.git/config.lock, isRacyClean=true, read=2024-02-09 10:49:00.078331524, lastModified=2024-02-09 10:49:00.074200532, delta=4130992 ns, racy<=2500000000 ns
10:49:00.078 [main] DEBUG org.eclipse.jgit.internal.storage.file.FileSnapshot - file=/tmp/junit12619742866840035292/.git/config.lock, is racily clean
10:49:00.078 [main] DEBUG org.eclipse.jgit.internal.storage.file.FileSnapshot - file=/tmp/junit12619742866840035292/.git/config, create new FileSnapshot: lastRead=2024-02-09 10:49:00.078544596, lastModified=2024-02-09 10:49:00.074200532, size=252, fileKey=(dev=10302,ino=13238467)
10:49:00.078 [main] DEBUG org.eclipse.jgit.internal.storage.file.FileSnapshot - file=/tmp/junit12619742866840035292/.git/config.lock, isRacyClean=true, read=2024-02-09 10:49:00.078544596, lastModified=2024-02-09 10:49:00.074200532, delta=4344064 ns, racy<=2500000000 ns
10:49:00.078 [main] DEBUG org.eclipse.jgit.internal.storage.file.FileSnapshot - file=/home/toto/.config/jgit/config, isRacyClean=false, read=2024-02-09 10:48:58.959926568, lastModified=2024-02-08 23:36:20.464134450, delta=40358495792118 ns, racy<=2500000000 ns
10:49:00.078 [main] DEBUG org.eclipse.jgit.internal.storage.file.FileSnapshot - file=/home/toto/.config/jgit/config, is unmodified
10:49:00.078 [main] DEBUG org.eclipse.jgit.internal.storage.file.FileSnapshot - file=/etc/gitconfig, isRacyClean=false, read=2024-02-09 10:48:58.971926671, lastModified=1970-01-01 01:00:00.000000000, delta=1707472138971926671 ns, racy<=2500000000 ns
10:49:00.078 [main] DEBUG org.eclipse.jgit.internal.storage.file.FileSnapshot - file=/etc/gitconfig, is unmodified
10:49:00.078 [main] DEBUG org.eclipse.jgit.internal.storage.file.FileSnapshot - file=/home/toto/.gitconfig, isRacyClean=false, read=2024-02-09 10:48:58.972508608, lastModified=2024-01-22 19:04:00.457118245, delta=1525498515390363 ns, racy<=2500000000 ns
10:49:00.078 [main] DEBUG org.eclipse.jgit.internal.storage.file.FileSnapshot - file=/home/toto/.gitconfig, is unmodified
10:49:00.078 [main] DEBUG org.eclipse.jgit.internal.storage.file.FileSnapshot - file=/tmp/junit12619742866840035292/.git/config.lock, isRacyClean=true, read=2024-02-09 10:49:00.078544596, lastModified=2024-02-09 10:49:00.074200532, delta=4344064 ns, racy<=2500000000 ns
10:49:00.078 [main] DEBUG org.eclipse.jgit.internal.storage.file.FileSnapshot - file=/tmp/junit12619742866840035292/.git/config.lock, is racily clean
10:49:00.078 [main] DEBUG org.eclipse.jgit.internal.storage.file.FileSnapshot - file=/tmp/junit12619742866840035292/.git/config, create new FileSnapshot: lastRead=2024-02-09 10:49:00.078786336, lastModified=2024-02-09 10:49:00.074200532, size=252, fileKey=(dev=10302,ino=13238467)
10:49:00.078 [main] DEBUG org.eclipse.jgit.internal.storage.file.FileSnapshot - file=/tmp/junit12619742866840035292/.git/config.lock, isRacyClean=true, read=2024-02-09 10:49:00.078786336, lastModified=2024-02-09 10:49:00.074200532, delta=4585804 ns, racy<=2500000000 ns
10:49:00.078 [main] DEBUG org.eclipse.jgit.internal.storage.file.FileSnapshot - file=/home/toto/.config/jgit/config, isRacyClean=false, read=2024-02-09 10:48:58.959926568, lastModified=2024-02-08 23:36:20.464134450, delta=40358495792118 ns, racy<=2500000000 ns
10:49:00.078 [main] DEBUG org.eclipse.jgit.internal.storage.file.FileSnapshot - file=/home/toto/.config/jgit/config, is unmodified
10:49:00.078 [main] DEBUG org.eclipse.jgit.internal.storage.file.FileSnapshot - file=/etc/gitconfig, isRacyClean=false, read=2024-02-09 10:48:58.971926671, lastModified=1970-01-01 01:00:00.000000000, delta=1707472138971926671 ns, racy<=2500000000 ns
10:49:00.078 [main] DEBUG org.eclipse.jgit.internal.storage.file.FileSnapshot - file=/etc/gitconfig, is unmodified
10:49:00.078 [main] DEBUG org.eclipse.jgit.internal.storage.file.FileSnapshot - file=/home/toto/.gitconfig, isRacyClean=false, read=2024-02-09 10:48:58.972508608, lastModified=2024-01-22 19:04:00.457118245, delta=1525498515390363 ns, racy<=2500000000 ns
10:49:00.078 [main] DEBUG org.eclipse.jgit.internal.storage.file.FileSnapshot - file=/home/toto/.gitconfig, is unmodified
10:49:00.078 [main] DEBUG org.eclipse.jgit.internal.storage.file.FileSnapshot - file=/tmp/junit12619742866840035292/.git/config.lock, isRacyClean=true, read=2024-02-09 10:49:00.078786336, lastModified=2024-02-09 10:49:00.074200532, delta=4585804 ns, racy<=2500000000 ns
10:49:00.078 [main] DEBUG org.eclipse.jgit.internal.storage.file.FileSnapshot - file=/tmp/junit12619742866840035292/.git/config.lock, is racily clean
10:49:00.078 [main] DEBUG org.eclipse.jgit.internal.storage.file.FileSnapshot - file=/tmp/junit12619742866840035292/.git/config, create new FileSnapshot: lastRead=2024-02-09 10:49:00.078908722, lastModified=2024-02-09 10:49:00.074200532, size=252, fileKey=(dev=10302,ino=13238467)
10:49:00.078 [main] DEBUG org.eclipse.jgit.internal.storage.file.FileSnapshot - file=/tmp/junit12619742866840035292/.git/config.lock, isRacyClean=true, read=2024-02-09 10:49:00.078908722, lastModified=2024-02-09 10:49:00.074200532, delta=4708190 ns, racy<=2500000000 ns
10:49:00.078 [main] DEBUG org.eclipse.jgit.internal.storage.file.FileSnapshot - file=/home/toto/.config/jgit/config, isRacyClean=false, read=2024-02-09 10:48:58.959926568, lastModified=2024-02-08 23:36:20.464134450, delta=40358495792118 ns, racy<=2500000000 ns
10:49:00.078 [main] DEBUG org.eclipse.jgit.internal.storage.file.FileSnapshot - file=/home/toto/.config/jgit/config, is unmodified
10:49:00.079 [main] DEBUG org.eclipse.jgit.internal.storage.file.FileSnapshot - file=/etc/gitconfig, isRacyClean=false, read=2024-02-09 10:48:58.971926671, lastModified=1970-01-01 01:00:00.000000000, delta=1707472138971926671 ns, racy<=2500000000 ns
10:49:00.079 [main] DEBUG org.eclipse.jgit.internal.storage.file.FileSnapshot - file=/etc/gitconfig, is unmodified
10:49:00.079 [main] DEBUG org.eclipse.jgit.internal.storage.file.FileSnapshot - file=/home/toto/.gitconfig, isRacyClean=false, read=2024-02-09 10:48:58.972508608, lastModified=2024-01-22 19:04:00.457118245, delta=1525498515390363 ns, racy<=2500000000 ns
10:49:00.079 [main] DEBUG org.eclipse.jgit.internal.storage.file.FileSnapshot - file=/home/toto/.gitconfig, is unmodified
10:49:00.079 [main] DEBUG org.eclipse.jgit.internal.storage.file.FileSnapshot - file=/tmp/junit12619742866840035292/.git/config.lock, isRacyClean=true, read=2024-02-09 10:49:00.078908722, lastModified=2024-02-09 10:49:00.074200532, delta=4708190 ns, racy<=2500000000 ns
10:49:00.079 [main] DEBUG org.eclipse.jgit.internal.storage.file.FileSnapshot - file=/tmp/junit12619742866840035292/.git/config.lock, is racily clean
10:49:00.079 [main] DEBUG org.eclipse.jgit.internal.storage.file.FileSnapshot - file=/tmp/junit12619742866840035292/.git/config, create new FileSnapshot: lastRead=2024-02-09 10:49:00.079061418, lastModified=2024-02-09 10:49:00.074200532, size=252, fileKey=(dev=10302,ino=13238467)
10:49:00.079 [main] DEBUG org.eclipse.jgit.internal.storage.file.FileSnapshot - file=/tmp/junit12619742866840035292/.git/config.lock, isRacyClean=true, read=2024-02-09 10:49:00.079061418, lastModified=2024-02-09 10:49:00.074200532, delta=4860886 ns, racy<=2500000000 ns
10:49:00.079 [main] DEBUG org.eclipse.jgit.internal.storage.file.FileSnapshot - file=/home/toto/.config/jgit/config, isRacyClean=false, read=2024-02-09 10:48:58.959926568, lastModified=2024-02-08 23:36:20.464134450, delta=40358495792118 ns, racy<=2500000000 ns
10:49:00.079 [main] DEBUG org.eclipse.jgit.internal.storage.file.FileSnapshot - file=/home/toto/.config/jgit/config, is unmodified
10:49:00.079 [main] DEBUG org.eclipse.jgit.internal.storage.file.FileSnapshot - file=/etc/gitconfig, isRacyClean=false, read=2024-02-09 10:48:58.971926671, lastModified=1970-01-01 01:00:00.000000000, delta=1707472138971926671 ns, racy<=2500000000 ns
10:49:00.079 [main] DEBUG org.eclipse.jgit.internal.storage.file.FileSnapshot - file=/etc/gitconfig, is unmodified
10:49:00.079 [main] DEBUG org.eclipse.jgit.internal.storage.file.FileSnapshot - file=/home/toto/.gitconfig, isRacyClean=false, read=2024-02-09 10:48:58.972508608, lastModified=2024-01-22 19:04:00.457118245, delta=1525498515390363 ns, racy<=2500000000 ns
10:49:00.079 [main] DEBUG org.eclipse.jgit.internal.storage.file.FileSnapshot - file=/home/toto/.gitconfig, is unmodified
10:49:00.079 [main] DEBUG org.eclipse.jgit.internal.storage.file.FileSnapshot - file=/tmp/junit12619742866840035292/.git/config.lock, isRacyClean=true, read=2024-02-09 10:49:00.079061418, lastModified=2024-02-09 10:49:00.074200532, delta=4860886 ns, racy<=2500000000 ns
10:49:00.079 [main] DEBUG org.eclipse.jgit.internal.storage.file.FileSnapshot - file=/tmp/junit12619742866840035292/.git/config.lock, is racily clean
10:49:00.079 [main] DEBUG org.eclipse.jgit.internal.storage.file.FileSnapshot - file=/tmp/junit12619742866840035292/.git/config, create new FileSnapshot: lastRead=2024-02-09 10:49:00.079172398, lastModified=2024-02-09 10:49:00.074200532, size=252, fileKey=(dev=10302,ino=13238467)
10:49:00.079 [main] DEBUG org.eclipse.jgit.internal.storage.file.FileSnapshot - file=/tmp/junit12619742866840035292/.git/config.lock, isRacyClean=true, read=2024-02-09 10:49:00.079172398, lastModified=2024-02-09 10:49:00.074200532, delta=4971866 ns, racy<=2500000000 ns
10:49:00.079 [main] DEBUG org.eclipse.jgit.internal.storage.file.FileSnapshot - file=/tmp/junit12619742866840035292/.git/refs/heads/main.lock, create new FileSnapshot: lastRead=2024-02-09 10:49:00.079243143, lastModified=2024-02-09 10:49:00.074200532, size=41, fileKey=(dev=10302,ino=13238469)
10:49:00.084 [main] DEBUG org.eclipse.jgit.internal.storage.file.FileSnapshot - file=/home/toto/.config/jgit/config, isRacyClean=false, read=2024-02-09 10:48:58.959926568, lastModified=2024-02-08 23:36:20.464134450, delta=40358495792118 ns, racy<=2500000000 ns
10:49:00.084 [main] DEBUG org.eclipse.jgit.internal.storage.file.FileSnapshot - file=/home/toto/.config/jgit/config, is unmodified
10:49:00.084 [main] DEBUG org.eclipse.jgit.internal.storage.file.FileSnapshot - file=/etc/gitconfig, isRacyClean=false, read=2024-02-09 10:48:58.971926671, lastModified=1970-01-01 01:00:00.000000000, delta=1707472138971926671 ns, racy<=2500000000 ns
10:49:00.084 [main] DEBUG org.eclipse.jgit.internal.storage.file.FileSnapshot - file=/etc/gitconfig, is unmodified
10:49:00.084 [main] DEBUG org.eclipse.jgit.internal.storage.file.FileSnapshot - file=/home/toto/.gitconfig, isRacyClean=false, read=2024-02-09 10:48:58.972508608, lastModified=2024-01-22 19:04:00.457118245, delta=1525498515390363 ns, racy<=2500000000 ns
10:49:00.084 [main] DEBUG org.eclipse.jgit.internal.storage.file.FileSnapshot - file=/home/toto/.gitconfig, is unmodified
10:49:00.084 [main] DEBUG org.eclipse.jgit.internal.storage.file.FileSnapshot - file=/tmp/junit12619742866840035292/.git/config.lock, isRacyClean=true, read=2024-02-09 10:49:00.079172398, lastModified=2024-02-09 10:49:00.074200532, delta=4971866 ns, racy<=2500000000 ns
10:49:00.084 [main] DEBUG org.eclipse.jgit.internal.storage.file.FileSnapshot - file=/tmp/junit12619742866840035292/.git/config.lock, is racily clean
10:49:00.084 [main] DEBUG org.eclipse.jgit.internal.storage.file.FileSnapshot - file=/tmp/junit12619742866840035292/.git/config, create new FileSnapshot: lastRead=2024-02-09 10:49:00.084895261, lastModified=2024-02-09 10:49:00.074200532, size=252, fileKey=(dev=10302,ino=13238467)
10:49:00.084 [main] DEBUG org.eclipse.jgit.internal.storage.file.FileSnapshot - file=/tmp/junit12619742866840035292/.git/config.lock, isRacyClean=true, read=2024-02-09 10:49:00.084895261, lastModified=2024-02-09 10:49:00.074200532, delta=10694729 ns, racy<=2500000000 ns
10:49:00.085 [main] DEBUG org.eclipse.jgit.internal.storage.file.FileSnapshot - file=/home/toto/.config/jgit/config, isRacyClean=false, read=2024-02-09 10:48:58.959926568, lastModified=2024-02-08 23:36:20.464134450, delta=40358495792118 ns, racy<=2500000000 ns
10:49:00.085 [main] DEBUG org.eclipse.jgit.internal.storage.file.FileSnapshot - file=/home/toto/.config/jgit/config, is unmodified
10:49:00.085 [main] DEBUG org.eclipse.jgit.internal.storage.file.FileSnapshot - file=/etc/gitconfig, isRacyClean=false, read=2024-02-09 10:48:58.971926671, lastModified=1970-01-01 01:00:00.000000000, delta=1707472138971926671 ns, racy<=2500000000 ns
10:49:00.085 [main] DEBUG org.eclipse.jgit.internal.storage.file.FileSnapshot - file=/etc/gitconfig, is unmodified
10:49:00.085 [main] DEBUG org.eclipse.jgit.internal.storage.file.FileSnapshot - file=/home/toto/.gitconfig, isRacyClean=false, read=2024-02-09 10:48:58.972508608, lastModified=2024-01-22 19:04:00.457118245, delta=1525498515390363 ns, racy<=2500000000 ns
10:49:00.085 [main] DEBUG org.eclipse.jgit.internal.storage.file.FileSnapshot - file=/home/toto/.gitconfig, is unmodified
10:49:00.085 [main] DEBUG org.eclipse.jgit.internal.storage.file.FileSnapshot - file=/tmp/junit12619742866840035292/.git/config.lock, isRacyClean=true, read=2024-02-09 10:49:00.084895261, lastModified=2024-02-09 10:49:00.074200532, delta=10694729 ns, racy<=2500000000 ns
10:49:00.085 [main] DEBUG org.eclipse.jgit.internal.storage.file.FileSnapshot - file=/tmp/junit12619742866840035292/.git/config.lock, is racily clean
10:49:00.086 [main] DEBUG org.eclipse.jgit.internal.storage.file.FileSnapshot - file=/tmp/junit12619742866840035292/.git/config, create new FileSnapshot: lastRead=2024-02-09 10:49:00.085992416, lastModified=2024-02-09 10:49:00.074200532, size=252, fileKey=(dev=10302,ino=13238467)
10:49:00.086 [main] DEBUG org.eclipse.jgit.internal.storage.file.FileSnapshot - file=/tmp/junit12619742866840035292/.git/config.lock, isRacyClean=true, read=2024-02-09 10:49:00.085992416, lastModified=2024-02-09 10:49:00.074200532, delta=11791884 ns, racy<=2500000000 ns
10:49:00.087 [main] DEBUG org.eclipse.jgit.internal.storage.file.FileSnapshot - file=/home/toto/.config/jgit/config, isRacyClean=false, read=2024-02-09 10:48:58.959926568, lastModified=2024-02-08 23:36:20.464134450, delta=40358495792118 ns, racy<=2500000000 ns
10:49:00.087 [main] DEBUG org.eclipse.jgit.internal.storage.file.FileSnapshot - file=/home/toto/.config/jgit/config, is unmodified
10:49:00.087 [main] DEBUG org.eclipse.jgit.internal.storage.file.FileSnapshot - file=/etc/gitconfig, isRacyClean=false, read=2024-02-09 10:48:58.971926671, lastModified=1970-01-01 01:00:00.000000000, delta=1707472138971926671 ns, racy<=2500000000 ns
10:49:00.087 [main] DEBUG org.eclipse.jgit.internal.storage.file.FileSnapshot - file=/etc/gitconfig, is unmodified
10:49:00.087 [main] DEBUG org.eclipse.jgit.internal.storage.file.FileSnapshot - file=/home/toto/.gitconfig, isRacyClean=false, read=2024-02-09 10:48:58.972508608, lastModified=2024-01-22 19:04:00.457118245, delta=1525498515390363 ns, racy<=2500000000 ns
10:49:00.087 [main] DEBUG org.eclipse.jgit.internal.storage.file.FileSnapshot - file=/home/toto/.gitconfig, is unmodified
10:49:00.087 [main] DEBUG org.eclipse.jgit.internal.storage.file.FileSnapshot - file=/tmp/junit12619742866840035292/.git/config.lock, isRacyClean=true, read=2024-02-09 10:49:00.085992416, lastModified=2024-02-09 10:49:00.074200532, delta=11791884 ns, racy<=2500000000 ns
10:49:00.087 [main] DEBUG org.eclipse.jgit.internal.storage.file.FileSnapshot - file=/tmp/junit12619742866840035292/.git/config.lock, is racily clean
10:49:00.087 [main] DEBUG org.eclipse.jgit.internal.storage.file.FileSnapshot - file=/tmp/junit12619742866840035292/.git/config, create new FileSnapshot: lastRead=2024-02-09 10:49:00.087460341, lastModified=2024-02-09 10:49:00.074200532, size=252, fileKey=(dev=10302,ino=13238467)
10:49:00.087 [main] DEBUG org.eclipse.jgit.internal.storage.file.FileSnapshot - file=/tmp/junit12619742866840035292/.git/config.lock, isRacyClean=true, read=2024-02-09 10:49:00.087460341, lastModified=2024-02-09 10:49:00.074200532, delta=13259809 ns, racy<=2500000000 ns
10:49:00.091 [main] DEBUG org.eclipse.jgit.internal.storage.file.FileSnapshot - file=/home/toto/.config/jgit/config, isRacyClean=false, read=2024-02-09 10:48:58.959926568, lastModified=2024-02-08 23:36:20.464134450, delta=40358495792118 ns, racy<=2500000000 ns
10:49:00.091 [main] DEBUG org.eclipse.jgit.internal.storage.file.FileSnapshot - file=/home/toto/.config/jgit/config, is unmodified
10:49:00.091 [main] DEBUG org.eclipse.jgit.internal.storage.file.FileSnapshot - file=/etc/gitconfig, isRacyClean=false, read=2024-02-09 10:48:58.971926671, lastModified=1970-01-01 01:00:00.000000000, delta=1707472138971926671 ns, racy<=2500000000 ns
10:49:00.091 [main] DEBUG org.eclipse.jgit.internal.storage.file.FileSnapshot - file=/etc/gitconfig, is unmodified
10:49:00.091 [main] DEBUG org.eclipse.jgit.internal.storage.file.FileSnapshot - file=/home/toto/.gitconfig, isRacyClean=false, read=2024-02-09 10:48:58.972508608, lastModified=2024-01-22 19:04:00.457118245, delta=1525498515390363 ns, racy<=2500000000 ns
10:49:00.091 [main] DEBUG org.eclipse.jgit.internal.storage.file.FileSnapshot - file=/home/toto/.gitconfig, is unmodified
10:49:00.091 [main] DEBUG org.eclipse.jgit.internal.storage.file.FileSnapshot - file=/tmp/junit12619742866840035292/.git/config.lock, isRacyClean=true, read=2024-02-09 10:49:00.087460341, lastModified=2024-02-09 10:49:00.074200532, delta=13259809 ns, racy<=2500000000 ns
10:49:00.091 [main] DEBUG org.eclipse.jgit.internal.storage.file.FileSnapshot - file=/tmp/junit12619742866840035292/.git/config.lock, is racily clean
10:49:00.091 [main] DEBUG org.eclipse.jgit.internal.storage.file.FileSnapshot - file=/tmp/junit12619742866840035292/.git/config, create new FileSnapshot: lastRead=2024-02-09 10:49:00.091779944, lastModified=2024-02-09 10:49:00.074200532, size=252, fileKey=(dev=10302,ino=13238467)
10:49:00.091 [main] DEBUG org.eclipse.jgit.internal.storage.file.FileSnapshot - file=/tmp/junit12619742866840035292/.git/config.lock, isRacyClean=true, read=2024-02-09 10:49:00.091779944, lastModified=2024-02-09 10:49:00.074200532, delta=17579412 ns, racy<=2500000000 ns
10:49:00.094 [main] DEBUG org.eclipse.jgit.internal.storage.file.FileSnapshot - file=/home/toto/.config/jgit/config, isRacyClean=false, read=2024-02-09 10:48:58.959926568, lastModified=2024-02-08 23:36:20.464134450, delta=40358495792118 ns, racy<=2500000000 ns
10:49:00.094 [main] DEBUG org.eclipse.jgit.internal.storage.file.FileSnapshot - file=/home/toto/.config/jgit/config, is unmodified
10:49:00.095 [main] DEBUG org.eclipse.jgit.internal.storage.file.FileSnapshot - file=/etc/gitconfig, isRacyClean=false, read=2024-02-09 10:48:58.971926671, lastModified=1970-01-01 01:00:00.000000000, delta=1707472138971926671 ns, racy<=2500000000 ns
10:49:00.095 [main] DEBUG org.eclipse.jgit.internal.storage.file.FileSnapshot - file=/etc/gitconfig, is unmodified
10:49:00.095 [main] DEBUG org.eclipse.jgit.internal.storage.file.FileSnapshot - file=/home/toto/.gitconfig, isRacyClean=false, read=2024-02-09 10:48:58.972508608, lastModified=2024-01-22 19:04:00.457118245, delta=1525498515390363 ns, racy<=2500000000 ns
10:49:00.095 [main] DEBUG org.eclipse.jgit.internal.storage.file.FileSnapshot - file=/home/toto/.gitconfig, is unmodified
10:49:00.095 [main] DEBUG org.eclipse.jgit.internal.storage.file.FileSnapshot - file=/tmp/junit12619742866840035292/.git/config.lock, isRacyClean=true, read=2024-02-09 10:49:00.091779944, lastModified=2024-02-09 10:49:00.074200532, delta=17579412 ns, racy<=2500000000 ns
10:49:00.095 [main] DEBUG org.eclipse.jgit.internal.storage.file.FileSnapshot - file=/tmp/junit12619742866840035292/.git/config.lock, is racily clean
10:49:00.095 [main] DEBUG org.eclipse.jgit.internal.storage.file.FileSnapshot - file=/tmp/junit12619742866840035292/.git/config, create new FileSnapshot: lastRead=2024-02-09 10:49:00.095105733, lastModified=2024-02-09 10:49:00.074200532, size=252, fileKey=(dev=10302,ino=13238467)
10:49:00.095 [main] DEBUG org.eclipse.jgit.internal.storage.file.FileSnapshot - file=/tmp/junit12619742866840035292/.git/config.lock, isRacyClean=true, read=2024-02-09 10:49:00.095105733, lastModified=2024-02-09 10:49:00.074200532, delta=20905201 ns, racy<=2500000000 ns
10:49:00.095 [main] DEBUG org.eclipse.jgit.internal.storage.file.FileSnapshot - file=/home/toto/.config/jgit/config, isRacyClean=false, read=2024-02-09 10:48:58.959926568, lastModified=2024-02-08 23:36:20.464134450, delta=40358495792118 ns, racy<=2500000000 ns
10:49:00.095 [main] DEBUG org.eclipse.jgit.internal.storage.file.FileSnapshot - file=/home/toto/.config/jgit/config, is unmodified
10:49:00.095 [main] DEBUG org.eclipse.jgit.internal.storage.file.FileSnapshot - file=/etc/gitconfig, isRacyClean=false, read=2024-02-09 10:48:58.971926671, lastModified=1970-01-01 01:00:00.000000000, delta=1707472138971926671 ns, racy<=2500000000 ns
10:49:00.095 [main] DEBUG org.eclipse.jgit.internal.storage.file.FileSnapshot - file=/etc/gitconfig, is unmodified
10:49:00.095 [main] DEBUG org.eclipse.jgit.internal.storage.file.FileSnapshot - file=/home/toto/.gitconfig, isRacyClean=false, read=2024-02-09 10:48:58.972508608, lastModified=2024-01-22 19:04:00.457118245, delta=1525498515390363 ns, racy<=2500000000 ns
10:49:00.095 [main] DEBUG org.eclipse.jgit.internal.storage.file.FileSnapshot - file=/home/toto/.gitconfig, is unmodified
10:49:00.095 [main] DEBUG org.eclipse.jgit.internal.storage.file.FileSnapshot - file=/tmp/junit12619742866840035292/.git/config.lock, isRacyClean=true, read=2024-02-09 10:49:00.095105733, lastModified=2024-02-09 10:49:00.074200532, delta=20905201 ns, racy<=2500000000 ns
10:49:00.095 [main] DEBUG org.eclipse.jgit.internal.storage.file.FileSnapshot - file=/tmp/junit12619742866840035292/.git/config.lock, is racily clean
10:49:00.095 [main] DEBUG org.eclipse.jgit.internal.storage.file.FileSnapshot - file=/tmp/junit12619742866840035292/.git/config, create new FileSnapshot: lastRead=2024-02-09 10:49:00.095822170, lastModified=2024-02-09 10:49:00.074200532, size=252, fileKey=(dev=10302,ino=13238467)
10:49:00.095 [main] DEBUG org.eclipse.jgit.internal.storage.file.FileSnapshot - file=/tmp/junit12619742866840035292/.git/config.lock, isRacyClean=true, read=2024-02-09 10:49:00.095822170, lastModified=2024-02-09 10:49:00.074200532, delta=21621638 ns, racy<=2500000000 ns
10:49:00.096 [main] DEBUG org.eclipse.jgit.internal.storage.file.FileSnapshot - file=/home/toto/.config/jgit/config, isRacyClean=false, read=2024-02-09 10:48:58.959926568, lastModified=2024-02-08 23:36:20.464134450, delta=40358495792118 ns, racy<=2500000000 ns
10:49:00.096 [main] DEBUG org.eclipse.jgit.internal.storage.file.FileSnapshot - file=/home/toto/.config/jgit/config, is unmodified
10:49:00.096 [main] DEBUG org.eclipse.jgit.internal.storage.file.FileSnapshot - file=/etc/gitconfig, isRacyClean=false, read=2024-02-09 10:48:58.971926671, lastModified=1970-01-01 01:00:00.000000000, delta=1707472138971926671 ns, racy<=2500000000 ns
10:49:00.096 [main] DEBUG org.eclipse.jgit.internal.storage.file.FileSnapshot - file=/etc/gitconfig, is unmodified
10:49:00.096 [main] DEBUG org.eclipse.jgit.internal.storage.file.FileSnapshot - file=/home/toto/.gitconfig, isRacyClean=false, read=2024-02-09 10:48:58.972508608, lastModified=2024-01-22 19:04:00.457118245, delta=1525498515390363 ns, racy<=2500000000 ns
10:49:00.096 [main] DEBUG org.eclipse.jgit.internal.storage.file.FileSnapshot - file=/home/toto/.gitconfig, is unmodified
10:49:00.096 [main] DEBUG org.eclipse.jgit.internal.storage.file.FileSnapshot - file=/tmp/junit12619742866840035292/.git/config.lock, isRacyClean=true, read=2024-02-09 10:49:00.095822170, lastModified=2024-02-09 10:49:00.074200532, delta=21621638 ns, racy<=2500000000 ns
10:49:00.096 [main] DEBUG org.eclipse.jgit.internal.storage.file.FileSnapshot - file=/tmp/junit12619742866840035292/.git/config.lock, is racily clean
10:49:00.096 [main] DEBUG org.eclipse.jgit.internal.storage.file.FileSnapshot - file=/tmp/junit12619742866840035292/.git/config, create new FileSnapshot: lastRead=2024-02-09 10:49:00.096193275, lastModified=2024-02-09 10:49:00.074200532, size=252, fileKey=(dev=10302,ino=13238467)
10:49:00.096 [main] DEBUG org.eclipse.jgit.internal.storage.file.FileSnapshot - file=/tmp/junit12619742866840035292/.git/config.lock, isRacyClean=true, read=2024-02-09 10:49:00.096193275, lastModified=2024-02-09 10:49:00.074200532, delta=21992743 ns, racy<=2500000000 ns
10:49:00.096 [main] DEBUG org.eclipse.jgit.internal.storage.file.FileSnapshot - file=/home/toto/.config/jgit/config, isRacyClean=false, read=2024-02-09 10:48:58.959926568, lastModified=2024-02-08 23:36:20.464134450, delta=40358495792118 ns, racy<=2500000000 ns
10:49:00.096 [main] DEBUG org.eclipse.jgit.internal.storage.file.FileSnapshot - file=/home/toto/.config/jgit/config, is unmodified
10:49:00.096 [main] DEBUG org.eclipse.jgit.internal.storage.file.FileSnapshot - file=/etc/gitconfig, isRacyClean=false, read=2024-02-09 10:48:58.971926671, lastModified=1970-01-01 01:00:00.000000000, delta=1707472138971926671 ns, racy<=2500000000 ns
10:49:00.096 [main] DEBUG org.eclipse.jgit.internal.storage.file.FileSnapshot - file=/etc/gitconfig, is unmodified
10:49:00.096 [main] DEBUG org.eclipse.jgit.internal.storage.file.FileSnapshot - file=/home/toto/.gitconfig, isRacyClean=false, read=2024-02-09 10:48:58.972508608, lastModified=2024-01-22 19:04:00.457118245, delta=1525498515390363 ns, racy<=2500000000 ns
10:49:00.096 [main] DEBUG org.eclipse.jgit.internal.storage.file.FileSnapshot - file=/home/toto/.gitconfig, is unmodified
10:49:00.096 [main] DEBUG org.eclipse.jgit.internal.storage.file.FileSnapshot - file=/tmp/junit12619742866840035292/.git/config.lock, isRacyClean=true, read=2024-02-09 10:49:00.096193275, lastModified=2024-02-09 10:49:00.074200532, delta=21992743 ns, racy<=2500000000 ns
10:49:00.096 [main] DEBUG org.eclipse.jgit.internal.storage.file.FileSnapshot - file=/tmp/junit12619742866840035292/.git/config.lock, is racily clean
10:49:00.096 [main] DEBUG org.eclipse.jgit.internal.storage.file.FileSnapshot - file=/tmp/junit12619742866840035292/.git/config, create new FileSnapshot: lastRead=2024-02-09 10:49:00.096450923, lastModified=2024-02-09 10:49:00.074200532, size=252, fileKey=(dev=10302,ino=13238467)
10:49:00.096 [main] DEBUG org.eclipse.jgit.internal.storage.file.FileSnapshot - file=/tmp/junit12619742866840035292/.git/config.lock, isRacyClean=true, read=2024-02-09 10:49:00.096450923, lastModified=2024-02-09 10:49:00.074200532, delta=22250391 ns, racy<=2500000000 ns
10:49:00.097 [main] DEBUG org.eclipse.jgit.internal.storage.file.FileSnapshot - file=/tmp/junit12619742866840035292/.git/index.lock, create new FileSnapshot: lastRead=2024-02-09 10:49:00.097157698, lastModified=2024-02-09 10:49:00.078200526, size=0, fileKey=(dev=10302,ino=13238485)
10:49:00.097 [main] DEBUG org.eclipse.jgit.internal.storage.file.FileSnapshot - file=/home/toto/.config/jgit/config, isRacyClean=false, read=2024-02-09 10:48:58.959926568, lastModified=2024-02-08 23:36:20.464134450, delta=40358495792118 ns, racy<=2500000000 ns
10:49:00.097 [main] DEBUG org.eclipse.jgit.internal.storage.file.FileSnapshot - file=/home/toto/.config/jgit/config, is unmodified
10:49:00.097 [main] DEBUG org.eclipse.jgit.internal.storage.file.FileSnapshot - file=/etc/gitconfig, isRacyClean=false, read=2024-02-09 10:48:58.971926671, lastModified=1970-01-01 01:00:00.000000000, delta=1707472138971926671 ns, racy<=2500000000 ns
10:49:00.097 [main] DEBUG org.eclipse.jgit.internal.storage.file.FileSnapshot - file=/etc/gitconfig, is unmodified
10:49:00.097 [main] DEBUG org.eclipse.jgit.internal.storage.file.FileSnapshot - file=/home/toto/.gitconfig, isRacyClean=false, read=2024-02-09 10:48:58.972508608, lastModified=2024-01-22 19:04:00.457118245, delta=1525498515390363 ns, racy<=2500000000 ns
10:49:00.097 [main] DEBUG org.eclipse.jgit.internal.storage.file.FileSnapshot - file=/home/toto/.gitconfig, is unmodified
10:49:00.097 [main] DEBUG org.eclipse.jgit.internal.storage.file.FileSnapshot - file=/tmp/junit12619742866840035292/.git/config.lock, isRacyClean=true, read=2024-02-09 10:49:00.096450923, lastModified=2024-02-09 10:49:00.074200532, delta=22250391 ns, racy<=2500000000 ns
10:49:00.097 [main] DEBUG org.eclipse.jgit.internal.storage.file.FileSnapshot - file=/tmp/junit12619742866840035292/.git/config.lock, is racily clean
10:49:00.097 [main] DEBUG org.eclipse.jgit.internal.storage.file.FileSnapshot - file=/tmp/junit12619742866840035292/.git/config, create new FileSnapshot: lastRead=2024-02-09 10:49:00.097369888, lastModified=2024-02-09 10:49:00.074200532, size=252, fileKey=(dev=10302,ino=13238467)
10:49:00.097 [main] DEBUG org.eclipse.jgit.internal.storage.file.FileSnapshot - file=/tmp/junit12619742866840035292/.git/config.lock, isRacyClean=true, read=2024-02-09 10:49:00.097369888, lastModified=2024-02-09 10:49:00.074200532, delta=23169356 ns, racy<=2500000000 ns
10:49:00.097 [main] DEBUG org.eclipse.jgit.internal.storage.file.FileSnapshot - file=/tmp/junit12619742866840035292/.git/index.lock, create new FileSnapshot: lastRead=2024-02-09 10:49:00.097520652, lastModified=2024-02-09 10:49:00.094200508, size=272, fileKey=(dev=10302,ino=13238485)
10:49:00.097 [main] DEBUG org.eclipse.jgit.internal.storage.file.FileSnapshot - file=/tmp/junit12619742866840035292/.git/index, create new FileSnapshot: lastRead=2024-02-09 10:49:00.097599186, lastModified=2024-02-09 10:49:00.094200508, size=272, fileKey=(dev=10302,ino=13238485)
10:49:00.099 [main] DEBUG org.eclipse.jgit.internal.storage.file.FileSnapshot - file=/home/toto/.config/jgit/config, isRacyClean=false, read=2024-02-09 10:48:58.959926568, lastModified=2024-02-08 23:36:20.464134450, delta=40358495792118 ns, racy<=2500000000 ns
10:49:00.099 [main] DEBUG org.eclipse.jgit.internal.storage.file.FileSnapshot - file=/home/toto/.config/jgit/config, is unmodified
10:49:00.099 [main] DEBUG org.eclipse.jgit.internal.storage.file.FileSnapshot - file=/etc/gitconfig, isRacyClean=false, read=2024-02-09 10:48:58.971926671, lastModified=1970-01-01 01:00:00.000000000, delta=1707472138971926671 ns, racy<=2500000000 ns
10:49:00.099 [main] DEBUG org.eclipse.jgit.internal.storage.file.FileSnapshot - file=/etc/gitconfig, is unmodified
10:49:00.099 [main] DEBUG org.eclipse.jgit.internal.storage.file.FileSnapshot - file=/home/toto/.gitconfig, isRacyClean=false, read=2024-02-09 10:48:58.972508608, lastModified=2024-01-22 19:04:00.457118245, delta=1525498515390363 ns, racy<=2500000000 ns
10:49:00.099 [main] DEBUG org.eclipse.jgit.internal.storage.file.FileSnapshot - file=/home/toto/.gitconfig, is unmodified
10:49:00.099 [main] DEBUG org.eclipse.jgit.internal.storage.file.FileSnapshot - file=/tmp/junit12619742866840035292/.git/config.lock, isRacyClean=true, read=2024-02-09 10:49:00.097369888, lastModified=2024-02-09 10:49:00.074200532, delta=23169356 ns, racy<=2500000000 ns
10:49:00.099 [main] DEBUG org.eclipse.jgit.internal.storage.file.FileSnapshot - file=/tmp/junit12619742866840035292/.git/config.lock, is racily clean
10:49:00.099 [main] DEBUG org.eclipse.jgit.internal.storage.file.FileSnapshot - file=/tmp/junit12619742866840035292/.git/config, create new FileSnapshot: lastRead=2024-02-09 10:49:00.099415974, lastModified=2024-02-09 10:49:00.074200532, size=252, fileKey=(dev=10302,ino=13238467)
10:49:00.099 [main] DEBUG org.eclipse.jgit.internal.storage.file.FileSnapshot - file=/tmp/junit12619742866840035292/.git/config.lock, isRacyClean=true, read=2024-02-09 10:49:00.099415974, lastModified=2024-02-09 10:49:00.074200532, delta=25215442 ns, racy<=2500000000 ns
10:49:00.099 [main] DEBUG org.eclipse.jgit.internal.storage.file.FileSnapshot - file=/tmp/junit12619742866840035292/.git/packed-refs, isRacyClean=true, read=2024-02-09 10:49:00.077807079, lastModified=2024-02-09 10:49:00.050200560, delta=27606519 ns, racy<=2500000000 ns
10:49:00.099 [main] DEBUG org.eclipse.jgit.internal.storage.file.FileSnapshot - file=/tmp/junit12619742866840035292/.git/packed-refs, is racily clean
10:49:00.099 [main] DEBUG org.eclipse.jgit.internal.storage.file.FileSnapshot - file=/tmp/junit12619742866840035292/.git/packed-refs, create new FileSnapshot: lastRead=2024-02-09 10:49:00.099484121, lastModified=2024-02-09 10:49:00.050200560, size=388, fileKey=(dev=10302,ino=13238472)
10:49:00.099 [main] DEBUG org.eclipse.jgit.internal.storage.file.FileSnapshot - file=/tmp/junit12619742866840035292/.git/HEAD.lock, isRacyClean=true, read=2024-02-09 10:49:00.077080569, lastModified=2024-02-09 10:49:00.074200532, delta=2880037 ns, racy<=2500000000 ns
10:49:00.099 [main] DEBUG org.eclipse.jgit.internal.storage.file.FileSnapshot - file=/tmp/junit12619742866840035292/.git/HEAD.lock, is racily clean
10:49:00.099 [main] DEBUG org.eclipse.jgit.internal.storage.file.FileSnapshot - file=/tmp/junit12619742866840035292/.git/HEAD, create new FileSnapshot: lastRead=2024-02-09 10:49:00.099650228, lastModified=2024-02-09 10:49:00.074200532, size=21, fileKey=(dev=10302,ino=13238471)
10:49:00.099 [main] DEBUG org.eclipse.jgit.internal.storage.file.FileSnapshot - file=/tmp/junit12619742866840035292/.git/HEAD.lock, isRacyClean=true, read=2024-02-09 10:49:00.099650228, lastModified=2024-02-09 10:49:00.074200532, delta=25449696 ns, racy<=2500000000 ns
10:49:00.099 [main] DEBUG org.eclipse.jgit.internal.storage.file.FileSnapshot - file=/tmp/junit12619742866840035292/.git/refs/heads/main.lock, isRacyClean=true, read=2024-02-09 10:49:00.079243143, lastModified=2024-02-09 10:49:00.074200532, delta=5042611 ns, racy<=18050000 ns
10:49:00.099 [main] DEBUG org.eclipse.jgit.internal.storage.file.FileSnapshot - file=/tmp/junit12619742866840035292/.git/refs/heads/main.lock, is racily clean
10:49:00.099 [main] DEBUG org.eclipse.jgit.internal.storage.file.FileSnapshot - file=/tmp/junit12619742866840035292/.git/refs/heads/main, create new FileSnapshot: lastRead=2024-02-09 10:49:00.099740705, lastModified=2024-02-09 10:49:00.074200532, size=41, fileKey=(dev=10302,ino=13238469)
10:49:00.099 [main] DEBUG org.eclipse.jgit.internal.storage.file.FileSnapshot - file=/tmp/junit12619742866840035292/.git/refs/heads/main.lock, isRacyClean=false, read=2024-02-09 10:49:00.099740705, lastModified=2024-02-09 10:49:00.074200532, delta=25540173 ns, racy<=18050000 ns
10:49:00.099 [main] DEBUG org.eclipse.jgit.internal.storage.file.FileSnapshot - file=/home/toto/.config/jgit/config, isRacyClean=false, read=2024-02-09 10:48:58.959926568, lastModified=2024-02-08 23:36:20.464134450, delta=40358495792118 ns, racy<=2500000000 ns
10:49:00.099 [main] DEBUG org.eclipse.jgit.internal.storage.file.FileSnapshot - file=/home/toto/.config/jgit/config, is unmodified
10:49:00.099 [main] DEBUG org.eclipse.jgit.internal.storage.file.FileSnapshot - file=/etc/gitconfig, isRacyClean=false, read=2024-02-09 10:48:58.971926671, lastModified=1970-01-01 01:00:00.000000000, delta=1707472138971926671 ns, racy<=2500000000 ns
10:49:00.099 [main] DEBUG org.eclipse.jgit.internal.storage.file.FileSnapshot - file=/etc/gitconfig, is unmodified
10:49:00.099 [main] DEBUG org.eclipse.jgit.internal.storage.file.FileSnapshot - file=/home/toto/.gitconfig, isRacyClean=false, read=2024-02-09 10:48:58.972508608, lastModified=2024-01-22 19:04:00.457118245, delta=1525498515390363 ns, racy<=2500000000 ns
10:49:00.099 [main] DEBUG org.eclipse.jgit.internal.storage.file.FileSnapshot - file=/home/toto/.gitconfig, is unmodified
10:49:00.099 [main] DEBUG org.eclipse.jgit.internal.storage.file.FileSnapshot - file=/tmp/junit12619742866840035292/.git/config.lock, isRacyClean=true, read=2024-02-09 10:49:00.099415974, lastModified=2024-02-09 10:49:00.074200532, delta=25215442 ns, racy<=2500000000 ns
10:49:00.099 [main] DEBUG org.eclipse.jgit.internal.storage.file.FileSnapshot - file=/tmp/junit12619742866840035292/.git/config.lock, is racily clean
10:49:00.099 [main] DEBUG org.eclipse.jgit.internal.storage.file.FileSnapshot - file=/tmp/junit12619742866840035292/.git/config, create new FileSnapshot: lastRead=2024-02-09 10:49:00.099894356, lastModified=2024-02-09 10:49:00.074200532, size=252, fileKey=(dev=10302,ino=13238467)
10:49:00.099 [main] DEBUG org.eclipse.jgit.internal.storage.file.FileSnapshot - file=/tmp/junit12619742866840035292/.git/config.lock, isRacyClean=true, read=2024-02-09 10:49:00.099894356, lastModified=2024-02-09 10:49:00.074200532, delta=25693824 ns, racy<=2500000000 ns
10:49:00.099 [main] DEBUG org.eclipse.jgit.internal.storage.file.FileSnapshot - file=/tmp/junit12619742866840035292/.git/packed-refs, isRacyClean=true, read=2024-02-09 10:49:00.099484121, lastModified=2024-02-09 10:49:00.050200560, delta=49283561 ns, racy<=2500000000 ns
10:49:00.099 [main] DEBUG org.eclipse.jgit.internal.storage.file.FileSnapshot - file=/tmp/junit12619742866840035292/.git/packed-refs, is racily clean
10:49:00.099 [main] DEBUG org.eclipse.jgit.internal.storage.file.FileSnapshot - file=/tmp/junit12619742866840035292/.git/packed-refs, create new FileSnapshot: lastRead=2024-02-09 10:49:00.099951997, lastModified=2024-02-09 10:49:00.050200560, size=388, fileKey=(dev=10302,ino=13238472)
10:49:00.100 [main] DEBUG org.eclipse.jgit.internal.storage.file.FileSnapshot - file=/tmp/junit12619742866840035292/.git/index, create new FileSnapshot: lastRead=2024-02-09 10:49:00.100556115, lastModified=2024-02-09 10:49:00.094200508, size=272, fileKey=(dev=10302,ino=13238485)
10:49:00.100 [main] DEBUG org.eclipse.jgit.internal.storage.file.FileSnapshot - file=/tmp/junit12619742866840035292/.git/index, create new FileSnapshot: lastRead=2024-02-09 10:49:00.100673114, lastModified=2024-02-09 10:49:00.094200508, size=272, fileKey=(dev=10302,ino=13238485)
10:49:00.100 [main] DEBUG org.eclipse.jgit.internal.storage.file.FileSnapshot - file=/home/toto/.config/jgit/config, isRacyClean=false, read=2024-02-09 10:48:58.959926568, lastModified=2024-02-08 23:36:20.464134450, delta=40358495792118 ns, racy<=2500000000 ns
10:49:00.100 [main] DEBUG org.eclipse.jgit.internal.storage.file.FileSnapshot - file=/home/toto/.config/jgit/config, is unmodified
10:49:00.100 [main] DEBUG org.eclipse.jgit.internal.storage.file.FileSnapshot - file=/etc/gitconfig, isRacyClean=false, read=2024-02-09 10:48:58.971926671, lastModified=1970-01-01 01:00:00.000000000, delta=1707472138971926671 ns, racy<=2500000000 ns
10:49:00.100 [main] DEBUG org.eclipse.jgit.internal.storage.file.FileSnapshot - file=/etc/gitconfig, is unmodified
10:49:00.100 [main] DEBUG org.eclipse.jgit.internal.storage.file.FileSnapshot - file=/home/toto/.gitconfig, isRacyClean=false, read=2024-02-09 10:48:58.972508608, lastModified=2024-01-22 19:04:00.457118245, delta=1525498515390363 ns, racy<=2500000000 ns
10:49:00.100 [main] DEBUG org.eclipse.jgit.internal.storage.file.FileSnapshot - file=/home/toto/.gitconfig, is unmodified
10:49:00.100 [main] DEBUG org.eclipse.jgit.internal.storage.file.FileSnapshot - file=/tmp/junit12619742866840035292/.git/config.lock, isRacyClean=true, read=2024-02-09 10:49:00.099894356, lastModified=2024-02-09 10:49:00.074200532, delta=25693824 ns, racy<=2500000000 ns
10:49:00.100 [main] DEBUG org.eclipse.jgit.internal.storage.file.FileSnapshot - file=/tmp/junit12619742866840035292/.git/config.lock, is racily clean
10:49:00.100 [main] DEBUG org.eclipse.jgit.internal.storage.file.FileSnapshot - file=/tmp/junit12619742866840035292/.git/config, create new FileSnapshot: lastRead=2024-02-09 10:49:00.100813929, lastModified=2024-02-09 10:49:00.074200532, size=252, fileKey=(dev=10302,ino=13238467)
10:49:00.100 [main] DEBUG org.eclipse.jgit.internal.storage.file.FileSnapshot - file=/tmp/junit12619742866840035292/.git/config.lock, isRacyClean=true, read=2024-02-09 10:49:00.100813929, lastModified=2024-02-09 10:49:00.074200532, delta=26613397 ns, racy<=2500000000 ns
10:49:00.100 [main] DEBUG org.eclipse.jgit.internal.storage.file.FileSnapshot - file=/home/toto/.config/jgit/config, isRacyClean=false, read=2024-02-09 10:48:58.959926568, lastModified=2024-02-08 23:36:20.464134450, delta=40358495792118 ns, racy<=2500000000 ns
10:49:00.100 [main] DEBUG org.eclipse.jgit.internal.storage.file.FileSnapshot - file=/home/toto/.config/jgit/config, is unmodified
10:49:00.100 [main] DEBUG org.eclipse.jgit.internal.storage.file.FileSnapshot - file=/etc/gitconfig, isRacyClean=false, read=2024-02-09 10:48:58.971926671, lastModified=1970-01-01 01:00:00.000000000, delta=1707472138971926671 ns, racy<=2500000000 ns
10:49:00.100 [main] DEBUG org.eclipse.jgit.internal.storage.file.FileSnapshot - file=/etc/gitconfig, is unmodified
10:49:00.100 [main] DEBUG org.eclipse.jgit.internal.storage.file.FileSnapshot - file=/home/toto/.gitconfig, isRacyClean=false, read=2024-02-09 10:48:58.972508608, lastModified=2024-01-22 19:04:00.457118245, delta=1525498515390363 ns, racy<=2500000000 ns
10:49:00.100 [main] DEBUG org.eclipse.jgit.internal.storage.file.FileSnapshot - file=/home/toto/.gitconfig, is unmodified
10:49:00.100 [main] DEBUG org.eclipse.jgit.internal.storage.file.FileSnapshot - file=/tmp/junit12619742866840035292/.git/config.lock, isRacyClean=true, read=2024-02-09 10:49:00.100813929, lastModified=2024-02-09 10:49:00.074200532, delta=26613397 ns, racy<=2500000000 ns
10:49:00.100 [main] DEBUG org.eclipse.jgit.internal.storage.file.FileSnapshot - file=/tmp/junit12619742866840035292/.git/config.lock, is racily clean
10:49:00.101 [main] DEBUG org.eclipse.jgit.internal.storage.file.FileSnapshot - file=/tmp/junit12619742866840035292/.git/config, create new FileSnapshot: lastRead=2024-02-09 10:49:00.100989360, lastModified=2024-02-09 10:49:00.074200532, size=252, fileKey=(dev=10302,ino=13238467)
10:49:00.101 [main] DEBUG org.eclipse.jgit.internal.storage.file.FileSnapshot - file=/tmp/junit12619742866840035292/.git/config.lock, isRacyClean=true, read=2024-02-09 10:49:00.100989360, lastModified=2024-02-09 10:49:00.074200532, delta=26788828 ns, racy<=2500000000 ns
10:49:00.101 [main] DEBUG org.eclipse.jgit.internal.storage.file.FileSnapshot - file=/home/toto/.config/jgit/config, isRacyClean=false, read=2024-02-09 10:48:58.959926568, lastModified=2024-02-08 23:36:20.464134450, delta=40358495792118 ns, racy<=2500000000 ns
10:49:00.101 [main] DEBUG org.eclipse.jgit.internal.storage.file.FileSnapshot - file=/home/toto/.config/jgit/config, is unmodified
10:49:00.101 [main] DEBUG org.eclipse.jgit.internal.storage.file.FileSnapshot - file=/etc/gitconfig, isRacyClean=false, read=2024-02-09 10:48:58.971926671, lastModified=1970-01-01 01:00:00.000000000, delta=1707472138971926671 ns, racy<=2500000000 ns
10:49:00.101 [main] DEBUG org.eclipse.jgit.internal.storage.file.FileSnapshot - file=/etc/gitconfig, is unmodified
10:49:00.101 [main] DEBUG org.eclipse.jgit.internal.storage.file.FileSnapshot - file=/home/toto/.gitconfig, isRacyClean=false, read=2024-02-09 10:48:58.972508608, lastModified=2024-01-22 19:04:00.457118245, delta=1525498515390363 ns, racy<=2500000000 ns
10:49:00.101 [main] DEBUG org.eclipse.jgit.internal.storage.file.FileSnapshot - file=/home/toto/.gitconfig, is unmodified
10:49:00.101 [main] DEBUG org.eclipse.jgit.internal.storage.file.FileSnapshot - file=/tmp/junit12619742866840035292/.git/config.lock, isRacyClean=true, read=2024-02-09 10:49:00.100989360, lastModified=2024-02-09 10:49:00.074200532, delta=26788828 ns, racy<=2500000000 ns
10:49:00.101 [main] DEBUG org.eclipse.jgit.internal.storage.file.FileSnapshot - file=/tmp/junit12619742866840035292/.git/config.lock, is racily clean
10:49:00.101 [main] DEBUG org.eclipse.jgit.internal.storage.file.FileSnapshot - file=/tmp/junit12619742866840035292/.git/config, create new FileSnapshot: lastRead=2024-02-09 10:49:00.101348420, lastModified=2024-02-09 10:49:00.074200532, size=252, fileKey=(dev=10302,ino=13238467)
10:49:00.101 [main] DEBUG org.eclipse.jgit.internal.storage.file.FileSnapshot - file=/tmp/junit12619742866840035292/.git/config.lock, isRacyClean=true, read=2024-02-09 10:49:00.101348420, lastModified=2024-02-09 10:49:00.074200532, delta=27147888 ns, racy<=2500000000 ns
10:49:00.101 [main] DEBUG org.eclipse.jgit.internal.storage.file.FileSnapshot - file=/home/toto/.config/jgit/config, isRacyClean=false, read=2024-02-09 10:48:58.959926568, lastModified=2024-02-08 23:36:20.464134450, delta=40358495792118 ns, racy<=2500000000 ns
10:49:00.101 [main] DEBUG org.eclipse.jgit.internal.storage.file.FileSnapshot - file=/home/toto/.config/jgit/config, is unmodified
10:49:00.101 [main] DEBUG org.eclipse.jgit.internal.storage.file.FileSnapshot - file=/etc/gitconfig, isRacyClean=false, read=2024-02-09 10:48:58.971926671, lastModified=1970-01-01 01:00:00.000000000, delta=1707472138971926671 ns, racy<=2500000000 ns
10:49:00.101 [main] DEBUG org.eclipse.jgit.internal.storage.file.FileSnapshot - file=/etc/gitconfig, is unmodified
10:49:00.101 [main] DEBUG org.eclipse.jgit.internal.storage.file.FileSnapshot - file=/home/toto/.gitconfig, isRacyClean=false, read=2024-02-09 10:48:58.972508608, lastModified=2024-01-22 19:04:00.457118245, delta=1525498515390363 ns, racy<=2500000000 ns
10:49:00.101 [main] DEBUG org.eclipse.jgit.internal.storage.file.FileSnapshot - file=/home/toto/.gitconfig, is unmodified
10:49:00.101 [main] DEBUG org.eclipse.jgit.internal.storage.file.FileSnapshot - file=/tmp/junit12619742866840035292/.git/config.lock, isRacyClean=true, read=2024-02-09 10:49:00.101348420, lastModified=2024-02-09 10:49:00.074200532, delta=27147888 ns, racy<=2500000000 ns
10:49:00.101 [main] DEBUG org.eclipse.jgit.internal.storage.file.FileSnapshot - file=/tmp/junit12619742866840035292/.git/config.lock, is racily clean
10:49:00.102 [main] DEBUG org.eclipse.jgit.internal.storage.file.FileSnapshot - file=/tmp/junit12619742866840035292/.git/config, create new FileSnapshot: lastRead=2024-02-09 10:49:00.101995762, lastModified=2024-02-09 10:49:00.074200532, size=252, fileKey=(dev=10302,ino=13238467)
10:49:00.102 [main] DEBUG org.eclipse.jgit.internal.storage.file.FileSnapshot - file=/tmp/junit12619742866840035292/.git/config.lock, isRacyClean=true, read=2024-02-09 10:49:00.101995762, lastModified=2024-02-09 10:49:00.074200532, delta=27795230 ns, racy<=2500000000 ns
10:49:00.102 [main] DEBUG org.eclipse.jgit.internal.storage.file.FileSnapshot - file=/home/toto/.config/jgit/config, isRacyClean=false, read=2024-02-09 10:48:58.959926568, lastModified=2024-02-08 23:36:20.464134450, delta=40358495792118 ns, racy<=2500000000 ns
10:49:00.102 [main] DEBUG org.eclipse.jgit.internal.storage.file.FileSnapshot - file=/home/toto/.config/jgit/config, is unmodified
10:49:00.102 [main] DEBUG org.eclipse.jgit.internal.storage.file.FileSnapshot - file=/etc/gitconfig, isRacyClean=false, read=2024-02-09 10:48:58.971926671, lastModified=1970-01-01 01:00:00.000000000, delta=1707472138971926671 ns, racy<=2500000000 ns
10:49:00.102 [main] DEBUG org.eclipse.jgit.internal.storage.file.FileSnapshot - file=/etc/gitconfig, is unmodified
10:49:00.102 [main] DEBUG org.eclipse.jgit.internal.storage.file.FileSnapshot - file=/home/toto/.gitconfig, isRacyClean=false, read=2024-02-09 10:48:58.972508608, lastModified=2024-01-22 19:04:00.457118245, delta=1525498515390363 ns, racy<=2500000000 ns
10:49:00.102 [main] DEBUG org.eclipse.jgit.internal.storage.file.FileSnapshot - file=/home/toto/.gitconfig, is unmodified
10:49:00.102 [main] DEBUG org.eclipse.jgit.internal.storage.file.FileSnapshot - file=/tmp/junit12619742866840035292/.git/config.lock, isRacyClean=true, read=2024-02-09 10:49:00.101995762, lastModified=2024-02-09 10:49:00.074200532, delta=27795230 ns, racy<=2500000000 ns
10:49:00.102 [main] DEBUG org.eclipse.jgit.internal.storage.file.FileSnapshot - file=/tmp/junit12619742866840035292/.git/config.lock, is racily clean
10:49:00.102 [main] DEBUG org.eclipse.jgit.internal.storage.file.FileSnapshot - file=/tmp/junit12619742866840035292/.git/config, create new FileSnapshot: lastRead=2024-02-09 10:49:00.102687659, lastModified=2024-02-09 10:49:00.074200532, size=252, fileKey=(dev=10302,ino=13238467)
10:49:00.102 [main] DEBUG org.eclipse.jgit.internal.storage.file.FileSnapshot - file=/tmp/junit12619742866840035292/.git/config.lock, isRacyClean=true, read=2024-02-09 10:49:00.102687659, lastModified=2024-02-09 10:49:00.074200532, delta=28487127 ns, racy<=2500000000 ns
10:49:00.103 [main] DEBUG org.eclipse.jgit.internal.storage.file.FileSnapshot - file=/home/toto/.config/jgit/config, isRacyClean=false, read=2024-02-09 10:48:58.959926568, lastModified=2024-02-08 23:36:20.464134450, delta=40358495792118 ns, racy<=2500000000 ns
10:49:00.103 [main] DEBUG org.eclipse.jgit.internal.storage.file.FileSnapshot - file=/home/toto/.config/jgit/config, is unmodified
10:49:00.103 [main] DEBUG org.eclipse.jgit.internal.storage.file.FileSnapshot - file=/etc/gitconfig, isRacyClean=false, read=2024-02-09 10:48:58.971926671, lastModified=1970-01-01 01:00:00.000000000, delta=1707472138971926671 ns, racy<=2500000000 ns
10:49:00.103 [main] DEBUG org.eclipse.jgit.internal.storage.file.FileSnapshot - file=/etc/gitconfig, is unmodified
10:49:00.103 [main] DEBUG org.eclipse.jgit.internal.storage.file.FileSnapshot - file=/home/toto/.gitconfig, isRacyClean=false, read=2024-02-09 10:48:58.972508608, lastModified=2024-01-22 19:04:00.457118245, delta=1525498515390363 ns, racy<=2500000000 ns
10:49:00.103 [main] DEBUG org.eclipse.jgit.internal.storage.file.FileSnapshot - file=/home/toto/.gitconfig, is unmodified
10:49:00.103 [main] DEBUG org.eclipse.jgit.internal.storage.file.FileSnapshot - file=/tmp/junit12619742866840035292/.git/config.lock, isRacyClean=true, read=2024-02-09 10:49:00.102687659, lastModified=2024-02-09 10:49:00.074200532, delta=28487127 ns, racy<=2500000000 ns
10:49:00.103 [main] DEBUG org.eclipse.jgit.internal.storage.file.FileSnapshot - file=/tmp/junit12619742866840035292/.git/config.lock, is racily clean
10:49:00.103 [main] DEBUG org.eclipse.jgit.internal.storage.file.FileSnapshot - file=/tmp/junit12619742866840035292/.git/config, create new FileSnapshot: lastRead=2024-02-09 10:49:00.103690515, lastModified=2024-02-09 10:49:00.074200532, size=252, fileKey=(dev=10302,ino=13238467)
10:49:00.103 [main] DEBUG org.eclipse.jgit.internal.storage.file.FileSnapshot - file=/tmp/junit12619742866840035292/.git/config.lock, isRacyClean=true, read=2024-02-09 10:49:00.103690515, lastModified=2024-02-09 10:49:00.074200532, delta=29489983 ns, racy<=2500000000 ns
10:49:00.104 [main] DEBUG org.eclipse.jgit.internal.storage.file.FileSnapshot - file=/home/toto/.config/jgit/config, isRacyClean=false, read=2024-02-09 10:48:58.959926568, lastModified=2024-02-08 23:36:20.464134450, delta=40358495792118 ns, racy<=2500000000 ns
10:49:00.104 [main] DEBUG org.eclipse.jgit.internal.storage.file.FileSnapshot - file=/home/toto/.config/jgit/config, is unmodified
10:49:00.104 [main] DEBUG org.eclipse.jgit.internal.storage.file.FileSnapshot - file=/etc/gitconfig, isRacyClean=false, read=2024-02-09 10:48:58.971926671, lastModified=1970-01-01 01:00:00.000000000, delta=1707472138971926671 ns, racy<=2500000000 ns
10:49:00.104 [main] DEBUG org.eclipse.jgit.internal.storage.file.FileSnapshot - file=/etc/gitconfig, is unmodified
10:49:00.104 [main] DEBUG org.eclipse.jgit.internal.storage.file.FileSnapshot - file=/home/toto/.gitconfig, isRacyClean=false, read=2024-02-09 10:48:58.972508608, lastModified=2024-01-22 19:04:00.457118245, delta=1525498515390363 ns, racy<=2500000000 ns
10:49:00.104 [main] DEBUG org.eclipse.jgit.internal.storage.file.FileSnapshot - file=/home/toto/.gitconfig, is unmodified
10:49:00.104 [main] DEBUG org.eclipse.jgit.internal.storage.file.FileSnapshot - file=/tmp/junit12619742866840035292/.git/config.lock, isRacyClean=true, read=2024-02-09 10:49:00.103690515, lastModified=2024-02-09 10:49:00.074200532, delta=29489983 ns, racy<=2500000000 ns
10:49:00.104 [main] DEBUG org.eclipse.jgit.internal.storage.file.FileSnapshot - file=/tmp/junit12619742866840035292/.git/config.lock, is racily clean
10:49:00.104 [main] DEBUG org.eclipse.jgit.internal.storage.file.FileSnapshot - file=/tmp/junit12619742866840035292/.git/config, create new FileSnapshot: lastRead=2024-02-09 10:49:00.104204559, lastModified=2024-02-09 10:49:00.074200532, size=252, fileKey=(dev=10302,ino=13238467)
10:49:00.104 [main] DEBUG org.eclipse.jgit.internal.storage.file.FileSnapshot - file=/tmp/junit12619742866840035292/.git/config.lock, isRacyClean=true, read=2024-02-09 10:49:00.104204559, lastModified=2024-02-09 10:49:00.074200532, delta=30004027 ns, racy<=2500000000 ns
10:49:00.104 [main] DEBUG org.eclipse.jgit.internal.storage.file.FileSnapshot - file=/home/toto/.config/jgit/config, isRacyClean=false, read=2024-02-09 10:48:58.959926568, lastModified=2024-02-08 23:36:20.464134450, delta=40358495792118 ns, racy<=2500000000 ns
10:49:00.104 [main] DEBUG org.eclipse.jgit.internal.storage.file.FileSnapshot - file=/home/toto/.config/jgit/config, is unmodified
10:49:00.104 [main] DEBUG org.eclipse.jgit.internal.storage.file.FileSnapshot - file=/etc/gitconfig, isRacyClean=false, read=2024-02-09 10:48:58.971926671, lastModified=1970-01-01 01:00:00.000000000, delta=1707472138971926671 ns, racy<=2500000000 ns
10:49:00.104 [main] DEBUG org.eclipse.jgit.internal.storage.file.FileSnapshot - file=/etc/gitconfig, is unmodified
10:49:00.104 [main] DEBUG org.eclipse.jgit.internal.storage.file.FileSnapshot - file=/home/toto/.gitconfig, isRacyClean=false, read=2024-02-09 10:48:58.972508608, lastModified=2024-01-22 19:04:00.457118245, delta=1525498515390363 ns, racy<=2500000000 ns
10:49:00.104 [main] DEBUG org.eclipse.jgit.internal.storage.file.FileSnapshot - file=/home/toto/.gitconfig, is unmodified
10:49:00.104 [main] DEBUG org.eclipse.jgit.internal.storage.file.FileSnapshot - file=/tmp/junit12619742866840035292/.git/config.lock, isRacyClean=true, read=2024-02-09 10:49:00.104204559, lastModified=2024-02-09 10:49:00.074200532, delta=30004027 ns, racy<=2500000000 ns
10:49:00.104 [main] DEBUG org.eclipse.jgit.internal.storage.file.FileSnapshot - file=/tmp/junit12619742866840035292/.git/config.lock, is racily clean
10:49:00.104 [main] DEBUG org.eclipse.jgit.internal.storage.file.FileSnapshot - file=/tmp/junit12619742866840035292/.git/config, create new FileSnapshot: lastRead=2024-02-09 10:49:00.104516542, lastModified=2024-02-09 10:49:00.074200532, size=252, fileKey=(dev=10302,ino=13238467)
10:49:00.104 [main] DEBUG org.eclipse.jgit.internal.storage.file.FileSnapshot - file=/tmp/junit12619742866840035292/.git/config.lock, isRacyClean=true, read=2024-02-09 10:49:00.104516542, lastModified=2024-02-09 10:49:00.074200532, delta=30316010 ns, racy<=2500000000 ns
10:49:00.104 [main] DEBUG org.eclipse.jgit.internal.storage.file.FileSnapshot - file=/tmp/junit12619742866840035292/.git/index.lock, create new FileSnapshot: lastRead=2024-02-09 10:49:00.104696542, lastModified=2024-02-09 10:49:00.098200503, size=0, fileKey=(dev=10302,ino=13238491)
10:49:00.104 [main] DEBUG org.eclipse.jgit.internal.storage.file.FileSnapshot - file=/home/toto/.config/jgit/config, isRacyClean=false, read=2024-02-09 10:48:58.959926568, lastModified=2024-02-08 23:36:20.464134450, delta=40358495792118 ns, racy<=2500000000 ns
10:49:00.104 [main] DEBUG org.eclipse.jgit.internal.storage.file.FileSnapshot - file=/home/toto/.config/jgit/config, is unmodified
10:49:00.104 [main] DEBUG org.eclipse.jgit.internal.storage.file.FileSnapshot - file=/etc/gitconfig, isRacyClean=false, read=2024-02-09 10:48:58.971926671, lastModified=1970-01-01 01:00:00.000000000, delta=1707472138971926671 ns, racy<=2500000000 ns
10:49:00.104 [main] DEBUG org.eclipse.jgit.internal.storage.file.FileSnapshot - file=/etc/gitconfig, is unmodified
10:49:00.104 [main] DEBUG org.eclipse.jgit.internal.storage.file.FileSnapshot - file=/home/toto/.gitconfig, isRacyClean=false, read=2024-02-09 10:48:58.972508608, lastModified=2024-01-22 19:04:00.457118245, delta=1525498515390363 ns, racy<=2500000000 ns
10:49:00.104 [main] DEBUG org.eclipse.jgit.internal.storage.file.FileSnapshot - file=/home/toto/.gitconfig, is unmodified
10:49:00.104 [main] DEBUG org.eclipse.jgit.internal.storage.file.FileSnapshot - file=/tmp/junit12619742866840035292/.git/config.lock, isRacyClean=true, read=2024-02-09 10:49:00.104516542, lastModified=2024-02-09 10:49:00.074200532, delta=30316010 ns, racy<=2500000000 ns
10:49:00.104 [main] DEBUG org.eclipse.jgit.internal.storage.file.FileSnapshot - file=/tmp/junit12619742866840035292/.git/config.lock, is racily clean
10:49:00.104 [main] DEBUG org.eclipse.jgit.internal.storage.file.FileSnapshot - file=/tmp/junit12619742866840035292/.git/config, create new FileSnapshot: lastRead=2024-02-09 10:49:00.104782083, lastModified=2024-02-09 10:49:00.074200532, size=252, fileKey=(dev=10302,ino=13238467)
10:49:00.104 [main] DEBUG org.eclipse.jgit.internal.storage.file.FileSnapshot - file=/tmp/junit12619742866840035292/.git/config.lock, isRacyClean=true, read=2024-02-09 10:49:00.104782083, lastModified=2024-02-09 10:49:00.074200532, delta=30581551 ns, racy<=2500000000 ns
10:49:00.104 [main] DEBUG org.eclipse.jgit.internal.storage.file.FileSnapshot - file=/tmp/junit12619742866840035292/.git/index.lock, create new FileSnapshot: lastRead=2024-02-09 10:49:00.104860098, lastModified=2024-02-09 10:49:00.102200498, size=256, fileKey=(dev=10302,ino=13238491)
10:49:00.104 [main] DEBUG org.eclipse.jgit.internal.storage.file.FileSnapshot - file=/tmp/junit12619742866840035292/.git/index, create new FileSnapshot: lastRead=2024-02-09 10:49:00.104930277, lastModified=2024-02-09 10:49:00.102200498, size=256, fileKey=(dev=10302,ino=13238491)
10:49:00.104 [main] DEBUG org.eclipse.jgit.internal.storage.file.FileSnapshot - file=/home/toto/.config/jgit/config, isRacyClean=false, read=2024-02-09 10:48:58.959926568, lastModified=2024-02-08 23:36:20.464134450, delta=40358495792118 ns, racy<=2500000000 ns
10:49:00.104 [main] DEBUG org.eclipse.jgit.internal.storage.file.FileSnapshot - file=/home/toto/.config/jgit/config, is unmodified
10:49:00.105 [main] DEBUG org.eclipse.jgit.internal.storage.file.FileSnapshot - file=/etc/gitconfig, isRacyClean=false, read=2024-02-09 10:48:58.971926671, lastModified=1970-01-01 01:00:00.000000000, delta=1707472138971926671 ns, racy<=2500000000 ns
10:49:00.105 [main] DEBUG org.eclipse.jgit.internal.storage.file.FileSnapshot - file=/etc/gitconfig, is unmodified
10:49:00.105 [main] DEBUG org.eclipse.jgit.internal.storage.file.FileSnapshot - file=/home/toto/.gitconfig, isRacyClean=false, read=2024-02-09 10:48:58.972508608, lastModified=2024-01-22 19:04:00.457118245, delta=1525498515390363 ns, racy<=2500000000 ns
10:49:00.105 [main] DEBUG org.eclipse.jgit.internal.storage.file.FileSnapshot - file=/home/toto/.gitconfig, is unmodified
10:49:00.105 [main] DEBUG org.eclipse.jgit.internal.storage.file.FileSnapshot - file=/tmp/junit12619742866840035292/.git/config.lock, isRacyClean=true, read=2024-02-09 10:49:00.104782083, lastModified=2024-02-09 10:49:00.074200532, delta=30581551 ns, racy<=2500000000 ns
10:49:00.105 [main] DEBUG org.eclipse.jgit.internal.storage.file.FileSnapshot - file=/tmp/junit12619742866840035292/.git/config.lock, is racily clean
10:49:00.105 [main] DEBUG org.eclipse.jgit.internal.storage.file.FileSnapshot - file=/tmp/junit12619742866840035292/.git/config, create new FileSnapshot: lastRead=2024-02-09 10:49:00.105060566, lastModified=2024-02-09 10:49:00.074200532, size=252, fileKey=(dev=10302,ino=13238467)
10:49:00.105 [main] DEBUG org.eclipse.jgit.internal.storage.file.FileSnapshot - file=/tmp/junit12619742866840035292/.git/config.lock, isRacyClean=true, read=2024-02-09 10:49:00.105060566, lastModified=2024-02-09 10:49:00.074200532, delta=30860034 ns, racy<=2500000000 ns
10:49:00.105 [main] DEBUG org.eclipse.jgit.internal.storage.file.FileSnapshot - file=/tmp/junit12619742866840035292/.git/packed-refs, isRacyClean=true, read=2024-02-09 10:49:00.099951997, lastModified=2024-02-09 10:49:00.050200560, delta=49751437 ns, racy<=2500000000 ns
10:49:00.105 [main] DEBUG org.eclipse.jgit.internal.storage.file.FileSnapshot - file=/tmp/junit12619742866840035292/.git/packed-refs, is racily clean
10:49:00.105 [main] DEBUG org.eclipse.jgit.internal.storage.file.FileSnapshot - file=/tmp/junit12619742866840035292/.git/packed-refs, create new FileSnapshot: lastRead=2024-02-09 10:49:00.105115145, lastModified=2024-02-09 10:49:00.050200560, size=388, fileKey=(dev=10302,ino=13238472)
10:49:00.105 [main] DEBUG org.eclipse.jgit.internal.storage.file.FileSnapshot - file=/home/toto/.config/jgit/config, isRacyClean=false, read=2024-02-09 10:48:58.959926568, lastModified=2024-02-08 23:36:20.464134450, delta=40358495792118 ns, racy<=2500000000 ns
10:49:00.105 [main] DEBUG org.eclipse.jgit.internal.storage.file.FileSnapshot - file=/home/toto/.config/jgit/config, is unmodified
10:49:00.105 [main] DEBUG org.eclipse.jgit.internal.storage.file.FileSnapshot - file=/etc/gitconfig, isRacyClean=false, read=2024-02-09 10:48:58.971926671, lastModified=1970-01-01 01:00:00.000000000, delta=1707472138971926671 ns, racy<=2500000000 ns
10:49:00.105 [main] DEBUG org.eclipse.jgit.internal.storage.file.FileSnapshot - file=/etc/gitconfig, is unmodified
10:49:00.105 [main] DEBUG org.eclipse.jgit.internal.storage.file.FileSnapshot - file=/home/toto/.gitconfig, isRacyClean=false, read=2024-02-09 10:48:58.972508608, lastModified=2024-01-22 19:04:00.457118245, delta=1525498515390363 ns, racy<=2500000000 ns
10:49:00.105 [main] DEBUG org.eclipse.jgit.internal.storage.file.FileSnapshot - file=/home/toto/.gitconfig, is unmodified
10:49:00.105 [main] DEBUG org.eclipse.jgit.internal.storage.file.FileSnapshot - file=/tmp/junit12619742866840035292/.git/config.lock, isRacyClean=true, read=2024-02-09 10:49:00.105060566, lastModified=2024-02-09 10:49:00.074200532, delta=30860034 ns, racy<=2500000000 ns
10:49:00.105 [main] DEBUG org.eclipse.jgit.internal.storage.file.FileSnapshot - file=/tmp/junit12619742866840035292/.git/config.lock, is racily clean
10:49:00.105 [main] DEBUG org.eclipse.jgit.internal.storage.file.FileSnapshot - file=/tmp/junit12619742866840035292/.git/config, create new FileSnapshot: lastRead=2024-02-09 10:49:00.105457017, lastModified=2024-02-09 10:49:00.074200532, size=252, fileKey=(dev=10302,ino=13238467)
10:49:00.105 [main] DEBUG org.eclipse.jgit.internal.storage.file.FileSnapshot - file=/tmp/junit12619742866840035292/.git/config.lock, isRacyClean=true, read=2024-02-09 10:49:00.105457017, lastModified=2024-02-09 10:49:00.074200532, delta=31256485 ns, racy<=2500000000 ns
10:49:00.105 [main] DEBUG org.eclipse.jgit.internal.storage.file.FileSnapshot - file=/tmp/junit12619742866840035292/.git/packed-refs, isRacyClean=true, read=2024-02-09 10:49:00.105115145, lastModified=2024-02-09 10:49:00.050200560, delta=54914585 ns, racy<=2500000000 ns
10:49:00.105 [main] DEBUG org.eclipse.jgit.internal.storage.file.FileSnapshot - file=/tmp/junit12619742866840035292/.git/packed-refs, is racily clean
10:49:00.105 [main] DEBUG org.eclipse.jgit.internal.storage.file.FileSnapshot - file=/tmp/junit12619742866840035292/.git/packed-refs, create new FileSnapshot: lastRead=2024-02-09 10:49:00.105507983, lastModified=2024-02-09 10:49:00.050200560, size=388, fileKey=(dev=10302,ino=13238472)
10:49:00.105 [main] DEBUG org.eclipse.jgit.internal.storage.file.FileSnapshot - file=/tmp/junit12619742866840035292/.git/HEAD.lock, isRacyClean=true, read=2024-02-09 10:49:00.099650228, lastModified=2024-02-09 10:49:00.074200532, delta=25449696 ns, racy<=2500000000 ns
10:49:00.105 [main] DEBUG org.eclipse.jgit.internal.storage.file.FileSnapshot - file=/tmp/junit12619742866840035292/.git/HEAD.lock, is racily clean
10:49:00.105 [main] DEBUG org.eclipse.jgit.internal.storage.file.FileSnapshot - file=/tmp/junit12619742866840035292/.git/HEAD, create new FileSnapshot: lastRead=2024-02-09 10:49:00.105596814, lastModified=2024-02-09 10:49:00.074200532, size=21, fileKey=(dev=10302,ino=13238471)
10:49:00.105 [main] DEBUG org.eclipse.jgit.internal.storage.file.FileSnapshot - file=/tmp/junit12619742866840035292/.git/HEAD.lock, isRacyClean=true, read=2024-02-09 10:49:00.105596814, lastModified=2024-02-09 10:49:00.074200532, delta=31396282 ns, racy<=2500000000 ns
10:49:00.105 [main] DEBUG org.eclipse.jgit.internal.storage.file.FileSnapshot - file=/tmp/junit12619742866840035292/.git/refs/heads/main.lock, cannot be racily clean
10:49:00.105 [main] DEBUG org.eclipse.jgit.internal.storage.file.FileSnapshot - file=/home/toto/.config/jgit/config, isRacyClean=false, read=2024-02-09 10:48:58.959926568, lastModified=2024-02-08 23:36:20.464134450, delta=40358495792118 ns, racy<=2500000000 ns
10:49:00.105 [main] DEBUG org.eclipse.jgit.internal.storage.file.FileSnapshot - file=/home/toto/.config/jgit/config, is unmodified
10:49:00.105 [main] DEBUG org.eclipse.jgit.internal.storage.file.FileSnapshot - file=/etc/gitconfig, isRacyClean=false, read=2024-02-09 10:48:58.971926671, lastModified=1970-01-01 01:00:00.000000000, delta=1707472138971926671 ns, racy<=2500000000 ns
10:49:00.105 [main] DEBUG org.eclipse.jgit.internal.storage.file.FileSnapshot - file=/etc/gitconfig, is unmodified
10:49:00.105 [main] DEBUG org.eclipse.jgit.internal.storage.file.FileSnapshot - file=/home/toto/.gitconfig, isRacyClean=false, read=2024-02-09 10:48:58.972508608, lastModified=2024-01-22 19:04:00.457118245, delta=1525498515390363 ns, racy<=2500000000 ns
10:49:00.105 [main] DEBUG org.eclipse.jgit.internal.storage.file.FileSnapshot - file=/home/toto/.gitconfig, is unmodified
10:49:00.105 [main] DEBUG org.eclipse.jgit.internal.storage.file.FileSnapshot - file=/tmp/junit12619742866840035292/.git/config.lock, isRacyClean=true, read=2024-02-09 10:49:00.105457017, lastModified=2024-02-09 10:49:00.074200532, delta=31256485 ns, racy<=2500000000 ns
10:49:00.105 [main] DEBUG org.eclipse.jgit.internal.storage.file.FileSnapshot - file=/tmp/junit12619742866840035292/.git/config.lock, is racily clean
10:49:00.105 [main] DEBUG org.eclipse.jgit.internal.storage.file.FileSnapshot - file=/tmp/junit12619742866840035292/.git/config, create new FileSnapshot: lastRead=2024-02-09 10:49:00.105803600, lastModified=2024-02-09 10:49:00.074200532, size=252, fileKey=(dev=10302,ino=13238467)
10:49:00.105 [main] DEBUG org.eclipse.jgit.internal.storage.file.FileSnapshot - file=/tmp/junit12619742866840035292/.git/config.lock, isRacyClean=true, read=2024-02-09 10:49:00.105803600, lastModified=2024-02-09 10:49:00.074200532, delta=31603068 ns, racy<=2500000000 ns
10:49:00.105 [main] DEBUG org.eclipse.jgit.internal.storage.file.FileSnapshot - file=/tmp/junit12619742866840035292/.git/packed-refs, isRacyClean=true, read=2024-02-09 10:49:00.105507983, lastModified=2024-02-09 10:49:00.050200560, delta=55307423 ns, racy<=2500000000 ns
10:49:00.105 [main] DEBUG org.eclipse.jgit.internal.storage.file.FileSnapshot - file=/tmp/junit12619742866840035292/.git/packed-refs, is racily clean
10:49:00.105 [main] DEBUG org.eclipse.jgit.internal.storage.file.FileSnapshot - file=/tmp/junit12619742866840035292/.git/packed-refs, create new FileSnapshot: lastRead=2024-02-09 10:49:00.105854292, lastModified=2024-02-09 10:49:00.050200560, size=388, fileKey=(dev=10302,ino=13238472)
10:49:00.105 [main] DEBUG org.eclipse.jgit.internal.storage.file.FileSnapshot - file=/tmp/junit12619742866840035292/.git/HEAD.lock, isRacyClean=true, read=2024-02-09 10:49:00.105596814, lastModified=2024-02-09 10:49:00.074200532, delta=31396282 ns, racy<=2500000000 ns
10:49:00.105 [main] DEBUG org.eclipse.jgit.internal.storage.file.FileSnapshot - file=/tmp/junit12619742866840035292/.git/HEAD.lock, is racily clean
10:49:00.105 [main] DEBUG org.eclipse.jgit.internal.storage.file.FileSnapshot - file=/tmp/junit12619742866840035292/.git/HEAD, create new FileSnapshot: lastRead=2024-02-09 10:49:00.105940127, lastModified=2024-02-09 10:49:00.074200532, size=21, fileKey=(dev=10302,ino=13238471)
10:49:00.105 [main] DEBUG org.eclipse.jgit.internal.storage.file.FileSnapshot - file=/tmp/junit12619742866840035292/.git/HEAD.lock, isRacyClean=true, read=2024-02-09 10:49:00.105940127, lastModified=2024-02-09 10:49:00.074200532, delta=31739595 ns, racy<=2500000000 ns
10:49:00.105 [main] DEBUG org.eclipse.jgit.internal.storage.file.FileSnapshot - file=/tmp/junit12619742866840035292/.git/refs/heads/main.lock, cannot be racily clean
10:49:00.106 [main] DEBUG org.eclipse.jgit.internal.storage.file.FileSnapshot - file=/home/toto/.config/jgit/config, isRacyClean=false, read=2024-02-09 10:48:58.959926568, lastModified=2024-02-08 23:36:20.464134450, delta=40358495792118 ns, racy<=2500000000 ns
10:49:00.106 [main] DEBUG org.eclipse.jgit.internal.storage.file.FileSnapshot - file=/home/toto/.config/jgit/config, is unmodified
10:49:00.106 [main] DEBUG org.eclipse.jgit.internal.storage.file.FileSnapshot - file=/etc/gitconfig, isRacyClean=false, read=2024-02-09 10:48:58.971926671, lastModified=1970-01-01 01:00:00.000000000, delta=1707472138971926671 ns, racy<=2500000000 ns
10:49:00.106 [main] DEBUG org.eclipse.jgit.internal.storage.file.FileSnapshot - file=/etc/gitconfig, is unmodified
10:49:00.106 [main] DEBUG org.eclipse.jgit.internal.storage.file.FileSnapshot - file=/home/toto/.gitconfig, isRacyClean=false, read=2024-02-09 10:48:58.972508608, lastModified=2024-01-22 19:04:00.457118245, delta=1525498515390363 ns, racy<=2500000000 ns
10:49:00.106 [main] DEBUG org.eclipse.jgit.internal.storage.file.FileSnapshot - file=/home/toto/.gitconfig, is unmodified
10:49:00.106 [main] DEBUG org.eclipse.jgit.internal.storage.file.FileSnapshot - file=/tmp/junit12619742866840035292/.git/config.lock, isRacyClean=true, read=2024-02-09 10:49:00.105803600, lastModified=2024-02-09 10:49:00.074200532, delta=31603068 ns, racy<=2500000000 ns
10:49:00.106 [main] DEBUG org.eclipse.jgit.internal.storage.file.FileSnapshot - file=/tmp/junit12619742866840035292/.git/config.lock, is racily clean
10:49:00.106 [main] DEBUG org.eclipse.jgit.internal.storage.file.FileSnapshot - file=/tmp/junit12619742866840035292/.git/config, create new FileSnapshot: lastRead=2024-02-09 10:49:00.106138016, lastModified=2024-02-09 10:49:00.074200532, size=252, fileKey=(dev=10302,ino=13238467)
10:49:00.106 [main] DEBUG org.eclipse.jgit.internal.storage.file.FileSnapshot - file=/tmp/junit12619742866840035292/.git/config.lock, isRacyClean=true, read=2024-02-09 10:49:00.106138016, lastModified=2024-02-09 10:49:00.074200532, delta=31937484 ns, racy<=2500000000 ns
10:49:00.106 [main] DEBUG org.eclipse.jgit.internal.storage.file.FileSnapshot - file=/home/toto/.config/jgit/config, isRacyClean=false, read=2024-02-09 10:48:58.959926568, lastModified=2024-02-08 23:36:20.464134450, delta=40358495792118 ns, racy<=2500000000 ns
10:49:00.106 [main] DEBUG org.eclipse.jgit.internal.storage.file.FileSnapshot - file=/home/toto/.config/jgit/config, is unmodified
10:49:00.106 [main] DEBUG org.eclipse.jgit.internal.storage.file.FileSnapshot - file=/etc/gitconfig, isRacyClean=false, read=2024-02-09 10:48:58.971926671, lastModified=1970-01-01 01:00:00.000000000, delta=1707472138971926671 ns, racy<=2500000000 ns
10:49:00.106 [main] DEBUG org.eclipse.jgit.internal.storage.file.FileSnapshot - file=/etc/gitconfig, is unmodified
10:49:00.106 [main] DEBUG org.eclipse.jgit.internal.storage.file.FileSnapshot - file=/home/toto/.gitconfig, isRacyClean=false, read=2024-02-09 10:48:58.972508608, lastModified=2024-01-22 19:04:00.457118245, delta=1525498515390363 ns, racy<=2500000000 ns
10:49:00.106 [main] DEBUG org.eclipse.jgit.internal.storage.file.FileSnapshot - file=/home/toto/.gitconfig, is unmodified
10:49:00.106 [main] DEBUG org.eclipse.jgit.internal.storage.file.FileSnapshot - file=/tmp/junit12619742866840035292/.git/config.lock, isRacyClean=true, read=2024-02-09 10:49:00.106138016, lastModified=2024-02-09 10:49:00.074200532, delta=31937484 ns, racy<=2500000000 ns
10:49:00.106 [main] DEBUG org.eclipse.jgit.internal.storage.file.FileSnapshot - file=/tmp/junit12619742866840035292/.git/config.lock, is racily clean
10:49:00.106 [main] DEBUG org.eclipse.jgit.internal.storage.file.FileSnapshot - file=/tmp/junit12619742866840035292/.git/config, create new FileSnapshot: lastRead=2024-02-09 10:49:00.106275794, lastModified=2024-02-09 10:49:00.074200532, size=252, fileKey=(dev=10302,ino=13238467)
10:49:00.106 [main] DEBUG org.eclipse.jgit.internal.storage.file.FileSnapshot - file=/tmp/junit12619742866840035292/.git/config.lock, isRacyClean=true, read=2024-02-09 10:49:00.106275794, lastModified=2024-02-09 10:49:00.074200532, delta=32075262 ns, racy<=2500000000 ns
10:49:00.106 [main] DEBUG org.eclipse.jgit.internal.storage.file.FileSnapshot - file=/home/toto/.config/jgit/config, isRacyClean=false, read=2024-02-09 10:48:58.959926568, lastModified=2024-02-08 23:36:20.464134450, delta=40358495792118 ns, racy<=2500000000 ns
10:49:00.106 [main] DEBUG org.eclipse.jgit.internal.storage.file.FileSnapshot - file=/home/toto/.config/jgit/config, is unmodified
10:49:00.106 [main] DEBUG org.eclipse.jgit.internal.storage.file.FileSnapshot - file=/etc/gitconfig, isRacyClean=false, read=2024-02-09 10:48:58.971926671, lastModified=1970-01-01 01:00:00.000000000, delta=1707472138971926671 ns, racy<=2500000000 ns
10:49:00.106 [main] DEBUG org.eclipse.jgit.internal.storage.file.FileSnapshot - file=/etc/gitconfig, is unmodified
10:49:00.106 [main] DEBUG org.eclipse.jgit.internal.storage.file.FileSnapshot - file=/home/toto/.gitconfig, isRacyClean=false, read=2024-02-09 10:48:58.972508608, lastModified=2024-01-22 19:04:00.457118245, delta=1525498515390363 ns, racy<=2500000000 ns
10:49:00.106 [main] DEBUG org.eclipse.jgit.internal.storage.file.FileSnapshot - file=/home/toto/.gitconfig, is unmodified
10:49:00.106 [main] DEBUG org.eclipse.jgit.internal.storage.file.FileSnapshot - file=/tmp/junit12619742866840035292/.git/config.lock, isRacyClean=true, read=2024-02-09 10:49:00.106275794, lastModified=2024-02-09 10:49:00.074200532, delta=32075262 ns, racy<=2500000000 ns
10:49:00.106 [main] DEBUG org.eclipse.jgit.internal.storage.file.FileSnapshot - file=/tmp/junit12619742866840035292/.git/config.lock, is racily clean
10:49:00.106 [main] DEBUG org.eclipse.jgit.internal.storage.file.FileSnapshot - file=/tmp/junit12619742866840035292/.git/config, create new FileSnapshot: lastRead=2024-02-09 10:49:00.106396033, lastModified=2024-02-09 10:49:00.074200532, size=252, fileKey=(dev=10302,ino=13238467)
10:49:00.106 [main] DEBUG org.eclipse.jgit.internal.storage.file.FileSnapshot - file=/tmp/junit12619742866840035292/.git/config.lock, isRacyClean=true, read=2024-02-09 10:49:00.106396033, lastModified=2024-02-09 10:49:00.074200532, delta=32195501 ns, racy<=2500000000 ns
10:49:00.106 [main] DEBUG org.eclipse.jgit.internal.storage.file.FileSnapshot - file=/home/toto/.config/jgit/config, isRacyClean=false, read=2024-02-09 10:48:58.959926568, lastModified=2024-02-08 23:36:20.464134450, delta=40358495792118 ns, racy<=2500000000 ns
10:49:00.106 [main] DEBUG org.eclipse.jgit.internal.storage.file.FileSnapshot - file=/home/toto/.config/jgit/config, is unmodified
10:49:00.106 [main] DEBUG org.eclipse.jgit.internal.storage.file.FileSnapshot - file=/etc/gitconfig, isRacyClean=false, read=2024-02-09 10:48:58.971926671, lastModified=1970-01-01 01:00:00.000000000, delta=1707472138971926671 ns, racy<=2500000000 ns
10:49:00.106 [main] DEBUG org.eclipse.jgit.internal.storage.file.FileSnapshot - file=/etc/gitconfig, is unmodified
10:49:00.106 [main] DEBUG org.eclipse.jgit.internal.storage.file.FileSnapshot - file=/home/toto/.gitconfig, isRacyClean=false, read=2024-02-09 10:48:58.972508608, lastModified=2024-01-22 19:04:00.457118245, delta=1525498515390363 ns, racy<=2500000000 ns
10:49:00.106 [main] DEBUG org.eclipse.jgit.internal.storage.file.FileSnapshot - file=/home/toto/.gitconfig, is unmodified
10:49:00.106 [main] DEBUG org.eclipse.jgit.internal.storage.file.FileSnapshot - file=/tmp/junit12619742866840035292/.git/config.lock, isRacyClean=true, read=2024-02-09 10:49:00.106396033, lastModified=2024-02-09 10:49:00.074200532, delta=32195501 ns, racy<=2500000000 ns
10:49:00.106 [main] DEBUG org.eclipse.jgit.internal.storage.file.FileSnapshot - file=/tmp/junit12619742866840035292/.git/config.lock, is racily clean
10:49:00.106 [main] DEBUG org.eclipse.jgit.internal.storage.file.FileSnapshot - file=/tmp/junit12619742866840035292/.git/config, create new FileSnapshot: lastRead=2024-02-09 10:49:00.106509706, lastModified=2024-02-09 10:49:00.074200532, size=252, fileKey=(dev=10302,ino=13238467)
10:49:00.106 [main] DEBUG org.eclipse.jgit.internal.storage.file.FileSnapshot - file=/tmp/junit12619742866840035292/.git/config.lock, isRacyClean=true, read=2024-02-09 10:49:00.106509706, lastModified=2024-02-09 10:49:00.074200532, delta=32309174 ns, racy<=2500000000 ns
10:49:00.106 [main] DEBUG org.eclipse.jgit.internal.storage.file.FileSnapshot - file=/tmp/junit12619742866840035292/.git/HEAD.lock, create new FileSnapshot: lastRead=2024-02-09 10:49:00.106557566, lastModified=2024-02-09 10:49:00.102200498, size=41, fileKey=(dev=10302,ino=13238485)
10:49:00.110 [main] DEBUG org.eclipse.jgit.internal.storage.file.FileSnapshot - file=/tmp/junit12619742866840035292/.git/config, create new FileSnapshot: lastRead=2024-02-09 10:49:00.110295269, lastModified=2024-02-09 10:49:00.074200532, size=252, fileKey=(dev=10302,ino=13238467)
10:49:00.110 [main] DEBUG org.eclipse.jgit.internal.storage.file.FileSnapshot - file=/home/toto/.config/jgit/config, isRacyClean=false, read=2024-02-09 10:48:58.959926568, lastModified=2024-02-08 23:36:20.464134450, delta=40358495792118 ns, racy<=2500000000 ns
10:49:00.110 [main] DEBUG org.eclipse.jgit.internal.storage.file.FileSnapshot - file=/home/toto/.config/jgit/config, is unmodified
10:49:00.110 [main] DEBUG org.eclipse.jgit.internal.storage.file.FileSnapshot - file=/etc/gitconfig, isRacyClean=false, read=2024-02-09 10:48:58.971926671, lastModified=1970-01-01 01:00:00.000000000, delta=1707472138971926671 ns, racy<=2500000000 ns
10:49:00.110 [main] DEBUG org.eclipse.jgit.internal.storage.file.FileSnapshot - file=/etc/gitconfig, is unmodified
10:49:00.110 [main] DEBUG org.eclipse.jgit.internal.storage.file.FileSnapshot - file=/home/toto/.gitconfig, isRacyClean=false, read=2024-02-09 10:48:58.972508608, lastModified=2024-01-22 19:04:00.457118245, delta=1525498515390363 ns, racy<=2500000000 ns
10:49:00.110 [main] DEBUG org.eclipse.jgit.internal.storage.file.FileSnapshot - file=/home/toto/.gitconfig, is unmodified
10:49:00.110 [main] DEBUG org.eclipse.jgit.internal.storage.file.FileSnapshot - file=/tmp/junit12619742866840035292/.git/config, create new FileSnapshot: lastRead=2024-02-09 10:49:00.110707671, lastModified=2024-02-09 10:49:00.074200532, size=252, fileKey=(dev=10302,ino=13238467)
10:49:00.110 [main] DEBUG org.eclipse.jgit.internal.storage.file.FileSnapshot - file=/home/toto/.config/jgit/config, isRacyClean=false, read=2024-02-09 10:48:58.959926568, lastModified=2024-02-08 23:36:20.464134450, delta=40358495792118 ns, racy<=2500000000 ns
10:49:00.110 [main] DEBUG org.eclipse.jgit.internal.storage.file.FileSnapshot - file=/home/toto/.config/jgit/config, is unmodified
10:49:00.110 [main] DEBUG org.eclipse.jgit.internal.storage.file.FileSnapshot - file=/etc/gitconfig, isRacyClean=false, read=2024-02-09 10:48:58.971926671, lastModified=1970-01-01 01:00:00.000000000, delta=1707472138971926671 ns, racy<=2500000000 ns
10:49:00.110 [main] DEBUG org.eclipse.jgit.internal.storage.file.FileSnapshot - file=/etc/gitconfig, is unmodified
10:49:00.110 [main] DEBUG org.eclipse.jgit.internal.storage.file.FileSnapshot - file=/home/toto/.gitconfig, isRacyClean=false, read=2024-02-09 10:48:58.972508608, lastModified=2024-01-22 19:04:00.457118245, delta=1525498515390363 ns, racy<=2500000000 ns
10:49:00.110 [main] DEBUG org.eclipse.jgit.internal.storage.file.FileSnapshot - file=/home/toto/.gitconfig, is unmodified
10:49:00.110 [main] DEBUG org.eclipse.jgit.internal.storage.file.FileSnapshot - file=/tmp/junit12619742866840035292/.git/config, isRacyClean=true, read=2024-02-09 10:49:00.110707671, lastModified=2024-02-09 10:49:00.074200532, delta=36507139 ns, racy<=2500000000 ns
10:49:00.110 [main] DEBUG org.eclipse.jgit.internal.storage.file.FileSnapshot - file=/tmp/junit12619742866840035292/.git/config, is racily clean
10:49:00.110 [main] DEBUG org.eclipse.jgit.internal.storage.file.FileSnapshot - file=/tmp/junit12619742866840035292/.git/config, create new FileSnapshot: lastRead=2024-02-09 10:49:00.110948193, lastModified=2024-02-09 10:49:00.074200532, size=252, fileKey=(dev=10302,ino=13238467)
10:49:00.110 [main] DEBUG org.eclipse.jgit.internal.storage.file.FileSnapshot - file=/tmp/junit12619742866840035292/.git/config, isRacyClean=true, read=2024-02-09 10:49:00.110948193, lastModified=2024-02-09 10:49:00.074200532, delta=36747661 ns, racy<=2500000000 ns
10:49:00.111 [main] DEBUG org.eclipse.jgit.internal.storage.file.FileSnapshot - file=/tmp/junit12619742866840035292/.git/index, create new FileSnapshot: lastRead=2024-02-09 10:49:00.111063760, lastModified=2024-02-09 10:49:00.102200498, size=256, fileKey=(dev=10302,ino=13238491)
10:49:00.111 [main] DEBUG org.eclipse.jgit.internal.storage.file.FileSnapshot - file=/home/toto/.config/jgit/config, isRacyClean=false, read=2024-02-09 10:48:58.959926568, lastModified=2024-02-08 23:36:20.464134450, delta=40358495792118 ns, racy<=2500000000 ns
10:49:00.111 [main] DEBUG org.eclipse.jgit.internal.storage.file.FileSnapshot - file=/home/toto/.config/jgit/config, is unmodified
10:49:00.111 [main] DEBUG org.eclipse.jgit.internal.storage.file.FileSnapshot - file=/etc/gitconfig, isRacyClean=false, read=2024-02-09 10:48:58.971926671, lastModified=1970-01-01 01:00:00.000000000, delta=1707472138971926671 ns, racy<=2500000000 ns
10:49:00.111 [main] DEBUG org.eclipse.jgit.internal.storage.file.FileSnapshot - file=/etc/gitconfig, is unmodified
10:49:00.111 [main] DEBUG org.eclipse.jgit.internal.storage.file.FileSnapshot - file=/home/toto/.gitconfig, isRacyClean=false, read=2024-02-09 10:48:58.972508608, lastModified=2024-01-22 19:04:00.457118245, delta=1525498515390363 ns, racy<=2500000000 ns
10:49:00.111 [main] DEBUG org.eclipse.jgit.internal.storage.file.FileSnapshot - file=/home/toto/.gitconfig, is unmodified
10:49:00.111 [main] DEBUG org.eclipse.jgit.internal.storage.file.FileSnapshot - file=/tmp/junit12619742866840035292/.git/config, isRacyClean=true, read=2024-02-09 10:49:00.110948193, lastModified=2024-02-09 10:49:00.074200532, delta=36747661 ns, racy<=2500000000 ns
10:49:00.111 [main] DEBUG org.eclipse.jgit.internal.storage.file.FileSnapshot - file=/tmp/junit12619742866840035292/.git/config, is racily clean
10:49:00.111 [main] DEBUG org.eclipse.jgit.internal.storage.file.FileSnapshot - file=/tmp/junit12619742866840035292/.git/config, create new FileSnapshot: lastRead=2024-02-09 10:49:00.111289546, lastModified=2024-02-09 10:49:00.074200532, size=252, fileKey=(dev=10302,ino=13238467)
10:49:00.111 [main] DEBUG org.eclipse.jgit.internal.storage.file.FileSnapshot - file=/tmp/junit12619742866840035292/.git/config, isRacyClean=true, read=2024-02-09 10:49:00.111289546, lastModified=2024-02-09 10:49:00.074200532, delta=37089014 ns, racy<=2500000000 ns
10:49:00.111 [main] DEBUG org.eclipse.jgit.internal.storage.file.FileSnapshot - file=/tmp/junit12619742866840035292/.git/packed-refs, create new FileSnapshot: lastRead=2024-02-09 10:49:00.111369189, lastModified=2024-02-09 10:49:00.050200560, size=388, fileKey=(dev=10302,ino=13238472)
10:49:00.111 [main] DEBUG org.eclipse.jgit.internal.storage.file.FileSnapshot - file=null, size changed from -1 to 4096 bytes
10:49:00.111 [main] DEBUG org.eclipse.jgit.internal.storage.file.FileSnapshot - file=/tmp/junit12619742866840035292/.git/objects/pack, create new FileSnapshot: lastRead=2024-02-09 10:49:00.111850918, lastModified=2024-02-09 10:49:00.062200545, size=4096, fileKey=(dev=10302,ino=13238464)
10:49:00.112 [main] DEBUG org.eclipse.jgit.internal.storage.file.FileSnapshot - file=/tmp/junit12619742866840035292/.git/objects/pack/pack-8c0db8f586a96a643a9a459a399b4c926b484f73.pack, create new FileSnapshot: lastRead=2024-02-09 10:49:00.112062025, lastModified=2024-02-09 10:49:00.022200592, size=91850, fileKey=(dev=10302,ino=13238468)
10:49:00.112 [main] DEBUG org.eclipse.jgit.internal.storage.file.Pack - Opening pack index /tmp/junit12619742866840035292/.git/objects/pack/pack-8c0db8f586a96a643a9a459a399b4c926b484f73.idx, size 0.008 MB took 0 ms

]]></system-out>
  </testcase>
  <testcase name="trueTest" classname="MavenTest" time="0.001"/>
  <testcase name="testProcessRequestData" classname="MavenTest" time="0.567"/>
</testsuite>